SGSIM Realizations
 1  201   21    1     0.00000000     0.00000000     0.00000000 0.250000     0.250000      1.00000       1
value
0.67393333E-01
-.30135108E-01
0.30452862    
-.78390256E-01
0.10681761    
0.29154912    
0.38663346    
0.11589950    
-.39879128    
-.38556371E-01
-.15776785    
-.18824308    
-.62360394    
-.21017055    
-.39729801    
0.18855823E-01
0.88960785    
0.88690901    
 1.7313926    
 1.0763177    
 1.2575468    
 1.2220045    
0.81105989    
0.62835848    
 1.0672579    
 1.1093459    
0.97503644    
0.81508219    
0.40034825    
0.41548285    
0.48759145    
0.37564600    
0.36128530    
0.65294456    
0.77682245    
0.55942577    
0.71548283    
0.37424257    
0.25253388    
0.22094984    
-.49643897E-01
0.16216108    
0.21427234    
0.84879872E-03
0.15119399    
0.19839795    
0.35525851E-01
-.36028445    
0.25658557E-01
0.24193179E-01
0.24909792E-01
-.54851568    
-.76112282    
-.85446447    
-.69944221    
-.65085351    
-.68058527    
-.71684003    
-.74621117    
-.56285399    
-.49731299    
-.68320459    
-.63152784    
-.41401628    
-.94709557    
-.91843647    
-.45182461    
-.75996500    
-.88593584    
-.44264552    
-.79759824    
-.34497273    
-.26287836    
0.59291836E-01
-.84390908E-01
0.19309126    
0.62290722    
0.64669746    
0.37091884    
0.70693415    
0.45921043    
0.15151487E-01
0.30389767E-01
-.57689894E-01
-.13334914    
-.34372702    
-.52717453    
-.96226031    
-1.8451324    
-1.3937234    
-1.4103553    
-1.7792604    
-.85123694    
-1.1688172    
-1.2235965    
-.74668318    
-.30784747    
0.44775747E-01
-.80749862E-01
-.96051836    
-1.0257442    
-.84808069    
-.73414880    
-.76034278    
-1.5006680    
-.93241793    
-1.5974839    
-2.0110786    
-1.3988624    
-1.4112393    
-.97146147    
-1.0585212    
-.73400575    
-.88780171    
-.85880560    
-.78022337    
-.92891634    
-.42395109    
-.41808134    
-.79464489    
-.87282079    
-.73352873    
-.52154756    
-.42480192    
-.37197980    
-.47090289    
-.52288181    
-.41293347    
0.25625156E-01
-.44437999    
-1.0187621    
-.73450589    
-.32338384    
-.63353008    
-.72564334E-01
0.13188760    
0.33165550    
0.39178714E-01
-.18583800    
-.56000944E-01
-.39175424    
0.15594941    
0.28039306    
0.57724434    
0.44907880    
0.53049988    
0.45389095    
-.36787719E-01
-.31949791    
-.64467901    
-.23959212    
-1.2661802    
-1.1573838    
-1.5442958    
-1.4827478    
-2.2386453    
-1.6481051    
-1.5253481    
-1.3891277    
-1.8615274    
-1.3918911    
-1.6698956    
-2.1569936    
-2.3493350    
-2.4251993    
-2.5676963    
-2.9670398    
-2.7424803    
-2.1898463    
-1.9831747    
-1.7692903    
-1.7839979    
-1.8639522    
-1.5785534    
-1.3409926    
-.89855397    
-1.4910374    
-1.3613514    
-1.0469233    
-1.5429578    
-1.3745929    
-1.2594210    
-1.4578711    
-1.7538254    
-1.7835706    
-1.7524525    
-1.7290502    
-1.6017530    
-1.4262320    
-1.6394677    
-2.1089935    
-1.4609858    
-1.3599991    
-1.0564787    
-1.7209506    
-1.2337083    
-1.2908915    
-1.1616832    
-1.4159681    
-1.3255637    
-1.2952350    
 1.7499348    
 1.1669750    
 1.0054451    
0.91714531    
0.71471792    
 1.2575550    
 1.2234356    
 1.2249948    
0.63379705    
0.68402869    
0.82229722    
 1.1144199    
 1.2917308    
 1.4321711    
 1.1445107    
 1.0817435    
0.77619314    
0.96659696    
0.64879870    
0.66800743    
 1.0120577    
 1.3372875    
 1.4078846    
 1.9053293    
 2.1813955    
 2.1029541    
 2.2471306    
 2.5806618    
 2.2259359    
 1.8926533    
 1.3724741    
 1.6153924    
 1.6372980    
 1.1482226    
0.43800581    
0.94680101    
0.75043696    
0.72374547    
0.83959270    
0.60702497    
0.33996519    
0.26956159    
-.19231710    
-.55084950    
-.99492103E-01
-.62666810    
-.71834862    
-.31752154    
-.74521381    
-.68994439    
-.69083315    
-.83690065    
-1.1921088    
-.74230713    
-.52367753    
-.29510677    
-.37404248    
-.92845708E-01
-.91340818E-01
-.37724906    
-.38137466    
-.20254171    
-.53584933    
-.40070992E-01
-.61006451    
-1.0738835    
-1.0143820    
-.67779624    
-.57517737    
0.13479948    
-.35208695E-01
0.29877346E-01
-.55762243    
-.70864564    
-.54846764    
-.87426037E-01
0.16894184    
0.22558989    
-.32153720    
0.30736044    
0.12902829    
-.36215872E-01
-.46803646E-01
0.71092017E-01
-.28190547    
-.94941115    
-1.1869239    
-1.3603168    
-1.4480627    
-1.3946184    
-1.3392782    
-1.3559493    
-1.2512069    
-1.5751315    
-1.3803993    
-1.5356040    
-1.0222769    
-1.1267097    
-1.6676346    
-1.9333618    
-1.7346535    
-1.6246543    
-1.6725513    
-1.5775381    
-1.5956662    
-1.4130569    
-1.3798293    
-.76188540    
-.34098098    
-.46274102    
-.46646073    
-1.0800625    
-.85149264    
-.80063492    
-.85689241    
-.94973034    
-.53090268    
-.87662637    
-.55273044    
-.43541658    
-.29556351E-01
-.56267291    
-1.4046437    
-1.6291753    
-1.5768309    
-1.4449677    
-1.5865880    
-1.1016465    
-.39993331    
-.38496131    
-.26759782    
-.15999854    
-.25799605    
-.33537337    
-.49937367E-01
0.29311317    
0.42506471    
0.50558197    
0.94259292    
0.95751274    
0.50431728    
0.38667217    
0.13002127    
0.12253740    
-.26888048E-01
-.29426196    
-.14150475    
0.25522450    
0.14521937    
0.15231967    
-.31345624    
-.56729269    
-1.0095974    
-1.5304004    
-1.3068998    
-1.2700809    
-1.1744176    
-1.1057335    
-1.2370161    
-1.5898274    
-2.0215871    
-2.0500665    
-1.5465006    
-1.6292344    
-1.8190507    
-2.2576747    
-2.8058300    
-2.3056879    
-1.4676206    
-1.7237906    
-1.6587671    
-1.3410034    
-1.1016154    
-1.9753011    
-1.7144341    
-1.7257051    
-1.1296865    
-1.3339641    
-1.1111914    
-.68370551    
-.60518569    
-1.0106211    
-1.0981064    
-1.2455524    
-.89152604    
-.38550985    
-.33299476    
-.59817427    
-.94256508    
-.50308520    
-1.0785156    
-1.0709345    
-1.6692946    
-1.6118718    
-1.4419250    
-1.4874337    
-1.2063643    
-1.5253252    
-1.7846376    
-2.2528439    
-1.8543507    
0.24689141    
0.36713010    
0.30757323    
 1.0346967    
 1.3879697    
 1.0476660    
 1.0186280    
0.34297547    
0.24737635    
-.16487956    
0.10639916    
0.23879096    
0.12562686    
0.35200503    
0.81066263    
 1.3022509    
0.97664434    
 1.0431974    
 1.2498097    
0.82252765    
0.49410200    
0.23956001    
0.55998075    
0.76300102    
0.64837646    
 1.3783070    
 1.4159267    
 1.9486426    
 1.7391838    
 2.4242671    
 2.4364607    
 2.1053460    
 1.2703702    
 1.0236014    
0.79733980    
0.39631605    
0.42767900    
0.45757839    
0.38617638    
0.63735354    
0.46708500    
0.61154521    
0.98183937E-01
0.18615325    
0.19600022    
-.36606574    
-.59194279    
-.75491434    
-.76788467    
-.77742106    
-.79167837    
-.56296045    
-.45990297    
-.92640412    
-.80017132    
-.32746351    
-.29371318    
-.30039325    
0.42204851    
0.94286494E-01
-.10907356    
0.17048923E-02
0.10621610    
-.85068204E-01
-.85785836E-01
0.58250231    
0.81453776    
0.59451354    
 1.2807901    
0.35551131    
0.79289243E-01
-.90708178    
-.85758680    
-.66115397    
-.55332196    
-.56443536    
-.52215412E-01
0.18214522    
0.43223724    
0.49953911    
0.12813987    
-.41850181E-02
-.33540040    
-.51775014    
-1.1740913    
-1.3356797    
-.97207707    
-.62092346    
-.82864946    
-1.0927088    
-1.1585279    
-1.0179030    
-.88683265    
-.28362608    
-.95532286    
-.93293059    
-.84751004    
-.62454724    
-.80025470    
-.78369409    
-1.1992458    
-.77992129    
-.31667909    
-1.0131687    
-1.7060014    
-1.5578772    
-1.4783435    
-1.7042035    
-1.3056815    
-1.2665058    
-1.2552367    
-1.6190999    
-2.0336025    
-1.7684816    
-2.0404289    
-2.5873709    
-2.0549490    
-1.5318776    
-1.3075862    
-1.0853590    
-1.2301340    
-.88450187    
-.52291393    
-.63988310    
-.86579907    
-.88209122    
-.81063056    
-.32811913    
-.51448041    
-.42819077    
-.80514473    
-.44138595    
-.51228714    
-.31605083    
-.34390411    
-.97479559E-01
-.21675599    
0.92329308E-01
0.60961306    
0.54382861    
0.24651654    
0.31220475    
-.14519578    
0.26914838    
-.17003736    
-.25109056    
-.93392092    
-1.3424017    
-.76990670    
-.73102713    
-.81826264    
-.51417202    
-.87062043    
-.88210899    
-.70117402    
-.85787427    
-.44895995    
-.64302933    
-.60214806    
-1.0075375    
-1.0301230    
-1.7103046    
-1.7993327    
-1.1050975    
-1.5893034    
-2.3520277    
-2.0825531    
-2.1976686    
-1.7509148    
-1.4005787    
-1.2575375    
-.74955446    
-1.1348305    
-1.0867867    
-.68843228    
-.94769299    
-1.0165014    
-.51203620    
-.53397340    
-.70052242    
-.81647068    
-1.3256438    
-1.6266991    
-2.4373574    
-2.1811533    
-2.0811112    
-1.6073213    
-1.2055035    
-1.1767573    
-.52311975    
-.54372615    
-.84213549    
-.77872765    
-.90262055    
-.56623346    
-.99661493    
-1.0001576    
-1.3639419    
-1.1074042    
-.39113435    
-.54491532    
-.29498383    
0.47983047E-01
0.47633034    
0.42463824    
0.77269614    
 1.3236419    
0.92340660    
0.58225292    
0.18768622    
0.63527487E-01
-.18505591    
-.25777426    
0.77662885E-01
0.12016702    
0.59074116    
0.65279752    
0.46315065    
0.49826941    
0.89480507    
0.16314851    
0.25663622E-01
-.31476635    
0.34694955    
0.27543023    
0.91216755    
0.62528586    
0.39980024    
0.42738563    
0.16540588    
-.17685102    
0.19693963    
0.30384523    
0.56207085    
0.47509089    
 1.2776178    
 1.0523875    
0.76209491    
0.56027019    
0.12522139    
-.25227430    
-.55341285    
-.59491497    
-.90125495    
-.47289488    
-1.1394286    
-1.0987543    
-.63848251    
-.34466171    
-.57775378    
-.18265029E-01
0.96594259E-01
0.32621682    
0.27225646    
-.18357145E-01
0.10763057    
-.22958325    
0.98582163E-01
0.95158261    
 1.0126287    
0.93457717    
 1.3158758    
 1.0689554    
 1.1150903    
0.91353005    
0.47535762    
0.13436446    
-.34647381    
-.60784733    
-.62724549    
-.38182423    
-.25344166    
-.13073060    
-.56472951    
-.99320400    
-.93483478    
-.33373994    
-.35095781    
0.80899075E-01
0.12953688    
0.46625373    
0.63793361    
0.72109628    
0.73815811    
-.72109722E-01
0.57145655    
0.61043054    
0.67528319    
0.69786477    
0.18147171E-01
0.43253192    
0.49499050    
0.43896776    
0.34819245    
0.41300157    
0.51295960    
-.94760964E-02
-.24310406    
-.49712032    
-.86624831    
-.68484426    
-.54469132    
-1.0677156    
-1.0105385    
-1.0408053    
-1.2915201    
-.83645785    
-.41988745    
-.26920128    
0.15863392    
0.26782587    
-.38656884    
-1.1627384    
-1.0029567    
-1.1538664    
-.89403200    
-.72224128    
-.95228010    
-.79958594    
-.72596449    
-.26577222    
-.51635462    
0.23844923    
-.87653652E-01
-.97223788E-01
-.31466302    
-.79893398    
-.95369595    
-.95299137    
-.76105487    
-.83551586    
-.76929414    
-.92380011    
0.52861315E-02
0.24841771    
-.19357856    
-.19641660    
-.57165921    
-.65510935    
-.31518766    
-.35929379    
-1.2648520    
-.91045636    
-.83989686    
-.57991546    
-.19436511    
-.31590447    
-.29935503    
-.54386294    
-1.1703702    
-1.2286152    
-.99609667    
-.40677902    
-.53543389    
-.40794900    
-.85037524    
-.63639259    
-.70785046    
-.86392856    
-.59584439    
-.86094105    
-1.0848229    
-1.1872213    
-.84234118    
-1.1114526    
-.88346481    
-.98729444    
-.88125390    
-1.1542946    
-.93649042    
-1.2276046    
-1.1803597    
-1.3838997    
-1.7066530    
-1.9264413    
-1.5102370    
-1.5134344    
-1.6302488    
-1.4010153    
-1.5213968    
-1.0777683    
-1.6149330    
-1.1765587    
-1.4502704    
-.90598404    
-1.0794299    
-.67452639    
-1.0086157    
-.74389905    
-.70309961    
-.34418520    
-1.0352141    
-.36471710    
-.62875384    
-.42997757    
-.24525048E-01
-.20308422E-01
0.50027883    
0.38056946    
0.59996849    
0.61889738    
0.89216274    
-.23543017    
-.90601884E-01
-.53288303E-01
-.20577721    
-.40693879    
-.87711513    
-.68657905    
-.43316057    
-.28134635    
0.26603088    
-.12447420    
0.11913872    
-.82204476E-01
-.13454922E-01
-.47165805    
-.54217422    
-.75662535    
-.35333073    
0.15823044    
0.48478013    
0.60778195    
0.27709267    
0.80867000E-02
0.15916482    
-.43368897    
0.16164824    
0.28034046    
-.30996343    
-.32390869    
-.33177742    
0.43195301    
0.49893320    
0.36960384    
0.27545846    
0.41090736    
0.14661524    
-.22238430    
0.17052494    
-.14061499    
0.87327465E-01
-.28631192    
-.59862131    
-.43942016    
-.84745461    
-1.2434556    
-.79388040    
-1.1087507    
-1.0094655    
-1.0097114    
-.10314849    
-.17730737    
-.69649923    
-1.0416446    
-.44101200    
-.65718752    
-.34312543    
-.79013276    
-1.0402236    
-.50344026    
-.40001801    
-.61303943    
-.81819576    
-.73251611    
-.57879329    
-.75782245    
-.48523432    
-.25840509    
-.17714100    
0.12313260E-01
-.46213442    
-.57881111    
-.26087829    
0.31925797    
-.20384622    
0.48773114E-01
0.24348353    
-.14875771    
0.47354883    
0.77458721    
 1.4958968    
 1.2831157    
 1.3319227    
 1.1703951    
 1.2731740    
0.92278999    
 1.0086464    
0.93091661    
0.54676801    
0.97384527E-01
0.36629370    
0.58510709    
0.57361937    
0.39899132    
0.52443272    
0.40964954E-01
-.39332771    
-.67047477    
-1.1434700    
-1.6292471    
-1.4628674    
-1.2971437    
-1.0842341    
-1.1535503    
-.66216719    
-.98887628    
-.87646407    
-.62747598    
-1.2569537    
-1.1253392    
-.86725014    
-.44268924    
-.91534054    
-1.0027224    
-.80689222    
-.55859083    
-.69616228E-01
0.19190127    
0.12710449    
-.33112240    
-.19305496    
-.54108876    
-.60243678    
-.33104566    
-.32971275    
-.90031266    
-1.0680951    
-.89960504    
-1.0973672    
-.62239563    
-.43920821    
-.41339847    
0.12249102    
-.17601997    
0.62952721    
0.42410973E-01
0.23014475    
0.13844703    
0.11770050    
-.43376410    
-.80260867    
-.87820059    
-.68052369    
-.75518042    
-.53905952    
-.82541317    
-.87299013    
-1.1202053    
-1.2843935    
-1.7130536    
-1.6533183    
-1.3164803    
-1.3240588    
-1.1796621    
-.98909384    
-.78089869    
-.90769935    
-1.3596059    
-1.4230307    
-1.5662407    
-1.5678737    
-1.6497257    
-1.1031610    
-1.2302449    
-1.2110418    
-1.4004178    
-.95326483    
-1.2165899    
-.98847806    
-1.1652071    
-1.0484648    
-.90093488    
-.69807523    
-.67649919    
-.98851573    
-.96005201    
-.82195258    
-1.0687256    
-1.3259292    
-.68978518    
-.90175056    
-.93966079    
-1.4389957    
-1.0685524    
-1.1310844    
-.65796107    
-.55995095    
-.82413542    
-1.1637654    
-.55325848    
-.87567872    
-.54535663    
-.54054117    
-.92161283E-01
0.13800193    
-.20075370E-01
-.52359205E-01
-.94384909E-01
0.16183878    
0.20152231    
0.10845288    
0.50330508    
0.25131047    
0.42677289    
0.42867929    
0.19073662    
-.18331017    
-.73505528E-01
0.51842611E-01
-.18721323    
-.94664562    
-1.0190984    
-.54390833E-01
-.12544836E-01
-.57759649    
-.63022262    
-.64744496    
-.68250501    
-.32620478    
-.37484375    
-.61378914    
-.72337949    
-.98017025    
-1.1620100    
-.58286291    
-.54958153    
-.63360769    
-.49289057    
-1.2495852    
-.83943045    
-.70270520    
-.19205643    
-.87164104E-01
0.31133986    
0.64817888    
0.38756174E-02
-.15162142    
0.15613657    
-.19456576    
-.37042591    
-.28778812    
0.35898596E-01
-.55164742    
-.51002824    
-1.0631421    
-.56773293    
-.30999359    
0.83356813E-01
-.56285167    
-.33212906    
-.87842971    
-1.1221458    
-.55847603    
-.14619826    
-.31508228    
-.16712794    
0.13971031    
-.23756109    
-.15681447    
-.76152802E-01
-.46088985    
-.39509130    
-.83701521    
-.56040168    
-.45385459    
-.25430509    
-.24686495E-01
0.23968585    
0.10137872    
0.92171997    
0.97442621    
0.56974781    
0.18274927    
0.34876487    
0.22464912    
0.27469543    
0.23899253E-01
0.56095511    
0.41847456    
0.74433386    
0.68874329    
0.74677294    
0.95487976    
0.88690627    
 1.1835104    
0.70469826    
0.50473905    
0.24485521    
-.17039122    
-.14564969    
-.19769223    
-.76918477    
-.66168004    
-.71355593    
-.86075932    
-.34936216    
-.39926109    
-.32341015    
-.82382327    
-.92579156    
-.94699639    
-1.0013332    
-.59304947    
-.70601624    
-.87052286    
-.83485943    
-1.0193038    
-1.2396950    
-1.5033019    
-1.9925009    
-2.0858419    
-1.8165057    
-.92673784    
-.87867159    
-.99250764    
-.92604351    
-.65461320    
-.69938678    
-.98531646    
-.76234561    
-1.0163990    
-.99408871    
-.71032315    
-.99962902    
-.85336906    
-.60584283    
-1.1242949    
-1.2439539    
-1.3952733    
-1.4656614    
-.86160839    
-1.5587698    
-.94865727    
-.55447221    
-.54774106    
0.14437403    
-.23396926E-01
0.27609360    
0.21578796    
0.80055255    
0.85782337    
0.86216640    
0.33450672    
0.18773653    
0.87608673E-01
-.36751664    
-.69469541    
-.41966373    
-.34436253    
-.44938567    
-.80405593    
-1.1750284    
-1.2423621    
-1.0408821    
-.74364251    
-.54387575    
-.35406595    
-.15939796    
-.55362606    
-.45312154    
-.96731555    
-.83015400    
-.92636722    
-.69887167    
-1.1629237    
-1.2213656    
-1.0425475    
-.85477728    
-1.0054170    
-.72703046    
-.57834178    
0.17950699    
0.70853844E-01
0.13562228    
-.22108947    
-.30122405    
-.57567799    
-1.0471905    
-1.0683740    
-1.9937041    
-1.6561588    
-1.3839930    
-1.3844231    
-1.7585316    
-.58784908    
-.70313758    
-.59702855    
-.73555690    
-.66977602    
-.79064214    
-.72965449    
-1.1121097    
-.60748482    
-.63603759    
-.15337669E-01
-.59439111    
-.79933614    
-.53710842    
-.94381012E-01
-.64797543E-01
-.49712816    
0.40949535E-01
0.22711775    
-.57053320E-01
-.35928896    
-.42084807    
-.37168559    
-.45956790    
-.26112527    
0.15364829    
0.58630046E-01
-.17387104    
-.23452847    
-.64504635    
-.29362538    
-.28272760    
-.55532056    
-.95050073    
-1.3459276    
-1.5860013    
-.54311639    
-.25268124E-01
-.28218296    
-.66516280    
-.72710246    
-.72831774    
-.66932935    
-.91442961    
-.64844668    
-.65587670    
-1.0270586    
-.88100547    
-.72529155    
-.72666121    
-.58028978    
-.51259995    
-.59946495    
-.59409332    
0.10237610    
0.30986980E-01
0.83092511E-01
-.21900083    
-.19066134    
0.66376706E-02
0.21316309E-01
-.23380974    
0.26437974    
-.16149007    
0.14985405    
0.39496514    
0.98493367    
 1.4532741    
 1.0202889    
 1.6877015    
 1.0420882    
0.76193887    
0.38502043    
0.57804275    
0.43876198    
0.38559476    
0.42643225    
0.79490256    
 1.1146382    
 1.4178139    
 1.1373576    
 1.1079609    
0.95055860    
0.80358815    
0.88361698    
 1.0088099    
 1.1523219    
 1.0827804    
 1.7820814    
 1.8396109    
 1.8695908    
 1.6862397    
 1.7162907    
 1.0321101    
 1.0989732    
 1.2459730    
 1.2969325    
 1.3172692    
 1.3628911    
0.82208437    
0.71339405    
 1.4102672    
 1.2801234    
0.73889393    
 1.0004151    
0.44320930E-01
-.46456745    
-.90758884    
-.88184100    
-1.4093062    
-1.7116292    
-1.1920451    
-.66127563    
-.64028281    
-.73029160    
-.45778707    
-1.4086568    
-1.1868322    
-1.6154001    
-1.7041285    
-1.3981417    
-.89972830    
-1.1427039    
-1.3910379    
-1.1232450    
-1.4915800    
-1.9725293    
-1.8973228    
-1.3955213    
-1.5898666    
-1.6874065    
-1.3077624    
-1.3940814    
-1.5216585    
-1.3891498    
-1.2728742    
-1.1958736    
-1.1785651    
-.79270023    
-.90064502    
-1.4586072    
-1.6173290    
-2.1420178    
-1.6653162    
-1.0788957    
-.86488301    
-.27225626    
-.31878513    
-1.0967069    
-1.1189024    
-1.2954390    
-1.1697447    
-1.5784588    
-1.2819351    
-1.6545055    
-1.1030908    
-1.5995349    
-1.1796644    
-.77838850    
-.47031021    
-.55108678    
-1.1798064    
-1.3763618    
-.74342078    
-.33737114    
-.37780532    
0.14289606    
0.69985814E-01
-.17718112    
0.19646570    
0.13864942    
-.57766944    
-.41347691    
-.15068631    
0.86049981E-01
-.16672100    
-.62376875    
-.92121023    
-.69888252    
-.84510517    
-.21913646    
0.20753083    
-.37622921E-01
0.35792506    
0.59226006    
0.46385723    
0.56742334    
0.13968021E-01
0.58544241E-01
0.25364429    
0.29796946    
0.28037062    
0.40208355    
0.25448003    
0.32885200    
-.17677394    
-.33678570    
-.47743222    
-.23870531    
0.12837321    
0.23428944    
0.33487543    
0.54333079    
0.41102555    
0.31772521    
0.42153120    
0.44653282    
0.16191691    
0.42031657E-01
0.47778660    
0.55707276    
0.26554009    
0.21995428    
0.44653919    
0.38310772    
 1.0105354    
 1.2179066    
0.69680482    
0.89239156    
0.26959613    
-.11318426    
-.35372093    
-.49445206    
-.40339509    
-.26317364    
-.25573826    
0.27780080    
0.76610792    
0.59736347    
0.26069367    
0.31259015    
0.35825151    
-.11889573    
0.13016886    
0.48705813    
0.67816436    
0.30047533    
0.48146465    
-.43550320E-01
-.11784478    
-.99514320E-01
0.30549279    
0.37069324    
-.23967916    
-.34848562    
-.55927932    
-.52052057    
-.70859724    
-.13316608E-01
0.32746819    
0.37894407    
0.12464169    
0.25895795    
0.33465067    
-.28891349    
0.98451012    
0.27496132    
0.67908490    
 1.2108552    
0.89725751    
0.95319682    
0.84206617    
0.63840759    
0.79074353    
0.61768931    
0.77822721    
0.73776525    
0.90399581    
 1.0200197    
0.75111151    
0.70191175    
0.84157020    
0.59873670    
 1.0800619    
0.69342041    
0.25228289    
0.34697747    
0.80343324    
0.93935335    
0.94132882    
0.53502190    
0.85441846    
0.38447592    
0.32129246    
0.36347947    
0.34919029    
0.69117111    
0.42016172    
0.78698272    
 1.0197027    
 1.2062722    
 1.3801165    
 1.7343838    
 1.8372414    
 1.6801200    
 1.2818264    
 1.3464810    
 1.5304217    
0.37515643    
0.89951856E-02
0.60845856E-01
0.54544237E-01
0.10314655    
-.15729360    
0.16623451    
0.37065196    
0.34378394    
0.40289730    
-.82653083E-01
-.12780532    
-.31528440    
-.34497637    
-.88277906E-01
-.56826711    
-1.1825534    
-1.1260207    
-1.3115547    
-1.1233449    
-.94528514    
-1.7479739    
-1.5398046    
-1.2687715    
-1.0015838    
-1.4244760    
-1.5937212    
-1.6920115    
-2.0329595    
-2.5039601    
-2.5975568    
-2.8866687    
-2.3119299    
-2.3516848    
-1.8858622    
-2.1493363    
-2.8289201    
-2.7482491    
-2.2551408    
-2.1827734    
-2.0119445    
-1.2618203    
-1.4244421    
-1.1396637    
-.46741140    
-.47441784    
-.27793592    
-.85233837    
-.74842077    
-1.1433485    
-.83314079    
-1.1271276    
-.86427391    
-.96211678    
-.79422611    
-.87706321    
-1.6587895    
-1.4492588    
-1.1023725    
-1.1632016    
-.96708107    
-.61491436    
0.11490805    
-.20076060    
-.46733072    
-.65390581    
-.84617281    
-.65605623    
-.27630937    
0.63350804E-01
0.83316511    
 1.2456311    
 1.3312058    
0.88617933    
 1.0586437    
 1.0501950    
0.89172995    
 1.4723698    
0.98091775    
0.75708127    
0.22744399E-01
-.60271126    
-.47773740    
-.24373245    
-.43672480E-01
0.27735600    
-.64034924E-01
0.35169539    
-.24233550E-01
-.51618171    
-.47402686    
-.54597515    
-.21551442    
-.45354220    
-.12488744    
0.15923564    
0.10053767    
0.23072578    
-.48266765E-01
0.21353188    
0.26547584    
-.26495591    
0.80181330E-01
0.38258693    
0.57307923    
0.68458587    
0.75499153    
0.18469676    
-.63061908E-01
0.34958702    
0.25821674    
0.33242258    
-.65896839E-01
-.28143588    
-.38937786    
-.29229644    
-.12519512    
0.33233389    
0.78623438    
0.42287821    
0.28418094    
0.44439152    
0.58004534    
-.92559743    
-.48392910    
-.67364907    
-.83682001    
-.52744621    
-.25310877    
-.24149272    
-.18155271    
-.31484154    
-.52621746    
-.19408861    
0.27898788    
-.27368709E-01
-.26126224    
-.61405557    
-.59644812    
-.27268309E-01
0.41627339    
0.37179062    
0.36317240E-01
-.17012906    
0.74495673    
0.55825847    
0.94739878    
0.62575233    
0.50346100    
0.43018419E-01
0.12249714    
0.55525810    
0.37478271    
0.50760269    
0.79008913    
0.87644577    
 1.3724774    
0.78857344    
0.38590637    
0.17057751    
0.40351686    
0.66227353    
 1.1369932    
 1.5699265    
 1.3833283    
 1.8969916    
 2.0334141    
 2.0859554    
 2.1238613    
 1.7138797    
 1.5338359    
0.91858453    
 1.1222806    
 1.0242481    
0.80761003    
 1.2870926    
 1.3929588    
 2.0074141    
 1.3719610    
0.95616561    
 1.0217686    
0.52518535    
0.16060072    
0.22023203E-01
0.20161510    
0.16563933    
0.17576583    
0.73928773    
 1.3517697    
0.91324210    
0.96519315    
0.39303881    
0.84420085    
0.80654156    
 1.1005626    
0.71052468    
0.57338297    
0.82530457    
 1.2653189    
0.81386739    
0.70119423    
0.37540212    
0.55317128    
 1.3662124    
 1.0364633    
0.98620057E-01
0.39929384    
0.38444075    
-.29719749    
-.45115194    
-.89079618    
-.94307065    
-1.0486519    
-.62018585    
-1.1044118    
-1.0138562    
-1.4748936    
-1.4530809    
-1.3109444    
-1.7543513    
-1.6243912    
-1.3526443    
-1.4037895    
-1.3166738    
-1.1423308    
-.82529753    
-.82369536    
-.58499962    
-.66678815E-01
-.35046670    
-.66793954    
-.78642106    
-1.5901983    
-1.5888542    
-1.6561439    
-2.2318532    
-1.9919831    
-1.6037489    
-1.9660615    
-1.8098263    
-2.3422534    
-2.3021455    
-2.1360209    
-1.9173799    
-1.9244981    
-1.9510177    
-1.8012892    
-1.4369127    
-.68588179    
-.98294534E-01
0.20976362    
0.49787730    
0.42144644    
0.28589767    
0.11055706    
-.64886665    
-.90996242    
-1.3171697    
-1.4299012    
-1.5018241    
-1.3223276    
-.81765604    
-.70742953    
0.60913872E-01
-.57595797E-01
-.38770783    
0.12805730    
-.24631135    
-.65303391    
-.50520658    
-.61663127    
-.27796766    
-.29924339    
0.17261590    
0.56379306    
0.15483482    
0.42551377    
0.74076325    
0.65388083    
0.53917128    
0.77680546    
0.70816344    
0.47884890    
0.81024253    
 1.1647981    
0.43883908    
0.30728665    
0.54527551E-01
-.39238900    
-.67996055    
-.69660354    
-.55425543    
-.40716383    
-.53587168    
-.41171363    
0.10387854    
0.18344630    
0.22585176    
-.18814012    
-.14927103    
-.20577149    
-.68406329E-01
0.26478839    
 1.0689119    
 1.4115400    
 1.8058946    
 1.6452522    
 1.8410625    
 1.3949244    
 1.3214769    
 1.1444299    
0.74516267    
 1.1192464    
 1.2277226    
 1.3690908    
0.96191269    
0.38029021    
0.79647321    
0.55501217    
0.65758747    
 1.2080011    
 1.0449184    
 1.5357648    
 1.3170999    
-1.7231027    
-1.1331093    
0.22806948E-01
0.46017507    
0.67846107    
0.36214399    
-.13564537    
-.90130731E-01
-.20471784    
-.30161160    
-.21748419    
-.45654401    
-.65714854    
-.19860165    
-.94270885E-01
0.37174332    
-.47146028    
-.27384406    
-.71352601E-01
-.11027124    
0.61020666    
0.74115956    
0.24834457    
0.51651621    
-.18611550    
0.36668640    
0.33013761    
0.24189768E-01
-.30674452    
0.14160942    
0.16363272    
-.52754605    
-.49076158    
-.32508606    
-.13423173    
-.38918170    
0.26819879E-01
-.28961660E-01
0.50541735E-02
0.99890143    
 1.3089468    
 1.5359476    
 1.2615232    
 1.5474722    
 1.4841591    
0.94148290    
 1.3483567    
 1.6482860    
 1.4016469    
 1.6766782    
 1.1234334    
0.62014675    
0.18141919    
0.26769209    
0.16606963    
0.53554642    
0.83230627    
0.78071475    
 1.4421667    
 1.3109376    
 1.2764026    
 1.6237587    
 1.3784755    
 1.1307255    
 1.0458382    
 1.1736082    
0.73101383    
0.75253844    
0.77229202    
 1.1271473    
0.48106721    
0.42292798    
0.28164175    
-.18519993    
0.11689551    
0.23302913    
0.65558559    
 1.0166533    
0.95017582    
0.98572159    
 1.5827819    
 1.4808831    
 1.4723368    
0.76473975    
0.49265677    
0.25879833    
0.45523289    
0.25648594    
0.47214848    
0.25654900    
-.19889237    
-.23679033    
-.46713254    
-.63001323    
-.77385974    
-1.0693145    
-1.3538139    
-1.4238968    
-1.2860185    
-1.7207618    
-1.6973559    
-.78911906    
-.67582881    
-.59978867    
-.48889762    
-.58903474    
-1.0610566    
-1.1201805    
-1.5644227    
-.92491800    
-.95247668    
-1.3733870    
-1.2748233    
-1.2460324    
-1.2699735    
-1.6097904    
-1.8897164    
-1.6941062    
-1.6620709    
-1.4793971    
-1.2463896    
-1.4173306    
-1.5054400    
-.87346458    
-1.0568930    
-.48741826    
-.48671272    
-.45338121    
-.73410571    
-.77114433    
-.37496227    
-.23839925    
-.32496276    
-.22378293    
-.21520604    
-.93268043    
-.38526669    
-.60806509E-01
0.46897277    
0.28297073    
0.23709272    
-.34231883    
-.35230231    
-.72481757    
-.23418824    
-.25064254E-01
0.52357465    
0.20347494    
0.11878730    
0.79644956E-02
-.44099787    
-.49481130    
-.92344004    
-.59838158    
0.10001134    
0.45927817    
0.71787137    
0.88268083    
0.72116262    
0.52086151    
0.13829262E-01
-.12577583    
0.18150707    
0.11671437    
-.37398826E-01
-.63987607    
-.31664301E-01
0.11757097    
-.12482364    
0.56643665    
0.40705803    
0.26911828    
-.22185728    
0.25403979    
0.72600901    
0.39759153    
0.89728147    
 1.4714717    
 1.3693848    
 1.7054331    
 1.6302438    
 1.9373492    
 1.6994869    
 1.9659096    
 1.9618405    
 1.3556710    
 1.2327958    
 1.4194357    
 1.3119895    
 1.4132208    
0.95923084    
0.68962669    
0.57632220    
0.86758637    
 1.3627126    
 1.2511625    
 2.1216459    
 2.2514069    
 1.9940926    
 1.1651347    
0.91137075    
-.54594713    
-.72960210    
-1.2389920    
-1.1444455    
-.83103639    
-1.4164364    
-.47272062    
-.29941005    
-.68170890E-01
-.38007563    
-.64282840    
-.35138145    
-.50263721    
-.23885599    
-.29085657    
0.24565740E-01
-.30612683    
-.95342416    
-.42793131    
-.90722758    
-.60465837    
0.12755285    
0.41911519    
0.42949900    
0.40842080    
0.87023848    
0.37964869    
0.52070296    
 1.0865624    
0.82784635    
 1.0080040    
 1.3766547    
0.59473014    
0.31865636    
0.85635012    
 1.0526240    
0.43711403    
0.60084856    
0.36803842    
0.78113073    
0.64559263    
0.94788367    
0.85777235    
0.55539888    
0.59932476    
 1.4342746    
 1.4230050    
 1.1133213    
 1.0452738    
0.34419987    
0.59841823E-01
0.19447513    
0.86672381E-01
0.27498007    
-.16266710    
0.30361122    
0.56631261    
0.51714027    
0.64404786    
 1.5738664    
0.86030334    
0.93682843    
-.29372673E-01
0.18430641    
0.41118684    
0.15168263    
-.39560117E-01
0.18266962    
0.28938502    
0.28886366    
-.23717509    
-.64707500    
-.68986756    
-.18206094    
0.51052265E-01
-.37299678    
0.39990082E-01
-.43071881    
-.62563196E-01
0.52631521    
 1.0715741    
0.93233192    
 1.4760605    
 1.0935431    
0.92347640    
0.82628119    
0.74521387    
0.65414351    
0.43981232E-01
0.93452148E-01
-.98093133E-02
-.12736167    
0.42142737    
0.19499740    
0.17142394    
0.38806241E-01
-.25874853    
-.28422436    
0.35260969    
0.67519152    
0.85074089E-01
-.32072178    
-.22449042    
0.45072460    
0.59201930E-01
-.17134424    
-.13120846    
-.16794394    
-.19461603    
0.18887344    
0.24050394E-01
-.21171948    
-.28340989    
-.28275711E-01
-.66775113    
-.66487718    
-.41894418    
-.32522973    
-.72834677    
-.77164781    
-.77790201    
-.56464857    
-.12250908    
0.63458957E-01
-.18429743    
-.19594343    
-.18673988    
0.17335220    
0.31194204    
0.17120106E-01
0.66158846E-01
-.15765876    
-.41891146    
-.49364454    
-.33322138    
-.22165920    
-.37987837    
-.19939226    
-.62469745    
-.42417693    
-.19920987    
-.44253182    
0.94504699E-01
0.51275766    
-.62427878E-01
0.17017990    
0.13829768    
-.78182086E-01
-.52004802    
-.60574287    
-1.4885389    
-1.5316328    
-.74833512    
-.11997806    
-.48954958    
-.47443005    
-.12843865    
-.68777114    
-.81526542    
-1.0784954    
-1.4779311    
-1.4581817    
-.61788583    
-.75159138    
-.49355242    
-.54911983    
-.40263411    
0.39794192E-01
0.37811124    
0.37043473    
0.22578442    
-.22421317E-01
0.44484457    
0.29565809E-01
-.18043740    
-.10456038    
0.12854931    
0.20793894    
-.26024783    
0.13765298    
0.63917404    
 1.3609353    
 1.4302784    
 1.8128600    
 1.6151321    
 1.1969965    
0.60690570    
0.50124907    
0.52377987    
0.57150275    
0.24532631    
0.11581849    
0.40592092    
0.55293906    
0.55773056    
0.18934572    
0.40877751    
0.27891424    
0.16847849    
0.10705520    
0.58718812    
-.44031727    
-.30958256    
0.12925424    
0.26344404    
0.12518337E-02
0.35478818    
-.98769426E-01
-.18271738    
-.74436679E-01
0.33273485    
0.26977596    
0.30751663    
-.82498744E-01
0.21481879E-01
-.66243124    
-.43636179    
0.19040874    
0.26596075    
-.59797703E-02
0.22921553    
-.46167284    
-.84435397    
-.47511134    
-.57453986E-01
0.17628184    
0.63379246    
0.77182126    
0.84422827    
0.90144348    
 1.0505012    
 1.0752391    
0.91200072    
0.89574236    
 1.4037061    
0.96489209    
 1.0005574    
0.60804099    
0.65810668    
0.71342133E-01
0.17647500    
-.25158402E-01
0.17638046    
-.23033994    
-.53011024    
-.29886281    
-.30380017    
-.55731606    
-.31819728    
-.50753772    
-.34306091    
-.23162237    
0.18410422    
0.47472039    
0.12750414    
0.48835889    
0.46511626    
0.34401119    
0.57188594    
0.24370673    
0.18988754    
0.13476270    
-.97727820E-01
0.37379986    
0.60429913    
0.32799631    
0.47673458    
0.13157894    
-.35890928    
-.14943005    
-.13758123    
0.26242784    
0.32873562    
0.87809676    
0.77827764    
0.62005222    
 1.0248435    
 1.0968815    
 1.3690023    
 1.4107245    
0.97516286    
0.89235359    
0.66395772    
0.19691879    
0.62935896E-01
0.62096661    
0.56858438    
0.29600435    
0.10625719    
-.63475475E-01
0.31248528    
0.37206414    
0.33202457    
0.77547967E-01
0.57962906    
0.50694919    
0.74323070    
-.25178444    
0.11023815    
-.33909869    
-.43313369    
-.16251667    
-.20687883    
-.41881385    
-.50037718    
-.70112783    
-.43270597    
-.52083224    
-.25757369    
0.20649967    
0.49299732    
0.32380360    
0.34653905    
0.42996037    
 1.1725017    
0.32441121    
0.97457625E-01
0.95152684E-01
0.61463273    
0.20645891    
0.38713723    
0.59191859    
0.73560584    
0.13297667    
-.51159674    
-.88258666    
-.98347366    
0.67901820E-01
-.17674135    
-.61914873    
-.37517306    
0.10140563    
-.54095554    
-.12454281    
-.81466573    
-.78053439    
-1.1507317    
-.54350638    
-.50624472    
-.71480149    
-.53745914    
-.54121888    
-1.0207493    
-1.0223179    
-.88816738    
-1.1826754    
-1.2921926    
-1.5774381    
-1.8955694    
-1.7461325    
-1.9703952    
-1.8815881    
-2.2482049    
-1.4814740    
-1.5456311    
-1.6447777    
-1.2177622    
-.85951579    
-1.0408429    
-.68635786    
-.80120337    
-1.2875050    
-1.4568655    
-1.5572029    
-2.1367009    
-1.8059593    
-1.7640060    
-1.1019959    
-1.4953581    
-.95506668    
-.76564950    
-.80969906    
-.67462838    
-.99475110    
-.71952921    
-.93582225    
-.64161777    
-.95079494    
-.88571852    
-.41451052    
0.11617820    
0.76091093    
0.71593815    
 1.0198466    
 1.1032791    
 1.5853479    
 1.1374223    
 1.4248209    
0.89242345    
0.85412914    
0.85167414    
0.30349585    
0.11856057    
0.15314102E-01
-.48866621    
-.86000757E-02
-.22665426    
-.68294024    
-.26056454    
-.55078644    
-.74032789    
-1.0050056    
 1.7080443    
 1.5317466    
 1.6277184    
 1.5364532    
 1.3667232    
 1.2989666    
 1.0286374    
0.63640976    
0.71526736    
0.43582568    
0.51512357E-01
0.45038545    
0.68702793    
0.70284730    
0.27473637    
0.30614674    
0.31558579    
-.57268072E-01
-.20628117E-01
0.36903998    
0.70356399E-01
0.36345211    
0.35022783    
0.27875528    
0.48455873    
0.52231699    
 1.3167982    
0.84788430    
0.56981260    
0.55327463    
0.48570713    
0.66013366    
0.44795468    
0.62917012    
0.59385496    
 1.2145125    
0.97211683    
0.95820177    
 1.4484314    
0.58883351    
0.58678991    
0.27448830    
0.33362290    
0.68548933E-01
-.86859417    
-1.0613143    
-1.2687165    
-1.1962677    
-.84623629    
-.46327698    
-.51975942    
-.30996117    
-.23652394    
0.40787986    
0.46827263    
0.84408951    
 1.1330886    
 1.5350584    
 1.4332600    
 1.3597853    
 1.3717101    
0.83499140    
0.67684811    
0.58426034    
0.24810682    
0.61916435    
0.28311887    
0.32220337    
0.45444596    
0.27665591    
-.39698285    
-.70966321    
-.53003240    
-.29480869    
0.17592838    
0.72397316    
0.34680897    
0.62305272    
0.63136238    
0.84373456    
 1.0438569    
0.37559706    
0.42178264    
0.30964398    
0.53700727    
-.22179939    
-.70119923    
-1.2111311    
-1.8168098    
-1.7701427    
-1.3038968    
-1.2702996    
-1.1885284    
-.88503504    
-.66541445    
-.34638336    
0.42008325    
-.25897523E-01
-.45591202    
-.44312254    
0.38645823E-01
-.48908156    
-.43165240    
-.14492923    
0.22604696    
-.42409751    
-.40741411    
-.21427338    
-.33705631    
-.60602635    
-.31985652    
0.24666615E-01
0.11320138    
-.42173576E-01
0.12495185    
0.28762802    
0.27252391    
0.39031947    
0.30617896    
0.67726803    
0.71470362    
0.30088747    
-.35993755    
-.76087159    
-1.2124978    
-.90222955    
-1.2525256    
-.71288067    
-.65845788    
-1.0361325    
-1.0498109    
-.95400673    
-.94638121    
-.98741460    
-.31300238    
0.35128839E-01
-.66639346    
-.81699932    
-.41610742    
-.50340044    
-.45576814    
-.60188669    
-.71424955    
-1.0984432    
-1.7177008    
-1.6833212    
-1.5554355    
-1.6358080    
-1.4118110    
-1.6510615    
-1.7537200    
-1.6187277    
-1.9487056    
-2.0602117    
-1.2861637    
-.92491859    
-.57181036    
-1.0611829    
-1.3079429    
-1.2306551    
-1.6831477    
-1.9614121    
-1.6206281    
-1.2342919    
-1.3459024    
-.95434362    
-.56722671    
-.75096452    
-1.4621680    
-1.3569539    
-.73574930    
-.31340352    
-1.0565698    
-.91527146    
-.98067242    
-.68939281    
-.64616495    
-.14190303    
-.71300763    
-.12593932    
0.19932742    
0.40406096    
0.27524236    
0.27269849    
0.50554669    
0.12763630    
0.25284490    
-.11148470    
-.56549650    
-.37468246    
0.86372912E-01
0.37766016    
0.52372700    
0.52581865    
0.12146807    
0.19565335    
-.70543960E-01
-.61640275    
-.36298800    
-.13000384    
0.67746610E-03
 1.9443833    
 1.6285068    
 2.0932927    
 2.0861595    
 2.1598358    
 2.0371983    
 2.3046861    
 1.9012111    
 2.2726347    
 1.9744941    
 2.0277452    
 1.9519269    
 1.1447781    
0.46223953    
0.79079485    
0.32165751    
0.44098198    
0.51777542    
0.38822642    
0.74608886    
0.47862321    
 1.1327828    
0.93541312    
 1.1624128    
0.78738219    
0.23709582    
-.14590089    
0.79560177E-02
0.25758848    
0.42919526    
-.14281756    
0.17992938    
0.46679044    
 1.2098196    
 1.1900160    
0.73807937    
 1.2477207    
 1.2549098    
 1.7386574    
 1.0621791    
0.51417804    
0.32826787    
0.16446123    
-.62105972    
-.87314874    
-.41340017    
-.69466615    
0.23741655    
0.21069641    
0.39625967    
0.29010293    
0.35634997    
0.58813506    
0.72205542E-02
0.30164871    
 1.0354694    
 1.2326007    
 1.6123234    
 1.5810457    
 1.0168481    
 1.1851029    
 1.2387627    
0.80508775    
0.81800765    
0.99006015    
0.82374871    
0.69829810    
0.45491755    
0.66612214    
0.83999574    
0.91911393    
0.52675188    
0.71300608    
0.91939622    
0.97421515    
0.73548591    
0.83074188    
0.65973455    
0.45369878    
0.71733463    
0.49826247    
-.49241320E-02
-.35253263    
-.44338095    
-.91068411    
-.87252444    
-1.3109926    
-1.3092281    
-1.1840235    
-1.2718927    
-.38646001    
-.67519736    
-.57779115    
-.87908840    
-1.0821611    
-1.1935678    
-1.2352458    
-1.7375005    
-1.6451328    
-1.4182531    
-1.1680804    
-1.4345406    
-1.2776583    
-.82434171    
-.74350619    
-.80931568    
-.96586549    
-1.3672696    
-.83073068    
-.78776681    
-1.3313922    
-1.5106763    
-1.1289433    
-1.1235733    
-.88762593    
-.89258385    
-.71647030    
-.55876833    
-.99622205E-01
0.61814329E-02
-.24499893    
-.55737215    
-1.3224319    
-1.3402407    
-1.8030983    
-1.7387280    
-1.2146235    
-1.0211021    
-1.0523454    
0.51195342E-01
0.23745470E-01
-.25313681    
0.14554250E-01
0.25134075    
-.27654284    
-.99768198    
-1.1257285    
-.69789034    
-1.0627934    
-1.6549557    
-.92286569    
-.93573093    
-.65650314    
-.52155989    
-.86252913E-01
-.34234306    
-.72617620    
-.22696704    
0.19496448    
-.26811224    
0.28783408    
-.42362228    
-1.2104769    
-1.4540443    
-1.3163937    
-1.2665234    
-.76356459    
-.29859075    
-.51234293    
-.34080878    
-.78422809    
-1.6352569    
-1.3924637    
-1.6470869    
-1.3474487    
-.51654047    
-.34942502    
0.29334396E-02
-.39212987    
-.33313313    
-.45058447    
-.82068127    
-1.2427750    
-1.1721174    
-1.0831717    
-1.0207490    
-1.1485637    
-.44173014    
0.29847255    
0.33489203    
0.64745247    
0.48573431    
-.93458302E-01
-.89122675E-01
0.21341963    
0.58566642    
0.26348037    
0.56218922    
0.75083679    
0.70831162    
0.46888828    
0.47474885    
0.77900350    
0.74928397    
0.24907485E-01
-.28553292    
-.41060472    
-.80194157    
-.83695811    
-.40822360    
-.35818228    
0.52235860    
0.85094464    
 1.1171681    
 1.8635943    
 1.9993603    
 1.6555196    
 1.6931771    
 1.4370928    
 1.8957247    
 1.7215372    
 1.9736966    
 1.7865467    
 1.6439806    
 1.5700015    
 1.0463628    
 1.1701931    
0.90860832    
 1.0538228    
 1.0481154    
0.88722742    
0.46203920    
0.23830864    
0.34394562    
0.67954689    
0.31570813    
-.11604403    
-.63379705    
-.49409285    
-.10022007    
0.73232806    
0.83333260    
 1.0194260    
 1.2704126    
 1.2001565    
 1.1940324    
0.88764876    
0.90152842    
0.68462193    
0.49101639    
-.22598296    
0.74641906E-01
0.51394218    
0.39931485    
0.31670138    
0.44759050    
0.47565988    
 1.0335257    
 1.0623293    
 1.5365222    
 2.4985139    
 2.3710208    
 2.2787013    
 2.1080019    
 1.8811971    
 1.9510046    
 1.6969930    
 1.3153633    
 1.4438249    
0.97985911    
0.68391877    
0.86392313    
0.64256287    
 1.0085273    
 1.1431779    
 1.0793362    
 1.6655368    
 1.6145762    
 1.6573286    
 1.9024714    
 1.5850916    
 1.4804455    
 1.5027081    
 1.8669564    
 1.6407808    
 1.7010438    
 1.5317109    
 1.4065305    
 1.0500919    
0.70935541    
0.10061958    
-.46155781    
-.32041854    
-.51543486    
-.18143563    
-.66146022    
-.42143619    
-.32842374    
-.24053341    
-.62190408    
-.81472963    
-.63410479    
-.84476620    
-.46477711    
-1.0366594    
-1.3531742    
-.78234285    
-.72435170    
-1.6735880    
-1.5541916    
-1.0678353    
-1.3932010    
-1.2632698    
-.81629694    
-.89889997    
-.83479959    
-.77645653    
-1.0056521    
-.96340191    
-1.3111675    
-1.2520375    
-1.7187229    
-2.3029361    
-1.6667269    
-2.1337943    
-2.1986299    
-1.8545122    
-1.2991642    
-1.4966906    
-1.6571052    
-1.8851480    
-1.4748753    
-1.1338987    
-1.2653692    
-1.6262885    
-1.5960075    
-1.8957397    
-1.3837893    
-1.6008637    
-1.0834970    
-1.2488879    
-1.4917516    
-.55237591    
-.67183405    
-.81810409    
-.38886285    
-.47158259    
-.56016213    
-.94520473    
-.57400191    
-.26026133    
-.50955743    
-.31742290    
-.97856528    
-1.0561568    
-1.2208610    
-.66360551    
-.11143233    
-.51761165E-01
-.18226252    
0.18111682    
-.29748169    
-.10318420    
-.17546476    
-.41041541    
-.62650698    
-1.1068615    
-.88732344    
-.49801701    
0.98172821E-01
-.21179286    
-.21585105    
-.40260816    
-.69648957    
-.30371287    
-.21777445    
-.23395985    
-.53282338    
0.10351755    
0.32432377    
0.20776737    
0.46181276    
0.30384758    
0.52641511    
0.63494182    
0.36139423    
0.54348570    
0.91261768    
 1.4305617    
0.25543931    
-.51308995    
-.79283345    
-.46176338    
-.58253932    
-.65455151    
-.28943107    
0.31547877    
0.41608885    
0.45479327    
0.43135241    
0.62079704    
0.29977104    
0.32147107    
-.29077959    
-.88192463E-01
0.20519258    
0.18848176    
-.15095718    
-.11499088    
-.21374466    
-.37577933    
-.67468429    
0.99163359    
 1.0326724    
0.66229618    
0.72211802    
 1.3004313    
 1.6666088    
 1.5210782    
 1.3649927    
 1.7808654    
 1.9941636    
 1.4234014    
 1.1958709    
 1.0074573    
0.56867558    
0.20055993    
0.47474733    
0.35342649    
0.39847261    
0.83870012    
0.72918308    
0.84845388    
0.61054492    
-.10190244E-04
-.82044184    
-.28465688    
-.32856393    
-.27364263    
0.19226331    
0.89505009E-01
-.34263507E-01
-.44203335    
-.41804844    
-.67507589    
-.28673020    
-.18469752    
-.23390070    
-.45801777    
-1.1853386    
-.91350722    
-1.1456656    
-.88113272    
-.75190544    
-.18368761    
-.26098564    
-.37135836    
0.90820797E-01
0.21005662    
0.46672010    
0.49791211    
0.33682749    
0.47744104    
0.46661833    
0.94976023E-01
0.16864231E-01
0.39932936    
0.11811633    
0.10195238    
-.43886889E-01
0.27207169    
0.29891002    
0.66377389    
0.52456325    
0.86247849    
0.65354633    
 1.2946405    
 1.4831555    
 1.3379470    
 1.4222481    
0.79402804    
0.67536056    
0.37948218    
0.45257893    
 1.0574297    
 1.7405173    
 1.6266080    
 1.3397920    
 1.5235888    
 1.0755808    
0.23175448    
0.40358591    
0.41445222    
0.22807088    
-.18243772    
-.91266051E-01
0.54651344    
-.36764824    
-.49146429    
-.46636292    
-.57082194    
-.56383485    
-.82344365    
-.87401271    
-.80081397    
-.92677265    
-.96283609    
-.60194737    
-.91855252    
-1.0081280    
-.96903944    
-1.3217342    
-1.8862662    
-1.3464925    
-1.3973172    
-1.1637777    
-.86750102    
-.87723678    
-1.0215776    
-1.3129292    
-1.3203124    
-1.6967009    
-1.5610713    
-1.5677812    
-1.7381996    
-1.8228574    
-1.5071332    
-1.5528172    
-1.3580339    
-1.0474664    
-1.5057535    
-1.4389042    
-2.0072560    
-1.7095180    
-1.6198961    
-1.0903018    
-1.3107156    
-1.0110904    
-.41848180    
-.39766738    
-.48623550    
-.16455570    
-.15463701    
-.31714311    
-.14932977    
-.32525679    
-.31000468    
-.18493906    
-.47952080    
-.10600587E-01
0.28420573    
0.49934012    
0.58872318    
0.62909096    
0.59684676    
0.64541906    
0.84524816    
0.68261397    
0.59338444    
0.56785172    
0.66906923    
0.17196935    
-.40876019    
0.30499930E-01
0.15462182    
-.14469610E-01
-.26762947    
0.22518127    
0.48793799    
0.49583653    
0.79290253    
0.98252714    
0.87483525    
0.44183710    
 1.1325287    
 1.2762122    
0.98017550    
0.76771700    
0.50369692    
0.71002068E-02
0.14040432E-01
-.57083583    
-.60071516    
-.23088245    
-.43674681    
-.16957906    
-.26237783    
-.41670403    
-.53949893    
-.32670254    
-.57070374    
-.32192317    
-.42675567    
-.32545203    
-.10905231    
0.34911355    
0.27081379    
0.35303292    
-.14474025    
-.69896348E-01
-.35058317    
-.24237646    
0.25225105E-01
-.62160917E-01
-.15109822    
-.10699479    
-.67640650    
-1.0675725    
-.62157333    
-.28617123    
-.14778870    
-.10572390    
0.17856295    
-.49800098    
0.25462892E-01
0.48513165    
0.62808388    
0.42124909    
0.13759266    
0.51846462    
0.50724953    
0.72019804    
0.80089194    
0.86122894    
 1.0045754    
0.34012735    
0.37298042    
0.35257015    
-.43626934    
0.18392792E-01
0.27679011    
0.46067509    
 1.0764055    
0.89978802    
 1.0580732    
0.65912366    
-.15133432E-02
0.12555240    
-.13953395    
-.18666551    
-.39265314    
-.61632580    
-1.3492966    
-1.2896010    
-1.6243190    
-1.3233378    
-1.4427440    
-1.6087250    
-1.5040467    
-1.1238685    
-1.3746226    
-.76195782    
-.95772851    
-.99190497    
-1.2967414    
-.93399447    
-.77527660    
-.83110154    
-.62942314    
-.60390019    
-.38908076    
-.58242625    
-.36581540    
-.69041818    
-.60905439    
-.77968621    
-.70567065    
-.52461219    
-.42131335    
-.44887146    
0.31636924    
0.29423967    
-.81933282E-01
0.43535739    
0.25108871    
0.24521437    
0.83035171    
0.61308926    
0.19356082    
0.50561905    
0.38672227    
0.28022256    
0.59404540    
0.98793608    
 1.0310661    
0.69295609    
 1.1974049    
 1.1036156    
 1.1731458    
 1.1517903    
0.36246625    
-.37363872E-01
-.72022907E-01
-.28842257E-01
0.28338751    
-.29511270    
-.58940858    
-1.3263955    
-1.0577143    
-.90797055    
-.87632281    
-1.5241753    
-1.5592890    
-1.8620018    
-1.9416368    
-2.8527138    
-3.4573581    
-3.0329111    
-2.9016061    
-2.1903846    
-2.3775923    
-2.8183293    
-1.7908192    
-1.2924811    
-1.2921364    
-1.3886451    
-1.4521301    
-1.2074802    
-1.2286772    
-.90916234    
-.84499943    
-1.0159541    
-1.6336325    
-1.6326101    
-1.6220027    
-.88869369    
-.61561817    
-.59158665    
-.42329523    
-.65908575    
-.47372738    
-.75271821    
-.76047385    
-1.1753883    
-.63441092    
-.72777498    
-.53485084    
-.95707005    
-.78707451    
-.58350885    
-.24799766    
0.17345111    
-.10619230    
-.19147709    
-.15624444    
-.16040750    
-.10514032    
0.52004874E-01
-.10377979    
0.47689021    
0.16099040    
-.39711499    
-.66961944    
-.34757343    
0.13444731    
0.12896462    
0.25055543    
0.32521480    
0.83335185    
0.92743635    
0.91404450    
0.82026762    
0.56730509    
0.31729344    
0.55678660    
0.68060821    
0.82227951    
0.20115329    
0.29978013    
0.31006446    
0.59674799E-01
-.26749882    
0.40745845    
0.90474248    
0.67349440    
 1.0947480    
0.33465680    
0.37418876E-01
0.19003214    
0.60621276E-01
0.11387153E-01
-.76575369E-01
-.44319063    
-.29047978    
-.34496662    
-.71396261    
-.28742597    
0.10128897    
-.21836013    
0.39448309    
0.40700486    
-.56309798E-02
-.56502813    
-.33458436    
-.44804549    
-.57193661    
-.19388853    
0.33687064    
0.26659352    
-.24813391    
-.29653212    
-.42542532    
-.47078431    
-.73507738    
-.64202929    
-.73389512    
-.33293277    
-.73730481    
-.36382747    
-.14545667    
0.25136057    
-.24026443    
-.16407958    
-.35958651    
-.86430299    
-.94468939    
-.92890471    
-.13796870    
0.30033571    
0.85234845    
0.96556020    
0.73419660    
0.58429605    
0.78691518    
0.92318594    
 1.0782938    
0.59077257    
0.96038353    
0.76388323    
0.78158087    
0.49044377    
0.68319821    
0.20052010    
-.73044762E-01
-.11589137    
0.24192864    
0.28971317    
-.27909997    
-.24994920    
-.43141139    
-.83426005    
-.84449261    
-1.3741808    
-1.1313710    
-.73659933    
-.80380386    
-.86907905    
-.39221242    
-.21072699    
-.18457511    
-.50509638    
-1.5342048    
-2.0902951    
-1.8575370    
-1.7029864    
-.72742313    
-1.1500429    
-.85153323    
-.52811617    
-.18187967    
-.30378911    
0.10932028    
0.29422933    
-.66785254E-01
-.72029364    
-.90945941    
-1.0277969    
-.46544155    
-.37060806    
0.16215527    
0.11488912    
-.44675747    
-.52641630    
-.41192117    
-.24807467    
-.13570507    
0.26430588E-01
0.35099444    
0.50202870    
0.23100704    
0.85751659    
 1.0613201    
 1.0335068    
 1.0253035    
 1.0059016    
0.72448832    
0.92634940    
0.36144719    
0.82742971    
0.76322979    
0.57890022    
0.40921184    
0.54166004E-01
-.41643038    
-.48608786    
-.37518686    
-.19262144    
-.57938719    
-.57264733    
-.54413241    
-.45025468    
-.51004577    
-.51267076    
-1.0077900    
-1.4878180    
-1.6300594    
-1.8066787    
-1.5953300    
-1.6373453    
-2.3595240    
-2.1614320    
-2.0321600    
-1.8122425    
-1.9435343    
-2.3465204    
-2.2386296    
-1.3937728    
-1.4168400    
-1.1620290    
-1.4151100    
-1.3945802    
-1.4585400    
-2.0710456    
-2.1585732    
-2.1792567    
-1.6282102    
-1.4298587    
-1.3498597    
-1.6587498    
-1.3849163    
-1.1391444    
-1.3932968    
-1.2966899    
-1.0055761    
-1.1868293    
-1.5069408    
-1.0426430    
-1.0029637    
-1.0804538    
-1.2801895    
-1.7188437    
-1.7321379    
-1.9847008    
-1.5711414    
-1.2611769    
-.95504338    
-1.2706110    
-1.0068463    
-.76020008    
-.85078567    
-.81213272    
-1.1715465    
-.88331562    
-1.3483735    
-1.2735156    
-1.2208176    
-1.5159249    
-1.3336058    
-1.0441371    
-.86775488    
-.65441167    
-.75094819    
-.38559875    
0.23171178    
0.55712038    
0.27865297    
0.17726932    
-.35667866    
-.65345931    
-.44536561    
-.78038239    
-1.5395654    
-1.2309607    
-.83222181    
-1.0284240    
-.74762803    
-.72089386    
-.93960190    
-1.3490839    
-.49680039    
-.53953981    
-.28119242    
-.35878596    
-.34296361    
-.35074417E-01
0.42578364E-02
0.37919134E-01
-.21579713    
-.36062296E-01
-.11775146    
-.35980251    
-.53891975    
-.22066590    
-.31582835    
-1.0244410    
-1.3491483    
-1.0322576    
-.63421106    
-.76847154    
-.61461830    
-.85982060    
-1.1532881    
-1.1640831    
-1.0832335    
-1.2710693    
-.81180978    
-1.1565089    
-.89456123    
-.97071856    
-1.0175612    
-1.0335041    
-1.0784106    
-.55658478    
-.31035995    
-.54033369    
0.73039126    
0.40335622    
0.17394403E-02
-.66626325E-01
-.28898069    
-.49403012    
0.23212777    
0.61075574    
 1.4929403    
 1.2408110    
 1.4116389    
 1.3059299    
 1.5693365    
 1.6168396    
 1.6480753    
 1.4930226    
 1.7458799    
0.96359438    
0.77585399    
0.45652351    
0.48402745    
-.97706772E-01
0.49064081E-01
0.43132764    
0.66724533    
0.39148882    
0.11171138    
0.17937547    
0.54794382E-01
-.20985809    
0.11845393    
-.40844077    
-.52230889    
-.34587416    
0.21134911E-01
-.48276290    
-.62359470    
-.94427621    
-1.3398043    
-.89398307    
-1.0223093    
-.88681698    
-1.0433592    
-1.3567237    
-.93243927    
-.25157034    
-.16287857    
-.34860852    
-.91430819    
-1.4794130    
-1.0339425    
-1.0061371    
-.50418544    
-.18663953    
-.67118533E-01
-.44133779E-01
0.20810990    
0.83149290    
 1.1202564    
 1.0957152    
0.69773448    
-.11433923    
-.37826246    
-.64849257    
-1.0051483    
-1.3202462    
-1.3771317    
-1.5968878    
-1.0445236    
-.71002758    
-.23727423    
-.49473611    
-.28823876    
-.21270800    
-.56344226E-01
0.23983361    
-.95691308E-01
-.28600773    
-.56798965E-01
-.11616497    
-.39808074    
-.40771383    
-.15723361    
-.31258976    
-.26215199    
-.18165872    
-.65996659    
-.61109912    
-.74595886    
-.46060044    
-.83824229    
-1.0444783    
-.60239345    
-1.4634445    
-1.3860863    
-1.2874609    
-1.7777141    
-2.4225440    
-2.0790236    
-2.3042507    
-2.2599702    
-2.4269359    
-2.4391880    
-2.2215805    
-2.1037297    
-1.9442834    
-2.0299146    
-2.2839813    
-2.3940303    
-2.4498196    
-2.4526742    
-2.0815835    
-1.6589197    
-1.6423395    
-1.5710313    
-1.4758745    
-1.6177926    
-1.8109237    
-1.6825935    
-2.0248871    
-1.7438364    
-1.8574841    
-2.2767453    
-1.7232934    
-1.9441515    
-1.6920946    
-2.0270472    
-2.2241063    
-2.2361786    
-2.3056726    
-2.5130346    
-2.1247416    
-2.5143437    
-3.1890323    
-2.5968406    
-1.9185448    
-2.1379097    
-1.9331383    
-1.8970232    
-1.7807909    
-2.0440977    
-1.5597664    
-2.0409214    
-1.7648675    
-1.9007845    
-1.8155239    
-1.6905633    
-1.4790120    
-1.4146583    
-.75951725    
-.85103679    
-.65349239    
-.97784311    
-.81440639    
-.92497110    
-.83916038    
-.59680289    
-.76486886    
-.30855188    
-.49371341    
-.85055369    
-1.1117194    
-1.0715443    
-1.1577256    
-1.4899166    
-1.4085512    
-.93718153    
-.42906037    
-.19771014    
-.52925849    
-.58818281    
-.15059796E-01
0.92911196    
0.31189513    
0.40885952    
0.26517203    
0.60861236    
0.71964931    
0.79863435    
0.66258562    
0.99801904    
0.39703637    
0.87113446    
0.14846879    
0.91175117E-01
0.41354424    
0.53608221    
0.12168677E-02
-.25071174    
0.90031505E-01
-.49458849    
-.83435237E-01
-.32128918    
-.51656866    
-.81717259    
-.61852895E-01
-.10125530    
-.65487665    
-.29231897    
-.99351302E-01
-.50331399E-01
-.32022391E-01
0.27584910    
0.36646187    
0.40818274    
0.93138319    
0.88710356    
-.24204846    
-.31775546    
0.47296977    
0.64871681    
0.36261955    
0.85403359    
0.77831316    
0.89863628    
0.68109316    
0.88401818    
0.20481741    
0.45278203    
0.88896775    
0.54140466    
0.65397346    
0.39587590    
0.60996675    
0.40932009    
0.72270060    
0.58301890    
0.65969515    
0.43500307    
-.36506437E-01
-.44319528    
-.91040117    
-.70142478    
-.13263866E-01
-.21961722    
0.22933827    
0.45746559    
0.57887435    
0.84600109    
0.78350276    
 1.0370679    
0.30758682    
0.18398267    
0.32860223E-01
-.13230632    
-.31025955    
0.21038371    
0.27597398    
0.16013193    
-.14859267    
0.31902340    
0.47434863    
0.80122209    
0.68862218    
0.29368256E-02
-.27656031    
-.55876660    
-.76870292    
-.96983415    
-1.3748478    
-1.4146743    
-1.2202291    
-.57787114    
-.77316940    
-1.2792583    
-1.0592204    
-.50091934    
-.38763699    
-.35964504    
-.48925880    
-.52324301    
-.49293742    
-.31017587    
-.13848077    
-.28443065    
-.79955006    
-.85469782    
-.55642676    
-.66593558    
-.71783155    
-.34703633    
-.42090261    
-.53078592    
-.59057295    
-.66107668E-01
-.89783448    
-.61577874    
-.82348746    
-.31742790    
-.34529945    
-.80604190    
-1.0161381    
-1.1883920    
-.88545626    
-1.4910076    
-1.9803836    
-1.8308382    
-1.8513492    
-2.1042066    
-2.0159998    
-2.3633256    
-2.6523995    
-2.1203949    
-2.1132891    
-2.3156343    
-1.9084651    
-1.8022908    
-2.0627372    
-2.0728841    
-1.9568123    
-1.8726252    
-2.0517113    
-1.2716763    
-1.6633501    
-1.7114196    
-1.8548769    
-1.8751369    
-2.0028396    
-1.6721085    
-2.2207959    
-1.5863218    
-1.6933810    
-1.8662059    
-1.7853551    
-1.1780078    
-1.1908795    
-1.1584744    
-.77170891    
-.96385652    
-1.2412267    
-1.0044181    
-.66842544    
-.80372584    
-.89019883    
-1.3945135    
-.98701030    
-1.3339483    
-1.0931022    
-.99109048    
-1.1882765    
-1.3731045    
-1.6045513    
-1.7606132    
-1.9147487    
-1.8788196    
-2.1105883    
-2.3349397    
-2.2047875    
-1.7354219    
-1.2501332    
-1.7773434    
-1.6149021    
-1.4634508    
-1.6912756    
-.93974352    
-1.2881712    
-1.4895337    
-1.4077886    
-1.8572760    
-1.5444808    
-1.9108936    
-1.2502388    
-1.0547987    
-1.1708471    
-.82809573    
-.56007332    
-.46273488    
0.28955448E-01
0.36424208    
-.36200395    
-.78439015    
-.96897149    
-.70031428    
-.46040806    
-.41715842    
-.34929967    
0.23333831E-01
0.25705752    
0.32699788    
0.17374650    
-.10054023    
-.55901343    
-.56799489    
-.42540458    
-.18138850    
-.49553528    
-.60938793    
0.15516672    
0.34432995    
0.66555393    
0.24747159    
-.19443133    
-.25733060    
-.54596090    
-.31299615    
-.54639840    
0.25567399E-01
0.43042216    
0.34849173    
0.14512074    
0.11039584E-01
-.11685891    
-.99473661    
-.47568995    
-1.0401243    
-1.0611411    
-.87719840    
-1.1169213    
-1.3871152    
-1.2860889    
-.70596522    
-.19159596    
0.46540041E-01
0.16040412    
0.34372378E-01
0.31923169    
0.36145917    
0.76865041    
 1.0328281    
 1.1870390    
 1.6229969    
 1.7273781    
 1.4519794    
 1.1837486    
0.97409803    
0.86356145    
0.89780170    
 1.1847072    
0.49967808    
0.87491250    
0.34829468    
0.69501030    
0.47837999    
0.44659218    
-.14956687    
-.21901827    
-.15554932    
-.44977012    
-.56987154    
-.18694676    
-.54315233    
-.86839229    
-.77491349    
-.87716955    
-.59552753    
-.43242639    
-.23749219E-01
-.76997206E-01
-.10831217    
-.35316208    
0.28815308    
0.99293450E-02
0.16776714    
0.64720654    
0.83257872    
0.97722405    
0.66349500    
0.87022275    
 1.0090467    
 1.2637378    
 1.1067353    
0.88238382    
0.23066823    
0.38276032E-01
-.32008335    
0.35869098    
-.26023904E-01
-.42653537    
-.77411669    
-.60314816    
-.55446631    
-.28119662    
-.51334304    
-1.0240951    
-.92856181    
-1.2152822    
-1.2735001    
-1.0721232    
-1.0240082    
-1.0114672    
-.61126810    
-.60960978    
-.36027530    
-.23613261    
-.23437064E-01
-.32494828E-01
-.53865445    
-1.0400819    
-1.1917063    
-1.0511829    
-1.2895982    
-1.3093755    
-1.7805517    
-1.6713458    
-1.6959368    
-1.8081348    
-1.6792264    
-2.2773659    
-2.2994781    
-2.5137880    
-2.2429740    
-2.4330082    
-2.3937662    
-2.2295942    
-2.4502232    
-2.4368832    
-1.9660666    
-1.6414630    
-1.8071207    
-1.4369196    
-1.4806970    
-1.0923982    
-.89985192    
-1.2724850    
-1.4518250    
-1.2878665    
-1.2380840    
-1.2806653    
-1.6867080    
-1.0175891    
-1.1404479    
-1.3593910    
-1.2269650    
-1.3005208    
-1.3267592    
-1.3483593    
-1.4772503    
-.48912358    
-.98618168    
-1.0741454    
-.90364438    
-.40190041    
-.36856610    
-.70537192    
-1.2476857    
-1.2218543    
-1.9781630    
-1.4601326    
-.71920019    
-.51080662    
-.60622436    
-1.1811992    
-1.3840618    
-1.1130333    
-1.1598676    
-1.9577299    
-1.6662858    
-1.9311244    
-1.8476386    
-1.7188083    
-1.4946992    
-1.0044719    
-.34501275    
-.16163173    
-.10970181    
0.48226121    
0.83034283    
0.50952010E-01
-.21543483    
-.65550607    
-.95967168    
-.46110868    
-.66128749    
-.79568988    
-.46615273    
-.17875023    
0.41314002E-01
0.21487358    
0.35206661    
-.10038789    
0.19445240    
-.26065242    
0.51568907    
0.73846012    
0.94807553    
0.39505425    
0.11941556    
-.45113394    
-.75879648E-01
0.93902253E-01
-.34333673    
-.53835833    
-.40211400    
-.40250081    
-.43642274    
-.59760791    
-.80135757    
-.80060285    
-1.2610683    
-1.5151167    
-1.6045419    
-1.3049847    
-1.5771310    
-1.0885887    
-1.0780319    
-.22971769    
-.26326618    
-.22798836    
-.16348962    
0.48723288E-01
-.63556924E-01
-.30127221    
-.59068149    
