ADDCOORD Output
 4 2001    1    1     0.00000000     0.00000000     0.00000000 0.250000E-01  1.00000      1.00000       1
X
Y
Z
value               
   0.00000  0.0000000  0.0000000 0.27850679
   0.02500  0.0000000  0.0000000 0.22083773
   0.05000  0.0000000  0.0000000 0.87611992E-02
   0.07500  0.0000000  0.0000000 -.10309108
   0.10000  0.0000000  0.0000000 0.53639468E-01
   0.12500  0.0000000  0.0000000 0.13516326
   0.15000  0.0000000  0.0000000 0.21834278
   0.17500  0.0000000  0.0000000 0.17714703
   0.20000  0.0000000  0.0000000 0.26019338
   0.22500  0.0000000  0.0000000 0.31676134
   0.25000  0.0000000  0.0000000 0.25283200
   0.27500  0.0000000  0.0000000 0.31400773
   0.30000  0.0000000  0.0000000 0.52781922
   0.32500  0.0000000  0.0000000 0.29934475
   0.35000  0.0000000  0.0000000 0.26048619
   0.37500  0.0000000  0.0000000 0.37349369E-01
   0.40000  0.0000000  0.0000000 -.62230717E-01
   0.42500  0.0000000  0.0000000 0.66509113E-01
   0.45000  0.0000000  0.0000000 -.33951246E-02
   0.47500  0.0000000  0.0000000 0.35763931
   0.50000  0.0000000  0.0000000 0.53212887
   0.52500  0.0000000  0.0000000 0.49695674
   0.55000  0.0000000  0.0000000 0.73636329
   0.57500  0.0000000  0.0000000 0.65149015
   0.60000  0.0000000  0.0000000 0.40601379
   0.62500  0.0000000  0.0000000 0.18329532
   0.65000  0.0000000  0.0000000 0.11261505
   0.67500  0.0000000  0.0000000 -.37478584
   0.70000  0.0000000  0.0000000 -.38962713
   0.72500  0.0000000  0.0000000 -.38004088
   0.75000  0.0000000  0.0000000 -.28253618
   0.77500  0.0000000  0.0000000 -.38108024
   0.80000  0.0000000  0.0000000 -.25452107
   0.82500  0.0000000  0.0000000 -.24480128
   0.85000  0.0000000  0.0000000 -.67852283
   0.87500  0.0000000  0.0000000 -.88855898
   0.90000  0.0000000  0.0000000 -.84821367
   0.92500  0.0000000  0.0000000 -.52501529
   0.95000  0.0000000  0.0000000 -.54444611
   0.97500  0.0000000  0.0000000 -.42073360
   1.00000  0.0000000  0.0000000 -.40042534
   1.02500  0.0000000  0.0000000 -.34907281
   1.05000  0.0000000  0.0000000 -.49904764
   1.07500  0.0000000  0.0000000 -.52352524
   1.10000  0.0000000  0.0000000 -.59660566
   1.12500  0.0000000  0.0000000 -.59265757
   1.15000  0.0000000  0.0000000 -.58720809
   1.17500  0.0000000  0.0000000 -.64855391
   1.20000  0.0000000  0.0000000 -.73677289
   1.22500  0.0000000  0.0000000 -.97067225
   1.25000  0.0000000  0.0000000 -1.4029830
   1.27500  0.0000000  0.0000000 -1.5046442
   1.30000  0.0000000  0.0000000 -1.4168385
   1.32500  0.0000000  0.0000000 -1.2842538
   1.35000  0.0000000  0.0000000 -.90527624
   1.37500  0.0000000  0.0000000 -.84223855
   1.40000  0.0000000  0.0000000 -1.1140547
   1.42500  0.0000000  0.0000000 -1.1921017
   1.45000  0.0000000  0.0000000 -1.4813946
   1.47500  0.0000000  0.0000000 -1.7159649
   1.50000  0.0000000  0.0000000 -1.7111079
   1.52500  0.0000000  0.0000000 -1.7713698
   1.55000  0.0000000  0.0000000 -1.9595895
   1.57500  0.0000000  0.0000000 -1.6687709
   1.60000  0.0000000  0.0000000 -1.6068339
   1.62500  0.0000000  0.0000000 -1.3327434
   1.65000  0.0000000  0.0000000 -1.3948134
   1.67500  0.0000000  0.0000000 -1.4416146
   1.70000  0.0000000  0.0000000 -1.3913659
   1.72500  0.0000000  0.0000000 -1.3220056
   1.75000  0.0000000  0.0000000 -1.2819073
   1.77500  0.0000000  0.0000000 -1.2375579
   1.80000  0.0000000  0.0000000 -1.2976705
   1.82500  0.0000000  0.0000000 -1.1599131
   1.85000  0.0000000  0.0000000 -1.3101745
   1.87500  0.0000000  0.0000000 -1.3157130
   1.90000  0.0000000  0.0000000 -1.6161218
   1.92500  0.0000000  0.0000000 -1.7724376
   1.95000  0.0000000  0.0000000 -1.5453280
   1.97500  0.0000000  0.0000000 -1.5521898
   2.00000  0.0000000  0.0000000 -1.7158735
   2.02500  0.0000000  0.0000000 -1.6027480
   2.05000  0.0000000  0.0000000 -1.6308206
   2.07500  0.0000000  0.0000000 -1.6123890
   2.10000  0.0000000  0.0000000 -1.6191148
   2.12500  0.0000000  0.0000000 -1.6453954
   2.15000  0.0000000  0.0000000 -1.4475124
   2.17500  0.0000000  0.0000000 -1.1919039
   2.20000  0.0000000  0.0000000 -.91851532
   2.22500  0.0000000  0.0000000 -1.0239606
   2.25000  0.0000000  0.0000000 -1.1003286
   2.27500  0.0000000  0.0000000 -1.0431738
   2.30000  0.0000000  0.0000000 -.67291749
   2.32500  0.0000000  0.0000000 -.68231374
   2.35000  0.0000000  0.0000000 -.41517481
   2.37500  0.0000000  0.0000000 -.65959477
   2.40000  0.0000000  0.0000000 -.45317662
   2.42500  0.0000000  0.0000000 -.95879894
   2.45000  0.0000000  0.0000000 -1.0494001
   2.47500  0.0000000  0.0000000 -.63035887
   2.50000  0.0000000  0.0000000 -1.1684513
   2.52500  0.0000000  0.0000000 -.82123876
   2.55000  0.0000000  0.0000000 -.82847959
   2.57500  0.0000000  0.0000000 -.94872177
   2.60000  0.0000000  0.0000000 -.87187982
   2.62500  0.0000000  0.0000000 -.92527407
   2.65000  0.0000000  0.0000000 -1.0593933
   2.67500  0.0000000  0.0000000 -1.1817640
   2.70000  0.0000000  0.0000000 -1.2132678
   2.72500  0.0000000  0.0000000 -1.4848863
   2.75000  0.0000000  0.0000000 -1.8195654
   2.77500  0.0000000  0.0000000 -2.1850007
   2.80000  0.0000000  0.0000000 -1.9616793
   2.82500  0.0000000  0.0000000 -2.2051010
   2.85000  0.0000000  0.0000000 -2.0948329
   2.87500  0.0000000  0.0000000 -2.2363663
   2.90000  0.0000000  0.0000000 -2.1022308
   2.92500  0.0000000  0.0000000 -2.1891127
   2.95000  0.0000000  0.0000000 -2.3468399
   2.97500  0.0000000  0.0000000 -2.2417006
   3.00000  0.0000000  0.0000000 -2.0700426
   3.02500  0.0000000  0.0000000 -1.6216457
   3.05000  0.0000000  0.0000000 -1.4440210
   3.07500  0.0000000  0.0000000 -1.4023035
   3.10000  0.0000000  0.0000000 -1.5731612
   3.12500  0.0000000  0.0000000 -1.4161985
   3.15000  0.0000000  0.0000000 -1.4244218
   3.17500  0.0000000  0.0000000 -1.3789039
   3.20000  0.0000000  0.0000000 -1.1017554
   3.22500  0.0000000  0.0000000 -1.4076003
   3.25000  0.0000000  0.0000000 -1.2722025
   3.27500  0.0000000  0.0000000 -1.2510716
   3.30000  0.0000000  0.0000000 -1.0774338
   3.32500  0.0000000  0.0000000 -1.1461902
   3.35000  0.0000000  0.0000000 -1.1492118
   3.37500  0.0000000  0.0000000 -1.4142500
   3.40000  0.0000000  0.0000000 -1.4918854
   3.42500  0.0000000  0.0000000 -1.3661114
   3.45000  0.0000000  0.0000000 -1.8082689
   3.47500  0.0000000  0.0000000 -1.5923618
   3.50000  0.0000000  0.0000000 -1.3554534
   3.52500  0.0000000  0.0000000 -1.1339387
   3.55000  0.0000000  0.0000000 -1.2304492
   3.57500  0.0000000  0.0000000 -1.2153418
   3.60000  0.0000000  0.0000000 -1.2227973
   3.62500  0.0000000  0.0000000 -.88840401
   3.65000  0.0000000  0.0000000 -.47504729
   3.67500  0.0000000  0.0000000 -.38483492
   3.70000  0.0000000  0.0000000 -.61578631
   3.72500  0.0000000  0.0000000 -.58811265
   3.75000  0.0000000  0.0000000 -.75638390
   3.77500  0.0000000  0.0000000 -.47785401
   3.80000  0.0000000  0.0000000 -.60947680
   3.82500  0.0000000  0.0000000 -.54722279
   3.85000  0.0000000  0.0000000 -.65523076
   3.87500  0.0000000  0.0000000 -.82209963
   3.90000  0.0000000  0.0000000 -.90950429
   3.92500  0.0000000  0.0000000 -.56106389
   3.95000  0.0000000  0.0000000 -.44729471
   3.97500  0.0000000  0.0000000 -.42378736
   4.00000  0.0000000  0.0000000 -.50325471
   4.02500  0.0000000  0.0000000 -.40503997
   4.05000  0.0000000  0.0000000 -.32959291
   4.07500  0.0000000  0.0000000 0.88366400E-02
   4.10000  0.0000000  0.0000000 0.23547176E-02
   4.12500  0.0000000  0.0000000 0.25393498
   4.15000  0.0000000  0.0000000 0.67635876
   4.17500  0.0000000  0.0000000 0.82336950
   4.20000  0.0000000  0.0000000  1.1180793
   4.22500  0.0000000  0.0000000  1.3740842
   4.25000  0.0000000  0.0000000  1.3064507
   4.27500  0.0000000  0.0000000  1.0895469
   4.30000  0.0000000  0.0000000 0.92152548
   4.32500  0.0000000  0.0000000 0.82002419
   4.35000  0.0000000  0.0000000 0.50727659
   4.37500  0.0000000  0.0000000 0.71199560
   4.40000  0.0000000  0.0000000 0.49524683
   4.42500  0.0000000  0.0000000 0.54360515
   4.45000  0.0000000  0.0000000 0.33183274
   4.47500  0.0000000  0.0000000 0.19644690
   4.50000  0.0000000  0.0000000 0.36753795
   4.52500  0.0000000  0.0000000 0.57556700E-01
   4.55000  0.0000000  0.0000000 -.16727684
   4.57500  0.0000000  0.0000000 -.30673093
   4.60000  0.0000000  0.0000000 -.20576526
   4.62500  0.0000000  0.0000000 0.68994830E-02
   4.65000  0.0000000  0.0000000 -.15327494
   4.67500  0.0000000  0.0000000 -.45900476
   4.70000  0.0000000  0.0000000 -.84759879
   4.72500  0.0000000  0.0000000 -.18462881
   4.75000  0.0000000  0.0000000 0.34962166E-01
   4.77500  0.0000000  0.0000000 0.17493035
   4.80000  0.0000000  0.0000000 0.14085574
   4.82500  0.0000000  0.0000000 -.30445915
   4.85000  0.0000000  0.0000000 -.70818311
   4.87500  0.0000000  0.0000000 -.91592187
   4.90000  0.0000000  0.0000000 -.97896647
   4.92500  0.0000000  0.0000000 -.74174595
   4.95000  0.0000000  0.0000000 -.86310744
   4.97500  0.0000000  0.0000000 -.81210339
   5.00000  0.0000000  0.0000000 -1.0164852
   5.02500  0.0000000  0.0000000 -1.2768252
   5.05000  0.0000000  0.0000000 -1.2223487
   5.07500  0.0000000  0.0000000 -1.2119157
   5.10000  0.0000000  0.0000000 -1.1330192
   5.12500  0.0000000  0.0000000 -1.6290836
   5.15000  0.0000000  0.0000000 -1.3765255
   5.17500  0.0000000  0.0000000 -1.3360871
   5.20000  0.0000000  0.0000000 -1.3888670
   5.22500  0.0000000  0.0000000 -1.4739050
   5.25000  0.0000000  0.0000000 -1.7477535
   5.27500  0.0000000  0.0000000 -1.5246931
   5.30000  0.0000000  0.0000000 -1.5423565
   5.32500  0.0000000  0.0000000 -1.5428836
   5.35000  0.0000000  0.0000000 -1.7184646
   5.37500  0.0000000  0.0000000 -1.4622221
   5.40000  0.0000000  0.0000000 -.81907630
   5.42500  0.0000000  0.0000000 -.61040413
   5.45000  0.0000000  0.0000000 -.65974510
   5.47500  0.0000000  0.0000000 -.41057828
   5.50000  0.0000000  0.0000000 -.38355669
   5.52500  0.0000000  0.0000000 -.30392849
   5.55000  0.0000000  0.0000000 -.67925942
   5.57500  0.0000000  0.0000000 -.50651491
   5.60000  0.0000000  0.0000000 -.77374619
   5.62500  0.0000000  0.0000000 -.85037166
   5.65000  0.0000000  0.0000000 -.40751353
   5.67500  0.0000000  0.0000000 -.78509688
   5.70000  0.0000000  0.0000000 -.59025502
   5.72500  0.0000000  0.0000000 -.33845830
   5.75000  0.0000000  0.0000000 -.18482332
   5.77500  0.0000000  0.0000000 -.25932634
   5.80000  0.0000000  0.0000000 -.67060602
   5.82500  0.0000000  0.0000000 -.50221759
   5.85000  0.0000000  0.0000000 -.25969490
   5.87500  0.0000000  0.0000000 -.46752843
   5.90000  0.0000000  0.0000000 -.15447989
   5.92500  0.0000000  0.0000000 -.31464416
   5.95000  0.0000000  0.0000000 -.69423801
   5.97500  0.0000000  0.0000000 -.81673998
   6.00000  0.0000000  0.0000000 -.96821517
   6.02500  0.0000000  0.0000000 -.53141946
   6.05000  0.0000000  0.0000000 -.54094166
   6.07500  0.0000000  0.0000000 -.71682680
   6.10000  0.0000000  0.0000000 -.96519196
   6.12500  0.0000000  0.0000000 -.81995094
   6.15000  0.0000000  0.0000000 -.54523951
   6.17500  0.0000000  0.0000000 -.23219819
   6.20000  0.0000000  0.0000000 -.22617236
   6.22500  0.0000000  0.0000000 -.13727038
   6.25000  0.0000000  0.0000000 0.11414641
   6.27500  0.0000000  0.0000000 0.40278330E-01
   6.30000  0.0000000  0.0000000 -.31625640
   6.32500  0.0000000  0.0000000 -.17923568
   6.35000  0.0000000  0.0000000 -.29301387
   6.37500  0.0000000  0.0000000 -.54568863
   6.40000  0.0000000  0.0000000 -.69445282
   6.42500  0.0000000  0.0000000 -1.0028765
   6.45000  0.0000000  0.0000000 -1.2961441
   6.47500  0.0000000  0.0000000 -1.4313200
   6.50000  0.0000000  0.0000000 -1.2825415
   6.52500  0.0000000  0.0000000 -.71210778
   6.55000  0.0000000  0.0000000 -1.0029248
   6.57500  0.0000000  0.0000000 -.61637205
   6.60000  0.0000000  0.0000000 -.62870556
   6.62500  0.0000000  0.0000000 -.94223481
   6.65000  0.0000000  0.0000000 -.71784800
   6.67500  0.0000000  0.0000000 -.60454684
   6.70000  0.0000000  0.0000000 -.40026063
   6.72500  0.0000000  0.0000000 -.34109250
   6.75000  0.0000000  0.0000000 -.19531964
   6.77500  0.0000000  0.0000000 -.26605543
   6.80000  0.0000000  0.0000000 -.23161398
   6.82500  0.0000000  0.0000000 0.22015598
   6.85000  0.0000000  0.0000000 0.18105191
   6.87500  0.0000000  0.0000000 0.19326350
   6.90000  0.0000000  0.0000000 0.26758753E-01
   6.92500  0.0000000  0.0000000 0.22709771
   6.95000  0.0000000  0.0000000 0.42297301
   6.97500  0.0000000  0.0000000 0.17421018
   7.00000  0.0000000  0.0000000 0.20087975
   7.02500  0.0000000  0.0000000 0.39138061
   7.05000  0.0000000  0.0000000 0.22536978
   7.07500  0.0000000  0.0000000 0.16696489
   7.10000  0.0000000  0.0000000 0.11924082E-01
   7.12500  0.0000000  0.0000000 0.26255146
   7.15000  0.0000000  0.0000000 0.82926452E-02
   7.17500  0.0000000  0.0000000 -.12148558
   7.20000  0.0000000  0.0000000 0.73130861E-01
   7.22500  0.0000000  0.0000000 0.29667696
   7.25000  0.0000000  0.0000000 0.24595651
   7.27500  0.0000000  0.0000000 0.40561953
   7.30000  0.0000000  0.0000000 0.48642826
   7.32500  0.0000000  0.0000000 0.55019432
   7.35000  0.0000000  0.0000000 0.50718123
   7.37500  0.0000000  0.0000000 0.65138745
   7.40000  0.0000000  0.0000000 0.28521869
   7.42500  0.0000000  0.0000000 0.39394673E-01
   7.45000  0.0000000  0.0000000 0.16842635
   7.47500  0.0000000  0.0000000 0.31624407
   7.50000  0.0000000  0.0000000 0.45902306
   7.52500  0.0000000  0.0000000 0.45703340
   7.55000  0.0000000  0.0000000 0.54571354
   7.57500  0.0000000  0.0000000 0.49004200
   7.60000  0.0000000  0.0000000 0.30608320
   7.62500  0.0000000  0.0000000 0.33972666
   7.65000  0.0000000  0.0000000 0.42453301
   7.67500  0.0000000  0.0000000 0.24964529
   7.70000  0.0000000  0.0000000 -.70578572E-02
   7.72500  0.0000000  0.0000000 -.27941510
   7.75000  0.0000000  0.0000000 -.14942229
   7.77500  0.0000000  0.0000000 -.84017016E-01
   7.80000  0.0000000  0.0000000 -.58089297E-01
   7.82500  0.0000000  0.0000000 0.75857759E-01
   7.85000  0.0000000  0.0000000 -.26136078E-01
   7.87500  0.0000000  0.0000000 0.24342848
   7.90000  0.0000000  0.0000000 0.25439808
   7.92500  0.0000000  0.0000000 0.36107868
   7.95000  0.0000000  0.0000000 0.13912708
   7.97500  0.0000000  0.0000000 0.20004915
   8.00000  0.0000000  0.0000000 0.16029876
   8.02500  0.0000000  0.0000000 0.71622640E-01
   8.05000  0.0000000  0.0000000 0.11067850
   8.07500  0.0000000  0.0000000 0.19508506
   8.10000  0.0000000  0.0000000 -.16783807
   8.12500  0.0000000  0.0000000 -.39214838
   8.15000  0.0000000  0.0000000 -.62848258
   8.17500  0.0000000  0.0000000 -.44787040
   8.20000  0.0000000  0.0000000 -.67556456E-01
   8.22500  0.0000000  0.0000000 -.27007110E-01
   8.25000  0.0000000  0.0000000 0.16342537
   8.27500  0.0000000  0.0000000 0.22764835
   8.30000  0.0000000  0.0000000 0.33632478
   8.32500  0.0000000  0.0000000 0.24426852
   8.35000  0.0000000  0.0000000 0.21444310
   8.37500  0.0000000  0.0000000 0.10951257E-01
   8.40000  0.0000000  0.0000000 0.73027261E-01
   8.42500  0.0000000  0.0000000 0.22792342
   8.45000  0.0000000  0.0000000 0.28396380
   8.47500  0.0000000  0.0000000 0.25452039
   8.50000  0.0000000  0.0000000 0.19429408
   8.52500  0.0000000  0.0000000 0.50039059
   8.55000  0.0000000  0.0000000 0.25644302
   8.57500  0.0000000  0.0000000 0.39935219
   8.60000  0.0000000  0.0000000 0.47866267
   8.62500  0.0000000  0.0000000 0.61579639
   8.65000  0.0000000  0.0000000 0.65871018
   8.67500  0.0000000  0.0000000 0.63141924
   8.70000  0.0000000  0.0000000 0.61900091
   8.72500  0.0000000  0.0000000 0.80531442
   8.75000  0.0000000  0.0000000 0.79044622
   8.77500  0.0000000  0.0000000 0.77879262
   8.80000  0.0000000  0.0000000 0.49943107
   8.82500  0.0000000  0.0000000 0.43924159
   8.85000  0.0000000  0.0000000 0.66487098
   8.87500  0.0000000  0.0000000 0.89536506
   8.90000  0.0000000  0.0000000  1.0481119
   8.92500  0.0000000  0.0000000  1.1396191
   8.95000  0.0000000  0.0000000 0.97569013
   8.97500  0.0000000  0.0000000 0.97161633
   9.00000  0.0000000  0.0000000 0.89832139
   9.02500  0.0000000  0.0000000 0.82112026
   9.05000  0.0000000  0.0000000 0.69916773
   9.07500  0.0000000  0.0000000 0.52985322
   9.10000  0.0000000  0.0000000 0.12532130
   9.12500  0.0000000  0.0000000 0.43160188
   9.15000  0.0000000  0.0000000 0.27464932
   9.17500  0.0000000  0.0000000 0.21375398
   9.20000  0.0000000  0.0000000 -.12167470
   9.22500  0.0000000  0.0000000 -.36943969
   9.25000  0.0000000  0.0000000 -.24025096
   9.27500  0.0000000  0.0000000 0.35658325E-02
   9.30000  0.0000000  0.0000000 0.14233873E-01
   9.32500  0.0000000  0.0000000 -.15664261E-01
   9.35000  0.0000000  0.0000000 -.15032054
   9.37500  0.0000000  0.0000000 -.27409172
   9.40000  0.0000000  0.0000000 -.26413351
   9.42500  0.0000000  0.0000000 -.40567341
   9.45000  0.0000000  0.0000000 -.20169560E-01
   9.47500  0.0000000  0.0000000 0.82638726E-01
   9.50000  0.0000000  0.0000000 -.26864770
   9.52500  0.0000000  0.0000000 -.15524963
   9.55000  0.0000000  0.0000000 -.40593314
   9.57500  0.0000000  0.0000000 -.60159338
   9.60000  0.0000000  0.0000000 -.69574666
   9.62500  0.0000000  0.0000000 -.66725904
   9.65000  0.0000000  0.0000000 -1.3994715
   9.67500  0.0000000  0.0000000 -1.2529463
   9.70000  0.0000000  0.0000000 -1.1645039
   9.72500  0.0000000  0.0000000 -1.1498896
   9.75000  0.0000000  0.0000000 -.89202803
   9.77500  0.0000000  0.0000000 -.85005373
   9.80000  0.0000000  0.0000000 -.75156063
   9.82500  0.0000000  0.0000000 -.61415350
   9.85000  0.0000000  0.0000000 -.57305610
   9.87500  0.0000000  0.0000000 -.59823811
   9.90000  0.0000000  0.0000000 -.10342272
   9.92500  0.0000000  0.0000000 -.73679686E-01
   9.95000  0.0000000  0.0000000 0.13554309
   9.97500  0.0000000  0.0000000 0.20149952
  10.00000  0.0000000  0.0000000 0.16005960
  10.02500  0.0000000  0.0000000 -.33835319
  10.05000  0.0000000  0.0000000 -.41653931
  10.07500  0.0000000  0.0000000 -.34045869
  10.10000  0.0000000  0.0000000 -.28183532
  10.12500  0.0000000  0.0000000 -.12630801
  10.15000  0.0000000  0.0000000 0.95141701E-01
  10.17500  0.0000000  0.0000000 0.12023261
  10.20000  0.0000000  0.0000000 0.16850965
  10.22500  0.0000000  0.0000000 -.24074589
  10.25000  0.0000000  0.0000000 -.61186182
  10.27500  0.0000000  0.0000000 -.50710815
  10.30000  0.0000000  0.0000000 -.38335606
  10.32500  0.0000000  0.0000000 -.16563445
  10.35000  0.0000000  0.0000000 -.44220454
  10.37500  0.0000000  0.0000000 -.59649634
  10.40000  0.0000000  0.0000000 -.36805531
  10.42500  0.0000000  0.0000000 -.26704657
  10.45000  0.0000000  0.0000000 -.20789081
  10.47500  0.0000000  0.0000000 0.17581825
  10.50000  0.0000000  0.0000000 0.56736935E-01
  10.52500  0.0000000  0.0000000 0.17879482
  10.55000  0.0000000  0.0000000 -.14462732
  10.57500  0.0000000  0.0000000 -.86828828E-01
  10.60000  0.0000000  0.0000000 -.13819262
  10.62500  0.0000000  0.0000000 -.19990064E-01
  10.65000  0.0000000  0.0000000 0.31131005
  10.67500  0.0000000  0.0000000 0.52854151
  10.70000  0.0000000  0.0000000 0.33410829
  10.72500  0.0000000  0.0000000 0.70336926
  10.75000  0.0000000  0.0000000 0.54882675
  10.77500  0.0000000  0.0000000 0.13819373
  10.80000  0.0000000  0.0000000 0.57223594
  10.82500  0.0000000  0.0000000 0.71261489
  10.85000  0.0000000  0.0000000 0.55033231
  10.87500  0.0000000  0.0000000 0.69198990
  10.90000  0.0000000  0.0000000  1.1674682
  10.92500  0.0000000  0.0000000 0.99595702
  10.95000  0.0000000  0.0000000 0.98662281
  10.97500  0.0000000  0.0000000 0.90929294
  11.00000  0.0000000  0.0000000 0.90183604
  11.02500  0.0000000  0.0000000 0.94706035
  11.05000  0.0000000  0.0000000 0.53087223
  11.07500  0.0000000  0.0000000 0.46583936
  11.10000  0.0000000  0.0000000 0.46422833
  11.12500  0.0000000  0.0000000 0.64417559
  11.15000  0.0000000  0.0000000 0.73272210
  11.17500  0.0000000  0.0000000 0.75063521
  11.20000  0.0000000  0.0000000  1.1154200
  11.22500  0.0000000  0.0000000 0.88995999
  11.25000  0.0000000  0.0000000 0.99802089
  11.27500  0.0000000  0.0000000  1.4094114
  11.30000  0.0000000  0.0000000  1.2382340
  11.32500  0.0000000  0.0000000  1.5473150
  11.35000  0.0000000  0.0000000  1.4091535
  11.37500  0.0000000  0.0000000  1.4479587
  11.40000  0.0000000  0.0000000  1.4833568
  11.42500  0.0000000  0.0000000  1.7190398
  11.45000  0.0000000  0.0000000  1.2549232
  11.47500  0.0000000  0.0000000  1.2576396
  11.50000  0.0000000  0.0000000  1.3251042
  11.52500  0.0000000  0.0000000  1.0942867
  11.55000  0.0000000  0.0000000  1.1255422
  11.57500  0.0000000  0.0000000  1.0166326
  11.60000  0.0000000  0.0000000  1.0398191
  11.62500  0.0000000  0.0000000  1.0674772
  11.65000  0.0000000  0.0000000 0.85236156
  11.67500  0.0000000  0.0000000 0.99210829
  11.70000  0.0000000  0.0000000 0.94047916
  11.72500  0.0000000  0.0000000 0.84956920
  11.75000  0.0000000  0.0000000  1.0280694
  11.77500  0.0000000  0.0000000 0.80376559
  11.80000  0.0000000  0.0000000 0.83385837
  11.82500  0.0000000  0.0000000  1.2536602
  11.85000  0.0000000  0.0000000  1.1810350
  11.87500  0.0000000  0.0000000  1.1154035
  11.90000  0.0000000  0.0000000  1.4209470
  11.92500  0.0000000  0.0000000  1.6971072
  11.95000  0.0000000  0.0000000  1.8804491
  11.97500  0.0000000  0.0000000  1.9416159
  12.00000  0.0000000  0.0000000  1.6614586
  12.02500  0.0000000  0.0000000  1.4981734
  12.05000  0.0000000  0.0000000  1.3987083
  12.07500  0.0000000  0.0000000  1.3090955
  12.10000  0.0000000  0.0000000  1.4226582
  12.12500  0.0000000  0.0000000  1.7702303
  12.15000  0.0000000  0.0000000  1.7034810
  12.17500  0.0000000  0.0000000  1.3539456
  12.20000  0.0000000  0.0000000  1.0580858
  12.22500  0.0000000  0.0000000  1.1684774
  12.25000  0.0000000  0.0000000  1.3358467
  12.27500  0.0000000  0.0000000  1.3977563
  12.30000  0.0000000  0.0000000  1.3556274
  12.32500  0.0000000  0.0000000  1.2347555
  12.35000  0.0000000  0.0000000  1.0892780
  12.37500  0.0000000  0.0000000  1.0974742
  12.40000  0.0000000  0.0000000 0.99245948
  12.42500  0.0000000  0.0000000 0.81387496
  12.45000  0.0000000  0.0000000 0.82934594
  12.47500  0.0000000  0.0000000 0.71293342
  12.50000  0.0000000  0.0000000 0.58036321
  12.52500  0.0000000  0.0000000 0.82921261
  12.55000  0.0000000  0.0000000 0.81090850
  12.57500  0.0000000  0.0000000 0.74291271
  12.60000  0.0000000  0.0000000 0.77695364
  12.62500  0.0000000  0.0000000  1.0055889
  12.65000  0.0000000  0.0000000  1.2055073
  12.67500  0.0000000  0.0000000  1.1587354
  12.70000  0.0000000  0.0000000  1.3854997
  12.72500  0.0000000  0.0000000  1.2860519
  12.75000  0.0000000  0.0000000  1.1348314
  12.77500  0.0000000  0.0000000 0.90083492
  12.80000  0.0000000  0.0000000  1.0666621
  12.82500  0.0000000  0.0000000  1.1796057
  12.85000  0.0000000  0.0000000  1.1288668
  12.87500  0.0000000  0.0000000 0.89554858
  12.90000  0.0000000  0.0000000 0.84734303
  12.92500  0.0000000  0.0000000  1.1507901
  12.95000  0.0000000  0.0000000  1.2350407
  12.97500  0.0000000  0.0000000 0.99711210
  13.00000  0.0000000  0.0000000 0.88509208
  13.02500  0.0000000  0.0000000 0.87347102
  13.05000  0.0000000  0.0000000 0.69343042
  13.07500  0.0000000  0.0000000 0.59389335
  13.10000  0.0000000  0.0000000 0.21968681
  13.12500  0.0000000  0.0000000 -.75167857E-01
  13.15000  0.0000000  0.0000000 -.14245687
  13.17500  0.0000000  0.0000000 -.10357003
  13.20000  0.0000000  0.0000000 -.19462852
  13.22500  0.0000000  0.0000000 -.12420175
  13.25000  0.0000000  0.0000000 -.16527399
  13.27500  0.0000000  0.0000000 -.12103219
  13.30000  0.0000000  0.0000000 0.24403740
  13.32500  0.0000000  0.0000000 0.16696920
  13.35000  0.0000000  0.0000000 -.14023456
  13.37500  0.0000000  0.0000000 0.67848153E-01
  13.40000  0.0000000  0.0000000 -.14876373
  13.42500  0.0000000  0.0000000 -.15954386
  13.45000  0.0000000  0.0000000 -.31629163
  13.47500  0.0000000  0.0000000 -.19910061
  13.50000  0.0000000  0.0000000 -.24808376
  13.52500  0.0000000  0.0000000 -.31146538
  13.55000  0.0000000  0.0000000 -.12651445
  13.57500  0.0000000  0.0000000 0.59557840E-01
  13.60000  0.0000000  0.0000000 0.13486229
  13.62500  0.0000000  0.0000000 0.69511622E-01
  13.65000  0.0000000  0.0000000 0.17157519
  13.67500  0.0000000  0.0000000 0.31974986
  13.70000  0.0000000  0.0000000 0.27831599
  13.72500  0.0000000  0.0000000 0.62061095
  13.75000  0.0000000  0.0000000 0.62255102
  13.77500  0.0000000  0.0000000 0.72223282
  13.80000  0.0000000  0.0000000 0.81933254
  13.82500  0.0000000  0.0000000 0.58134568
  13.85000  0.0000000  0.0000000 0.75488394
  13.87500  0.0000000  0.0000000 0.69498920
  13.90000  0.0000000  0.0000000 0.82678246
  13.92500  0.0000000  0.0000000  1.1858035
  13.95000  0.0000000  0.0000000  1.1483963
  13.97500  0.0000000  0.0000000 0.81516725
  14.00000  0.0000000  0.0000000 0.83835125
  14.02500  0.0000000  0.0000000 0.81880516
  14.05000  0.0000000  0.0000000 0.63969749
  14.07500  0.0000000  0.0000000 0.48825559
  14.10000  0.0000000  0.0000000 0.45676753
  14.12500  0.0000000  0.0000000 0.34533995
  14.15000  0.0000000  0.0000000 0.32261291
  14.17500  0.0000000  0.0000000 0.26582876
  14.20000  0.0000000  0.0000000 0.36029172
  14.22500  0.0000000  0.0000000 0.29382864
  14.25000  0.0000000  0.0000000 0.82378149E-01
  14.27500  0.0000000  0.0000000 -.21492193E-01
  14.30000  0.0000000  0.0000000 0.12749550
  14.32500  0.0000000  0.0000000 -.69235407E-01
  14.35000  0.0000000  0.0000000 0.53607192E-01
  14.37500  0.0000000  0.0000000 -.86642794E-01
  14.40000  0.0000000  0.0000000 -.14362445
  14.42500  0.0000000  0.0000000 -.22327819
  14.45000  0.0000000  0.0000000 -.41677874E-01
  14.47500  0.0000000  0.0000000 0.20528389E-01
  14.50000  0.0000000  0.0000000 0.33957094
  14.52500  0.0000000  0.0000000 0.18258721
  14.55000  0.0000000  0.0000000 0.24468331
  14.57500  0.0000000  0.0000000 0.60267562
  14.60000  0.0000000  0.0000000 0.40877622
  14.62500  0.0000000  0.0000000 0.53392261
  14.65000  0.0000000  0.0000000 0.53566068
  14.67500  0.0000000  0.0000000 0.58211583
  14.70000  0.0000000  0.0000000 0.42318067
  14.72500  0.0000000  0.0000000 0.36044825E-01
  14.75000  0.0000000  0.0000000 -.35614088
  14.77500  0.0000000  0.0000000 0.76505519E-02
  14.80000  0.0000000  0.0000000 0.11632168
  14.82500  0.0000000  0.0000000 -.87105833E-01
  14.85000  0.0000000  0.0000000 -.11214656
  14.87500  0.0000000  0.0000000 0.78074560E-01
  14.90000  0.0000000  0.0000000 0.17861630
  14.92500  0.0000000  0.0000000 -.14278644
  14.95000  0.0000000  0.0000000 -.30537754
  14.97500  0.0000000  0.0000000 -.32730967
  15.00000  0.0000000  0.0000000 -.36824310
  15.02500  0.0000000  0.0000000 -.64412069
  15.05000  0.0000000  0.0000000 -.78238022
  15.07500  0.0000000  0.0000000 -1.2481608
  15.10000  0.0000000  0.0000000 -.91334027
  15.12500  0.0000000  0.0000000 -.99292743
  15.15000  0.0000000  0.0000000 -.86179191
  15.17500  0.0000000  0.0000000 -.99039835
  15.20000  0.0000000  0.0000000 -.70635951
  15.22500  0.0000000  0.0000000 -.47752622
  15.25000  0.0000000  0.0000000 -.32923672
  15.27500  0.0000000  0.0000000 -.22948997E-01
  15.30000  0.0000000  0.0000000 -.19135597
  15.32500  0.0000000  0.0000000 0.25690855E-01
  15.35000  0.0000000  0.0000000 -.27167957E-01
  15.37500  0.0000000  0.0000000 0.97846694E-01
  15.40000  0.0000000  0.0000000 -.26597045E-03
  15.42500  0.0000000  0.0000000 0.27994463
  15.45000  0.0000000  0.0000000 0.60451537
  15.47500  0.0000000  0.0000000 0.53473604
  15.50000  0.0000000  0.0000000 0.45952624
  15.52500  0.0000000  0.0000000 0.38545790
  15.55000  0.0000000  0.0000000 0.39422715
  15.57500  0.0000000  0.0000000 0.38089868
  15.60000  0.0000000  0.0000000 0.24744026
  15.62500  0.0000000  0.0000000 -.17933819
  15.65000  0.0000000  0.0000000 -.21198559
  15.67500  0.0000000  0.0000000 -.16477934
  15.70000  0.0000000  0.0000000 0.35444543
  15.72500  0.0000000  0.0000000 0.24950314
  15.75000  0.0000000  0.0000000 0.40490549E-01
  15.77500  0.0000000  0.0000000 0.11485373
  15.80000  0.0000000  0.0000000 0.25949150
  15.82500  0.0000000  0.0000000 -.43955933E-01
  15.85000  0.0000000  0.0000000 0.13760623E-03
  15.87500  0.0000000  0.0000000 -.23593519E-01
  15.90000  0.0000000  0.0000000 0.17754927
  15.92500  0.0000000  0.0000000 0.96591726E-01
  15.95000  0.0000000  0.0000000 0.58956134
  15.97500  0.0000000  0.0000000 0.33004901
  16.00000  0.0000000  0.0000000 0.34876454
  16.02500  0.0000000  0.0000000 0.62391356E-01
  16.05000  0.0000000  0.0000000 -.22674999
  16.07500  0.0000000  0.0000000 0.50168138E-01
  16.10000  0.0000000  0.0000000 0.24206957
  16.12500  0.0000000  0.0000000 0.34623665
  16.15000  0.0000000  0.0000000 0.22868374
  16.17500  0.0000000  0.0000000 0.30151424
  16.20000  0.0000000  0.0000000 0.70095468
  16.22500  0.0000000  0.0000000 0.56198889
  16.25000  0.0000000  0.0000000 0.57927889
  16.27500  0.0000000  0.0000000 0.58506310
  16.30000  0.0000000  0.0000000 0.81844121
  16.32500  0.0000000  0.0000000 0.70877481
  16.35000  0.0000000  0.0000000 0.69630724
  16.37500  0.0000000  0.0000000 0.56469971
  16.40000  0.0000000  0.0000000 0.65816224
  16.42500  0.0000000  0.0000000 0.49509835
  16.45000  0.0000000  0.0000000 0.46166667
  16.47500  0.0000000  0.0000000 0.34693843
  16.50000  0.0000000  0.0000000 0.35054362
  16.52500  0.0000000  0.0000000 0.72671044
  16.55000  0.0000000  0.0000000 0.81574112
  16.57500  0.0000000  0.0000000 0.90379643
  16.60000  0.0000000  0.0000000 0.72492087
  16.62500  0.0000000  0.0000000 0.79460508
  16.65000  0.0000000  0.0000000  1.0082344
  16.67500  0.0000000  0.0000000 0.86640716
  16.70000  0.0000000  0.0000000  1.3266449
  16.72500  0.0000000  0.0000000  1.2496177
  16.75000  0.0000000  0.0000000 0.93782073
  16.77500  0.0000000  0.0000000 0.80054599
  16.80000  0.0000000  0.0000000 0.99150413
  16.82500  0.0000000  0.0000000 0.73373526
  16.85000  0.0000000  0.0000000 0.50377107
  16.87500  0.0000000  0.0000000 0.83141696
  16.90000  0.0000000  0.0000000  1.1965539
  16.92500  0.0000000  0.0000000 0.82681954
  16.95000  0.0000000  0.0000000 0.73793286
  16.97500  0.0000000  0.0000000 0.59811485
  17.00000  0.0000000  0.0000000 0.83846390
  17.02500  0.0000000  0.0000000 0.92344409
  17.05000  0.0000000  0.0000000 0.46728566
  17.07500  0.0000000  0.0000000 0.40556937
  17.10000  0.0000000  0.0000000 0.22477779
  17.12500  0.0000000  0.0000000 -.31125259E-01
  17.15000  0.0000000  0.0000000 -.40493515
  17.17500  0.0000000  0.0000000 -.73242404E-01
  17.20000  0.0000000  0.0000000 0.11761744
  17.22500  0.0000000  0.0000000 0.55603349
  17.25000  0.0000000  0.0000000 0.46316394
  17.27500  0.0000000  0.0000000 0.37694672
  17.30000  0.0000000  0.0000000 0.65388840
  17.32500  0.0000000  0.0000000 0.50100774
  17.35000  0.0000000  0.0000000 0.82838945E-01
  17.37500  0.0000000  0.0000000 0.23324506
  17.40000  0.0000000  0.0000000 -.12657402
  17.42500  0.0000000  0.0000000 -.30637121
  17.45000  0.0000000  0.0000000 -.42295003
  17.47500  0.0000000  0.0000000 -.30562526
  17.50000  0.0000000  0.0000000 -.64160025
  17.52500  0.0000000  0.0000000 -.67237735
  17.55000  0.0000000  0.0000000 -.50359154
  17.57500  0.0000000  0.0000000 -.17897235
  17.60000  0.0000000  0.0000000 -.45946937E-01
  17.62500  0.0000000  0.0000000 -.15804239
  17.65000  0.0000000  0.0000000 0.31011803E-01
  17.67500  0.0000000  0.0000000 0.16001417
  17.70000  0.0000000  0.0000000 0.97422794E-01
  17.72500  0.0000000  0.0000000 0.31659177
  17.75000  0.0000000  0.0000000 0.84346384
  17.77500  0.0000000  0.0000000  1.4572344
  17.80000  0.0000000  0.0000000  1.5410928
  17.82500  0.0000000  0.0000000  1.6068106
  17.85000  0.0000000  0.0000000  1.7080275
  17.87500  0.0000000  0.0000000  1.3888791
  17.90000  0.0000000  0.0000000  1.5514126
  17.92500  0.0000000  0.0000000  1.4030131
  17.95000  0.0000000  0.0000000  1.6438251
  17.97500  0.0000000  0.0000000  1.7416975
  18.00000  0.0000000  0.0000000  1.4690503
  18.02500  0.0000000  0.0000000  1.1781212
  18.05000  0.0000000  0.0000000  1.5446532
  18.07500  0.0000000  0.0000000  1.7324392
  18.10000  0.0000000  0.0000000  1.7573767
  18.12500  0.0000000  0.0000000  1.6050909
  18.15000  0.0000000  0.0000000  1.3682984
  18.17500  0.0000000  0.0000000  1.3303576
  18.20000  0.0000000  0.0000000  1.3807640
  18.22500  0.0000000  0.0000000  1.1360927
  18.25000  0.0000000  0.0000000  1.5043803
  18.27500  0.0000000  0.0000000  1.2738796
  18.30000  0.0000000  0.0000000 0.67961681
  18.32500  0.0000000  0.0000000 0.77021456
  18.35000  0.0000000  0.0000000 0.70759249
  18.37500  0.0000000  0.0000000 0.62783712
  18.40000  0.0000000  0.0000000 0.56562668
  18.42500  0.0000000  0.0000000 0.72310883
  18.45000  0.0000000  0.0000000 0.43055940
  18.47500  0.0000000  0.0000000 0.44560874
  18.50000  0.0000000  0.0000000 0.51021039
  18.52500  0.0000000  0.0000000 0.17645543E-01
  18.55000  0.0000000  0.0000000 0.12245116
  18.57500  0.0000000  0.0000000 0.40501571
  18.60000  0.0000000  0.0000000 0.43190604
  18.62500  0.0000000  0.0000000 0.65921716E-01
  18.65000  0.0000000  0.0000000 0.14617476
  18.67500  0.0000000  0.0000000 0.44250143
  18.70000  0.0000000  0.0000000 0.32254726
  18.72500  0.0000000  0.0000000 0.82085294
  18.75000  0.0000000  0.0000000 0.89582628
  18.77500  0.0000000  0.0000000  1.2957877
  18.80000  0.0000000  0.0000000  1.1671387
  18.82500  0.0000000  0.0000000  1.0022767
  18.85000  0.0000000  0.0000000  1.1604801
  18.87500  0.0000000  0.0000000 0.96179444
  18.90000  0.0000000  0.0000000  1.1544315
  18.92500  0.0000000  0.0000000  1.2639697
  18.95000  0.0000000  0.0000000  1.2855316
  18.97500  0.0000000  0.0000000  1.3320048
  19.00000  0.0000000  0.0000000  1.3919008
  19.02500  0.0000000  0.0000000  1.3852285
  19.05000  0.0000000  0.0000000  1.4478554
  19.07500  0.0000000  0.0000000  1.2764981
  19.10000  0.0000000  0.0000000  1.3459119
  19.12500  0.0000000  0.0000000  1.0017722
  19.15000  0.0000000  0.0000000 0.84554017
  19.17500  0.0000000  0.0000000 0.75329167
  19.20000  0.0000000  0.0000000 0.98716033
  19.22500  0.0000000  0.0000000  1.1025982
  19.25000  0.0000000  0.0000000  1.1860363
  19.27500  0.0000000  0.0000000  1.1713611
  19.30000  0.0000000  0.0000000  1.1405834
  19.32500  0.0000000  0.0000000  1.2552775
  19.35000  0.0000000  0.0000000  1.0723481
  19.37500  0.0000000  0.0000000  1.3062469
  19.40000  0.0000000  0.0000000 0.89268744
  19.42500  0.0000000  0.0000000 0.86833680
  19.45000  0.0000000  0.0000000 0.84739298
  19.47500  0.0000000  0.0000000  1.0387521
  19.50000  0.0000000  0.0000000 0.78221273
  19.52500  0.0000000  0.0000000 0.92520273
  19.55000  0.0000000  0.0000000 0.59670621
  19.57500  0.0000000  0.0000000 0.47633117
  19.60000  0.0000000  0.0000000 0.32749203
  19.62500  0.0000000  0.0000000 0.22986794E-01
  19.65000  0.0000000  0.0000000 -.37174731
  19.67500  0.0000000  0.0000000 -.10394304
  19.70000  0.0000000  0.0000000 -.20470071
  19.72500  0.0000000  0.0000000 0.44041902E-01
  19.75000  0.0000000  0.0000000 -.93796574E-01
  19.77500  0.0000000  0.0000000 0.11009378E-01
  19.80000  0.0000000  0.0000000 0.11365834E-01
  19.82500  0.0000000  0.0000000 -.42870840
  19.85000  0.0000000  0.0000000 -.78369570
  19.87500  0.0000000  0.0000000 -.54107958
  19.90000  0.0000000  0.0000000 -.50198108
  19.92500  0.0000000  0.0000000 -.69374526
  19.95000  0.0000000  0.0000000 -.60944659
  19.97500  0.0000000  0.0000000 -.44160852
  20.00000  0.0000000  0.0000000 -.21348932
  20.02500  0.0000000  0.0000000 -.31568643
  20.05000  0.0000000  0.0000000 -.32591930
  20.07500  0.0000000  0.0000000 -.12569521
  20.10000  0.0000000  0.0000000 -.42020887E-01
  20.12500  0.0000000  0.0000000 0.16667008
  20.15000  0.0000000  0.0000000 -.24500993
  20.17500  0.0000000  0.0000000 -.50608158
  20.20000  0.0000000  0.0000000 -.46002769
  20.22500  0.0000000  0.0000000 -.51704109
  20.25000  0.0000000  0.0000000 -.75989884
  20.27500  0.0000000  0.0000000 -.82478285
  20.30000  0.0000000  0.0000000 -1.1629070
  20.32500  0.0000000  0.0000000 -1.3357166
  20.35000  0.0000000  0.0000000 -1.3934283
  20.37500  0.0000000  0.0000000 -1.3491489
  20.40000  0.0000000  0.0000000 -1.3241819
  20.42500  0.0000000  0.0000000 -1.2961617
  20.45000  0.0000000  0.0000000 -1.4994159
  20.47500  0.0000000  0.0000000 -1.3331168
  20.50000  0.0000000  0.0000000 -1.6464156
  20.52500  0.0000000  0.0000000 -1.4015119
  20.55000  0.0000000  0.0000000 -1.6117628
  20.57500  0.0000000  0.0000000 -1.7492398
  20.60000  0.0000000  0.0000000 -1.6721753
  20.62500  0.0000000  0.0000000 -1.7725048
  20.65000  0.0000000  0.0000000 -1.7732593
  20.67500  0.0000000  0.0000000 -2.0891945
  20.70000  0.0000000  0.0000000 -1.8700374
  20.72500  0.0000000  0.0000000 -1.7395772
  20.75000  0.0000000  0.0000000 -1.6491196
  20.77500  0.0000000  0.0000000 -1.3701819
  20.80000  0.0000000  0.0000000 -1.7575938
  20.82500  0.0000000  0.0000000 -1.5632557
  20.85000  0.0000000  0.0000000 -1.5699412
  20.87500  0.0000000  0.0000000 -1.6685575
  20.90000  0.0000000  0.0000000 -1.5627118
  20.92500  0.0000000  0.0000000 -1.7305726
  20.95000  0.0000000  0.0000000 -1.6510512
  20.97500  0.0000000  0.0000000 -1.3439189
  21.00000  0.0000000  0.0000000 -1.2221701
  21.02500  0.0000000  0.0000000 -1.0838993
  21.05000  0.0000000  0.0000000 -1.0331379
  21.07500  0.0000000  0.0000000 -.92137241
  21.10000  0.0000000  0.0000000 -.99478590
  21.12500  0.0000000  0.0000000 -.98154354
  21.15000  0.0000000  0.0000000 -1.2612717
  21.17500  0.0000000  0.0000000 -1.5950985
  21.20000  0.0000000  0.0000000 -1.5445331
  21.22500  0.0000000  0.0000000 -1.5779260
  21.25000  0.0000000  0.0000000 -1.4821407
  21.27500  0.0000000  0.0000000 -1.4344050
  21.30000  0.0000000  0.0000000 -1.5510572
  21.32500  0.0000000  0.0000000 -1.5399727
  21.35000  0.0000000  0.0000000 -1.6168836
  21.37500  0.0000000  0.0000000 -1.9988739
  21.40000  0.0000000  0.0000000 -1.9770042
  21.42500  0.0000000  0.0000000 -1.9722763
  21.45000  0.0000000  0.0000000 -1.9752194
  21.47500  0.0000000  0.0000000 -1.6068447
  21.50000  0.0000000  0.0000000 -1.6163572
  21.52500  0.0000000  0.0000000 -1.7097344
  21.55000  0.0000000  0.0000000 -1.5001302
  21.57500  0.0000000  0.0000000 -1.3627172
  21.60000  0.0000000  0.0000000 -1.6061721
  21.62500  0.0000000  0.0000000 -1.8344686
  21.65000  0.0000000  0.0000000 -2.0678270
  21.67500  0.0000000  0.0000000 -2.1619022
  21.70000  0.0000000  0.0000000 -1.9336218
  21.72500  0.0000000  0.0000000 -2.0739493
  21.75000  0.0000000  0.0000000 -2.3217294
  21.77500  0.0000000  0.0000000 -2.2165899
  21.80000  0.0000000  0.0000000 -2.3903406
  21.82500  0.0000000  0.0000000 -2.3464966
  21.85000  0.0000000  0.0000000 -2.8590138
  21.87500  0.0000000  0.0000000 -2.6945908
  21.90000  0.0000000  0.0000000 -2.5965202
  21.92500  0.0000000  0.0000000 -2.4248078
  21.95000  0.0000000  0.0000000 -2.1033223
  21.97500  0.0000000  0.0000000 -1.9373000
  22.00000  0.0000000  0.0000000 -1.7789804
  22.02500  0.0000000  0.0000000 -1.7402802
  22.05000  0.0000000  0.0000000 -1.6311127
  22.07500  0.0000000  0.0000000 -1.6719066
  22.10000  0.0000000  0.0000000 -1.6780063
  22.12500  0.0000000  0.0000000 -1.3570632
  22.15000  0.0000000  0.0000000 -1.4335859
  22.17500  0.0000000  0.0000000 -1.0945083
  22.20000  0.0000000  0.0000000 -1.0900104
  22.22500  0.0000000  0.0000000 -.69384009
  22.25000  0.0000000  0.0000000 -.86742890
  22.27500  0.0000000  0.0000000 -.65645695
  22.30000  0.0000000  0.0000000 -.52091122
  22.32500  0.0000000  0.0000000 -.30769354
  22.35000  0.0000000  0.0000000 -.13800870
  22.37500  0.0000000  0.0000000 -.21349275
  22.40000  0.0000000  0.0000000 -.26045367
  22.42500  0.0000000  0.0000000 -.51026905
  22.45000  0.0000000  0.0000000 -.42669281
  22.47500  0.0000000  0.0000000 -.32626024
  22.50000  0.0000000  0.0000000 -.61985219
  22.52500  0.0000000  0.0000000 -.37302279
  22.55000  0.0000000  0.0000000 -.15167645
  22.57500  0.0000000  0.0000000 -.53972226E-01
  22.60000  0.0000000  0.0000000 -.92884295E-01
  22.62500  0.0000000  0.0000000 -.21187681
  22.65000  0.0000000  0.0000000 -.21805374
  22.67500  0.0000000  0.0000000 -.41474193
  22.70000  0.0000000  0.0000000 -.54987884
  22.72500  0.0000000  0.0000000 -.97263831
  22.75000  0.0000000  0.0000000 -.66215348
  22.77500  0.0000000  0.0000000 -.41589049
  22.80000  0.0000000  0.0000000 -.52797246
  22.82500  0.0000000  0.0000000 0.11387572
  22.85000  0.0000000  0.0000000 0.11837968
  22.87500  0.0000000  0.0000000 0.40547079
  22.90000  0.0000000  0.0000000 0.51019591
  22.92500  0.0000000  0.0000000 0.40857751E-01
  22.95000  0.0000000  0.0000000 0.37315637
  22.97500  0.0000000  0.0000000 0.21188052
  23.00000  0.0000000  0.0000000 0.18339509
  23.02500  0.0000000  0.0000000 0.35381442
  23.05000  0.0000000  0.0000000 0.36269942
  23.07500  0.0000000  0.0000000 0.60737658
  23.10000  0.0000000  0.0000000 0.39264089
  23.12500  0.0000000  0.0000000 0.59810179
  23.15000  0.0000000  0.0000000 0.74210835
  23.17500  0.0000000  0.0000000 0.71682900
  23.20000  0.0000000  0.0000000 0.51133472
  23.22500  0.0000000  0.0000000 0.72088778
  23.25000  0.0000000  0.0000000 0.71579188
  23.27500  0.0000000  0.0000000 0.77654105
  23.30000  0.0000000  0.0000000  1.0530610
  23.32500  0.0000000  0.0000000 0.91363895
  23.35000  0.0000000  0.0000000 0.80043525
  23.37500  0.0000000  0.0000000 0.75187844
  23.40000  0.0000000  0.0000000 0.77532232
  23.42500  0.0000000  0.0000000 0.66197062
  23.45000  0.0000000  0.0000000 0.45225823
  23.47500  0.0000000  0.0000000 0.41472083
  23.50000  0.0000000  0.0000000 0.34930444
  23.52500  0.0000000  0.0000000 0.46299425
  23.55000  0.0000000  0.0000000 0.28176484
  23.57500  0.0000000  0.0000000 -.21106963
  23.60000  0.0000000  0.0000000 -.15336342
  23.62500  0.0000000  0.0000000 0.51843096E-01
  23.65000  0.0000000  0.0000000 0.33043589E-01
  23.67500  0.0000000  0.0000000 0.84450385E-02
  23.70000  0.0000000  0.0000000 0.21243496
  23.72500  0.0000000  0.0000000 0.46923426E-02
  23.75000  0.0000000  0.0000000 -.70286617E-01
  23.77500  0.0000000  0.0000000 -.29632834
  23.80000  0.0000000  0.0000000 0.12249178
  23.82500  0.0000000  0.0000000 0.75763971E-01
  23.85000  0.0000000  0.0000000 -.13497499
  23.87500  0.0000000  0.0000000 -.33116657
  23.90000  0.0000000  0.0000000 -.17594996
  23.92500  0.0000000  0.0000000 -.18948691
  23.95000  0.0000000  0.0000000 0.10564724
  23.97500  0.0000000  0.0000000 0.28381801
  24.00000  0.0000000  0.0000000 0.73944384
  24.02500  0.0000000  0.0000000  1.2460772
  24.05000  0.0000000  0.0000000  1.2827765
  24.07500  0.0000000  0.0000000 0.95858461
  24.10000  0.0000000  0.0000000 0.71608448
  24.12500  0.0000000  0.0000000 0.85893655
  24.15000  0.0000000  0.0000000 0.54205525
  24.17500  0.0000000  0.0000000 0.63955301
  24.20000  0.0000000  0.0000000 0.48796865
  24.22500  0.0000000  0.0000000 0.35508299
  24.25000  0.0000000  0.0000000 0.38871378
  24.27500  0.0000000  0.0000000 0.21739393
  24.30000  0.0000000  0.0000000 0.39229050
  24.32500  0.0000000  0.0000000 0.62237644
  24.35000  0.0000000  0.0000000 0.79724574
  24.37500  0.0000000  0.0000000 0.85065657
  24.40000  0.0000000  0.0000000 0.59958947
  24.42500  0.0000000  0.0000000 0.35114920
  24.45000  0.0000000  0.0000000 0.31952608
  24.47500  0.0000000  0.0000000 0.14523858
  24.50000  0.0000000  0.0000000 0.50467235
  24.52500  0.0000000  0.0000000 0.76494718
  24.55000  0.0000000  0.0000000  1.1541326
  24.57500  0.0000000  0.0000000  1.0341210
  24.60000  0.0000000  0.0000000 0.90942788
  24.62500  0.0000000  0.0000000  1.1173829
  24.65000  0.0000000  0.0000000 0.84732604
  24.67500  0.0000000  0.0000000 0.74026930
  24.70000  0.0000000  0.0000000 0.42320707
  24.72500  0.0000000  0.0000000 0.14917840E-01
  24.75000  0.0000000  0.0000000 -.27529231
  24.77500  0.0000000  0.0000000 -.66748166
  24.80000  0.0000000  0.0000000 -.57482904
  24.82500  0.0000000  0.0000000 -.59720236
  24.85000  0.0000000  0.0000000 -.27202907
  24.87500  0.0000000  0.0000000 -.96286200E-01
  24.90000  0.0000000  0.0000000 -.17681232
  24.92500  0.0000000  0.0000000 -.56644714
  24.95000  0.0000000  0.0000000 -.61504453
  24.97500  0.0000000  0.0000000 -.60068589
  25.00000  0.0000000  0.0000000 -.55113840
  25.02500  0.0000000  0.0000000 -.62078750
  25.05000  0.0000000  0.0000000 -.81384552
  25.07500  0.0000000  0.0000000 -.85109168
  25.10000  0.0000000  0.0000000 -.91244501
  25.12500  0.0000000  0.0000000 -.98420841
  25.15000  0.0000000  0.0000000 -.60593736
  25.17500  0.0000000  0.0000000 -.50464267
  25.20000  0.0000000  0.0000000 -.41217270
  25.22500  0.0000000  0.0000000 -.59366196
  25.25000  0.0000000  0.0000000 -.44938922
  25.27500  0.0000000  0.0000000 -.16450156
  25.30000  0.0000000  0.0000000 -.23320936
  25.32500  0.0000000  0.0000000 -.30568981
  25.35000  0.0000000  0.0000000 -.17951304
  25.37500  0.0000000  0.0000000 -.25261393
  25.40000  0.0000000  0.0000000 -.27084962
  25.42500  0.0000000  0.0000000 -.31601435
  25.45000  0.0000000  0.0000000 -.91422640E-01
  25.47500  0.0000000  0.0000000 -.63259860E-04
  25.50000  0.0000000  0.0000000 -.19382186
  25.52500  0.0000000  0.0000000 0.16431522
  25.55000  0.0000000  0.0000000 0.52304618E-01
  25.57500  0.0000000  0.0000000 0.46478936
  25.60000  0.0000000  0.0000000 0.93353289
  25.62500  0.0000000  0.0000000 0.93729180
  25.65000  0.0000000  0.0000000 0.70331442
  25.67500  0.0000000  0.0000000 0.79852456
  25.70000  0.0000000  0.0000000  1.0187349
  25.72500  0.0000000  0.0000000 0.96811962
  25.75000  0.0000000  0.0000000  1.0483305
  25.77500  0.0000000  0.0000000  1.1232712
  25.80000  0.0000000  0.0000000 0.89485741
  25.82500  0.0000000  0.0000000 0.94594973
  25.85000  0.0000000  0.0000000 0.73790771
  25.87500  0.0000000  0.0000000 0.61325842
  25.90000  0.0000000  0.0000000 0.55282360
  25.92500  0.0000000  0.0000000 0.42798123
  25.95000  0.0000000  0.0000000 0.48265499
  25.97500  0.0000000  0.0000000 0.68674880
  26.00000  0.0000000  0.0000000 0.85447532
  26.02500  0.0000000  0.0000000 0.99202502
  26.05000  0.0000000  0.0000000 0.86109352
  26.07500  0.0000000  0.0000000  1.0154769
  26.10000  0.0000000  0.0000000 0.93836552
  26.12500  0.0000000  0.0000000 0.77180946
  26.15000  0.0000000  0.0000000 0.89414579
  26.17500  0.0000000  0.0000000 0.67709845
  26.20000  0.0000000  0.0000000 0.49320900
  26.22500  0.0000000  0.0000000 0.89837593
  26.25000  0.0000000  0.0000000 0.67846322
  26.27500  0.0000000  0.0000000 0.60056227
  26.30000  0.0000000  0.0000000 0.19002457
  26.32500  0.0000000  0.0000000 -.17600505E-01
  26.35000  0.0000000  0.0000000 -.43529242E-01
  26.37500  0.0000000  0.0000000 0.22593415
  26.40000  0.0000000  0.0000000 0.28142935
  26.42500  0.0000000  0.0000000 0.30786169
  26.45000  0.0000000  0.0000000 -.85738771E-01
  26.47500  0.0000000  0.0000000 -.22896615
  26.50000  0.0000000  0.0000000 -.96939947E-03
  26.52500  0.0000000  0.0000000 -.22528513
  26.55000  0.0000000  0.0000000 -.64805120
  26.57500  0.0000000  0.0000000 -.67209846
  26.60000  0.0000000  0.0000000 -.80323976
  26.62500  0.0000000  0.0000000 -.67441916
  26.65000  0.0000000  0.0000000 -.50888509
  26.67500  0.0000000  0.0000000 -.45214596
  26.70000  0.0000000  0.0000000 -.67854673
  26.72500  0.0000000  0.0000000 -.44425127
  26.75000  0.0000000  0.0000000 -.31948850
  26.77500  0.0000000  0.0000000 -.18378651
  26.80000  0.0000000  0.0000000 -.57803386
  26.82500  0.0000000  0.0000000 -.53349400
  26.85000  0.0000000  0.0000000 -.92703253E-01
  26.87500  0.0000000  0.0000000 -.13599165
  26.90000  0.0000000  0.0000000 -.29037040
  26.92500  0.0000000  0.0000000 0.25981066
  26.95000  0.0000000  0.0000000 0.16111976
  26.97500  0.0000000  0.0000000 0.71549129
  27.00000  0.0000000  0.0000000 0.67431062
  27.02500  0.0000000  0.0000000 0.72653800
  27.05000  0.0000000  0.0000000 0.78090113
  27.07500  0.0000000  0.0000000 0.84279186
  27.10000  0.0000000  0.0000000 0.78277904
  27.12500  0.0000000  0.0000000 0.59224248
  27.15000  0.0000000  0.0000000 0.28904864
  27.17500  0.0000000  0.0000000 0.43718323
  27.20000  0.0000000  0.0000000 0.26470420
  27.22500  0.0000000  0.0000000 0.65539293E-01
  27.25000  0.0000000  0.0000000 -.32037520
  27.27500  0.0000000  0.0000000 -.84184296E-01
  27.30000  0.0000000  0.0000000 -.84079072E-01
  27.32500  0.0000000  0.0000000 0.15650263
  27.35000  0.0000000  0.0000000 -.43482560
  27.37500  0.0000000  0.0000000 -.92196763
  27.40000  0.0000000  0.0000000 -1.0513356
  27.42500  0.0000000  0.0000000 -.62020421
  27.45000  0.0000000  0.0000000 -.89667326
  27.47500  0.0000000  0.0000000 -1.1641982
  27.50000  0.0000000  0.0000000 -1.1273515
  27.52500  0.0000000  0.0000000 -1.2476259
  27.55000  0.0000000  0.0000000 -1.0229656
  27.57500  0.0000000  0.0000000 -1.4021717
  27.60000  0.0000000  0.0000000 -1.5109209
  27.62500  0.0000000  0.0000000 -2.0276198
  27.65000  0.0000000  0.0000000 -2.0643749
  27.67500  0.0000000  0.0000000 -1.7863752
  27.70000  0.0000000  0.0000000 -1.7280881
  27.72500  0.0000000  0.0000000 -1.4535594
  27.75000  0.0000000  0.0000000 -1.1831391
  27.77500  0.0000000  0.0000000 -1.0947802
  27.80000  0.0000000  0.0000000 -.97942483
  27.82500  0.0000000  0.0000000 -1.1774428
  27.85000  0.0000000  0.0000000 -1.1066436
  27.87500  0.0000000  0.0000000 -1.2099190
  27.90000  0.0000000  0.0000000 -.75636071
  27.92500  0.0000000  0.0000000 -.48073995
  27.95000  0.0000000  0.0000000 -.27530864
  27.97500  0.0000000  0.0000000 -.37698150
  28.00000  0.0000000  0.0000000 -.77181113
  28.02500  0.0000000  0.0000000 -.95065385
  28.05000  0.0000000  0.0000000 -1.0631963
  28.07500  0.0000000  0.0000000 -1.1662441
  28.10000  0.0000000  0.0000000 -1.3728096
  28.12500  0.0000000  0.0000000 -1.4669478
  28.15000  0.0000000  0.0000000 -1.1792030
  28.17500  0.0000000  0.0000000 -1.2543250
  28.20000  0.0000000  0.0000000 -1.3499926
  28.22500  0.0000000  0.0000000 -1.4335825
  28.25000  0.0000000  0.0000000 -1.3209459
  28.27500  0.0000000  0.0000000 -1.1205457
  28.30000  0.0000000  0.0000000 -1.1209021
  28.32500  0.0000000  0.0000000 -.92850131
  28.35000  0.0000000  0.0000000 -.58488464
  28.37500  0.0000000  0.0000000 -.60310274
  28.40000  0.0000000  0.0000000 -.45626593
  28.42500  0.0000000  0.0000000 -.40420130
  28.45000  0.0000000  0.0000000 -.76677167
  28.47500  0.0000000  0.0000000 -.83891904
  28.50000  0.0000000  0.0000000 -.46809736
  28.52500  0.0000000  0.0000000 -.36759359
  28.55000  0.0000000  0.0000000 -.27757621
  28.57500  0.0000000  0.0000000 -.54189759
  28.60000  0.0000000  0.0000000 -.22791351
  28.62500  0.0000000  0.0000000 -.18273138
  28.65000  0.0000000  0.0000000 -.28292072
  28.67500  0.0000000  0.0000000 -.36476952
  28.70000  0.0000000  0.0000000 -.57729226
  28.72500  0.0000000  0.0000000 -.40076715
  28.75000  0.0000000  0.0000000 -.74103659
  28.77500  0.0000000  0.0000000 -.75379992
  28.80000  0.0000000  0.0000000 -.48752746
  28.82500  0.0000000  0.0000000 -.35937107
  28.85000  0.0000000  0.0000000 -.30882108
  28.87500  0.0000000  0.0000000 -.28744602
  28.90000  0.0000000  0.0000000 -.62902294E-01
  28.92500  0.0000000  0.0000000 0.14065599
  28.95000  0.0000000  0.0000000 0.31770840E-01
  28.97500  0.0000000  0.0000000 0.13943058
  29.00000  0.0000000  0.0000000 0.38166678
  29.02500  0.0000000  0.0000000 0.52762437
  29.05000  0.0000000  0.0000000 0.33663926
  29.07500  0.0000000  0.0000000 0.40587419
  29.10000  0.0000000  0.0000000 0.30399412
  29.12500  0.0000000  0.0000000 0.38897980E-01
  29.15000  0.0000000  0.0000000 -.82558297E-01
  29.17500  0.0000000  0.0000000 -.15981358
  29.20000  0.0000000  0.0000000 0.25718827E-01
  29.22500  0.0000000  0.0000000 -.10370199
  29.25000  0.0000000  0.0000000 0.38667205
  29.27500  0.0000000  0.0000000 0.43615645
  29.30000  0.0000000  0.0000000 0.67300642
  29.32500  0.0000000  0.0000000 0.69861889
  29.35000  0.0000000  0.0000000 0.95478761
  29.37500  0.0000000  0.0000000 0.91186225
  29.40000  0.0000000  0.0000000 0.93280268
  29.42500  0.0000000  0.0000000 0.99690282
  29.45000  0.0000000  0.0000000 0.69537467
  29.47500  0.0000000  0.0000000 0.54943883
  29.50000  0.0000000  0.0000000 0.25504866
  29.52500  0.0000000  0.0000000 0.17856370
  29.55000  0.0000000  0.0000000 -.12197169
  29.57500  0.0000000  0.0000000 0.57077277E-01
  29.60000  0.0000000  0.0000000 -.16654010
  29.62500  0.0000000  0.0000000 0.24531488
  29.65000  0.0000000  0.0000000 -.39128359E-01
  29.67500  0.0000000  0.0000000 -.17980923
  29.70000  0.0000000  0.0000000 -.18099359
  29.72500  0.0000000  0.0000000 -.70501715E-01
  29.75000  0.0000000  0.0000000 0.42629617
  29.77500  0.0000000  0.0000000 0.45643783
  29.80000  0.0000000  0.0000000 0.56317765
  29.82500  0.0000000  0.0000000 0.67541480
  29.85000  0.0000000  0.0000000 0.43114251
  29.87500  0.0000000  0.0000000 0.66411710
  29.90000  0.0000000  0.0000000 0.38742569
  29.92500  0.0000000  0.0000000 0.17632158
  29.95000  0.0000000  0.0000000 0.11413120
  29.97500  0.0000000  0.0000000 -.11263210
  30.00000  0.0000000  0.0000000 0.22523828
  30.02500  0.0000000  0.0000000 0.14894329
  30.05000  0.0000000  0.0000000 -.21490057
  30.07500  0.0000000  0.0000000 0.91717467E-01
  30.10000  0.0000000  0.0000000 -.24277370
  30.12500  0.0000000  0.0000000 -.43087631
  30.15000  0.0000000  0.0000000 -.53726256
  30.17500  0.0000000  0.0000000 -.46742675
  30.20000  0.0000000  0.0000000 -.58860385
  30.22500  0.0000000  0.0000000 -.34988338
  30.25000  0.0000000  0.0000000 -.31080884
  30.27500  0.0000000  0.0000000 -.66368711
  30.30000  0.0000000  0.0000000 -.62548119
  30.32500  0.0000000  0.0000000 -.47424641
  30.35000  0.0000000  0.0000000 -.38761204
  30.37500  0.0000000  0.0000000 -.42211619
  30.40000  0.0000000  0.0000000 -.47776246
  30.42500  0.0000000  0.0000000 -.59142989
  30.45000  0.0000000  0.0000000 -.78663439
  30.47500  0.0000000  0.0000000 -1.0224259
  30.50000  0.0000000  0.0000000 -.78885233
  30.52500  0.0000000  0.0000000 -.82821083
  30.55000  0.0000000  0.0000000 -.97070527
  30.57500  0.0000000  0.0000000 -.89554155
  30.60000  0.0000000  0.0000000 -.53347564
  30.62500  0.0000000  0.0000000 -.49981117
  30.65000  0.0000000  0.0000000 -.57276082
  30.67500  0.0000000  0.0000000 -.89194393
  30.70000  0.0000000  0.0000000 -.68474346
  30.72500  0.0000000  0.0000000 -.53915131
  30.75000  0.0000000  0.0000000 -.56297445
  30.77500  0.0000000  0.0000000 -.55311209
  30.80000  0.0000000  0.0000000 -.68229699
  30.82500  0.0000000  0.0000000 -.65501153
  30.85000  0.0000000  0.0000000 -.81070471
  30.87500  0.0000000  0.0000000 -.74085140
  30.90000  0.0000000  0.0000000 -.55432701
  30.92500  0.0000000  0.0000000 -.54943621
  30.95000  0.0000000  0.0000000 -.26157138
  30.97500  0.0000000  0.0000000 -.99340543E-01
  31.00000  0.0000000  0.0000000 0.38918126E-01
  31.02500  0.0000000  0.0000000 0.25603038
  31.05000  0.0000000  0.0000000 0.31748280
  31.07500  0.0000000  0.0000000 0.78085802E-01
  31.10000  0.0000000  0.0000000 0.36127123
  31.12500  0.0000000  0.0000000 0.25451356
  31.15000  0.0000000  0.0000000 0.31291926
  31.17500  0.0000000  0.0000000 0.54670215
  31.20000  0.0000000  0.0000000 0.55328482
  31.22500  0.0000000  0.0000000 0.56546158
  31.25000  0.0000000  0.0000000 0.96475673
  31.27500  0.0000000  0.0000000 0.95380545
  31.30000  0.0000000  0.0000000 0.91422504
  31.32500  0.0000000  0.0000000  1.1932688
  31.35000  0.0000000  0.0000000 0.83797479
  31.37500  0.0000000  0.0000000 0.66286659
  31.40000  0.0000000  0.0000000 0.47561926
  31.42500  0.0000000  0.0000000 0.11246175
  31.45000  0.0000000  0.0000000 -.35366905
  31.47500  0.0000000  0.0000000 -.31616232
  31.50000  0.0000000  0.0000000 -.41522628
  31.52500  0.0000000  0.0000000 -.24994652
  31.55000  0.0000000  0.0000000 -.12411357
  31.57500  0.0000000  0.0000000 -.99490881E-01
  31.60000  0.0000000  0.0000000 0.67011639E-01
  31.62500  0.0000000  0.0000000 0.16713025
  31.65000  0.0000000  0.0000000 0.17929041
  31.67500  0.0000000  0.0000000 0.14064206
  31.70000  0.0000000  0.0000000 0.30163443
  31.72500  0.0000000  0.0000000 0.42453405
  31.75000  0.0000000  0.0000000 0.12915923
  31.77500  0.0000000  0.0000000 0.11854945
  31.80000  0.0000000  0.0000000 0.38456663
  31.82500  0.0000000  0.0000000 0.28442273
  31.85000  0.0000000  0.0000000 0.31710264
  31.87500  0.0000000  0.0000000 0.26539859
  31.90000  0.0000000  0.0000000 0.14310810
  31.92500  0.0000000  0.0000000 0.31242189
  31.95000  0.0000000  0.0000000 0.34950238
  31.97500  0.0000000  0.0000000 0.51063359
  32.00000  0.0000000  0.0000000 0.32869127
  32.02500  0.0000000  0.0000000 0.12478559
  32.05000  0.0000000  0.0000000 -.27220775E-02
  32.07500  0.0000000  0.0000000 0.21377560
  32.10000  0.0000000  0.0000000 0.54411715
  32.12500  0.0000000  0.0000000 0.39613482
  32.15000  0.0000000  0.0000000 0.19197986
  32.17500  0.0000000  0.0000000 0.83574033
  32.20000  0.0000000  0.0000000 0.92877293
  32.22500  0.0000000  0.0000000 0.57556653
  32.25000  0.0000000  0.0000000 0.88328540
  32.27500  0.0000000  0.0000000 0.72317845
  32.30000  0.0000000  0.0000000 0.90450704
  32.32500  0.0000000  0.0000000 0.81953537
  32.35000  0.0000000  0.0000000 0.98407167
  32.37500  0.0000000  0.0000000  1.0644529
  32.40000  0.0000000  0.0000000  1.3698399
  32.42500  0.0000000  0.0000000  1.3361785
  32.45000  0.0000000  0.0000000  1.0778124
  32.47500  0.0000000  0.0000000  1.2346274
  32.50000  0.0000000  0.0000000  1.4925512
  32.52500  0.0000000  0.0000000  1.5179081
  32.55000  0.0000000  0.0000000  1.7662184
  32.57500  0.0000000  0.0000000  1.6169298
  32.60000  0.0000000  0.0000000  1.3658285
  32.62500  0.0000000  0.0000000  1.1625351
  32.65000  0.0000000  0.0000000  1.4374185
  32.67500  0.0000000  0.0000000  1.2644438
  32.70000  0.0000000  0.0000000  1.4617865
  32.72500  0.0000000  0.0000000  1.3423676
  32.75000  0.0000000  0.0000000 0.86972004
  32.77500  0.0000000  0.0000000 0.88505679
  32.80000  0.0000000  0.0000000 0.68928748
  32.82500  0.0000000  0.0000000 0.50009459
  32.85000  0.0000000  0.0000000 0.43688834
  32.87500  0.0000000  0.0000000 0.34503731
  32.90000  0.0000000  0.0000000 -.15583102E-01
  32.92500  0.0000000  0.0000000 0.28992983E-01
  32.95000  0.0000000  0.0000000 0.38787130E-01
  32.97500  0.0000000  0.0000000 0.32914776
  33.00000  0.0000000  0.0000000 0.29906312
  33.02500  0.0000000  0.0000000 0.50070745
  33.05000  0.0000000  0.0000000 0.62087387
  33.07500  0.0000000  0.0000000 0.80172420
  33.10000  0.0000000  0.0000000  1.0442853
  33.12500  0.0000000  0.0000000 0.85676783
  33.15000  0.0000000  0.0000000  1.0268565
  33.17500  0.0000000  0.0000000  1.0982093
  33.20000  0.0000000  0.0000000  1.4757761
  33.22500  0.0000000  0.0000000  1.6079667
  33.25000  0.0000000  0.0000000  1.6563048
  33.27500  0.0000000  0.0000000  1.5799282
  33.30000  0.0000000  0.0000000  1.5803150
  33.32500  0.0000000  0.0000000  1.8824401
  33.35000  0.0000000  0.0000000  1.8524749
  33.37500  0.0000000  0.0000000  1.7382131
  33.40000  0.0000000  0.0000000  1.7585087
  33.42500  0.0000000  0.0000000  1.8923931
  33.45000  0.0000000  0.0000000  1.9822811
  33.47500  0.0000000  0.0000000  1.7090690
  33.50000  0.0000000  0.0000000  1.6040373
  33.52500  0.0000000  0.0000000  1.6221941
  33.55000  0.0000000  0.0000000  1.8904896
  33.57500  0.0000000  0.0000000  1.7706167
  33.60000  0.0000000  0.0000000  1.7283319
  33.62500  0.0000000  0.0000000  1.9592383
  33.65000  0.0000000  0.0000000  1.5408459
  33.67500  0.0000000  0.0000000  1.5558559
  33.70000  0.0000000  0.0000000  1.9413850
  33.72500  0.0000000  0.0000000  1.8575152
  33.75000  0.0000000  0.0000000  1.7254399
  33.77500  0.0000000  0.0000000  1.6954231
  33.80000  0.0000000  0.0000000  1.3080353
  33.82500  0.0000000  0.0000000  1.4379736
  33.85000  0.0000000  0.0000000  1.4958341
  33.87500  0.0000000  0.0000000  1.3298028
  33.90000  0.0000000  0.0000000  1.4411813
  33.92500  0.0000000  0.0000000  1.4463329
  33.95000  0.0000000  0.0000000  1.4082544
  33.97500  0.0000000  0.0000000  1.3465722
  34.00000  0.0000000  0.0000000  1.5715352
  34.02500  0.0000000  0.0000000  1.5645621
  34.05000  0.0000000  0.0000000  1.7167271
  34.07500  0.0000000  0.0000000  1.5964156
  34.10000  0.0000000  0.0000000  2.0208783
  34.12500  0.0000000  0.0000000  1.4261187
  34.15000  0.0000000  0.0000000  1.7758545
  34.17500  0.0000000  0.0000000  1.5135583
  34.20000  0.0000000  0.0000000  1.6526982
  34.22500  0.0000000  0.0000000  1.8520323
  34.25000  0.0000000  0.0000000  1.8973781
  34.27500  0.0000000  0.0000000  1.7983377
  34.30000  0.0000000  0.0000000  1.3672757
  34.32500  0.0000000  0.0000000  1.2072949
  34.35000  0.0000000  0.0000000  1.2591777
  34.37500  0.0000000  0.0000000  1.2424480
  34.40000  0.0000000  0.0000000  1.2023042
  34.42500  0.0000000  0.0000000 0.88880283
  34.45000  0.0000000  0.0000000 0.68891388
  34.47500  0.0000000  0.0000000 0.67983496
  34.50000  0.0000000  0.0000000 0.66359860
  34.52500  0.0000000  0.0000000 0.12698624
  34.55000  0.0000000  0.0000000 0.44536978
  34.57500  0.0000000  0.0000000 0.33680311
  34.60000  0.0000000  0.0000000 -.18902086
  34.62500  0.0000000  0.0000000 0.21883402E-01
  34.65000  0.0000000  0.0000000 0.99479973E-01
  34.67500  0.0000000  0.0000000 0.77028200E-01
  34.70000  0.0000000  0.0000000 -.30052805
  34.72500  0.0000000  0.0000000 -.13883154
  34.75000  0.0000000  0.0000000 -.22144844
  34.77500  0.0000000  0.0000000 -.43096966
  34.80000  0.0000000  0.0000000 -.43337139
  34.82500  0.0000000  0.0000000 -.39689749
  34.85000  0.0000000  0.0000000 -.30437037
  34.87500  0.0000000  0.0000000 -.37344846
  34.90000  0.0000000  0.0000000 -.36119944
  34.92500  0.0000000  0.0000000 0.15341503E-02
  34.95000  0.0000000  0.0000000 -.50148208E-01
  34.97500  0.0000000  0.0000000 -.39978364
  35.00000  0.0000000  0.0000000 -.81673719E-01
  35.02500  0.0000000  0.0000000 0.84735475E-01
  35.05000  0.0000000  0.0000000 -.99966072E-01
  35.07500  0.0000000  0.0000000 -.26418522
  35.10000  0.0000000  0.0000000 0.11751589
  35.12500  0.0000000  0.0000000 -.10093752
  35.15000  0.0000000  0.0000000 -.74402943E-01
  35.17500  0.0000000  0.0000000 -.25291523
  35.20000  0.0000000  0.0000000 -.90249807E-01
  35.22500  0.0000000  0.0000000 0.17171393
  35.25000  0.0000000  0.0000000 0.23397458
  35.27500  0.0000000  0.0000000 -.53095939E-02
  35.30000  0.0000000  0.0000000 -.24355356
  35.32500  0.0000000  0.0000000 -.16214722
  35.35000  0.0000000  0.0000000 -.27988893
  35.37500  0.0000000  0.0000000 -.11020924
  35.40000  0.0000000  0.0000000 -.23334907
  35.42500  0.0000000  0.0000000 -.32048821E-01
  35.45000  0.0000000  0.0000000 0.32046396
  35.47500  0.0000000  0.0000000 0.18570274
  35.50000  0.0000000  0.0000000 0.21227579
  35.52500  0.0000000  0.0000000 0.84849745
  35.55000  0.0000000  0.0000000 0.78089607
  35.57500  0.0000000  0.0000000 0.87257469
  35.60000  0.0000000  0.0000000 0.55454391
  35.62500  0.0000000  0.0000000 0.36688063
  35.65000  0.0000000  0.0000000 0.10783079
  35.67500  0.0000000  0.0000000 -.14731008
  35.70000  0.0000000  0.0000000 0.20732129
  35.72500  0.0000000  0.0000000 0.36788791E-01
  35.75000  0.0000000  0.0000000 -.97103685E-01
  35.77500  0.0000000  0.0000000 -.14522959
  35.80000  0.0000000  0.0000000 -.21073158
  35.82500  0.0000000  0.0000000 -.23999082
  35.85000  0.0000000  0.0000000 -.35696280
  35.87500  0.0000000  0.0000000 -.50212377
  35.90000  0.0000000  0.0000000 -.42139938
  35.92500  0.0000000  0.0000000 -.29681742
  35.95000  0.0000000  0.0000000 -.51560271
  35.97500  0.0000000  0.0000000 -.31868592
  36.00000  0.0000000  0.0000000 -.41190228
  36.02500  0.0000000  0.0000000 -.26263961
  36.05000  0.0000000  0.0000000 -.67084022E-01
  36.07500  0.0000000  0.0000000 -.67864366E-01
  36.10000  0.0000000  0.0000000 -.26046622
  36.12500  0.0000000  0.0000000 -.17383753
  36.15000  0.0000000  0.0000000 0.37452677
  36.17500  0.0000000  0.0000000 -.19310191E-01
  36.20000  0.0000000  0.0000000 -.38375214E-02
  36.22500  0.0000000  0.0000000 -.20107564
  36.25000  0.0000000  0.0000000 0.14873606
  36.27500  0.0000000  0.0000000 0.52327144
  36.30000  0.0000000  0.0000000 -.30823007E-01
  36.32500  0.0000000  0.0000000 0.17295042E-01
  36.35000  0.0000000  0.0000000 0.17420891
  36.37500  0.0000000  0.0000000 0.51557136
  36.40000  0.0000000  0.0000000 0.49740797
  36.42500  0.0000000  0.0000000 0.61472457E-01
  36.45000  0.0000000  0.0000000 0.48139799
  36.47500  0.0000000  0.0000000 0.82136124
  36.50000  0.0000000  0.0000000 0.39203596
  36.52500  0.0000000  0.0000000 0.52926022
  36.55000  0.0000000  0.0000000 0.76520830
  36.57500  0.0000000  0.0000000 0.87595534
  36.60000  0.0000000  0.0000000 0.43231374
  36.62500  0.0000000  0.0000000 0.32801092
  36.65000  0.0000000  0.0000000 0.72876388
  36.67500  0.0000000  0.0000000 0.85949540
  36.70000  0.0000000  0.0000000  1.1124412
  36.72500  0.0000000  0.0000000  1.3438467
  36.75000  0.0000000  0.0000000  1.0881121
  36.77500  0.0000000  0.0000000  1.2635686
  36.80000  0.0000000  0.0000000  1.0252908
  36.82500  0.0000000  0.0000000  1.0079092
  36.85000  0.0000000  0.0000000  1.1509093
  36.87500  0.0000000  0.0000000  1.3597893
  36.90000  0.0000000  0.0000000  1.0441151
  36.92500  0.0000000  0.0000000  1.1742134
  36.95000  0.0000000  0.0000000  1.2865458
  36.97500  0.0000000  0.0000000  1.2229685
  37.00000  0.0000000  0.0000000  1.6497695
  37.02500  0.0000000  0.0000000  1.5079005
  37.05000  0.0000000  0.0000000  1.6151286
  37.07500  0.0000000  0.0000000  1.6271939
  37.10000  0.0000000  0.0000000  1.7479134
  37.12500  0.0000000  0.0000000  1.7908473
  37.15000  0.0000000  0.0000000  1.6864290
  37.17500  0.0000000  0.0000000  1.7471378
  37.20000  0.0000000  0.0000000  2.1050234
  37.22500  0.0000000  0.0000000  2.0285566
  37.25000  0.0000000  0.0000000  2.1619418
  37.27500  0.0000000  0.0000000  2.3137138
  37.30000  0.0000000  0.0000000  2.2106915
  37.32500  0.0000000  0.0000000  2.4362698
  37.35000  0.0000000  0.0000000  3.0888698
  37.37500  0.0000000  0.0000000  3.1847095
  37.40000  0.0000000  0.0000000  2.7024586
  37.42500  0.0000000  0.0000000  2.6806204
  37.45000  0.0000000  0.0000000  2.2393544
  37.47500  0.0000000  0.0000000  2.0343475
  37.50000  0.0000000  0.0000000  2.0954883
  37.52500  0.0000000  0.0000000  2.2608039
  37.55000  0.0000000  0.0000000  2.2964234
  37.57500  0.0000000  0.0000000  1.9817032
  37.60000  0.0000000  0.0000000  1.9850056
  37.62500  0.0000000  0.0000000  2.1505229
  37.65000  0.0000000  0.0000000  2.0118387
  37.67500  0.0000000  0.0000000  1.8235257
  37.70000  0.0000000  0.0000000  1.6215103
  37.72500  0.0000000  0.0000000  1.4161001
  37.75000  0.0000000  0.0000000  1.1039838
  37.77500  0.0000000  0.0000000  1.0485786
  37.80000  0.0000000  0.0000000  1.2920500
  37.82500  0.0000000  0.0000000  1.2328768
  37.85000  0.0000000  0.0000000 0.57613987
  37.87500  0.0000000  0.0000000 0.66389334
  37.90000  0.0000000  0.0000000 0.45227820
  37.92500  0.0000000  0.0000000 0.16979085
  37.95000  0.0000000  0.0000000 -.76148562E-01
  37.97500  0.0000000  0.0000000 -.21329148
  38.00000  0.0000000  0.0000000 -.15033105
  38.02500  0.0000000  0.0000000 -.34519556
  38.05000  0.0000000  0.0000000 -.11768509
  38.07500  0.0000000  0.0000000 -.64724153
  38.10000  0.0000000  0.0000000 -.36041203
  38.12500  0.0000000  0.0000000 -.32768989
  38.15000  0.0000000  0.0000000 -.59911892E-01
  38.17500  0.0000000  0.0000000 0.23434658
  38.20000  0.0000000  0.0000000 0.20769276E-01
  38.22500  0.0000000  0.0000000 0.45467195
  38.25000  0.0000000  0.0000000 0.57098001
  38.27500  0.0000000  0.0000000 0.49981672
  38.30000  0.0000000  0.0000000 0.34100148
  38.32500  0.0000000  0.0000000 0.37467936
  38.35000  0.0000000  0.0000000 0.35483676
  38.37500  0.0000000  0.0000000 0.39906499
  38.40000  0.0000000  0.0000000 0.27627036
  38.42500  0.0000000  0.0000000 0.24959332
  38.45000  0.0000000  0.0000000 0.40286064
  38.47500  0.0000000  0.0000000 0.42575267
  38.50000  0.0000000  0.0000000 0.19386183
  38.52500  0.0000000  0.0000000 0.11750065
  38.55000  0.0000000  0.0000000 0.42481738
  38.57500  0.0000000  0.0000000 0.44244277
  38.60000  0.0000000  0.0000000 0.54196644
  38.62500  0.0000000  0.0000000 0.54123080
  38.65000  0.0000000  0.0000000 0.36882389
  38.67500  0.0000000  0.0000000 0.50024122
  38.70000  0.0000000  0.0000000 0.32100710
  38.72500  0.0000000  0.0000000 0.19042777
  38.75000  0.0000000  0.0000000 0.20899622
  38.77500  0.0000000  0.0000000 0.16422422
  38.80000  0.0000000  0.0000000 0.77551253E-01
  38.82500  0.0000000  0.0000000 0.37878302
  38.85000  0.0000000  0.0000000 0.43455282
  38.87500  0.0000000  0.0000000 0.34789678
  38.90000  0.0000000  0.0000000 0.64439541
  38.92500  0.0000000  0.0000000 0.65612453
  38.95000  0.0000000  0.0000000 0.49847043
  38.97500  0.0000000  0.0000000 0.26608607
  39.00000  0.0000000  0.0000000 0.25686795
  39.02500  0.0000000  0.0000000 0.51734751
  39.05000  0.0000000  0.0000000 0.37525803
  39.07500  0.0000000  0.0000000 0.33187622
  39.10000  0.0000000  0.0000000 0.43238336
  39.12500  0.0000000  0.0000000 0.97969812
  39.15000  0.0000000  0.0000000 0.96108091
  39.17500  0.0000000  0.0000000 0.61208141
  39.20000  0.0000000  0.0000000 0.42639482
  39.22500  0.0000000  0.0000000 -.20172680E-01
  39.25000  0.0000000  0.0000000 0.22496684
  39.27500  0.0000000  0.0000000 -.37683018E-01
  39.30000  0.0000000  0.0000000 0.94571151E-02
  39.32500  0.0000000  0.0000000 -.49823813E-01
  39.35000  0.0000000  0.0000000 -.12939675
  39.37500  0.0000000  0.0000000 -.61500281E-01
  39.40000  0.0000000  0.0000000 -.14098789
  39.42500  0.0000000  0.0000000 0.10358017
  39.45000  0.0000000  0.0000000 -.18911597
  39.47500  0.0000000  0.0000000 -.21106701
  39.50000  0.0000000  0.0000000 -.23980471
  39.52500  0.0000000  0.0000000 -.31438285
  39.55000  0.0000000  0.0000000 -.25736341
  39.57500  0.0000000  0.0000000 -.10995562
  39.60000  0.0000000  0.0000000 0.21065350
  39.62500  0.0000000  0.0000000 -.11010540
  39.65000  0.0000000  0.0000000 -.26284380E-01
  39.67500  0.0000000  0.0000000 0.37286836
  39.70000  0.0000000  0.0000000 0.64531094
  39.72500  0.0000000  0.0000000 0.80229312
  39.75000  0.0000000  0.0000000 0.79737014
  39.77500  0.0000000  0.0000000 0.68279386
  39.80000  0.0000000  0.0000000 0.89485407
  39.82500  0.0000000  0.0000000 0.76429653
  39.85000  0.0000000  0.0000000 0.78188354
  39.87500  0.0000000  0.0000000 0.85454732
  39.90000  0.0000000  0.0000000 0.54977822
  39.92500  0.0000000  0.0000000 0.34742403
  39.95000  0.0000000  0.0000000 0.21118368
  39.97500  0.0000000  0.0000000 0.10103103
  40.00000  0.0000000  0.0000000 0.16078648
  40.02500  0.0000000  0.0000000 0.23830953
  40.05000  0.0000000  0.0000000 -.29042153E-01
  40.07500  0.0000000  0.0000000 -.54235864E-01
  40.10000  0.0000000  0.0000000 -.35432494
  40.12500  0.0000000  0.0000000 -.79743910
  40.15000  0.0000000  0.0000000 -.66379076
  40.17500  0.0000000  0.0000000 -.74028283
  40.20000  0.0000000  0.0000000 -.96792293
  40.22500  0.0000000  0.0000000 -1.0038404
  40.25000  0.0000000  0.0000000 -.95389152
  40.27500  0.0000000  0.0000000 -.96922129
  40.30000  0.0000000  0.0000000 -.86078453
  40.32500  0.0000000  0.0000000 -1.2937410
  40.35000  0.0000000  0.0000000 -1.2372243
  40.37500  0.0000000  0.0000000 -1.1971818
  40.40000  0.0000000  0.0000000 -1.1534585
  40.42500  0.0000000  0.0000000 -1.3910676
  40.45000  0.0000000  0.0000000 -1.4204619
  40.47500  0.0000000  0.0000000 -1.3144108
  40.50000  0.0000000  0.0000000 -1.1063212
  40.52500  0.0000000  0.0000000 -.87787759
  40.55000  0.0000000  0.0000000 -.40056846
  40.57500  0.0000000  0.0000000 -.28882495
  40.60000  0.0000000  0.0000000 -.33813125
  40.62500  0.0000000  0.0000000 -.43064880
  40.65000  0.0000000  0.0000000 -.32386452
  40.67500  0.0000000  0.0000000 -.41944245
  40.70000  0.0000000  0.0000000 -.15865064
  40.72500  0.0000000  0.0000000 0.27462730
  40.75000  0.0000000  0.0000000 0.50065172
  40.77500  0.0000000  0.0000000 0.38228783
  40.80000  0.0000000  0.0000000 0.43071473
  40.82500  0.0000000  0.0000000 0.30863792
  40.85000  0.0000000  0.0000000 -.39101332E-01
  40.87500  0.0000000  0.0000000 -.69752999E-01
  40.90000  0.0000000  0.0000000 -.30589026
  40.92500  0.0000000  0.0000000 -.84109199
  40.95000  0.0000000  0.0000000 -.86819476
  40.97500  0.0000000  0.0000000 -1.2683122
  41.00000  0.0000000  0.0000000 -.83171499
  41.02500  0.0000000  0.0000000 -.75797981
  41.05000  0.0000000  0.0000000 -.51600856
  41.07500  0.0000000  0.0000000 -.34520641
  41.10000  0.0000000  0.0000000 -.18154933
  41.12500  0.0000000  0.0000000 -.95725670E-01
  41.15000  0.0000000  0.0000000 0.41773356E-01
  41.17500  0.0000000  0.0000000 -.46068806E-01
  41.20000  0.0000000  0.0000000 0.21147852
  41.22500  0.0000000  0.0000000 0.32278568
  41.25000  0.0000000  0.0000000 0.37531564
  41.27500  0.0000000  0.0000000 0.61262780
  41.30000  0.0000000  0.0000000 0.67595261
  41.32500  0.0000000  0.0000000 0.45294687
  41.35000  0.0000000  0.0000000 0.74048960
  41.37500  0.0000000  0.0000000 0.86319882
  41.40000  0.0000000  0.0000000 0.89093071
  41.42500  0.0000000  0.0000000  1.1515820
  41.45000  0.0000000  0.0000000  1.4182740
  41.47500  0.0000000  0.0000000  1.6571301
  41.50000  0.0000000  0.0000000  2.0175133
  41.52500  0.0000000  0.0000000  2.1172214
  41.55000  0.0000000  0.0000000  2.6040783
  41.57500  0.0000000  0.0000000  2.0234153
  41.60000  0.0000000  0.0000000  1.7868339
  41.62500  0.0000000  0.0000000  1.8404410
  41.65000  0.0000000  0.0000000  1.6738214
  41.67500  0.0000000  0.0000000  1.1864692
  41.70000  0.0000000  0.0000000  1.1835773
  41.72500  0.0000000  0.0000000  1.1120954
  41.75000  0.0000000  0.0000000 0.68034482
  41.77500  0.0000000  0.0000000 0.40420911
  41.80000  0.0000000  0.0000000 0.48413235
  41.82500  0.0000000  0.0000000 0.66610342
  41.85000  0.0000000  0.0000000 0.98567599
  41.87500  0.0000000  0.0000000  1.3505098
  41.90000  0.0000000  0.0000000  1.3526015
  41.92500  0.0000000  0.0000000  1.3105299
  41.95000  0.0000000  0.0000000  1.3292904
  41.97500  0.0000000  0.0000000  1.4276266
  42.00000  0.0000000  0.0000000  1.3274564
  42.02500  0.0000000  0.0000000  1.3144691
  42.05000  0.0000000  0.0000000  1.0352520
  42.07500  0.0000000  0.0000000 0.75120622
  42.10000  0.0000000  0.0000000 0.56342119
  42.12500  0.0000000  0.0000000 0.31510642
  42.15000  0.0000000  0.0000000 -.10604355
  42.17500  0.0000000  0.0000000 0.86073563E-01
  42.20000  0.0000000  0.0000000 0.71990110E-01
  42.22500  0.0000000  0.0000000 0.23622373E-02
  42.25000  0.0000000  0.0000000 -.30023934E-01
  42.27500  0.0000000  0.0000000 -.62860107
  42.30000  0.0000000  0.0000000 -.92060822
  42.32500  0.0000000  0.0000000 -1.2358543
  42.35000  0.0000000  0.0000000 -1.0927918
  42.37500  0.0000000  0.0000000 -.97243178
  42.40000  0.0000000  0.0000000 -1.1194143
  42.42500  0.0000000  0.0000000 -1.2789565
  42.45000  0.0000000  0.0000000 -1.3781306
  42.47500  0.0000000  0.0000000 -1.0557730
  42.50000  0.0000000  0.0000000 -.92981648
  42.52500  0.0000000  0.0000000 -.98254979
  42.55000  0.0000000  0.0000000 -1.2110592
  42.57500  0.0000000  0.0000000 -1.5256552
  42.60000  0.0000000  0.0000000 -1.2795644
  42.62500  0.0000000  0.0000000 -1.3284423
  42.65000  0.0000000  0.0000000 -1.4502000
  42.67500  0.0000000  0.0000000 -1.6882403
  42.70000  0.0000000  0.0000000 -1.7364023
  42.72500  0.0000000  0.0000000 -1.8893820
  42.75000  0.0000000  0.0000000 -2.2061603
  42.77500  0.0000000  0.0000000 -2.1763186
  42.80000  0.0000000  0.0000000 -2.0896645
  42.82500  0.0000000  0.0000000 -2.2660730
  42.85000  0.0000000  0.0000000 -2.4764304
  42.87500  0.0000000  0.0000000 -2.0611465
  42.90000  0.0000000  0.0000000 -1.7072479
  42.92500  0.0000000  0.0000000 -2.1035063
  42.95000  0.0000000  0.0000000 -1.9498504
  42.97500  0.0000000  0.0000000 -2.0816541
  43.00000  0.0000000  0.0000000 -1.9206990
  43.02500  0.0000000  0.0000000 -1.5304782
  43.05000  0.0000000  0.0000000 -.93515146
  43.07500  0.0000000  0.0000000 -1.2797774
  43.10000  0.0000000  0.0000000 -1.0580562
  43.12500  0.0000000  0.0000000 -.73001975
  43.15000  0.0000000  0.0000000 -.69562519
  43.17500  0.0000000  0.0000000 -.68104947
  43.20000  0.0000000  0.0000000 -.80259174
  43.22500  0.0000000  0.0000000 -.47154516
  43.25000  0.0000000  0.0000000 -.22303657
  43.27500  0.0000000  0.0000000 0.11767018
  43.30000  0.0000000  0.0000000 -.38372092E-01
  43.32500  0.0000000  0.0000000 -.56970771E-01
  43.35000  0.0000000  0.0000000 -.11611785
  43.37500  0.0000000  0.0000000 -.99692922E-02
  43.40000  0.0000000  0.0000000 0.83332464E-01
  43.42500  0.0000000  0.0000000 0.74019209E-01
  43.45000  0.0000000  0.0000000 0.11597127
  43.47500  0.0000000  0.0000000 -.15927431
  43.50000  0.0000000  0.0000000 0.14739315
  43.52500  0.0000000  0.0000000 -.13111103
  43.55000  0.0000000  0.0000000 -.44698986
  43.57500  0.0000000  0.0000000 -.67257512
  43.60000  0.0000000  0.0000000 -.78760248
  43.62500  0.0000000  0.0000000 -.58292729
  43.65000  0.0000000  0.0000000 -.71079600
  43.67500  0.0000000  0.0000000 -.49776202
  43.70000  0.0000000  0.0000000 -.18479970
  43.72500  0.0000000  0.0000000 -.16558453E-01
  43.75000  0.0000000  0.0000000 -.34052813
  43.77500  0.0000000  0.0000000 0.72066367E-01
  43.80000  0.0000000  0.0000000 0.32220098
  43.82500  0.0000000  0.0000000 0.30766228
  43.85000  0.0000000  0.0000000 0.41480729
  43.87500  0.0000000  0.0000000 0.14281218
  43.90000  0.0000000  0.0000000 -.29278034E-01
  43.92500  0.0000000  0.0000000 0.33525330
  43.95000  0.0000000  0.0000000 0.37720171
  43.97500  0.0000000  0.0000000 0.37424114
  44.00000  0.0000000  0.0000000 0.16897951
  44.02500  0.0000000  0.0000000 0.84724650E-01
  44.05000  0.0000000  0.0000000 0.88213407E-01
  44.07500  0.0000000  0.0000000 0.26038647
  44.10000  0.0000000  0.0000000 0.38459295
  44.12500  0.0000000  0.0000000 0.20559914
  44.15000  0.0000000  0.0000000 0.95661217E-02
  44.17500  0.0000000  0.0000000 0.77737331E-01
  44.20000  0.0000000  0.0000000 0.91247633E-01
  44.22500  0.0000000  0.0000000 -.88087291E-01
  44.25000  0.0000000  0.0000000 0.23541957E-01
  44.27500  0.0000000  0.0000000 -.99839777E-01
  44.30000  0.0000000  0.0000000 0.87294377E-01
  44.32500  0.0000000  0.0000000 0.10280602
  44.35000  0.0000000  0.0000000 0.48927295
  44.37500  0.0000000  0.0000000 0.65684444
  44.40000  0.0000000  0.0000000 0.67432100
  44.42500  0.0000000  0.0000000 0.52537966
  44.45000  0.0000000  0.0000000 0.48571450
  44.47500  0.0000000  0.0000000 0.42667380
  44.50000  0.0000000  0.0000000 0.38833979
  44.52500  0.0000000  0.0000000 0.23231174
  44.55000  0.0000000  0.0000000 0.14121205
  44.57500  0.0000000  0.0000000 0.56357831
  44.60000  0.0000000  0.0000000 0.73327029
  44.62500  0.0000000  0.0000000 0.61444247
  44.65000  0.0000000  0.0000000 0.78149545
  44.67500  0.0000000  0.0000000  1.0420069
  44.70000  0.0000000  0.0000000 0.83837450
  44.72500  0.0000000  0.0000000  1.1359906
  44.75000  0.0000000  0.0000000  1.0900414
  44.77500  0.0000000  0.0000000  1.1481402
  44.80000  0.0000000  0.0000000  1.2888561
  44.82500  0.0000000  0.0000000  1.4360775
  44.85000  0.0000000  0.0000000  1.4493617
  44.87500  0.0000000  0.0000000  1.2300625
  44.90000  0.0000000  0.0000000 0.98171854
  44.92500  0.0000000  0.0000000  1.2114989
  44.95000  0.0000000  0.0000000  1.0683401
  44.97500  0.0000000  0.0000000  1.1357400
  45.00000  0.0000000  0.0000000  1.1696876
  45.02500  0.0000000  0.0000000 0.99856561
  45.05000  0.0000000  0.0000000 0.88923091
  45.07500  0.0000000  0.0000000 0.74748230
  45.10000  0.0000000  0.0000000 0.47782296
  45.12500  0.0000000  0.0000000 0.15869595
  45.15000  0.0000000  0.0000000 0.68089956
  45.17500  0.0000000  0.0000000 0.87148857
  45.20000  0.0000000  0.0000000 0.90985012
  45.22500  0.0000000  0.0000000  1.1003060
  45.25000  0.0000000  0.0000000  1.3888601
  45.27500  0.0000000  0.0000000  1.2652074
  45.30000  0.0000000  0.0000000  1.2732385
  45.32500  0.0000000  0.0000000  1.1538281
  45.35000  0.0000000  0.0000000  1.5151405
  45.37500  0.0000000  0.0000000  1.6618127
  45.40000  0.0000000  0.0000000  1.8428322
  45.42500  0.0000000  0.0000000  1.6223261
  45.45000  0.0000000  0.0000000  1.2756743
  45.47500  0.0000000  0.0000000 0.98628819
  45.50000  0.0000000  0.0000000 0.74392539
  45.52500  0.0000000  0.0000000 0.63371682
  45.55000  0.0000000  0.0000000  1.0326965
  45.57500  0.0000000  0.0000000 0.50239152
  45.60000  0.0000000  0.0000000 0.18323329
  45.62500  0.0000000  0.0000000 0.12927934E-02
  45.65000  0.0000000  0.0000000 -.24331974E-01
  45.67500  0.0000000  0.0000000 -.44915527E-01
  45.70000  0.0000000  0.0000000 0.15535872
  45.72500  0.0000000  0.0000000 0.12230425
  45.75000  0.0000000  0.0000000 -.54222059E-01
  45.77500  0.0000000  0.0000000 -.25395253
  45.80000  0.0000000  0.0000000 0.28109595E-01
  45.82500  0.0000000  0.0000000 0.85961349E-01
  45.85000  0.0000000  0.0000000 0.48972753
  45.87500  0.0000000  0.0000000 0.45066223
  45.90000  0.0000000  0.0000000 0.67662567
  45.92500  0.0000000  0.0000000 0.46628159
  45.95000  0.0000000  0.0000000 0.50518513
  45.97500  0.0000000  0.0000000 0.28871313
  46.00000  0.0000000  0.0000000 0.60785186
  46.02500  0.0000000  0.0000000 0.67774647
  46.05000  0.0000000  0.0000000 0.63323295
  46.07500  0.0000000  0.0000000 0.67811555
  46.10000  0.0000000  0.0000000 0.31891793
  46.12500  0.0000000  0.0000000 -.75292125E-01
  46.15000  0.0000000  0.0000000 -.23080440
  46.17500  0.0000000  0.0000000 -.17046025
  46.20000  0.0000000  0.0000000 -.51252311
  46.22500  0.0000000  0.0000000 0.19148998
  46.25000  0.0000000  0.0000000 0.19172010
  46.27500  0.0000000  0.0000000 0.21271144
  46.30000  0.0000000  0.0000000 0.55557478E-01
  46.32500  0.0000000  0.0000000 -.24994227
  46.35000  0.0000000  0.0000000 -.23116326
  46.37500  0.0000000  0.0000000 -.30080822
  46.40000  0.0000000  0.0000000 -.64151442
  46.42500  0.0000000  0.0000000 -.39277247
  46.45000  0.0000000  0.0000000 -.48731390
  46.47500  0.0000000  0.0000000 -.23993999
  46.50000  0.0000000  0.0000000 -.36781499
  46.52500  0.0000000  0.0000000 -.35274023
  46.55000  0.0000000  0.0000000 -.72484237
  46.57500  0.0000000  0.0000000 -.91482401
  46.60000  0.0000000  0.0000000 -.97629052
  46.62500  0.0000000  0.0000000 -1.3523673
  46.65000  0.0000000  0.0000000 -1.4843012
  46.67500  0.0000000  0.0000000 -1.5487748
  46.70000  0.0000000  0.0000000 -1.8610051
  46.72500  0.0000000  0.0000000 -2.1326685
  46.75000  0.0000000  0.0000000 -1.7398106
  46.77500  0.0000000  0.0000000 -1.8566978
  46.80000  0.0000000  0.0000000 -1.5959941
  46.82500  0.0000000  0.0000000 -1.6218597
  46.85000  0.0000000  0.0000000 -1.7315176
  46.87500  0.0000000  0.0000000 -1.5626247
  46.90000  0.0000000  0.0000000 -1.3105904
  46.92500  0.0000000  0.0000000 -1.3714647
  46.95000  0.0000000  0.0000000 -1.3098116
  46.97500  0.0000000  0.0000000 -1.7704203
  47.00000  0.0000000  0.0000000 -1.8153118
  47.02500  0.0000000  0.0000000 -1.2453535
  47.05000  0.0000000  0.0000000 -1.3260022
  47.07500  0.0000000  0.0000000 -1.5255634
  47.10000  0.0000000  0.0000000 -1.3094602
  47.12500  0.0000000  0.0000000 -1.2864515
  47.15000  0.0000000  0.0000000 -.78887588
  47.17500  0.0000000  0.0000000 -.70098835
  47.20000  0.0000000  0.0000000 -.79641902
  47.22500  0.0000000  0.0000000 -1.0490876
  47.25000  0.0000000  0.0000000 -.77779621
  47.27500  0.0000000  0.0000000 -.45019624
  47.30000  0.0000000  0.0000000 0.22104468E-01
  47.32500  0.0000000  0.0000000 0.20538595
  47.35000  0.0000000  0.0000000 0.19713505
  47.37500  0.0000000  0.0000000 0.43264890
  47.40000  0.0000000  0.0000000 0.47333345
  47.42500  0.0000000  0.0000000 0.38922999E-01
  47.45000  0.0000000  0.0000000 -.67670353E-01
  47.47500  0.0000000  0.0000000 0.20954505
  47.50000  0.0000000  0.0000000 -.19877157
  47.52500  0.0000000  0.0000000 0.59445444E-02
  47.55000  0.0000000  0.0000000 -.36627091E-01
  47.57500  0.0000000  0.0000000 0.22243455E-01
  47.60000  0.0000000  0.0000000 -.34164201E-01
  47.62500  0.0000000  0.0000000 -.32414681
  47.65000  0.0000000  0.0000000 -.10214527
  47.67500  0.0000000  0.0000000 0.67311816E-01
  47.70000  0.0000000  0.0000000 0.33022907
  47.72500  0.0000000  0.0000000 0.36156905
  47.75000  0.0000000  0.0000000 0.46249428
  47.77500  0.0000000  0.0000000 0.41868731
  47.80000  0.0000000  0.0000000 0.22689034
  47.82500  0.0000000  0.0000000 0.21478917
  47.85000  0.0000000  0.0000000 0.26398689
  47.87500  0.0000000  0.0000000 0.23720703
  47.90000  0.0000000  0.0000000 0.12247575
  47.92500  0.0000000  0.0000000 0.23590185
  47.95000  0.0000000  0.0000000 0.78281909E-01
  47.97500  0.0000000  0.0000000 -.50494142E-01
  48.00000  0.0000000  0.0000000 0.15706463
  48.02500  0.0000000  0.0000000 0.12543502
  48.05000  0.0000000  0.0000000 -.15480277
  48.07500  0.0000000  0.0000000 0.16365759
  48.10000  0.0000000  0.0000000 0.11856713
  48.12500  0.0000000  0.0000000 -.53796034E-01
  48.15000  0.0000000  0.0000000 0.74458756E-01
  48.17500  0.0000000  0.0000000 0.71341328E-01
  48.20000  0.0000000  0.0000000 0.35364008
  48.22500  0.0000000  0.0000000 -.47938488E-01
  48.25000  0.0000000  0.0000000 0.59766628E-01
  48.27500  0.0000000  0.0000000 -.48201371E-01
  48.30000  0.0000000  0.0000000 0.25702474
  48.32500  0.0000000  0.0000000 0.38886547
  48.35000  0.0000000  0.0000000 0.48884660
  48.37500  0.0000000  0.0000000 0.29246879
  48.40000  0.0000000  0.0000000 0.39941019
  48.42500  0.0000000  0.0000000 0.17586455E-01
  48.45000  0.0000000  0.0000000 0.32778415
  48.47500  0.0000000  0.0000000 0.22016813
  48.50000  0.0000000  0.0000000 0.35912785
  48.52500  0.0000000  0.0000000 0.47085309
  48.55000  0.0000000  0.0000000 0.70724177
  48.57500  0.0000000  0.0000000 0.49311784
  48.60000  0.0000000  0.0000000 0.19077013
  48.62500  0.0000000  0.0000000 -.22546212
  48.65000  0.0000000  0.0000000 -.39858893
  48.67500  0.0000000  0.0000000 -.30388616E-01
  48.70000  0.0000000  0.0000000 0.31251466
  48.72500  0.0000000  0.0000000 0.42436680
  48.75000  0.0000000  0.0000000 0.66553555E-01
  48.77500  0.0000000  0.0000000 -.24538386
  48.80000  0.0000000  0.0000000 0.21406703
  48.82500  0.0000000  0.0000000 0.24974702
  48.85000  0.0000000  0.0000000 0.14672059
  48.87500  0.0000000  0.0000000 0.22942661
  48.90000  0.0000000  0.0000000 0.26032455E-01
  48.92500  0.0000000  0.0000000 0.40763038
  48.95000  0.0000000  0.0000000 0.41618425
  48.97500  0.0000000  0.0000000 0.64969116
  49.00000  0.0000000  0.0000000 0.41535658
  49.02500  0.0000000  0.0000000 0.58606666
  49.05000  0.0000000  0.0000000 0.62395030
  49.07500  0.0000000  0.0000000 0.52038646
  49.10000  0.0000000  0.0000000 0.64491934
  49.12500  0.0000000  0.0000000 0.46543702
  49.15000  0.0000000  0.0000000 0.30841967
  49.17500  0.0000000  0.0000000 0.26573730
  49.20000  0.0000000  0.0000000 0.47115642
  49.22500  0.0000000  0.0000000 0.69347286
  49.25000  0.0000000  0.0000000 0.72790831
  49.27500  0.0000000  0.0000000 0.84333545
  49.30000  0.0000000  0.0000000  1.1228571
  49.32500  0.0000000  0.0000000  1.0830417
  49.35000  0.0000000  0.0000000 0.82139575
  49.37500  0.0000000  0.0000000 0.83851075
  49.40000  0.0000000  0.0000000 0.99132276
  49.42500  0.0000000  0.0000000  1.1379817
  49.45000  0.0000000  0.0000000  1.1682587
  49.47500  0.0000000  0.0000000  1.1914749
  49.50000  0.0000000  0.0000000 0.55887496
  49.52500  0.0000000  0.0000000 0.56602848
  49.55000  0.0000000  0.0000000 0.78041822
  49.57500  0.0000000  0.0000000 0.79241413
  49.60000  0.0000000  0.0000000 0.93209249
  49.62500  0.0000000  0.0000000 0.78589034
  49.65000  0.0000000  0.0000000 0.86153245
  49.67500  0.0000000  0.0000000 0.82321310
  49.70000  0.0000000  0.0000000  1.0000532
  49.72500  0.0000000  0.0000000 0.87807840
  49.75000  0.0000000  0.0000000 0.98957831
  49.77500  0.0000000  0.0000000  1.0341519
  49.80000  0.0000000  0.0000000 0.95412779
  49.82500  0.0000000  0.0000000 0.65976006
  49.85000  0.0000000  0.0000000 0.66801345
  49.87500  0.0000000  0.0000000 0.68743134
  49.90000  0.0000000  0.0000000 0.37957728
  49.92500  0.0000000  0.0000000 0.25345460
  49.95000  0.0000000  0.0000000 0.86105183E-01
  49.97500  0.0000000  0.0000000 0.10438487
  50.00000  0.0000000  0.0000000 0.38073096E-01
