SGSIM Realizations
 1 2001    1    1     0.00000000     0.00000000     0.00000000 0.250000E-01     0.000000  1.00000       1
value
0.27850679    
0.22083773    
0.87611992E-02
-.10309108    
0.53639468E-01
0.13516326    
0.21834278    
0.17714703    
0.26019338    
0.31676134    
0.25283200    
0.31400773    
0.52781922    
0.29934475    
0.26048619    
0.37349369E-01
-.62230717E-01
0.66509113E-01
-.33951246E-02
0.35763931    
0.53212887    
0.49695674    
0.73636329    
0.65149015    
0.40601379    
0.18329532    
0.11261505    
-.37478584    
-.38962713    
-.38004088    
-.28253618    
-.38108024    
-.25452107    
-.24480128    
-.67852283    
-.88855898    
-.84821367    
-.52501529    
-.54444611    
-.42073360    
-.40042534    
-.34907281    
-.49904764    
-.52352524    
-.59660566    
-.59265757    
-.58720809    
-.64855391    
-.73677289    
-.97067225    
-1.4029830    
-1.5046442    
-1.4168385    
-1.2842538    
-.90527624    
-.84223855    
-1.1140547    
-1.1921017    
-1.4813946    
-1.7159649    
-1.7111079    
-1.7713698    
-1.9595895    
-1.6687709    
-1.6068339    
-1.3327434    
-1.3948134    
-1.4416146    
-1.3913659    
-1.3220056    
-1.2819073    
-1.2375579    
-1.2976705    
-1.1599131    
-1.3101745    
-1.3157130    
-1.6161218    
-1.7724376    
-1.5453280    
-1.5521898    
-1.7158735    
-1.6027480    
-1.6308206    
-1.6123890    
-1.6191148    
-1.6453954    
-1.4475124    
-1.1919039    
-.91851532    
-1.0239606    
-1.1003286    
-1.0431738    
-.67291749    
-.68231374    
-.41517481    
-.65959477    
-.45317662    
-.95879894    
-1.0494001    
-.63035887    
-1.1684513    
-.82123876    
-.82847959    
-.94872177    
-.87187982    
-.92527407    
-1.0593933    
-1.1817640    
-1.2132678    
-1.4848863    
-1.8195654    
-2.1850007    
-1.9616793    
-2.2051010    
-2.0948329    
-2.2363663    
-2.1022308    
-2.1891127    
-2.3468399    
-2.2417006    
-2.0700426    
-1.6216457    
-1.4440210    
-1.4023035    
-1.5731612    
-1.4161985    
-1.4244218    
-1.3789039    
-1.1017554    
-1.4076003    
-1.2722025    
-1.2510716    
-1.0774338    
-1.1461902    
-1.1492118    
-1.4142500    
-1.4918854    
-1.3661114    
-1.8082689    
-1.5923618    
-1.3554534    
-1.1339387    
-1.2304492    
-1.2153418    
-1.2227973    
-.88840401    
-.47504729    
-.38483492    
-.61578631    
-.58811265    
-.75638390    
-.47785401    
-.60947680    
-.54722279    
-.65523076    
-.82209963    
-.90950429    
-.56106389    
-.44729471    
-.42378736    
-.50325471    
-.40503997    
-.32959291    
0.88366400E-02
0.23547176E-02
0.25393498    
0.67635876    
0.82336950    
 1.1180793    
 1.3740842    
 1.3064507    
 1.0895469    
0.92152548    
0.82002419    
0.50727659    
0.71199560    
0.49524683    
0.54360515    
0.33183274    
0.19644690    
0.36753795    
0.57556700E-01
-.16727684    
-.30673093    
-.20576526    
0.68994830E-02
-.15327494    
-.45900476    
-.84759879    
-.18462881    
0.34962166E-01
0.17493035    
0.14085574    
-.30445915    
-.70818311    
-.91592187    
-.97896647    
-.74174595    
-.86310744    
-.81210339    
-1.0164852    
-1.2768252    
-1.2223487    
-1.2119157    
-1.1330192    
-1.6290836    
-1.3765255    
-1.3360871    
-1.3888670    
-1.4739050    
-1.7477535    
-1.5246931    
-1.5423565    
-1.5428836    
-1.7184646    
-1.4622221    
-.81907630    
-.61040413    
-.65974510    
-.41057828    
-.38355669    
-.30392849    
-.67925942    
-.50651491    
-.77374619    
-.85037166    
-.40751353    
-.78509688    
-.59025502    
-.33845830    
-.18482332    
-.25932634    
-.67060602    
-.50221759    
-.25969490    
-.46752843    
-.15447989    
-.31464416    
-.69423801    
-.81673998    
-.96821517    
-.53141946    
-.54094166    
-.71682680    
-.96519196    
-.81995094    
-.54523951    
-.23219819    
-.22617236    
-.13727038    
0.11414641    
0.40278330E-01
-.31625640    
-.17923568    
-.29301387    
-.54568863    
-.69445282    
-1.0028765    
-1.2961441    
-1.4313200    
-1.2825415    
-.71210778    
-1.0029248    
-.61637205    
-.62870556    
-.94223481    
-.71784800    
-.60454684    
-.40026063    
-.34109250    
-.19531964    
-.26605543    
-.23161398    
0.22015598    
0.18105191    
0.19326350    
0.26758753E-01
0.22709771    
0.42297301    
0.17421018    
0.20087975    
0.39138061    
0.22536978    
0.16696489    
0.11924082E-01
0.26255146    
0.82926452E-02
-.12148558    
0.73130861E-01
0.29667696    
0.24595651    
0.40561953    
0.48642826    
0.55019432    
0.50718123    
0.65138745    
0.28521869    
0.39394673E-01
0.16842635    
0.31624407    
0.45902306    
0.45703340    
0.54571354    
0.49004200    
0.30608320    
0.33972666    
0.42453301    
0.24964529    
-.70578572E-02
-.27941510    
-.14942229    
-.84017016E-01
-.58089297E-01
0.75857759E-01
-.26136078E-01
0.24342848    
0.25439808    
0.36107868    
0.13912708    
0.20004915    
0.16029876    
0.71622640E-01
0.11067850    
0.19508506    
-.16783807    
-.39214838    
-.62848258    
-.44787040    
-.67556456E-01
-.27007110E-01
0.16342537    
0.22764835    
0.33632478    
0.24426852    
0.21444310    
0.10951257E-01
0.73027261E-01
0.22792342    
0.28396380    
0.25452039    
0.19429408    
0.50039059    
0.25644302    
0.39935219    
0.47866267    
0.61579639    
0.65871018    
0.63141924    
0.61900091    
0.80531442    
0.79044622    
0.77879262    
0.49943107    
0.43924159    
0.66487098    
0.89536506    
 1.0481119    
 1.1396191    
0.97569013    
0.97161633    
0.89832139    
0.82112026    
0.69916773    
0.52985322    
0.12532130    
0.43160188    
0.27464932    
0.21375398    
-.12167470    
-.36943969    
-.24025096    
0.35658325E-02
0.14233873E-01
-.15664261E-01
-.15032054    
-.27409172    
-.26413351    
-.40567341    
-.20169560E-01
0.82638726E-01
-.26864770    
-.15524963    
-.40593314    
-.60159338    
-.69574666    
-.66725904    
-1.3994715    
-1.2529463    
-1.1645039    
-1.1498896    
-.89202803    
-.85005373    
-.75156063    
-.61415350    
-.57305610    
-.59823811    
-.10342272    
-.73679686E-01
0.13554309    
0.20149952    
0.16005960    
-.33835319    
-.41653931    
-.34045869    
-.28183532    
-.12630801    
0.95141701E-01
0.12023261    
0.16850965    
-.24074589    
-.61186182    
-.50710815    
-.38335606    
-.16563445    
-.44220454    
-.59649634    
-.36805531    
-.26704657    
-.20789081    
0.17581825    
0.56736935E-01
0.17879482    
-.14462732    
-.86828828E-01
-.13819262    
-.19990064E-01
0.31131005    
0.52854151    
0.33410829    
0.70336926    
0.54882675    
0.13819373    
0.57223594    
0.71261489    
0.55033231    
0.69198990    
 1.1674682    
0.99595702    
0.98662281    
0.90929294    
0.90183604    
0.94706035    
0.53087223    
0.46583936    
0.46422833    
0.64417559    
0.73272210    
0.75063521    
 1.1154200    
0.88995999    
0.99802089    
 1.4094114    
 1.2382340    
 1.5473150    
 1.4091535    
 1.4479587    
 1.4833568    
 1.7190398    
 1.2549232    
 1.2576396    
 1.3251042    
 1.0942867    
 1.1255422    
 1.0166326    
 1.0398191    
 1.0674772    
0.85236156    
0.99210829    
0.94047916    
0.84956920    
 1.0280694    
0.80376559    
0.83385837    
 1.2536602    
 1.1810350    
 1.1154035    
 1.4209470    
 1.6971072    
 1.8804491    
 1.9416159    
 1.6614586    
 1.4981734    
 1.3987083    
 1.3090955    
 1.4226582    
 1.7702303    
 1.7034810    
 1.3539456    
 1.0580858    
 1.1684774    
 1.3358467    
 1.3977563    
 1.3556274    
 1.2347555    
 1.0892780    
 1.0974742    
0.99245948    
0.81387496    
0.82934594    
0.71293342    
0.58036321    
0.82921261    
0.81090850    
0.74291271    
0.77695364    
 1.0055889    
 1.2055073    
 1.1587354    
 1.3854997    
 1.2860519    
 1.1348314    
0.90083492    
 1.0666621    
 1.1796057    
 1.1288668    
0.89554858    
0.84734303    
 1.1507901    
 1.2350407    
0.99711210    
0.88509208    
0.87347102    
0.69343042    
0.59389335    
0.21968681    
-.75167857E-01
-.14245687    
-.10357003    
-.19462852    
-.12420175    
-.16527399    
-.12103219    
0.24403740    
0.16696920    
-.14023456    
0.67848153E-01
-.14876373    
-.15954386    
-.31629163    
-.19910061    
-.24808376    
-.31146538    
-.12651445    
0.59557840E-01
0.13486229    
0.69511622E-01
0.17157519    
0.31974986    
0.27831599    
0.62061095    
0.62255102    
0.72223282    
0.81933254    
0.58134568    
0.75488394    
0.69498920    
0.82678246    
 1.1858035    
 1.1483963    
0.81516725    
0.83835125    
0.81880516    
0.63969749    
0.48825559    
0.45676753    
0.34533995    
0.32261291    
0.26582876    
0.36029172    
0.29382864    
0.82378149E-01
-.21492193E-01
0.12749550    
-.69235407E-01
0.53607192E-01
-.86642794E-01
-.14362445    
-.22327819    
-.41677874E-01
0.20528389E-01
0.33957094    
0.18258721    
0.24468331    
0.60267562    
0.40877622    
0.53392261    
0.53566068    
0.58211583    
0.42318067    
0.36044825E-01
-.35614088    
0.76505519E-02
0.11632168    
-.87105833E-01
-.11214656    
0.78074560E-01
0.17861630    
-.14278644    
-.30537754    
-.32730967    
-.36824310    
-.64412069    
-.78238022    
-1.2481608    
-.91334027    
-.99292743    
-.86179191    
-.99039835    
-.70635951    
-.47752622    
-.32923672    
-.22948997E-01
-.19135597    
0.25690855E-01
-.27167957E-01
0.97846694E-01
-.26597045E-03
0.27994463    
0.60451537    
0.53473604    
0.45952624    
0.38545790    
0.39422715    
0.38089868    
0.24744026    
-.17933819    
-.21198559    
-.16477934    
0.35444543    
0.24950314    
0.40490549E-01
0.11485373    
0.25949150    
-.43955933E-01
0.13760623E-03
-.23593519E-01
0.17754927    
0.96591726E-01
0.58956134    
0.33004901    
0.34876454    
0.62391356E-01
-.22674999    
0.50168138E-01
0.24206957    
0.34623665    
0.22868374    
0.30151424    
0.70095468    
0.56198889    
0.57927889    
0.58506310    
0.81844121    
0.70877481    
0.69630724    
0.56469971    
0.65816224    
0.49509835    
0.46166667    
0.34693843    
0.35054362    
0.72671044    
0.81574112    
0.90379643    
0.72492087    
0.79460508    
 1.0082344    
0.86640716    
 1.3266449    
 1.2496177    
0.93782073    
0.80054599    
0.99150413    
0.73373526    
0.50377107    
0.83141696    
 1.1965539    
0.82681954    
0.73793286    
0.59811485    
0.83846390    
0.92344409    
0.46728566    
0.40556937    
0.22477779    
-.31125259E-01
-.40493515    
-.73242404E-01
0.11761744    
0.55603349    
0.46316394    
0.37694672    
0.65388840    
0.50100774    
0.82838945E-01
0.23324506    
-.12657402    
-.30637121    
-.42295003    
-.30562526    
-.64160025    
-.67237735    
-.50359154    
-.17897235    
-.45946937E-01
-.15804239    
0.31011803E-01
0.16001417    
0.97422794E-01
0.31659177    
0.84346384    
 1.4572344    
 1.5410928    
 1.6068106    
 1.7080275    
 1.3888791    
 1.5514126    
 1.4030131    
 1.6438251    
 1.7416975    
 1.4690503    
 1.1781212    
 1.5446532    
 1.7324392    
 1.7573767    
 1.6050909    
 1.3682984    
 1.3303576    
 1.3807640    
 1.1360927    
 1.5043803    
 1.2738796    
0.67961681    
0.77021456    
0.70759249    
0.62783712    
0.56562668    
0.72310883    
0.43055940    
0.44560874    
0.51021039    
0.17645543E-01
0.12245116    
0.40501571    
0.43190604    
0.65921716E-01
0.14617476    
0.44250143    
0.32254726    
0.82085294    
0.89582628    
 1.2957877    
 1.1671387    
 1.0022767    
 1.1604801    
0.96179444    
 1.1544315    
 1.2639697    
 1.2855316    
 1.3320048    
 1.3919008    
 1.3852285    
 1.4478554    
 1.2764981    
 1.3459119    
 1.0017722    
0.84554017    
0.75329167    
0.98716033    
 1.1025982    
 1.1860363    
 1.1713611    
 1.1405834    
 1.2552775    
 1.0723481    
 1.3062469    
0.89268744    
0.86833680    
0.84739298    
 1.0387521    
0.78221273    
0.92520273    
0.59670621    
0.47633117    
0.32749203    
0.22986794E-01
-.37174731    
-.10394304    
-.20470071    
0.44041902E-01
-.93796574E-01
0.11009378E-01
0.11365834E-01
-.42870840    
-.78369570    
-.54107958    
-.50198108    
-.69374526    
-.60944659    
-.44160852    
-.21348932    
-.31568643    
-.32591930    
-.12569521    
-.42020887E-01
0.16667008    
-.24500993    
-.50608158    
-.46002769    
-.51704109    
-.75989884    
-.82478285    
-1.1629070    
-1.3357166    
-1.3934283    
-1.3491489    
-1.3241819    
-1.2961617    
-1.4994159    
-1.3331168    
-1.6464156    
-1.4015119    
-1.6117628    
-1.7492398    
-1.6721753    
-1.7725048    
-1.7732593    
-2.0891945    
-1.8700374    
-1.7395772    
-1.6491196    
-1.3701819    
-1.7575938    
-1.5632557    
-1.5699412    
-1.6685575    
-1.5627118    
-1.7305726    
-1.6510512    
-1.3439189    
-1.2221701    
-1.0838993    
-1.0331379    
-.92137241    
-.99478590    
-.98154354    
-1.2612717    
-1.5950985    
-1.5445331    
-1.5779260    
-1.4821407    
-1.4344050    
-1.5510572    
-1.5399727    
-1.6168836    
-1.9988739    
-1.9770042    
-1.9722763    
-1.9752194    
-1.6068447    
-1.6163572    
-1.7097344    
-1.5001302    
-1.3627172    
-1.6061721    
-1.8344686    
-2.0678270    
-2.1619022    
-1.9336218    
-2.0739493    
-2.3217294    
-2.2165899    
-2.3903406    
-2.3464966    
-2.8590138    
-2.6945908    
-2.5965202    
-2.4248078    
-2.1033223    
-1.9373000    
-1.7789804    
-1.7402802    
-1.6311127    
-1.6719066    
-1.6780063    
-1.3570632    
-1.4335859    
-1.0945083    
-1.0900104    
-.69384009    
-.86742890    
-.65645695    
-.52091122    
-.30769354    
-.13800870    
-.21349275    
-.26045367    
-.51026905    
-.42669281    
-.32626024    
-.61985219    
-.37302279    
-.15167645    
-.53972226E-01
-.92884295E-01
-.21187681    
-.21805374    
-.41474193    
-.54987884    
-.97263831    
-.66215348    
-.41589049    
-.52797246    
0.11387572    
0.11837968    
0.40547079    
0.51019591    
0.40857751E-01
0.37315637    
0.21188052    
0.18339509    
0.35381442    
0.36269942    
0.60737658    
0.39264089    
0.59810179    
0.74210835    
0.71682900    
0.51133472    
0.72088778    
0.71579188    
0.77654105    
 1.0530610    
0.91363895    
0.80043525    
0.75187844    
0.77532232    
0.66197062    
0.45225823    
0.41472083    
0.34930444    
0.46299425    
0.28176484    
-.21106963    
-.15336342    
0.51843096E-01
0.33043589E-01
0.84450385E-02
0.21243496    
0.46923426E-02
-.70286617E-01
-.29632834    
0.12249178    
0.75763971E-01
-.13497499    
-.33116657    
-.17594996    
-.18948691    
0.10564724    
0.28381801    
0.73944384    
 1.2460772    
 1.2827765    
0.95858461    
0.71608448    
0.85893655    
0.54205525    
0.63955301    
0.48796865    
0.35508299    
0.38871378    
0.21739393    
0.39229050    
0.62237644    
0.79724574    
0.85065657    
0.59958947    
0.35114920    
0.31952608    
0.14523858    
0.50467235    
0.76494718    
 1.1541326    
 1.0341210    
0.90942788    
 1.1173829    
0.84732604    
0.74026930    
0.42320707    
0.14917840E-01
-.27529231    
-.66748166    
-.57482904    
-.59720236    
-.27202907    
-.96286200E-01
-.17681232    
-.56644714    
-.61504453    
-.60068589    
-.55113840    
-.62078750    
-.81384552    
-.85109168    
-.91244501    
-.98420841    
-.60593736    
-.50464267    
-.41217270    
-.59366196    
-.44938922    
-.16450156    
-.23320936    
-.30568981    
-.17951304    
-.25261393    
-.27084962    
-.31601435    
-.91422640E-01
-.63259860E-04
-.19382186    
0.16431522    
0.52304618E-01
0.46478936    
0.93353289    
0.93729180    
0.70331442    
0.79852456    
 1.0187349    
0.96811962    
 1.0483305    
 1.1232712    
0.89485741    
0.94594973    
0.73790771    
0.61325842    
0.55282360    
0.42798123    
0.48265499    
0.68674880    
0.85447532    
0.99202502    
0.86109352    
 1.0154769    
0.93836552    
0.77180946    
0.89414579    
0.67709845    
0.49320900    
0.89837593    
0.67846322    
0.60056227    
0.19002457    
-.17600505E-01
-.43529242E-01
0.22593415    
0.28142935    
0.30786169    
-.85738771E-01
-.22896615    
-.96939947E-03
-.22528513    
-.64805120    
-.67209846    
-.80323976    
-.67441916    
-.50888509    
-.45214596    
-.67854673    
-.44425127    
-.31948850    
-.18378651    
-.57803386    
-.53349400    
-.92703253E-01
-.13599165    
-.29037040    
0.25981066    
0.16111976    
0.71549129    
0.67431062    
0.72653800    
0.78090113    
0.84279186    
0.78277904    
0.59224248    
0.28904864    
0.43718323    
0.26470420    
0.65539293E-01
-.32037520    
-.84184296E-01
-.84079072E-01
0.15650263    
-.43482560    
-.92196763    
-1.0513356    
-.62020421    
-.89667326    
-1.1641982    
-1.1273515    
-1.2476259    
-1.0229656    
-1.4021717    
-1.5109209    
-2.0276198    
-2.0643749    
-1.7863752    
-1.7280881    
-1.4535594    
-1.1831391    
-1.0947802    
-.97942483    
-1.1774428    
-1.1066436    
-1.2099190    
-.75636071    
-.48073995    
-.27530864    
-.37698150    
-.77181113    
-.95065385    
-1.0631963    
-1.1662441    
-1.3728096    
-1.4669478    
-1.1792030    
-1.2543250    
-1.3499926    
-1.4335825    
-1.3209459    
-1.1205457    
-1.1209021    
-.92850131    
-.58488464    
-.60310274    
-.45626593    
-.40420130    
-.76677167    
-.83891904    
-.46809736    
-.36759359    
-.27757621    
-.54189759    
-.22791351    
-.18273138    
-.28292072    
-.36476952    
-.57729226    
-.40076715    
-.74103659    
-.75379992    
-.48752746    
-.35937107    
-.30882108    
-.28744602    
-.62902294E-01
0.14065599    
0.31770840E-01
0.13943058    
0.38166678    
0.52762437    
0.33663926    
0.40587419    
0.30399412    
0.38897980E-01
-.82558297E-01
-.15981358    
0.25718827E-01
-.10370199    
0.38667205    
0.43615645    
0.67300642    
0.69861889    
0.95478761    
0.91186225    
0.93280268    
0.99690282    
0.69537467    
0.54943883    
0.25504866    
0.17856370    
-.12197169    
0.57077277E-01
-.16654010    
0.24531488    
-.39128359E-01
-.17980923    
-.18099359    
-.70501715E-01
0.42629617    
0.45643783    
0.56317765    
0.67541480    
0.43114251    
0.66411710    
0.38742569    
0.17632158    
0.11413120    
-.11263210    
0.22523828    
0.14894329    
-.21490057    
0.91717467E-01
-.24277370    
-.43087631    
-.53726256    
-.46742675    
-.58860385    
-.34988338    
-.31080884    
-.66368711    
-.62548119    
-.47424641    
-.38761204    
-.42211619    
-.47776246    
-.59142989    
-.78663439    
-1.0224259    
-.78885233    
-.82821083    
-.97070527    
-.89554155    
-.53347564    
-.49981117    
-.57276082    
-.89194393    
-.68474346    
-.53915131    
-.56297445    
-.55311209    
-.68229699    
-.65501153    
-.81070471    
-.74085140    
-.55432701    
-.54943621    
-.26157138    
-.99340543E-01
0.38918126E-01
0.25603038    
0.31748280    
0.78085802E-01
0.36127123    
0.25451356    
0.31291926    
0.54670215    
0.55328482    
0.56546158    
0.96475673    
0.95380545    
0.91422504    
 1.1932688    
0.83797479    
0.66286659    
0.47561926    
0.11246175    
-.35366905    
-.31616232    
-.41522628    
-.24994652    
-.12411357    
-.99490881E-01
0.67011639E-01
0.16713025    
0.17929041    
0.14064206    
0.30163443    
0.42453405    
0.12915923    
0.11854945    
0.38456663    
0.28442273    
0.31710264    
0.26539859    
0.14310810    
0.31242189    
0.34950238    
0.51063359    
0.32869127    
0.12478559    
-.27220775E-02
0.21377560    
0.54411715    
0.39613482    
0.19197986    
0.83574033    
0.92877293    
0.57556653    
0.88328540    
0.72317845    
0.90450704    
0.81953537    
0.98407167    
 1.0644529    
 1.3698399    
 1.3361785    
 1.0778124    
 1.2346274    
 1.4925512    
 1.5179081    
 1.7662184    
 1.6169298    
 1.3658285    
 1.1625351    
 1.4374185    
 1.2644438    
 1.4617865    
 1.3423676    
0.86972004    
0.88505679    
0.68928748    
0.50009459    
0.43688834    
0.34503731    
-.15583102E-01
0.28992983E-01
0.38787130E-01
0.32914776    
0.29906312    
0.50070745    
0.62087387    
0.80172420    
 1.0442853    
0.85676783    
 1.0268565    
 1.0982093    
 1.4757761    
 1.6079667    
 1.6563048    
 1.5799282    
 1.5803150    
 1.8824401    
 1.8524749    
 1.7382131    
 1.7585087    
 1.8923931    
 1.9822811    
 1.7090690    
 1.6040373    
 1.6221941    
 1.8904896    
 1.7706167    
 1.7283319    
 1.9592383    
 1.5408459    
 1.5558559    
 1.9413850    
 1.8575152    
 1.7254399    
 1.6954231    
 1.3080353    
 1.4379736    
 1.4958341    
 1.3298028    
 1.4411813    
 1.4463329    
 1.4082544    
 1.3465722    
 1.5715352    
 1.5645621    
 1.7167271    
 1.5964156    
 2.0208783    
 1.4261187    
 1.7758545    
 1.5135583    
 1.6526982    
 1.8520323    
 1.8973781    
 1.7983377    
 1.3672757    
 1.2072949    
 1.2591777    
 1.2424480    
 1.2023042    
0.88880283    
0.68891388    
0.67983496    
0.66359860    
0.12698624    
0.44536978    
0.33680311    
-.18902086    
0.21883402E-01
0.99479973E-01
0.77028200E-01
-.30052805    
-.13883154    
-.22144844    
-.43096966    
-.43337139    
-.39689749    
-.30437037    
-.37344846    
-.36119944    
0.15341503E-02
-.50148208E-01
-.39978364    
-.81673719E-01
0.84735475E-01
-.99966072E-01
-.26418522    
0.11751589    
-.10093752    
-.74402943E-01
-.25291523    
-.90249807E-01
0.17171393    
0.23397458    
-.53095939E-02
-.24355356    
-.16214722    
-.27988893    
-.11020924    
-.23334907    
-.32048821E-01
0.32046396    
0.18570274    
0.21227579    
0.84849745    
0.78089607    
0.87257469    
0.55454391    
0.36688063    
0.10783079    
-.14731008    
0.20732129    
0.36788791E-01
-.97103685E-01
-.14522959    
-.21073158    
-.23999082    
-.35696280    
-.50212377    
-.42139938    
-.29681742    
-.51560271    
-.31868592    
-.41190228    
-.26263961    
-.67084022E-01
-.67864366E-01
-.26046622    
-.17383753    
0.37452677    
-.19310191E-01
-.38375214E-02
-.20107564    
0.14873606    
0.52327144    
-.30823007E-01
0.17295042E-01
0.17420891    
0.51557136    
0.49740797    
0.61472457E-01
0.48139799    
0.82136124    
0.39203596    
0.52926022    
0.76520830    
0.87595534    
0.43231374    
0.32801092    
0.72876388    
0.85949540    
 1.1124412    
 1.3438467    
 1.0881121    
 1.2635686    
 1.0252908    
 1.0079092    
 1.1509093    
 1.3597893    
 1.0441151    
 1.1742134    
 1.2865458    
 1.2229685    
 1.6497695    
 1.5079005    
 1.6151286    
 1.6271939    
 1.7479134    
 1.7908473    
 1.6864290    
 1.7471378    
 2.1050234    
 2.0285566    
 2.1619418    
 2.3137138    
 2.2106915    
 2.4362698    
 3.0888698    
 3.1847095    
 2.7024586    
 2.6806204    
 2.2393544    
 2.0343475    
 2.0954883    
 2.2608039    
 2.2964234    
 1.9817032    
 1.9850056    
 2.1505229    
 2.0118387    
 1.8235257    
 1.6215103    
 1.4161001    
 1.1039838    
 1.0485786    
 1.2920500    
 1.2328768    
0.57613987    
0.66389334    
0.45227820    
0.16979085    
-.76148562E-01
-.21329148    
-.15033105    
-.34519556    
-.11768509    
-.64724153    
-.36041203    
-.32768989    
-.59911892E-01
0.23434658    
0.20769276E-01
0.45467195    
0.57098001    
0.49981672    
0.34100148    
0.37467936    
0.35483676    
0.39906499    
0.27627036    
0.24959332    
0.40286064    
0.42575267    
0.19386183    
0.11750065    
0.42481738    
0.44244277    
0.54196644    
0.54123080    
0.36882389    
0.50024122    
0.32100710    
0.19042777    
0.20899622    
0.16422422    
0.77551253E-01
0.37878302    
0.43455282    
0.34789678    
0.64439541    
0.65612453    
0.49847043    
0.26608607    
0.25686795    
0.51734751    
0.37525803    
0.33187622    
0.43238336    
0.97969812    
0.96108091    
0.61208141    
0.42639482    
-.20172680E-01
0.22496684    
-.37683018E-01
0.94571151E-02
-.49823813E-01
-.12939675    
-.61500281E-01
-.14098789    
0.10358017    
-.18911597    
-.21106701    
-.23980471    
-.31438285    
-.25736341    
-.10995562    
0.21065350    
-.11010540    
-.26284380E-01
0.37286836    
0.64531094    
0.80229312    
0.79737014    
0.68279386    
0.89485407    
0.76429653    
0.78188354    
0.85454732    
0.54977822    
0.34742403    
0.21118368    
0.10103103    
0.16078648    
0.23830953    
-.29042153E-01
-.54235864E-01
-.35432494    
-.79743910    
-.66379076    
-.74028283    
-.96792293    
-1.0038404    
-.95389152    
-.96922129    
-.86078453    
-1.2937410    
-1.2372243    
-1.1971818    
-1.1534585    
-1.3910676    
-1.4204619    
-1.3144108    
-1.1063212    
-.87787759    
-.40056846    
-.28882495    
-.33813125    
-.43064880    
-.32386452    
-.41944245    
-.15865064    
0.27462730    
0.50065172    
0.38228783    
0.43071473    
0.30863792    
-.39101332E-01
-.69752999E-01
-.30589026    
-.84109199    
-.86819476    
-1.2683122    
-.83171499    
-.75797981    
-.51600856    
-.34520641    
-.18154933    
-.95725670E-01
0.41773356E-01
-.46068806E-01
0.21147852    
0.32278568    
0.37531564    
0.61262780    
0.67595261    
0.45294687    
0.74048960    
0.86319882    
0.89093071    
 1.1515820    
 1.4182740    
 1.6571301    
 2.0175133    
 2.1172214    
 2.6040783    
 2.0234153    
 1.7868339    
 1.8404410    
 1.6738214    
 1.1864692    
 1.1835773    
 1.1120954    
0.68034482    
0.40420911    
0.48413235    
0.66610342    
0.98567599    
 1.3505098    
 1.3526015    
 1.3105299    
 1.3292904    
 1.4276266    
 1.3274564    
 1.3144691    
 1.0352520    
0.75120622    
0.56342119    
0.31510642    
-.10604355    
0.86073563E-01
0.71990110E-01
0.23622373E-02
-.30023934E-01
-.62860107    
-.92060822    
-1.2358543    
-1.0927918    
-.97243178    
-1.1194143    
-1.2789565    
-1.3781306    
-1.0557730    
-.92981648    
-.98254979    
-1.2110592    
-1.5256552    
-1.2795644    
-1.3284423    
-1.4502000    
-1.6882403    
-1.7364023    
-1.8893820    
-2.2061603    
-2.1763186    
-2.0896645    
-2.2660730    
-2.4764304    
-2.0611465    
-1.7072479    
-2.1035063    
-1.9498504    
-2.0816541    
-1.9206990    
-1.5304782    
-.93515146    
-1.2797774    
-1.0580562    
-.73001975    
-.69562519    
-.68104947    
-.80259174    
-.47154516    
-.22303657    
0.11767018    
-.38372092E-01
-.56970771E-01
-.11611785    
-.99692922E-02
0.83332464E-01
0.74019209E-01
0.11597127    
-.15927431    
0.14739315    
-.13111103    
-.44698986    
-.67257512    
-.78760248    
-.58292729    
-.71079600    
-.49776202    
-.18479970    
-.16558453E-01
-.34052813    
0.72066367E-01
0.32220098    
0.30766228    
0.41480729    
0.14281218    
-.29278034E-01
0.33525330    
0.37720171    
0.37424114    
0.16897951    
0.84724650E-01
0.88213407E-01
0.26038647    
0.38459295    
0.20559914    
0.95661217E-02
0.77737331E-01
0.91247633E-01
-.88087291E-01
0.23541957E-01
-.99839777E-01
0.87294377E-01
0.10280602    
0.48927295    
0.65684444    
0.67432100    
0.52537966    
0.48571450    
0.42667380    
0.38833979    
0.23231174    
0.14121205    
0.56357831    
0.73327029    
0.61444247    
0.78149545    
 1.0420069    
0.83837450    
 1.1359906    
 1.0900414    
 1.1481402    
 1.2888561    
 1.4360775    
 1.4493617    
 1.2300625    
0.98171854    
 1.2114989    
 1.0683401    
 1.1357400    
 1.1696876    
0.99856561    
0.88923091    
0.74748230    
0.47782296    
0.15869595    
0.68089956    
0.87148857    
0.90985012    
 1.1003060    
 1.3888601    
 1.2652074    
 1.2732385    
 1.1538281    
 1.5151405    
 1.6618127    
 1.8428322    
 1.6223261    
 1.2756743    
0.98628819    
0.74392539    
0.63371682    
 1.0326965    
0.50239152    
0.18323329    
0.12927934E-02
-.24331974E-01
-.44915527E-01
0.15535872    
0.12230425    
-.54222059E-01
-.25395253    
0.28109595E-01
0.85961349E-01
0.48972753    
0.45066223    
0.67662567    
0.46628159    
0.50518513    
0.28871313    
0.60785186    
0.67774647    
0.63323295    
0.67811555    
0.31891793    
-.75292125E-01
-.23080440    
-.17046025    
-.51252311    
0.19148998    
0.19172010    
0.21271144    
0.55557478E-01
-.24994227    
-.23116326    
-.30080822    
-.64151442    
-.39277247    
-.48731390    
-.23993999    
-.36781499    
-.35274023    
-.72484237    
-.91482401    
-.97629052    
-1.3523673    
-1.4843012    
-1.5487748    
-1.8610051    
-2.1326685    
-1.7398106    
-1.8566978    
-1.5959941    
-1.6218597    
-1.7315176    
-1.5626247    
-1.3105904    
-1.3714647    
-1.3098116    
-1.7704203    
-1.8153118    
-1.2453535    
-1.3260022    
-1.5255634    
-1.3094602    
-1.2864515    
-.78887588    
-.70098835    
-.79641902    
-1.0490876    
-.77779621    
-.45019624    
0.22104468E-01
0.20538595    
0.19713505    
0.43264890    
0.47333345    
0.38922999E-01
-.67670353E-01
0.20954505    
-.19877157    
0.59445444E-02
-.36627091E-01
0.22243455E-01
-.34164201E-01
-.32414681    
-.10214527    
0.67311816E-01
0.33022907    
0.36156905    
0.46249428    
0.41868731    
0.22689034    
0.21478917    
0.26398689    
0.23720703    
0.12247575    
0.23590185    
0.78281909E-01
-.50494142E-01
0.15706463    
0.12543502    
-.15480277    
0.16365759    
0.11856713    
-.53796034E-01
0.74458756E-01
0.71341328E-01
0.35364008    
-.47938488E-01
0.59766628E-01
-.48201371E-01
0.25702474    
0.38886547    
0.48884660    
0.29246879    
0.39941019    
0.17586455E-01
0.32778415    
0.22016813    
0.35912785    
0.47085309    
0.70724177    
0.49311784    
0.19077013    
-.22546212    
-.39858893    
-.30388616E-01
0.31251466    
0.42436680    
0.66553555E-01
-.24538386    
0.21406703    
0.24974702    
0.14672059    
0.22942661    
0.26032455E-01
0.40763038    
0.41618425    
0.64969116    
0.41535658    
0.58606666    
0.62395030    
0.52038646    
0.64491934    
0.46543702    
0.30841967    
0.26573730    
0.47115642    
0.69347286    
0.72790831    
0.84333545    
 1.1228571    
 1.0830417    
0.82139575    
0.83851075    
0.99132276    
 1.1379817    
 1.1682587    
 1.1914749    
0.55887496    
0.56602848    
0.78041822    
0.79241413    
0.93209249    
0.78589034    
0.86153245    
0.82321310    
 1.0000532    
0.87807840    
0.98957831    
 1.0341519    
0.95412779    
0.65976006    
0.66801345    
0.68743134    
0.37957728    
0.25345460    
0.86105183E-01
0.10438487    
0.38073096E-01
