SGSIM Realizations
 1  201   21    1     0.00000000     0.00000000     0.00000000 0.250000     0.250000      1.00000       1
value
 1.0801524    
 1.3773032    
 1.6506073    
 1.4605285    
 1.3627712    
 1.0494123    
0.95255470    
0.87143624    
0.33527672    
-.49962200E-01
0.20594957    
0.32864949    
0.35064116    
-.23833668    
0.47617111    
0.13577516    
0.35653237    
-.25424406    
-.68186298E-01
0.20206559    
0.46155638    
0.30782568    
-.11894780    
0.13311757    
0.47765052    
0.48973408    
0.48830199    
0.37379366    
0.42014739    
0.50968617    
0.80690461    
0.65774220    
-.18380393    
-.23640773    
0.80240205E-01
0.41572854    
0.14874317    
0.24522921    
0.41995075    
0.93053460    
0.54341453    
0.17235160    
-.57079786    
-.63931763    
-.43652666    
-.67219543    
-.89670914    
-.88505477    
-1.3106393    
-1.1864682    
-.99622303    
-1.3085819    
-1.3231074    
-1.8309784    
-1.6124254    
-.85567421    
-1.2459940    
-1.5936166    
-1.5160964    
-1.9929022    
-1.8147142    
-1.6321430    
-1.4842324    
-1.5552156    
-1.3108984    
-.94574863    
-1.1042963    
-.58226252    
-.80583346    
-1.0780002    
-1.4581429    
-1.0905443    
-.61929762    
-1.0785239    
-.76956218    
-.66895008    
-.78887379    
-.77350986    
-.62969506    
-.62497932    
-.95649034    
-.99826699    
-.56058860    
-.20995775    
-.20495129    
-.67217313E-01
-.35754494E-01
-.26509382E-01
-.13340400    
-.46726535E-02
-.56469059    
-.47313958    
-.90728939    
-.89629465    
-.13605899    
-.45279842E-01
0.39990824    
0.30389661    
0.38069758    
0.57890534    
0.66013628    
0.40913865    
0.39024219    
0.15005480    
0.30554771E-01
0.62078357    
 1.2581755    
 2.1350982    
 2.4613383    
 2.5544624    
 2.0285556    
 1.7469440    
 1.8415701    
 1.7324619    
 1.0290328    
0.86058414    
0.95391124    
 1.0030540    
0.80866766    
0.91517937    
0.78493631    
0.69614440    
0.57764417    
0.97570825    
0.37158304    
-.18777815    
-1.1174495    
-1.0226218    
-.61401659    
-1.0085163    
-.27246913    
-.64701813    
-1.0171859    
-1.3901203    
-1.2653904    
-.63654989    
0.23229348E-01
-.28246006    
-.12416552    
-.11878178    
-.75042754E-01
-.10851660    
0.70672996E-01
-.16752083E-01
0.18714255    
0.42042175    
0.23153055    
0.55585742    
-.23608636E-01
-.55486578    
-.45407149    
-.32038912    
-.59975499    
-.73078585    
-.56260681    
-.83001339    
-.58073127    
-.62593454    
-.74664420    
-.81436116    
-.46138501    
-.42812988    
-.25226119    
0.54412894E-02
-.21703282    
-.73237288    
-.54592091    
-.47726271    
-.19556870    
-.22136198    
0.12036381E-01
-.21986979    
-.26625896    
-.51732087    
-.46545115    
-.72287095    
-.75675881    
-.25844155E-01
-.23451619    
-.16333623E-01
0.66211306E-01
-.75192553    
-.69021690    
-1.1463530    
-1.0265185    
-1.0794978    
-.77880859    
-.65920079    
-.58590776    
-.43856931    
-.38669363    
0.15037367    
0.98372978    
 1.5827891    
 1.6702163    
 1.2333106    
 1.0923431    
 1.0277309    
0.42448545    
0.28633493    
-.26592141    
0.51955843    
0.93826115    
0.99145657    
0.55049145    
0.11672297    
-.20186439    
-.56582481    
-1.1561397    
-.74886572    
-1.1012088    
-.73652357    
-.91609424    
-.28229040    
-.54717135    
-.70094705    
-.52925742    
-.36986250    
-.23425590    
-.73805547    
-.93092352    
-1.4578561    
-1.2786491    
-.76081282    
-.99751675    
-.48459384    
-.71598917    
-.11026525    
0.21616037    
0.22235480    
-.93968157E-02
0.23318362    
0.20965385    
0.26874441    
0.34159207    
0.46735030    
0.15920423    
0.23267922    
0.79179943    
0.73719358    
0.27452266    
0.32970747    
0.28787607    
-.18302523    
-.60637486    
-1.1838679    
-1.5693870    
-1.4844344    
-1.6188431    
-1.2596949    
-1.3013259    
-1.0329701    
-1.3917550    
-1.3242646    
-.47684518    
-.52559358    
-.92369246    
-1.2828152    
-1.9519225    
-1.2955090    
-1.2363234    
-1.5023172    
-1.2427727    
-1.1085222    
-.83053082    
-1.3917733    
-1.3771886    
-.86952227    
-.39795417    
-1.1138355    
-.78071111    
-1.0089793    
-1.0041461    
-1.6857293    
-1.7021222    
-1.4270077    
-1.2084291    
-.84494293    
-1.4391127    
-1.4837618    
-1.2282815    
-.53039789    
-.44216648    
-.62398559    
-.76247799    
-.14839825    
-.50368253E-01
0.37003312    
-.34581518    
-.67610544    
-.95774734    
-.78677434    
-.74019068    
-.89919433E-01
0.39591604    
0.12993449E-02
-.48224205    
-.27962816    
-.14450888E-01
-.15298735    
-.42184062E-01
0.11657692    
0.68535215    
0.56909913    
0.39781684    
0.31676909    
0.64705861    
0.21783763    
0.49323115    
0.50588971    
0.86878669    
0.89913422    
0.78437996    
 1.0472153    
0.92465973    
0.88475174    
0.56048721    
0.35177565    
0.35138950    
0.26790154    
-.25338292    
-.29281095    
-.48471963    
-.87992859    
-.90509588    
-.47697276    
-.49110872    
0.36959407    
0.22255971    
0.10657816    
0.21777314    
0.61628878    
0.41835675    
0.47397947    
0.81362253    
0.52293187    
-.37393518E-01
-.62570818E-01
0.37842900    
0.32612199    
-.14667201    
0.47333762    
0.42502753E-01
0.28254780    
0.10062297    
0.55524534    
-.39491853    
-.29044503    
0.24187255    
-.42973098    
-.30191553    
-.12145022    
0.60192768E-01
0.31082046    
-.59276182E-01
-.12400342E-01
0.65408938E-01
-.72575390E-01
0.27049366    
0.21710195    
0.71279478    
0.89103353    
0.91032511    
-.26109046    
-.21381553    
-.66695064    
-.29132289    
0.10325041    
-.78858182E-01
0.16980138    
-.20581535    
-.18722582    
0.22252324    
-.49162340    
-.29563120    
-.10968152    
0.21155156    
-.11153544E-01
0.16216287    
-.28435382    
-.13895464    
0.35269752    
-.19815461    
0.30004498    
-.60208060E-01
0.67470977E-02
0.46411827    
0.17908677    
-.27307925    
-.11642734    
-.32266283    
-.76585859    
-.55756575    
-.55130100    
-.45509726    
-.57256883    
-.49682713    
-.38567188    
-.26732829    
-.92950743    
-.24390563    
0.11794023E-02
-.32413709    
-.55948371    
-.29224973E-01
0.24636258    
0.11323570    
0.37832093    
0.27789348    
-.29026896    
-.47072744    
-.20081072    
-.41797042    
-1.0155236    
-1.0780313    
-1.3334396    
-.82452375    
-.93492121    
-.77373672    
-1.0854614    
-.91573364    
-.80116028    
-.97281712    
-.94299346    
-.97202981    
-1.1837533    
-1.3923082    
-1.2088745    
-1.0887488    
-.87124509    
-.54094160    
-.56908679    
-.51285583    
-.22144753    
-.41170505    
-.29216209    
0.44497769E-01
-.61992738E-01
-.28678584    
0.44342179E-01
-.30390456E-01
-.44161353    
-.67212158    
-.13779308    
-.17496106    
-.94851875    
-.94832176    
-1.5255003    
-1.5209897    
-.82775706    
-.94206375    
-1.2175254    
-1.9092646    
-2.0428369    
-1.9769324    
-1.7385939    
-2.0638664    
-2.0659258    
-1.6291788    
-1.3706268    
-1.7703009    
-1.5188024    
-1.4469154    
-1.5412561    
-1.1516546    
-1.5314626    
-1.6168076    
-2.0719447    
-2.0524178    
-1.9330004    
-1.4995823    
-1.6130247    
-1.5665355    
-1.9384253    
-1.5288141    
-1.6010131    
-2.0857859    
-1.7791454    
-2.1268451    
-1.9094996    
-1.6040430    
-1.7831279    
-1.6849244    
-1.4132805    
-1.3132398    
-1.0772460    
-1.5925901    
-2.0145168    
-2.2288120    
-1.8542994    
-1.9638802    
-1.7400725    
-1.9096894    
-1.8247191    
-1.5364441    
-.88868952    
-1.3766724    
-1.1211790    
-1.6020092    
-1.3716513    
-1.1617223    
-1.1999789    
-1.2101070    
-.79372287    
-.91216898    
-1.2918767    
-.32446107    
0.11161776    
0.94516540    
0.19835857    
-.62298693E-01
-.21884748    
-.16571523    
0.29061639    
0.11034921    
0.12623316    
-.12718561    
-.67391008    
-.85487962    
-1.1635647    
-1.4219289    
-1.7233286    
-1.9454508    
-1.6636544    
-1.4663948    
-1.6004015    
-1.4914693    
-1.2790574    
-.67229038    
-.62421107    
-.44110304    
-.28723359    
-.48884863    
-.51064497    
-.21153985    
0.58707599E-01
0.58865994    
 1.1072967    
0.75376177    
0.56691366    
0.81664485    
0.66136092    
-.87322630E-01
0.81473149E-01
-.11233602    
0.20779979    
-.27466407    
-.30416051    
-.78295779    
-.39320186    
-1.3507507    
-1.0357637    
-.78457928    
-.70356709    
-.71370012    
-.80852979    
-.68054372    
-.36688775    
0.39774060    
0.12898822    
0.61357850    
0.47596243    
0.63737863    
0.76731128    
0.60230052    
0.60303253    
0.58718979    
0.32323453    
0.39473382    
0.58158308    
0.82968009    
0.14263469    
0.69381374    
0.43097213    
0.55980802    
0.46466044    
0.59851050    
 1.1015358    
0.80151308    
0.71795493    
0.66409016    
0.30196989    
-.43319076E-01
0.36414039    
0.17360114    
0.27026036    
0.87803468E-01
-.48709568    
-.56973279    
-.16991881    
0.36442630E-01
-.29073444    
0.30138883    
-.17241819    
0.76337494E-01
-.40807655    
-.40251249    
-.41133916    
-.52303944E-01
0.50649351    
0.35237527    
0.62167966    
0.87755281    
-.60685080    
-.65918523    
-.74902761    
-.79500270    
-.88921368    
-1.2062519    
-1.3511533    
-1.6765412    
-1.6584237    
-1.4163182    
-1.8261880    
-1.4111627    
-.94901901    
-1.1400959    
-1.2547725    
-1.1181605    
-1.5913396    
-1.3856391    
-1.4053622    
-1.1156429    
-.38197806    
-.87484336    
-1.4485505    
-1.6193504    
-1.9564371    
-2.0698292    
-1.9551178    
-2.3820202    
-2.3009117    
-2.0695093    
-1.0008905    
-1.0829883    
-1.3564799    
-1.0647953    
-1.3612660    
-1.1426651    
-1.0556387    
-.60987341    
-1.0999804    
-1.2914582    
-1.4416407    
-1.2129538    
-1.7162094    
-1.8233900    
-1.1584909    
-1.3956184    
-1.6329393    
-1.4829799    
-1.6466378    
-1.5267998    
-1.7238683    
-2.0026889    
-2.0090559    
-1.7158376    
-1.7054992    
-1.1632687    
-1.3629811    
-1.8197092    
-2.0199933    
-2.3132637    
-2.7387445    
-2.7001562    
-2.1314044    
-2.4466715    
-2.3806570    
-2.4826434    
-2.3732057    
-2.1641695    
-2.2640674    
-2.8343298    
-2.8912013    
-2.5598450    
-2.3122313    
-2.8791242    
-2.7968657    
-2.9649603    
-3.0340066    
-2.8943996    
-2.5029778    
-1.8237857    
-2.0183170    
-1.6931354    
-2.1220045    
-2.1155186    
-2.0236380    
-1.6087731    
-1.7743462    
-1.7906399    
-2.1017859    
-1.9750916    
-1.5290513    
-1.4309589    
-1.5342191    
-1.8118114    
-1.7425905    
-1.7063780    
-1.5182714    
-1.4441924    
-1.0982555    
-.83403373    
-.93037391    
0.12890694    
0.63108194    
0.40171412    
-.41487610    
-.44668120    
-.81793326    
-1.1286559    
-.87700784    
-.40361366    
-.72883010    
-.40731362    
-.27152550    
-.19494043    
-.58273548    
-.95288217    
-1.0793985    
-.98349065    
-.75960153    
-.51029658    
-.45215142    
-.68019968    
-.82170111    
-1.2382030    
-.98975736    
-1.3358468    
-1.5007285    
-1.5312482    
-1.5257227    
-1.3894570    
-.98354232    
-1.3079265    
-1.3767023    
-1.0674425    
-.47232783    
-.81213169E-01
0.93461983E-01
-.10553148    
-.22942439    
-.14775383    
0.15174639    
0.18265288    
0.33782929    
0.87339538    
0.93151182    
0.48984656    
0.49387321    
0.62752253    
-.22923821    
-.99433511    
-.49743825    
-.50409627    
-.18292864    
-.43462589    
0.60457188    
0.90159529    
 1.3065580    
 1.8239475    
 1.2933816    
 1.1430012    
 1.4848715    
 1.4348786    
 1.1653634    
 1.2912340    
 1.4106783    
 1.3378502    
 1.5325557    
 1.4451593    
 1.4093366    
 1.2532858    
 1.4881786    
 1.4862545    
 1.6445324    
 1.3308746    
 1.5022674    
 1.3426011    
 1.1858840    
0.93492073    
 1.0329134    
0.72865742    
 1.1317130    
 1.0876029    
 1.3596666    
 1.3266563    
0.85423863    
0.97943914    
 1.2487942    
 1.0716127    
0.77598637    
0.38746360    
0.55969924    
0.36811563    
0.33366770    
0.35601512E-01
-.95257901E-01
-.29729459E-01
0.17319015    
0.46820128    
0.21095732    
0.38616142    
0.69654626    
0.93542731    
0.35974169    
0.37333372    
-.11230531    
-.48166126    
0.14785241    
0.47117166E-01
-.87448202E-01
0.57698858    
0.21913862    
-.78803331E-01
-.27209026    
-.53495169    
-.62184203    
-1.1788949    
-1.3485579    
-.63895899    
-1.2662101    
-1.9060838    
-1.1936729    
-1.0163896    
-1.3287578    
-1.2338734    
-1.2925613    
-1.5615767    
-2.2577374    
-2.1313133    
-1.9089043    
-1.3626897    
-1.2868893    
-1.0893189    
-1.5437555    
-.92573875    
-.99359077    
-1.0895039    
-1.3734241    
-1.2281214    
-.81511521    
-.67090857    
-.88359922    
-1.2721338    
-1.2997849    
-1.2778045    
-1.8832684    
-1.5910370    
-.97049862    
-.72988200    
-1.5794356    
-1.1570221    
-1.0485027    
-1.1500937    
-1.0868008    
-1.2250937    
-1.5945295    
-1.0366027    
-.57976025    
-.90385735    
-1.0942827    
-1.3256413    
-1.9157032    
-2.4805660    
-2.3207848    
-2.6288109    
-2.5352571    
-2.9740870    
-2.2105567    
-2.6737387    
-3.0171857    
-2.6609666    
-2.5230234    
-2.8272502    
-2.4050567    
-2.2647433    
-2.1481135    
-2.7582049    
-2.2174537    
-2.4623148    
-2.3333368    
-1.7495195    
-2.4868269    
-2.3861053    
-1.6182379    
-1.9804105    
-2.0088694    
-1.9906167    
-2.4388573    
-2.5821998    
-2.3367894    
-1.9904661    
-1.8174405    
-1.8708938    
-1.4512044    
-1.7210433    
-2.2590306    
-2.3960440    
-1.9550287    
-1.3982068    
-1.0577599    
-1.2380874    
-1.1202959    
-1.3694851    
-1.1233238    
-.62247604    
-.51335859    
-.37910193E-01
-.24861181    
-.58341825    
-1.1882186    
-1.1020401    
-1.2340318    
-.58785337    
-.62616694    
-.94924986    
-1.2309030    
-1.0456340    
-1.4256397    
-1.4433254    
-1.1712929    
-1.0550348    
-1.1641240    
-1.0802375    
-1.2185243    
-1.3741224    
-.94231302    
-1.0133533    
-1.0651947    
-.92065585    
-1.0567644    
-.19889329    
0.22929290    
-.75292112E-02
0.10535862    
0.84254473E-01
0.25419763    
0.61879903    
0.78013378    
 1.0010661    
 1.6343178    
 2.0255039    
 2.4070091    
 2.0264270    
 1.8117399    
 1.4127321    
 1.4122834    
 1.4662315    
 1.4927595    
 2.1652730    
 1.4302957    
 1.3050071    
 1.2811249    
 1.8556590    
 1.0303748    
 1.3761345    
 1.4165735    
 1.5694141    
 1.6996994    
 1.5833848    
 1.7003381    
 1.8172752    
 2.0777264    
 1.9948997    
 2.4094739    
 2.6578991    
 2.1188490    
 2.5772073    
 2.5338805    
 1.6797560    
 1.3658773    
 1.3193821    
 1.0952209    
0.72088408    
 1.3469926    
 1.6118162    
 2.0630314    
 2.4050744    
 1.3106246    
 1.1654763    
 1.2594615    
 1.2032543    
 1.0773524    
 1.0886079    
 1.5369622    
 1.4794794    
 1.3524539    
 1.3342884    
 1.2124555    
 1.6252949    
 1.3927011    
 1.5512410    
0.74994963    
0.74657995    
0.95337796    
0.94316947    
0.88751370    
0.91736054    
 1.0209560    
0.80190170    
0.81593192    
0.73527783    
0.51438224    
0.52659780    
0.44334116E-02
0.85570641E-01
0.22291075    
0.38571185    
0.39008984    
-.34877655    
-.19108681    
-.26584142    
-.15211560    
-.31354031    
-.27190155    
-.49341112    
-.56999689    
-1.1266956    
-1.4493515    
-1.0807359    
-1.8179263    
-1.9756826    
-1.3567073    
-.73843241    
-.77629900    
-.74971336    
-1.1441538    
-1.0743141    
-.97283363    
-1.3581510    
-1.4349204    
-1.0499175    
-1.5344315    
-1.0398031    
-.77657902    
-.75532305    
-.92530119    
-.50894254    
-1.1483569    
-1.2758285    
-1.0767727    
-1.4106940    
-1.4012015    
-1.3051093    
-1.0372658    
-.81763452    
-1.1970145    
-1.7476386    
-2.2459977    
-2.6945605    
-2.1041379    
-1.5166465    
-1.3637470    
-1.2628894    
-1.5368024    
-1.0144849    
-.94497484    
-1.1234790    
-1.3627096    
-1.3559265    
-.85216451    
-.63025433    
-.79382747    
-1.2956108    
-.76572514    
-.61190867    
-.96842563    
-.59742510    
-1.1789423    
-1.1979460    
-1.2708116    
-.92769915    
-.84315401    
-1.2312102    
-1.6075759    
-2.2182789    
-2.0435805    
-2.3072617    
-2.3080242    
-2.0937045    
-2.3602388    
-2.2699809    
-1.7475368    
-1.6864333    
-1.5012914    
-1.7587353    
-1.6766747    
-2.1929331    
-2.0512631    
-2.1073623    
-1.1778110    
-1.7474728    
-2.0288343    
-1.9549454    
-2.0928340    
-1.2395498    
-1.4798884    
-1.4487807    
-1.6536994    
-1.8842762    
-1.9739597    
-2.3339670    
-2.0376983    
-1.4554616    
-1.2842742    
-.90047604    
-.79973811    
-1.1738830    
-.56030995    
-.61594999    
-.89228857    
-1.2304665    
-1.0593761    
-1.1551145    
-1.8059291    
-1.7053542    
-1.3123960    
-1.5972015    
-1.0090883    
-.74634993    
-.51047450    
0.93816511E-01
0.12604396    
-.46960735    
-.49226735E-01
0.96560150E-01
0.54321980    
0.78098953    
0.87113237    
0.70863104    
0.55968219    
0.26857537    
0.87288380    
 1.2351897    
 1.1496618    
 1.7698610    
 1.8566861    
 1.6650183    
 2.2189629    
 2.8676128    
 3.0493369    
 3.3771009    
 3.1629276    
 2.9974627    
 2.3624671    
 2.5864737    
 2.0506580    
 1.8651396    
 2.1569979    
 2.3499992    
 1.9818525    
 1.8801931    
 2.2847540    
 1.5013039    
 2.2463806    
 2.4564407    
 2.7504394    
 2.7109888    
 2.5077384    
 2.1174562    
 2.2126210    
 2.3917184    
 2.2774367    
 1.9859792    
 1.8260934    
 1.0546073    
0.47993225    
0.24636000    
-.20221320    
0.78081623E-01
0.28245404    
0.26019406    
0.42302925E-02
0.11974632    
0.13919288    
-.20114392    
-.48934102    
-.41525355    
0.19545506    
0.99121815    
0.70179027    
0.73958331    
0.15802580    
0.28051868    
-.36925979E-01
-.65122622    
-.26787499    
-.10822082    
-.71878426E-01
0.19761693E-01
0.39675617    
0.32911375    
0.47336534    
0.51334184    
0.45371845    
0.26255718    
-.18742357    
0.11854555    
0.60161108    
0.77059382    
0.33984447    
0.59352863    
0.21202230    
0.19873086    
0.24576981E-01
0.43632448E-01
-.26775416E-01
0.17336883    
0.43130718E-01
-.21102828    
0.29531786    
0.16013710    
0.10850436    
-.18808457    
0.10208817    
0.67835963    
0.96892273    
0.50122816E-01
0.34631020    
0.78424767E-01
-.41528076E-01
-.46727869    
0.24896243    
0.36374831    
0.80130763E-01
-.75596668E-01
-.23876266    
-.59611511    
-.84840411    
0.12126649E-01
-.54202702E-01
-.56187999    
-.55668861    
-.24567410    
-.55388600    
-.19259635    
-.14007048    
-.19810739    
-.77658492    
-1.0749792    
-1.1898832    
-1.5367786    
-1.5143594    
-.79463351    
-1.3989766    
-1.6517386    
-1.2539703    
-1.4381645    
-1.2928472    
-1.9606564    
-1.6335924    
-1.6146684    
-1.6660783    
-1.7003161    
-1.6956983    
-1.7407991    
-1.7986077    
-1.5652945    
-.93382406    
-1.1319977    
-1.2425799    
-.69445997    
-1.0594180    
-1.1396520    
-1.6057686    
-1.2788581    
-1.8324851    
-1.5437791    
-1.7362776    
-1.1990732    
-1.2792041    
-1.2180971    
-.96897107    
-.95722377    
-.72595805    
-.63142461    
-1.0581295    
-1.3230485    
-1.7826105    
-2.4152291    
-2.8987854    
-3.0603204    
-3.0108490    
-2.9110186    
-2.4319491    
-2.1857364    
-1.9404758    
-2.2122130    
-2.1825719    
-2.5861464    
-2.7206059    
-2.0660126    
-2.2993195    
-2.5031385    
-2.3641272    
-1.7917957    
-1.9963957    
-1.9792442    
-1.8357360    
-2.2830505    
-2.7582955    
-2.7261789    
-2.8115690    
-2.8408859    
-3.0983276    
-3.1733191    
-3.2694616    
-3.0560806    
-2.4354639    
-2.2780993    
-1.8065878    
-1.6854340    
-1.4698308    
-1.5264252    
-1.1865330    
-.88902289    
-.61383456    
-.11495630    
-.60555929    
-.88534909    
-.35238066    
-.40949869    
0.42663136    
0.63602996    
 1.0028093    
 1.0859253    
0.90054768    
0.95733780    
0.62811798    
0.91197622    
 1.4025689    
 1.3179682    
 1.9572140    
 2.2478173    
 2.6081104    
 2.3572917    
 2.3028393    
 2.1894872    
 2.1537235    
 2.3056464    
 1.9218675    
 1.6429684    
 1.9501585    
 1.7361500    
 1.5750606    
 1.7248180    
 2.2753870    
 2.4899619    
 2.5182607    
 2.3461564    
 2.0859849    
 2.6057196    
 2.1254363    
 1.9259293    
 1.8377234    
 1.8751389    
 1.7421297    
 2.1669288    
 1.9886520    
 1.9840841    
 1.8991084    
 1.9146465    
 1.5661837    
 1.5099449    
 1.5817466    
 1.3791302    
0.79440677    
0.58732921    
0.43259996    
0.76850659    
 1.4163742    
 1.2616627    
 1.0211062    
0.74194723    
-.26963918E-01
0.80692120E-01
0.17883089    
0.26067019    
0.70879096    
0.79504675    
0.56373304    
0.66237247    
0.39587861    
0.58720368    
0.62180418    
0.49310490    
-.19014916    
-.49268553    
-.47677362    
-.39504327E-01
0.24460310    
0.44193041    
0.69892222    
0.80226493    
0.80474073    
0.71075052    
0.78676164    
0.58534354    
0.48000085    
0.66943765    
0.50564426    
0.79953742    
0.58824009    
0.61245269    
0.17667855    
0.22701627    
 1.5142913    
 1.2391447    
 1.0792305    
 1.5652095    
 1.6331751    
 1.5768358    
 1.4502368    
 1.0568769    
0.47494307    
-.59055772E-01
-.15076193E-01
0.50060350    
0.40799120    
0.34733259E-02
0.51275611    
0.67778635    
0.82782155    
0.63656139    
0.74393094    
0.28955904    
-.14044493    
-.31502241    
-.79230154    
-.56684613    
-.70850992    
-.27608162    
0.38610482    
0.43000546    
0.28487134    
0.88601393    
0.86377245    
0.90049624    
0.98539358    
0.53846556    
0.99980277    
0.23853266    
-.23311694    
-.31209803    
-.52227163    
-1.1682292    
-1.4204487    
-1.1635454    
-.87759006    
0.65872900E-01
0.56964532E-02
-.84802046E-01
-.44664162    
-.82152404E-01
-.31299302    
-.25786442    
-.57387471    
-.14951190    
-.63879269    
-1.0572648    
-1.0625582    
-1.2145618    
-1.1859217    
-1.5123159    
-.59494579    
-.86918938    
-.44133475    
-.31541732    
-.35517503E-01
0.12654924    
-.11196446    
0.47709912E-01
-.62301401E-02
-.42126489    
-.63931964E-01
-.31553745    
-.16648948    
-.44869402    
-.73520350    
-1.2369546    
-1.6389146    
-1.9125198    
-1.8469708    
-2.0011544    
-1.8579434    
-1.7098730    
-1.6838245    
-1.6828433    
-1.4116231    
-1.3750930    
-1.0577555    
-1.5528803    
-1.4151478    
-1.2194752    
-1.2889487    
-1.7109360    
-1.3881632    
-2.2660344    
-2.1694939    
-2.3150902    
-2.6203763    
-2.0661528    
-1.7452101    
-1.9644926    
-1.9759870    
-2.1669521    
-1.7191533    
-1.5937797    
-1.4863110    
-1.2416577    
-1.3074843    
-.99140316    
-.93003702    
-.76401770    
-.48707214    
-.62946475    
-.29680219    
0.17242554    
0.18113665    
0.12363132    
-.26499254    
0.42364645    
0.75512147    
-.51839612E-01
0.42738757    
-.44870237    
0.22624853    
0.34983569    
0.53303540    
 1.2065624    
 1.1322603    
 1.4554043    
 1.8531643    
 1.8083678    
 1.9161171    
 1.9628711    
 1.6518734    
 1.1659342    
 1.2949884    
 1.2406683    
 1.0613601    
0.90808684    
 1.0564334    
 1.0668538    
 1.4742466    
 1.3710350    
 1.5094615    
 1.4771023    
 1.3734461    
 1.4889883    
 1.6435651    
 2.3418286    
 2.4779274    
 2.2937145    
 2.8164775    
 2.9740424    
 2.7698369    
 1.8648981    
 1.7897480    
 1.4686916    
0.86220503    
0.68313521    
0.39164767    
-.85857131E-01
0.33146414    
-.28920764    
-.34489101    
0.25162790E-01
0.24087089    
0.18337417    
0.55658245    
0.69051355    
 1.3605192    
 1.1509508    
 1.1664319    
 1.4228557    
 1.3347282    
 1.2879382    
 1.2608880    
 1.0533373    
0.87342167    
 1.0514671    
0.87188417    
0.42111561    
0.37324470    
0.23773322    
-.43385182E-01
0.66011110E-02
0.99598265    
 1.1864240    
 1.1641278    
 1.1039519    
0.99558574    
 1.1937711    
0.99554336    
0.85349435    
0.83373874    
0.26385221    
-.85576564E-01
-.11427035    
0.38272616E-01
0.24066657    
0.53945196    
0.51999849    
0.83905578    
0.52604717    
0.40501517    
0.50415677    
-.45088742E-01
0.31135944    
0.10782177    
0.71453160    
0.24984075    
0.54670954    
0.20487618    
0.39313346    
-.32658886E-01
-.44046542    
-.87870115    
-.72458410    
-.86801887    
-.71219093    
-.99215277E-01
0.47587294E-01
0.13763359    
-.24588226    
0.28662421E-01
-.56339510E-01
-.20585182    
0.43036196    
0.51092654    
0.46759763    
0.44457498    
0.76299900    
 1.4322926    
 1.5323634    
0.99039298    
0.84044933    
0.61490351    
0.13165027    
0.64820564    
0.51230133    
0.38929343    
0.57653290    
0.25823653    
0.28437087E-01
-.40593747E-01
0.81487477E-01
-.33109982E-01
0.27878714    
0.63259411    
0.38598543    
0.47624189    
0.31793025    
0.37786207    
0.34842688    
0.37344557    
0.45871431    
0.41030881    
0.66375577    
0.32823041E-01
0.35911319    
0.10471760    
-.19369993    
0.61478864E-01
0.10528897    
0.47639024    
0.64764398    
0.89846700E-01
0.19199763    
-.73571980    
-.87028736    
-.59182614    
-.48594451    
-.37185484    
-.49730828    
-.14907789    
-.83868384    
-.78376788    
-1.1907046    
-1.4678040    
-1.4011440    
-.80005485    
-1.2251080    
-1.3064208    
-.82908827    
-1.6572241    
-1.9501574    
-1.8290805    
-1.5342512    
-1.7854463    
-1.7435961    
-1.5958548    
-1.5598606    
-1.8857170    
-1.2162236    
-1.5606046    
-1.4745128    
-2.2065721    
-2.1512232    
-2.1605513    
-2.0273118    
-2.2577682    
-2.0199485    
-1.5839163    
-1.4148711    
-1.2549094    
-.83769166    
-1.6715281    
-.76269120    
-.47900417    
-.37701818    
0.14416616    
0.28565234    
0.25398335    
0.18254688    
0.47375619    
0.45638165    
0.14328058    
0.37634379    
0.11811412    
-.32077205    
-.40119594    
-.60289890    
-.71646291    
-.40115055    
-.66121124E-01
-.70202059    
-.37425396    
0.22172734    
0.61410457    
0.54463196    
0.62678540    
0.46490163    
0.45818794    
0.65488130    
0.55366695    
0.48117232    
 1.3023738    
 1.8017451    
 1.3586513    
 1.9380676    
 1.5971017    
 1.5266796    
 1.8210969    
 1.9437232    
 2.3412557    
 2.1282253    
 2.3906522    
 2.1633787    
 2.6358728    
 2.2505786    
 2.1731551    
 1.4636064    
0.87966627    
0.70346707    
0.84799039    
0.98580366    
0.78456205    
 1.1149220    
 1.0233063    
0.54078478    
0.32650128    
0.18548803    
0.53335422    
-.17410508    
-.96819699E-01
-.20378406    
-.17034063    
0.37243217    
0.56626230    
0.72995567    
0.92249644    
0.85121644    
0.59624273    
 1.0561227    
0.79262656    
0.83023471    
0.69051456    
0.49958628    
0.98215580E-01
0.15989162    
0.33498237    
0.23820008    
0.61475277    
0.77713674    
0.65551680    
-.21668613    
-.66019118    
-.92525738    
-1.1664034    
-.75091982    
-.64946157    
-.28618237    
-.16168112E-01
-.34966516    
-.31806728    
-.43044433    
-.42829973    
-.13791086    
-.20682999    
0.54821040E-01
-.34056714    
-.25515515    
-.10946905    
0.10399392    
0.14656658    
-.27292103    
-.60016459    
-.88576084    
-.55828857    
-.69029790    
-.59362262    
-.37475750    
0.98836802E-01
0.27205113    
0.36714149    
0.43453386    
0.29014197    
-.53107265E-01
-.21557778    
-.45121655    
0.11943528    
0.23197688    
0.28549281    
0.52634007    
0.71767044    
0.95917308    
 1.0538136    
 1.3191260    
 1.4471724    
0.82969111    
0.78562284    
 1.1070033    
 1.0659505    
0.47137436    
0.73993248    
 1.0093225    
0.90118170    
0.68352795    
 1.1305488    
 1.2078170    
0.93054295    
0.88521266    
0.83315402    
0.86610532    
0.59364384    
0.64065325    
0.80676746    
0.39625284    
0.63713342    
 1.1410426    
 1.0829076    
0.91203147    
 1.0498437    
0.79116911    
0.43839103    
0.22034283    
0.34900252E-02
-.36658395E-01
-.28854817    
-.20373574    
-.91920608    
-.34913006    
-.26285788    
-.33078268    
0.85013315E-01
0.22597735    
-.47058710    
-.22396071    
-.46071854    
-.34614924E-01
-.26135889    
-.21644965    
0.15554819E-01
-.40538847    
-.64538300    
-.67225754    
-1.5140984    
-1.6177059    
-.95576763    
-.83392459    
-.69857627    
-.81015444    
-.99037623    
-.88833076    
-.99927366    
-1.0780160    
-1.1623929    
-1.2660904    
-.92015809    
-1.1541784    
-1.3105688    
-1.6091124    
-1.4115559    
-1.4192985    
-1.8606417    
-1.9915975    
-2.1108871    
-1.9698910    
-1.4924442    
-.69825631    
-.76819736    
-.46862265    
-.40129542    
-.52409190    
0.17088218    
0.17310899    
-.23685649    
-.19382197    
0.21693814    
-.48204309    
-.63020039    
-.23527341    
-.33896384    
-.16574354    
-.34194905    
-.32030097    
-.68231708    
-1.0813698    
-1.5055339    
-.87556958    
-1.9257563    
-1.8460084    
-1.7565655    
-1.8274157    
-1.5815256    
-1.7069440    
-1.3435149    
-1.2643406    
-.84080023    
0.20488812    
-.17024592    
0.81477410    
 2.1876314    
 1.6764575    
 2.0250626    
 1.8355281    
 1.8068917    
 2.0230341    
 1.7468733    
 1.6417270    
 1.9278010    
 2.5257194    
 2.2239861    
 2.3226488    
 2.2210498    
 2.1330719    
 2.3870680    
 2.2452271    
 1.7820714    
 1.8468263    
 1.8486497    
 1.9799200    
 2.1856840    
 2.2841361    
 2.6116576    
 2.4923842    
 2.2930443    
 1.7574369    
 1.7321972    
 1.4818363    
0.75988728    
0.84965324    
0.59729123    
0.70676517    
 1.2076682    
 1.6601202    
 1.5544517    
0.96980447    
 1.1271644    
 1.2164422    
0.78928065    
0.68210489    
0.41831657    
0.40054500E-01
0.16742764    
0.87899208    
0.98593283    
0.83141327    
0.55002952    
0.34704334    
0.57181215    
0.80606550    
0.87958390    
0.92315596    
0.47076738    
-.30451924    
-.97237837    
-.61169684    
-.98547792    
-.77462894    
-1.0613140    
-.75921452    
-.59023833    
-1.1699921    
-1.0429435    
-1.0965513    
-.93555671    
-.41303119    
-.51808333    
-.54295677    
-.32686707    
-.74737638    
-.21865463    
0.32746497    
0.25747818    
0.31248957    
0.27035361E-01
0.32324351E-01
-.15824880    
-.64487569E-01
-.60893923    
-1.4863899    
-1.6711634    
-1.5007997    
-.58975923    
-1.0659920    
-1.5091645    
-.96723473    
-1.0980843    
-.82658583    
-.80164236    
-.26371059    
0.25657615    
0.51228589    
0.38930872    
0.31710851    
0.32354450    
0.29914430    
0.39400214    
0.18648478    
0.12944211    
0.24876286    
0.25985861    
-.19912656    
0.17473935    
0.10585504    
0.17432855    
0.20793119    
0.13313366    
-.15250015    
-.23894252    
-.14443673    
-.38539433    
-.11743101    
-.33223414    
-.47069868    
-.11299629    
0.20243384E-01
0.15573888    
-.13642699    
0.12780395    
-.85456558E-01
0.93645197    
0.42384079    
-.47106795E-01
-.42519265    
-.30241016    
-1.1739690    
-1.0627594    
-1.8630265    
-1.0841309    
-.36094165    
-.61352378    
-.65199959    
-.73332262    
-.16463818E-01
-.87036783    
-.33299166    
-.26534754    
-.62310081E-02
-.12775871    
0.30887431    
0.39820006    
0.14251581    
-.26353836    
-.65250057    
-.85902131    
-1.0926638    
-.86562485    
-.92672974    
-1.1930113    
-1.0536494    
-1.3877897    
-1.4561774    
-1.6667634    
-1.8502343    
-1.1128323    
-1.0470848    
-.91448718    
-.95196563    
-1.4263170    
-.99483895    
-1.6040449    
-2.0675836    
-2.4862630    
-1.9002323    
-1.8062146    
-1.8109400    
-1.2083955    
-1.4799892    
-1.5123216    
-1.1686269    
-.62076342    
0.95979363E-01
-.23213553    
-.60780966    
-.72641408    
-.30293551    
-.25413486    
-.43087462    
-.93295616    
-.49178410    
-.33173582    
-.68788594    
-.93301213    
-1.4542817    
-1.5340818    
-1.3800499    
-.87327451    
-.57586062    
-.32227424    
-.47627512    
-.91303790    
-1.7959204    
-1.7475058    
-1.2702416    
-.88280427    
-.26986453    
-.17587583    
 1.1325188    
 1.8547153    
 2.4855361    
 2.0818536    
 1.6757002    
 1.9914761    
 2.2795515    
 2.0101979    
 2.1090558    
 2.0150776    
 2.5530975    
 2.2645504    
 2.0921636    
 2.3472576    
 1.8343054    
 2.1931281    
 1.9768145    
 2.2491632    
 1.7053216    
 1.6267393    
 1.9509879    
 2.0899951    
 2.1097841    
 1.7227345    
 1.5663618    
 1.0328164    
 1.0148910    
0.68216401    
0.36314315    
0.38921857    
0.46865183    
0.36327958    
0.26620540    
0.50131965    
0.17034036    
0.66638106    
0.52200276    
-.39117387    
-.24321704    
-.42714208    
0.28859004    
0.31715128    
0.24107805    
-.33848387    
0.20612548    
-.12642732    
-.21669406    
0.10329551    
-.47940191E-01
-.17671371    
0.13182366    
-.35371691    
-.10684913E-01
-.12521188    
-.48764521    
-.86203218    
-.49380717    
-.56333727    
-.67310768    
-.45772931    
-.82701886    
-1.2625543    
-.72171688    
-.70913368    
-.49018028    
-.73401414E-01
-.10965717    
-.21307494    
-.62976164    
-.47410613    
-.81187600    
-.62960881    
-.43619820    
-.80298150    
-.68028778    
-.44142002    
0.10073179E-01
-.61585955E-01
0.47821251    
-1.3563443    
-.79979277    
-.90406853    
-.96717340    
-.74170750    
-.72950816    
-1.0808846    
-1.1824232    
-1.2029551    
-1.3421555    
-1.8712103    
-1.6602352    
-1.4742531    
-.94814289    
-1.2966797    
-1.1586657    
-.81920290    
-1.3216048    
-1.4099256    
-1.4860492    
-1.8039950    
-2.0147164    
-1.3733238    
-1.0991180    
-1.3298142    
-1.2542286    
-.98574758    
-1.4790179    
-.50665563    
-.97805724E-01
0.14846845    
0.89086956    
 1.1878457    
 1.1030108    
0.96816832    
 1.1274099    
0.87606508    
 1.0616339    
 1.3380269    
0.82391453    
0.77723634    
0.62460750    
0.32780471    
0.72964154E-01
-.12845254    
-.24446036    
-.50066340    
-.73696727    
-.46607333    
-.46420035    
-.35014051    
-.37333557    
-.69661140    
-.67946541    
-.22597004    
-.21578427    
-.43399161    
-.62777537    
-.65599763    
-.41085395    
0.14475006    
0.26802826    
0.62899822    
0.34711549    
-.16025869E-01
0.23134889E-01
0.31496355    
-.77435249    
-.85717154    
-.11699104    
-.41139039    
-.48713014    
-.17332686    
-.46960476    
-.64071059    
-.57099819    
-.89072108    
-.88985717    
-.91381174    
-1.1893699    
-1.2528617    
-1.5238848    
-1.0357736    
-.93441159    
-1.1261939    
-1.1881407    
-1.5831366    
-1.4547005    
-1.1233155    
-1.2527852    
-.91062814    
-.58183771    
-.85656232    
-1.3001605    
-1.1122993    
-1.0817575    
-1.0500023    
-1.5697423    
-1.9941180    
-1.5597845    
-1.3936216    
-1.0226178    
-1.3855798    
-1.3630219    
-1.3553939    
-.88543600    
-.55155236    
-.72501957    
-1.2903839    
-1.1137246    
-1.2243805    
-1.4329662    
-1.2689995    
-1.1799622    
-1.1115369    
-1.5330580    
-.81802571    
-.69462454    
-.75787163    
-.17870805    
-.45650911    
0.30924174    
0.88762295    
 1.3002247    
 1.4116110    
 1.6369544    
 1.5102214    
 1.9363711    
 1.6079621    
 1.9110191    
 1.8925498    
 1.7229556    
 1.7589816    
 1.2683648    
0.96696287    
 1.5321002    
 1.1328707    
 1.2561989    
 1.6747892    
 1.5472577    
 1.5746218    
 2.2107339    
 2.3875973    
 1.9007294    
 2.0133679    
 1.5346428    
 1.0139960    
 1.2209026    
0.93074721    
0.84123266    
0.73080415    
0.85749298    
 1.0184237    
 1.1595098    
 1.2310495    
0.78160876    
0.95571882    
0.55251551    
0.44304186    
0.19759199    
0.50280994    
-.13992824    
-.20093603    
0.97249925E-01
-.26659925E-01
-.38234514    
-.16637172    
-.34147885    
-.40235931    
-.70286840    
-.88572669    
-.82982039    
-.50269896    
-.55545741    
-1.0319656    
-.84567422    
-1.1314874    
-.98982334    
-.81498319    
-1.8845755    
-1.5516564    
-1.8160081    
-1.5402195    
-1.5286129    
-1.3303607    
-.64992517    
-.84001833    
-1.3678302    
-.80685985    
-.53209341    
-.67088252    
-.33201653    
-.51247275    
-.86197776    
-.49982864    
-.66273510    
-.44100636    
-.51441449    
-.92746419    
-.92732054    
-.68467534    
-1.0388582    
-1.1265061    
-1.1745092    
-1.7397096    
-1.5196972    
-1.5169269    
-1.0240910    
-.65196389    
-1.1394279    
-1.2765861    
-1.8804984    
-2.1499484    
-1.4976046    
-1.2107929    
-1.5672222    
-1.6714939    
-1.3839407    
-1.5442913    
-1.9265443    
-1.7926359    
-1.2996465    
-1.3558258    
-1.6213843    
-1.5798044    
-1.2727778    
-1.8804266    
-1.3239031    
-1.2793306    
-.52468568    
-.66021764    
-.43000296    
-.44838983    
-.66062272    
-.91529572    
-.40804020    
-.55429071    
-.56123859    
-.28504249    
-.14287774    
-.80928765E-01
-.21791022    
-.30194369    
-.13837637E-01
-.53960097    
-.30080318    
-1.2070025    
-.35291481    
-.41509503    
-1.0662504    
-.88599700    
-.93768978    
-.65167159    
-.77595282    
-1.2660923    
-1.3049539    
-1.0931194    
-1.0351903    
-1.3122153    
-1.1029937    
-.47395149    
-.31566408    
-.32031022E-01
0.61378872    
 1.0318489    
0.67125529    
0.27236554    
0.16447460E-01
-.13388881E-01
-.17504346    
-.37401918    
-.67744601    
-.89679545    
-.84808147    
-.73443526    
-.49703825    
-.48056430    
-.22756025    
-.57896741E-01
-.59671235    
-.87957710    
-1.4779313    
-1.2344090    
-1.3510580    
-1.5561597    
-1.3760118    
-1.9781698    
-2.0524688    
-2.2792010    
-1.8352557    
-1.6645658    
-1.9246014    
-2.4671795    
-2.3685694    
-2.2572386    
-2.0856216    
-1.8232490    
-1.7971989    
-1.9414649    
-1.7686059    
-1.3677739    
-.90220767    
-1.0214248    
-.66751987    
-.56791997    
-.75443542    
-1.0679712    
-1.2714336    
-1.9014570    
-1.4200267    
-1.2422754    
-1.2390076    
-.87075824    
-1.4164348    
-.93897051    
-.85531646    
-.49458280    
0.47393873E-01
0.55242825E-01
-.23719250    
-.33500117    
0.41122600    
0.58138251    
0.64465594    
0.56484288    
0.94639969    
0.97218698    
0.97306895    
 1.5861809    
 1.9451203    
 1.7686793    
 1.9630883    
 1.6039391    
 1.9509058    
 1.9205872    
 1.4264828    
 1.3190869    
0.50737005    
0.38556379    
-.43685332    
0.32075068    
0.64142501    
0.90650856    
 1.1762956    
 1.1187609    
0.71098804    
0.71877074    
 1.1365107    
0.58839726    
 1.1359373    
 1.2138354    
0.71445304    
0.19201596    
0.20512907    
-.58510158E-01
0.29970165E-01
-.41651386    
-.87187749    
-.98007470    
-.52787644    
-.75917274    
-.35380352    
-.91274834    
-.79904228    
-.48355523    
-.55781275    
-.50817007    
-.32119557    
-.26192153    
-.33400807    
-1.0153253    
-1.1065056    
-1.3718779    
-1.3726047    
-1.0513533    
-1.4616438    
-.99163288    
-.95419115    
-.74835092    
-.46755573    
-.35711458    
-.16086681    
-.63452691E-01
0.16918544    
-.97900197E-01
-.48936379    
-.56177372    
-.45684707    
-.64119148    
-.80909914    
-.50594026    
-.86164200    
-.75266641    
-.92050207    
-1.0314552    
-.91039395    
-.86523074    
-.72082210    
-.57333857    
-.95343274    
-.80093330    
-.48223782    
-1.2957528    
-1.5361446    
-1.9062455    
-1.3733662    
-1.7975924    
-2.2405121    
-1.7582493    
-1.4120013    
-2.2242713    
-2.8302689    
-2.7618330    
-2.3230894    
-1.7440698    
-1.2902950    
-.49296606    
-.16577119    
-.65404123    
-1.4299552    
-1.1265895    
-1.0118511    
-1.0138193    
-1.1465976    
-1.3032407    
-1.1629829    
-.88273680    
-.64214528    
-.73146176    
-.59656703    
0.49011610E-01
0.34170184E-01
0.10782817    
0.18616289    
0.30694088    
0.42864892    
0.48435725E-01
-.16369903    
-.59420377    
-.23716450    
0.34157515    
-.20177336E-01
0.25847449E-02
0.53408486    
0.72547145E-01
0.29067978    
0.17433712    
0.65180659    
0.15305002    
0.57156444E-01
0.81597857E-01
-.71575999E-01
-.12383992    
-.11061222    
0.46903968E-01
-.27903888    
-.93369730E-01
-.48707974    
-.26273042    
-.33863872    
-.99385060E-01
0.27659887    
0.13572520    
0.18147896    
-.35410437    
-.55638012E-01
-.66442400    
-.52968633    
-.68001086    
-.71042472    
-.82034004    
-.73777920    
-.70488185    
-.43645579    
-.50384414    
-.54639488    
-.91768920    
-.84147930    
-.58742142    
-.78841418    
-.97761220    
-.79083174    
-.95087594    
-.79522878    
-1.2035758    
-1.4953655    
-2.3036008    
-2.0283241    
-2.0705709    
-1.9851912    
-1.7943622    
-2.0025311    
-2.1399612    
-2.0520415    
-2.2862277    
-2.0614820    
-1.6990134    
-1.0823661    
-1.7963936    
-1.6859266    
-1.6818060    
-1.5074340    
-2.0280747    
-1.0415699    
-1.2628565    
-1.2888179    
-1.1896615    
-1.6246890    
-1.6718709    
-1.3058201    
-.74440408    
-.76769471    
-.93784529    
-.87166548    
-.28417605    
-.41262707    
-.54636252    
-.30996072    
-.17669064    
-.48552305    
-.56700343    
0.49232364E-01
-.52047580    
0.34831833E-01
0.31702110    
0.68743140    
0.73848712    
0.57459819    
0.25500172    
0.27781227    
0.58107287    
0.81329590    
0.79703701    
0.72422755    
-.69179167E-02
-.34847686    
-.76405948    
-.61164099    
-.51836550    
-.35079467    
-.44940919    
0.45719434E-01
0.21050483    
0.24790561    
-.10263189E-02
-.30018533E-01
-.18970822    
-.76729141E-01
-.14798804    
-.15710191    
-.79925579    
-.91752017    
-1.1460552    
-1.1476244    
-.93141496    
-.75607699    
-.87091070    
-.58486843    
-.57861423    
-.99715658E-01
-.12892079    
0.39122543    
-.16575629    
-.35651439    
-.10950398    
-.31798223    
-.47223249    
-.41149482    
-.50385267    
-.79096752    
-.55633217    
-.97088659    
-.53387833    
-.37805060    
-.21077521    
-.58756220    
-.64431804    
0.20505600E-01
-.15991309    
-.54429317    
-.45528880    
-.41781464    
-.24885204    
-.50391722E-01
-.31364354    
-.37163749    
-1.0897976    
-1.1626071    
-.81990486    
-.52398670    
-.26367730    
0.64147457E-01
0.42914855    
0.32738534    
0.32257599    
0.32856244    
0.19240846    
0.54406580E-01
-.61655603E-01
-.36432055    
-.51901144    
-.86576980    
-.55671269    
-2.0533857    
-1.3680993    
-1.5557581    
-1.9474297    
-1.6282481    
-1.6281172    
-1.1287087    
-.80605727    
-.85689354    
-1.3452922    
-1.3291649    
-1.3631333    
-1.1928891    
-1.1797910    
-1.2160131    
-.98072094    
-1.5610999    
-1.7774398    
-1.7009666    
-1.9116604    
-1.6318116    
-1.3679649    
-1.0576952    
-.88047802    
-.45818335    
-.22146216    
0.24899770    
0.64437754E-01
-.39248085    
-1.0226275    
-1.1496093    
-1.1813710    
-.89025706    
-.38478065    
-.23154722    
-.23011844    
-.34389917E-01
0.58994484    
0.73261738    
0.53026640    
0.87295711    
0.99160761    
0.76996356    
0.32486999    
0.55446750    
-.69910668E-01
-.18954618E-01
0.10021222    
0.44443089    
 1.0404373    
0.47491530    
0.35392034    
-.10639992    
0.10116744E-02
0.43793508    
0.80211401    
-.18447816E-02
-.15655148    
-.12926948    
0.20764545    
-.30410722E-01
-.51308167    
-1.2397517    
-.60798138    
-.54725313    
-.93058503    
-.99291629    
-1.0634811    
-.36861715    
-.63453388    
-.53135633    
-.86114556    
-.99520338    
-.39877462    
-.13331701    
-.58991194E-01
-.37596908    
-.23098223    
-.19188233    
-.65228593    
-.82280791    
-.90995520    
-.73192233    
-.33960971    
-.45240438    
-.65938622    
-.75876313    
-1.2381173    
-1.7728657    
-1.6458985    
-1.8285142    
-1.2354903    
-1.0579505    
-.84720862    
-.88206971    
-.95893133    
-.76669240    
-.73222107    
-1.1543382    
-.88271016    
-1.1307232    
-1.2658828    
-.96630305    
-.77167487    
-1.1067986    
-1.4265974    
-1.1610355    
-1.4394803    
-1.8169461    
-1.0569297    
-.76114613    
-.47055289    
-.51523757    
-.26697326    
-.36751157    
0.91185831E-01
 1.0132879    
0.72052771    
0.97395009    
0.84946239    
0.52589118E-01
-.60135415E-02
0.28136617    
-.81963941E-01
0.64393118E-01
0.33213761    
0.30682558    
0.35252219    
0.38100159    
0.62067473    
0.37635455    
-.26191291    
-.74796721E-01
0.41378102    
-.16088338    
-.42478183    
-.38126889    
0.14967918    
0.44547912    
0.46405905    
 1.0523959    
 1.2014267    
0.75033188    
0.41905519    
0.39488187    
0.74026293    
-.20622376E-01
-.21118087    
-.56151032    
-.20829345    
-.13446501    
-.43792787    
-.38460013    
0.32490052E-01
-.39584801    
-.72208565    
-.31887007    
-.19790316    
-.77668381    
-.71149027    
-.83531415    
-.79017299    
-.95705634    
-1.0494400    
-.96628755    
-1.0577989    
-.98779969E-01
-.57755011    
-.66993475    
-1.0011169    
-.43896100    
-.21807232    
-.56262448E-01
-.28840327    
-.56972033    
-.39565092    
0.76536410E-01
0.12013229E-01
-.16152650    
0.25458097    
0.80670613    
0.43788990    
0.65348649    
0.33704332    
0.53104544    
0.29699129    
0.93526863E-01
0.15580854    
-.30930293    
-.40281272    
0.91699101E-01
0.57162333    
0.39431831    
0.49789172    
0.32162714    
-.37646127    
-.25858960    
-.41797832    
-1.1020948    
-1.1239765    
-.81699705    
-1.0731958    
-1.0472826    
-1.1113648    
-1.1952648    
-1.4886649    
-1.0882808    
-1.1398594    
-1.0970470    
-1.1769900    
-1.1609846    
-1.5694627    
-.97851664    
-.83762848    
-.30168226    
-.46123576    
-.30799437    
-.35775802    
0.41848771E-01
0.45214300E-02
-.23837116    
-.34423092    
-.54131955    
-.57449698    
-.35934260    
-.80869123E-01
-.61450351E-01
-.62593228    
-.75758576    
-1.0664159    
-1.1034789    
-.56656939    
-.69662791    
-.48145899    
0.69069856    
0.84599370    
0.80284876    
0.67081714    
0.88110104E-01
0.13788420    
-.27794391    
0.28893363    
0.41062737    
0.36358237    
-.40095571    
-.57410854    
-.43108705    
-.32060519    
0.28693072E-01
0.44041142    
0.29952514    
0.30400345E-01
-.30534625    
-.79911584    
-.36217943    
-.73138183    
-1.4026515    
-1.6143609    
-1.1929011    
-.94956833    
-.68816662    
-.71006691    
-.83470583    
-1.4956520    
-1.1027061    
-1.1110786    
-1.3467101    
-.97244710    
-1.7697792    
-1.3912549    
-.92701685    
-.89875060    
-.14911288    
-.34910649    
-.56334633    
-.10232726    
-.96828341E-01
-.13873926    
-.51039547    
-.84597623    
-.81491739    
-.39897951    
-.35590115    
-.59554428    
-.76565164    
-.78264540    
-1.1196231    
-1.2888082    
-1.2596965    
-.95521635    
-.91256863    
-.87898850    
-1.4094543    
-1.2830733    
-1.4463183    
-1.6828204    
-1.7860129    
-1.8051695    
-1.8090037    
-1.7276359    
-1.7148312    
-1.3316668    
-1.0795777    
-.46584937    
-.43657237    
-1.2631056    
-.84410751    
-1.1018137    
-1.0572200    
-1.1690869    
-1.3523378    
-.64080518    
-.53067172    
-.57914549    
-.96371031    
-.55145359    
-.52180594    
-.71128327    
-.90203768    
-1.6094527    
-1.0027088    
-1.0182606    
-.18708733    
-.50653303    
-.29295063    
0.35076490    
0.52212131    
0.12722511E-01
-.12484340    
0.43262210E-01
0.24975520    
0.11643486    
0.79009908    
0.89165759    
0.30457553    
0.13289408    
0.31382692    
0.48365700    
0.46141553    
0.74482715    
0.48111254    
0.41610751    
0.90063566    
0.80255252    
 1.3822486    
 1.6341789    
 2.0003641    
 1.4487222    
 1.1114959    
0.60319388    
0.50165570    
-.17800592    
-.81568368E-01
0.51013064E-01
0.47029155    
0.49912968    
0.36469036    
0.56665456    
0.27099934    
0.43805084    
0.75090420    
0.58203965E-01
-.25555295    
-.22352563    
-.52907933E-01
0.24592759    
-.10862244    
-.42214125    
-.68556577    
-1.0946324    
-1.5607514    
-1.2664415    
-.93833667    
-.54420376    
-.90253621E-01
-.11003297    
0.39837471    
-.57702302E-02
0.77108257E-01
 1.1535896    
 1.1651659    
0.61323440    
0.84938876E-01
0.16839857    
0.21051601    
0.99045658    
0.43179885    
0.50231075    
0.41062902E-02
-.32344818    
-.23522909    
-.53336740E-01
-.19419372    
-.71389765    
-.66411549    
-.68027174    
-.54816717    
-.75296664    
-.98737645    
-.48050290    
-.24369332    
-.73904198    
-.75040889    
-.56193244    
-.53794599    
0.76036647E-01
0.30460410E-01
-.53319652E-01
-.10898364    
-.77963218E-01
-.19672322    
-.29431522    
-.45181149    
-.19608337    
-.14572191    
0.10434176    
0.34488347    
0.34240621    
0.48700956    
0.63352627    
0.31691167    
0.15998404    
-.13285294    
0.19563363    
0.35985717    
-.40298151E-02
-.80970675    
-.14885862    
-.33178699    
-.42737988    
-.35943732    
-.24759950    
-.41572115    
-.47576201    
-.69645464    
-1.3141599    
-1.7768227    
-2.0399151    
-1.6452879    
-1.4538344    
-1.5545722    
-1.1911367    
-1.2324754    
-1.0657476    
-.81470168    
-.75056666    
-.99786305    
-.91718638    
-.42897794    
0.26431897    
0.13315928    
0.14898252    
0.17849761    
0.68052936    
0.48377192    
0.41296679    
0.68279666    
0.37923032    
0.67963529    
0.37921891    
0.18240640    
0.10970135    
0.28257248    
0.22436789    
0.34137765    
0.58405556E-01
-.14375333    
-.16094048    
-.47890228    
-.40550640    
-.67954642    
-.71638507    
-.68433261    
-.76684529    
-.86023319    
-1.1802740    
-1.6814128    
-1.3935345    
-.95622808    
-.66288143    
-.34057710    
-.28739166    
-.80228895E-01
-.20060870    
0.97842114E-02
-.21015221    
-.51902145    
-1.0047069    
-1.1439499    
-.83669710    
-.96215975    
-.74473381    
-.41267145    
-.61146557    
-1.0936848    
-1.0601608    
-1.4886770    
-1.6696241    
-1.4290860    
-1.4133199    
-1.2690169    
-1.3156171    
-1.7396601    
-1.4970939    
-1.5458204    
-1.8923708    
-2.0659306    
-1.8585135    
-1.7402546    
-1.5579096    
-1.3803177    
-1.3353390    
-1.6766198    
-1.2149493    
-1.0588231    
-.91533959    
-1.3664070    
-1.6679001    
-1.3752462    
-.77636200    
-.47267133    
-.38027999    
-.53170270    
-.60488361    
-.29533008    
-.15022065    
-.17327684    
0.19185752    
0.31688496    
0.42090455    
0.33335531    
0.44993439    
0.11458571    
0.48131410E-01
0.26296553    
0.48260278    
0.23777357    
0.71146131    
0.32246721    
-.12517479    
-.16314426    
-.51348007    
-.65110373    
-1.0819589    
-.42973140    
-.15893508    
0.26256204    
0.76867682    
 1.1174089    
0.93458325    
0.84338188    
0.23481840    
0.97922578E-01
-.14367299    
-.32909563    
-.12756106    
-.93302310E-01
-.48020664    
0.42836122E-01
0.22117352    
0.33405665    
0.16945149    
-.73638715E-01
-.50997359    
-.22163704    
0.16522622    
0.90224557E-01
0.28480530    
0.61359936    
0.68170816    
 1.0522869    
0.77372491    
0.21034610    
0.17861024    
0.35192427    
0.41673827    
0.15708961    
-.17220147E-01
-.86533226E-01
-.56597114    
-.68601161    
-.60907912    
-.71565193    
-.40479669    
-.30856290    
-.71774417    
-.28818813    
-.20446515    
-.73642291E-01
0.95825277E-01
-.38989705    
-.65923929    
-.28172782    
-.41068900    
-.89516634    
-.52449417    
-.50586969    
-.31348112    
-.96257639    
-.66581142    
-1.1287024    
-1.2444342    
-.33219278    
0.15503864E-02
-.55080575    
-.63431883    
-.65543622    
-.52375317    
-.22213101    
-.22560598    
0.34828201E-01
-.33276036    
-.59200859    
-.31780806    
-.46260032    
0.14024054E-02
0.16336188    
0.48840493    
0.37754580    
0.50258511    
0.86280662    
0.31435034    
0.69469893    
0.62644005    
0.99473131    
0.84922945    
0.63754700E-01
-.20819303    
-.35707586E-01
-.39454731    
0.15037058    
-.17703953    
-.66108060    
-.87568980    
-.96684849    
-1.5600742    
-.69506377    
-.29907104    
-.11959818    
0.79002380E-02
-.60992211    
-.20955560    
-.76779321E-01
-.92643477E-01
0.45361689    
0.80939949    
0.56043059    
0.92781681    
 1.3579949    
 1.3399494    
 1.1248201    
0.62376040    
0.60432583    
0.42958000    
0.88581789    
0.53143787    
0.45102158    
0.50438797    
-.46502691E-01
-.20603786    
-.59392963E-01
0.21646647    
0.17518036    
-.25484836    
-.52140594    
-.74973661    
-.29410657    
-.76351601    
-.93858528    
-1.1359475    
-.69138342    
-.51108980    
-.31536549    
-.24850559    
0.59131227E-01
0.15625329    
0.26705793    
0.61939698    
0.57320291    
0.12752156    
0.17449431    
0.64917982    
0.22968536E-01
0.23017463    
0.18540452    
-.36197716    
-.15009117    
0.32688749    
0.58567148    
0.75373054    
0.21828242    
-.49724329    
-.63705593E-01
-.24090026    
0.36810623E-02
-.25947571    
0.21370770E-02
-.42948875    
-.45065233    
-.72145587    
-.95593858    
-1.3491007    
-1.7797598    
-1.0870308    
-1.0055592    
-.41142485    
-.26516769E-01
0.21387702    
0.42229023E-01
0.31385552E-01
-.24402249    
-.43986237    
0.13992471    
0.23494211    
0.26686496    
-.15328467    
-.36191797    
-.24218832    
0.14615352    
-.31254491    
-.46117932E-01
-.70604289    
-.68991435    
-.76617354    
-.45253050E-01
-.55841230E-01
0.33781141    
0.52873915    
0.50632799    
0.62000620    
0.71043253    
0.83737457    
0.82194823    
0.45615211    
0.43559632    
0.44955558    
0.32860902    
0.31510550    
0.32726261    
0.37809324    
0.21014403    
-.61978430E-01
0.24306896    
-.36286035    
0.60954366E-01
0.13765291E-02
-.52249312    
-.79085404    
-.78466451    
-.63504255    
-1.2281076    
-1.3311427    
-1.8029071    
-1.7381464    
-1.7161256    
-1.5206169    
-1.0664102    
-.94529903    
-1.4031854    
-1.2814221    
-1.6594802    
-1.5600276    
-1.4926389    
-1.6202881    
-1.4704745    
-1.2212081    
-1.4650946    
-1.1657708    
-.37766886    
0.60460079    
0.24646521    
-.20224381E-01
0.51493514    
0.71045965    
0.60659391    
0.37451300    
0.29922098    
0.90937698E-02
0.22463429    
0.28701216    
0.17188630    
0.14330113    
0.27247438    
-.65664269E-01
0.10340022    
0.43865144    
0.41031140    
-.73973298E-01
-.14952858    
0.23416945    
0.20341291    
0.14987508E-02
0.60031241    
0.14722544    
0.33654177    
0.44230652    
-.59328645    
-.43126333    
-.97469604    
-.89682692    
-.57180363    
-.59709603    
-1.0810792    
-.86694407    
-.97379935    
-1.1094954    
-.88170344    
-.42301297    
-.56900024    
-.43943211    
-.88122988    
-1.3163922    
-1.2173313    
-.42154035    
-1.2529955    
-1.4486945    
-1.2513026    
-1.1357137    
-1.6016781    
-1.0884215    
-.43656811    
-.45455739    
-.39302239    
-.35565013    
-.45042136    
-.32394326    
-.42280069    
0.48364989E-01
0.16319562    
-.15549846    
-.40831059    
-.33484340    
0.14541252    
-.65868058E-04
-.91150865E-01
-.17649935    
-.19069305    
-.27136645    
0.64774401E-01
0.18909581    
0.45235029    
-.31321313E-01
0.40148398    
0.75376618    
0.31814352    
0.86739250E-01
0.31879804    
-.18046862E-01
0.10790079    
0.82166009E-01
0.14465797    
0.34716851    
0.20957220    
0.24417169    
0.20366994    
-.76868325E-01
-.35358897    
0.59686202    
0.26859537    
0.31013379    
0.63476270    
0.41948676    
0.37985402    
0.67093402    
0.76003635    
0.87881482    
0.25855479    
0.19138004    
0.53802955    
0.90256023    
0.58500201    
0.57747549    
0.21565267    
0.27840797E-01
0.25585330    
0.43651482    
-.30720854    
-.43302605    
-.15123281    
-.52871231E-01
0.11072142    
-.29132637    
-.55490410    
-.32444775    
-.25451246    
-.19033553    
-.26521248    
0.17129207    
0.23306049    
-.32930008    
-.74311513    
-.19772398    
-.70637113    
-.66158289    
-.97541623E-01
-.39457616    
-.81585026    
-.55381846    
-.76017511    
-1.0245919    
-1.5974668    
-1.5280610    
-.82821184    
-.39235356    
-.35877481    
0.16601072    
0.55370373    
0.63768184    
0.61056513    
0.62846112    
0.95224613    
 1.1340622    
0.71454883    
-.22530841E-01
-.33518812    
-.58634281    
-.79793149    
-.70403904    
-.93305486    
-.99760175    
-1.0666147    
-.25520211    
-.35782102    
-.62633914    
-.25317180    
-.25307554    
-.12143250    
-.42225931E-01
0.25682494    
0.10089272    
0.16452797    
0.31843638    
-.90634897E-01
0.29432040    
0.28856790    
0.49245334    
0.33455595    
0.34922865    
0.44492060    
0.26627758    
-.31303689    
-.32816103    
-.40009454    
-.63561141    
-.51986712    
-1.0460066    
-1.2640390    
-1.0474102    
-1.0320095    
-1.4106163    
-1.2530028    
-1.4984083    
-1.6079100    
-1.1414034    
-.79732072    
-.92735618    
-1.1353130    
-1.0108935    
-.71209168    
-.35326040    
-.29838586    
0.55112135E-01
-.40607956    
0.45397926E-01
-.42127606    
-.12039550    
-.27454272    
-.15335488    
-.69462812    
-.23115851    
-.18222176    
0.21382718    
-.34691447    
0.22790235    
0.50272274    
0.93785292    
0.61367387    
 1.5711577    
 1.6570394    
 1.2384278    
0.87726873    
0.37325692    
-.25519696    
0.16134512E-01
0.18699384    
0.23325616    
0.46249267    
0.78554824E-02
0.64073783    
0.52967721    
0.35391626    
0.86696461E-01
0.59928954E-01
0.16253771    
0.46128061E-01
0.49405539    
-.42736363    
-.36438015    
-.56467789    
-.55845821    
-.37291664    
-.75153017    
-.57159632    
-.39989308    
-.19078119    
-.68613929    
-1.5207185    
-1.0101652    
-.43784642    
-.74811339    
-1.0362946    
-1.4918325    
-1.2184054    
-1.0843240    
-.96742845    
-.97519565    
-.98139447    
-.71202809    
-.93719494    
-.63835382    
-.54416656    
-.37467545    
-.70747115E-01
-.67432022    
-.14896095    
-.20619178    
0.99079750E-01
-.11287426    
0.10562357E-01
0.41415459    
0.34435597    
0.21313034    
-.27233508    
-.69814771    
-.80055040    
-.58422893    
0.81909247E-01
-.21663146    
-.55764621    
-.36793658    
-.26045784    
-.14026284    
0.41779608    
0.67832232    
0.14196227    
-.56338161E-01
-.56609896E-03
-.20407291    
-1.3671602    
-.98676956    
-1.1488503    
-1.1380147    
-.64288932    
-.56246352    
-.10541738    
0.57202417    
0.92486477    
0.84150594    
0.76170778    
0.89195794    
0.75527668    
0.29071316    
0.80928636    
0.55792660    
0.62870181    
0.88964802    
0.81822890    
0.53647739    
0.72995740    
0.77044255    
0.43335289    
0.66706222    
0.59972882    
0.12630746E-02
-.22650404    
-.12295407    
0.57158265E-01
0.18412715    
0.42850947    
0.61860341    
0.73156679    
0.71790755    
0.26706865    
0.79635197    
0.53109151    
0.76515472    
0.55839199    
-.14767410    
0.45294622    
0.69334662    
0.18805213    
0.36500287    
-.19679098    
-.24187243E-01
0.13091075    
-.45543906    
-.25854430    
-.27617303    
-.58113664    
0.39703824E-01
-.19130005    
-.37879798    
-.22098200    
0.19713008    
-.37384087    
0.85824028E-01
-.43597466    
-.58234674    
-.99777299    
-.87321377    
-.25116101    
-.83915406    
-.83228236    
-.82626522    
-.77386439    
-.84838092    
-1.2030225    
-1.4269215    
-1.5291567    
-.96878654    
-.69438517    
-1.0535632    
-1.2824867    
-1.3902584    
-.69513726    
-1.2801293    
-1.2770817    
-1.0153025    
-1.6640859    
-1.4731531    
-1.3657534    
-1.3285669    
-.82184130    
-.61856681    
-.70484132E-02
0.16844764    
0.48945788    
0.58484340    
0.54983932    
0.18777101    
0.36652785E-01
-.82901692    
-1.3390837    
-1.7506473    
-1.3870484    
-1.9360274    
-1.8113351    
-1.8181854    
-1.6456838    
-1.0456344    
-1.1509879    
-1.0964155    
-1.5881685    
-1.2449936    
-1.2598622    
-.87072104    
-.45061845    
-.69893575    
-.19935431    
-.19098468    
0.21895945    
0.17237881    
0.73460871    
0.34027946    
0.94158244    
-.18717729E-01
0.23432229    
0.22920273    
0.60465711    
0.53836787    
0.76114053    
 1.1727786    
 1.1376898    
0.61842883    
0.48190406    
0.78194851    
 1.0854439    
 1.5437078    
 1.4005494    
 1.1687430    
 1.2055318    
 1.3587369    
 1.1336365    
 1.2115490    
 1.1695549    
 1.8924642    
 1.5563029    
 1.4630209    
 1.3380194    
 1.5226182    
 1.1623923    
 1.0939231    
 1.2317698    
 1.4611498    
 1.5994382    
 1.4151826    
0.72886789    
0.21787848    
0.66254002    
0.49067608    
0.11702574E-01
-.19222532    
-.22759816    
-.29098839    
-.55539531    
-.82261115    
0.51903105    
0.27047646    
0.11924756    
-.20720455    
0.15684446E-01
0.24035953E-01
0.80973446E-01
-.20909701    
0.69089644E-01
0.54699074E-01
0.30859447    
0.81977314    
 1.0283303    
 1.1919441    
 1.0435952    
0.44917744    
0.57669133    
0.68349820    
0.80366170    
0.51952541    
0.43939215    
0.67322111    
0.40293628    
0.56707394    
0.60722840    
0.71176702    
0.67650682    
0.68769318    
0.70320857    
0.25016451    
0.39247307    
0.26920462    
0.37066057    
-.28870717    
-.94727211E-01
-.23083086    
0.43490905E-01
0.29084754    
-.53320173E-03
0.90299833    
0.81844163    
0.82653600    
 1.2626173    
0.91025937    
0.87249583    
0.41944399    
0.42823189    
0.96536058    
0.25166807    
0.48454592    
0.75582999    
 1.5810064    
 1.8387452    
 2.0857389    
 2.3474207    
 1.6880955    
 1.7514300    
 1.1482526    
0.36314934    
0.14587323    
-.63525386E-01
0.33605102    
0.27518165    
-.27515879    
-.33498174    
-.13884695    
0.77487148E-01
-.29822561    
0.20698810    
-.64676768    
-.40829289    
-.25854814    
0.22438884    
0.21681325    
-.13388653    
-.30696381E-01
-.50358999    
0.16264265E-01
-.24330789    
0.21083637    
0.25397575    
0.58408636    
0.13010152    
0.36792618    
0.19777335    
0.39516294    
0.33622682    
0.40008882    
0.36788785    
0.72024423    
0.48779780    
0.24315655    
0.28271028    
0.14446442    
0.26142874    
0.53671348    
0.78581333    
0.11307339    
0.58619112E-01
-.21218538    
-.58853066    
-1.1403003    
-1.0260428    
-1.0393095    
-.79478735    
-1.2979414    
-1.5032223    
-1.6026249    
-1.4301209    
-1.5209068    
-1.0640786    
-1.1572472    
-1.2600552    
-.78773570    
-1.0407803    
-.88185841    
-.32870725    
-.35203692    
-.65556163    
-.67833132    
-.75729108    
-.96137124    
-.88642067    
-.83883125    
-1.0711004    
-.49542230    
-.42523807    
-.10262552    
-.10882633    
-.14595161    
0.48709100    
0.54921523E-01
0.27625179    
0.27231285    
0.60555298E-01
0.12482273    
-.45690233    
-.53508127    
-.57795745    
-1.4378263    
-1.6924644    
-1.2896729    
-1.5221680    
-1.4962249    
-1.3067714    
-.75741082    
-.25819135    
-.10999447    
0.10992178    
0.47109324E-01
0.53211849E-01
-.31910402    
-.12781481    
-.34620377    
-.13085650    
-.26367328    
0.17962803    
-.37241131E-01
0.10541413    
0.28039896    
0.22644612    
0.38207042    
0.44632939    
0.68630107E-01
0.23470201    
0.41331667    
0.65352893    
 1.1953102    
 1.2231339    
0.84527993    
0.50803548    
0.74332887    
 1.1499368    
 1.3150764    
 1.7768788    
 1.7645234    
 2.1815777    
 1.5989015    
 1.4433986    
 1.4517192    
 1.4306381    
 1.9788839    
 2.1651707    
 2.2911615    
 2.3704600    
 1.9184974    
 1.0900866    
0.70902061    
0.34936386    
0.55068928    
-.23098297E-01
-.77425465E-01
0.78188352E-01
-.30160272    
0.28220031    
-.17635226    
-.15401344    
0.37763366    
0.29034653    
0.13476650    
0.12682949    
