ADDCOORD Output
 4 2001    1    1     0.00000000     0.00000000     0.00000000 0.250000E-01  1.00000      1.00000       1
X
Y
Z
value               
   0.00000  0.0000000  0.0000000 0.21132039
   0.02500  0.0000000  0.0000000 0.11128724E-01
   0.05000  0.0000000  0.0000000 -.10774272
   0.07500  0.0000000  0.0000000 0.19989684
   0.10000  0.0000000  0.0000000 0.44270444
   0.12500  0.0000000  0.0000000 0.21826378
   0.15000  0.0000000  0.0000000 0.47749120
   0.17500  0.0000000  0.0000000 0.55691749
   0.20000  0.0000000  0.0000000 0.84174103
   0.22500  0.0000000  0.0000000 0.77733952
   0.25000  0.0000000  0.0000000 0.77995843
   0.27500  0.0000000  0.0000000 0.79781324
   0.30000  0.0000000  0.0000000 0.67676365
   0.32500  0.0000000  0.0000000 0.70310318
   0.35000  0.0000000  0.0000000 0.87425905
   0.37500  0.0000000  0.0000000 0.59524542
   0.40000  0.0000000  0.0000000 0.46776235
   0.42500  0.0000000  0.0000000 0.37805042
   0.45000  0.0000000  0.0000000 0.75705576
   0.47500  0.0000000  0.0000000 0.85390133
   0.50000  0.0000000  0.0000000  1.1160955
   0.52500  0.0000000  0.0000000  1.0996094
   0.55000  0.0000000  0.0000000  1.2347584
   0.57500  0.0000000  0.0000000 0.90743124
   0.60000  0.0000000  0.0000000  1.0845097
   0.62500  0.0000000  0.0000000  1.1355884
   0.65000  0.0000000  0.0000000  1.3600314
   0.67500  0.0000000  0.0000000  1.1495501
   0.70000  0.0000000  0.0000000 0.92000049
   0.72500  0.0000000  0.0000000 0.90358788
   0.75000  0.0000000  0.0000000 0.77507782
   0.77500  0.0000000  0.0000000 0.91799384
   0.80000  0.0000000  0.0000000 0.99444050
   0.82500  0.0000000  0.0000000  1.1495786
   0.85000  0.0000000  0.0000000  1.1280026
   0.87500  0.0000000  0.0000000 0.94100314
   0.90000  0.0000000  0.0000000 0.67960811
   0.92500  0.0000000  0.0000000 0.74019486
   0.95000  0.0000000  0.0000000 0.61044562
   0.97500  0.0000000  0.0000000 0.31018656
   1.00000  0.0000000  0.0000000 0.98370671E-01
   1.02500  0.0000000  0.0000000 0.21752465
   1.05000  0.0000000  0.0000000 0.28431579
   1.07500  0.0000000  0.0000000 0.22821608
   1.10000  0.0000000  0.0000000 0.40747549E-01
   1.12500  0.0000000  0.0000000 -.14249963
   1.15000  0.0000000  0.0000000 -.12088594
   1.17500  0.0000000  0.0000000 -.17196472
   1.20000  0.0000000  0.0000000 -.19971415
   1.22500  0.0000000  0.0000000 -.11303834
   1.25000  0.0000000  0.0000000 -.22301199
   1.27500  0.0000000  0.0000000 -.42315196E-01
   1.30000  0.0000000  0.0000000 0.55779915E-01
   1.32500  0.0000000  0.0000000 0.75340576E-01
   1.35000  0.0000000  0.0000000 -.27781926E-01
   1.37500  0.0000000  0.0000000 -.18902236
   1.40000  0.0000000  0.0000000 -.14623676E-01
   1.42500  0.0000000  0.0000000 -.55092728
   1.45000  0.0000000  0.0000000 -.95549434
   1.47500  0.0000000  0.0000000 -.77063823
   1.50000  0.0000000  0.0000000 -.54367340
   1.52500  0.0000000  0.0000000 -.61050397
   1.55000  0.0000000  0.0000000 -1.1140206
   1.57500  0.0000000  0.0000000 -1.0099256
   1.60000  0.0000000  0.0000000 -1.1861490
   1.62500  0.0000000  0.0000000 -1.6784327
   1.65000  0.0000000  0.0000000 -1.7317084
   1.67500  0.0000000  0.0000000 -1.8609874
   1.70000  0.0000000  0.0000000 -1.8744556
   1.72500  0.0000000  0.0000000 -1.8433130
   1.75000  0.0000000  0.0000000 -1.9896972
   1.77500  0.0000000  0.0000000 -2.1866388
   1.80000  0.0000000  0.0000000 -2.0028071
   1.82500  0.0000000  0.0000000 -1.6891887
   1.85000  0.0000000  0.0000000 -1.5737290
   1.87500  0.0000000  0.0000000 -1.8291769
   1.90000  0.0000000  0.0000000 -1.9808650
   1.92500  0.0000000  0.0000000 -2.2866695
   1.95000  0.0000000  0.0000000 -2.6464579
   1.97500  0.0000000  0.0000000 -2.6231880
   2.00000  0.0000000  0.0000000 -2.4537487
   2.02500  0.0000000  0.0000000 -2.3894520
   2.05000  0.0000000  0.0000000 -2.2064431
   2.07500  0.0000000  0.0000000 -2.5047200
   2.10000  0.0000000  0.0000000 -2.5013885
   2.12500  0.0000000  0.0000000 -2.5123086
   2.15000  0.0000000  0.0000000 -2.6378741
   2.17500  0.0000000  0.0000000 -2.5853605
   2.20000  0.0000000  0.0000000 -2.3397670
   2.22500  0.0000000  0.0000000 -2.4278083
   2.25000  0.0000000  0.0000000 -1.9200327
   2.27500  0.0000000  0.0000000 -1.6843143
   2.30000  0.0000000  0.0000000 -1.5609188
   2.32500  0.0000000  0.0000000 -1.6991613
   2.35000  0.0000000  0.0000000 -1.8078806
   2.37500  0.0000000  0.0000000 -1.5123452
   2.40000  0.0000000  0.0000000 -1.6959134
   2.42500  0.0000000  0.0000000 -1.4975747
   2.45000  0.0000000  0.0000000 -1.3638302
   2.47500  0.0000000  0.0000000 -1.7204947
   2.50000  0.0000000  0.0000000 -1.9962409
   2.52500  0.0000000  0.0000000 -1.9714839
   2.55000  0.0000000  0.0000000 -2.3812099
   2.57500  0.0000000  0.0000000 -2.0700946
   2.60000  0.0000000  0.0000000 -2.1401083
   2.62500  0.0000000  0.0000000 -2.4081018
   2.65000  0.0000000  0.0000000 -1.8961352
   2.67500  0.0000000  0.0000000 -2.1614926
   2.70000  0.0000000  0.0000000 -2.3765056
   2.72500  0.0000000  0.0000000 -2.2285106
   2.75000  0.0000000  0.0000000 -2.4207437
   2.77500  0.0000000  0.0000000 -2.2181311
   2.80000  0.0000000  0.0000000 -2.3154263
   2.82500  0.0000000  0.0000000 -2.1804404
   2.85000  0.0000000  0.0000000 -1.9061012
   2.87500  0.0000000  0.0000000 -1.5717105
   2.90000  0.0000000  0.0000000 -1.6502304
   2.92500  0.0000000  0.0000000 -1.5724502
   2.95000  0.0000000  0.0000000 -1.4424659
   2.97500  0.0000000  0.0000000 -.89810365
   3.00000  0.0000000  0.0000000 -.92827815
   3.02500  0.0000000  0.0000000 -.61819047
   3.05000  0.0000000  0.0000000 -.28428835
   3.07500  0.0000000  0.0000000 -.40879902
   3.10000  0.0000000  0.0000000 -.76048166
   3.12500  0.0000000  0.0000000 -.51399130
   3.15000  0.0000000  0.0000000 -.48764509
   3.17500  0.0000000  0.0000000 -.85971552
   3.20000  0.0000000  0.0000000 -1.1575409
   3.22500  0.0000000  0.0000000 -.98563957
   3.25000  0.0000000  0.0000000 -.88050836
   3.27500  0.0000000  0.0000000 -.69398701
   3.30000  0.0000000  0.0000000 -.58181840
   3.32500  0.0000000  0.0000000 -.92943633
   3.35000  0.0000000  0.0000000 -.70450062
   3.37500  0.0000000  0.0000000 -.83099389
   3.40000  0.0000000  0.0000000 -1.0555229
   3.42500  0.0000000  0.0000000 -.74704283
   3.45000  0.0000000  0.0000000 -.19935620
   3.47500  0.0000000  0.0000000 -.20024356
   3.50000  0.0000000  0.0000000 -.47060201
   3.52500  0.0000000  0.0000000 -.31589472
   3.55000  0.0000000  0.0000000 -.17651115
   3.57500  0.0000000  0.0000000 -.15209652
   3.60000  0.0000000  0.0000000 -.90595521E-01
   3.62500  0.0000000  0.0000000 -.31398848
   3.65000  0.0000000  0.0000000 -.22298481
   3.67500  0.0000000  0.0000000 -.36156785
   3.70000  0.0000000  0.0000000 -.53241789
   3.72500  0.0000000  0.0000000 -.64909375
   3.75000  0.0000000  0.0000000 -.87886763
   3.77500  0.0000000  0.0000000 -1.0281833
   3.80000  0.0000000  0.0000000 -.85401541
   3.82500  0.0000000  0.0000000 -1.1118120
   3.85000  0.0000000  0.0000000 -.94590247
   3.87500  0.0000000  0.0000000 -.88112450
   3.90000  0.0000000  0.0000000 -.84952086
   3.92500  0.0000000  0.0000000 -.71648169
   3.95000  0.0000000  0.0000000 -.17835784
   3.97500  0.0000000  0.0000000 -.40357277
   4.00000  0.0000000  0.0000000 -.14548355
   4.02500  0.0000000  0.0000000 -.44409361
   4.05000  0.0000000  0.0000000 -.95315647
   4.07500  0.0000000  0.0000000 -1.2301780
   4.10000  0.0000000  0.0000000 -1.0883139
   4.12500  0.0000000  0.0000000 -1.0975634
   4.15000  0.0000000  0.0000000 -1.5184590
   4.17500  0.0000000  0.0000000 -1.7262542
   4.20000  0.0000000  0.0000000 -1.6473081
   4.22500  0.0000000  0.0000000 -1.4119527
   4.25000  0.0000000  0.0000000 -1.3590282
   4.27500  0.0000000  0.0000000 -1.4442186
   4.30000  0.0000000  0.0000000 -1.1571465
   4.32500  0.0000000  0.0000000 -1.1982942
   4.35000  0.0000000  0.0000000 -1.3484005
   4.37500  0.0000000  0.0000000 -1.4025946
   4.40000  0.0000000  0.0000000 -1.4458733
   4.42500  0.0000000  0.0000000 -1.5445687
   4.45000  0.0000000  0.0000000 -1.3480896
   4.47500  0.0000000  0.0000000 -.97951704
   4.50000  0.0000000  0.0000000 -1.1778895
   4.52500  0.0000000  0.0000000 -1.1829362
   4.55000  0.0000000  0.0000000 -1.0492527
   4.57500  0.0000000  0.0000000 -.76974183
   4.60000  0.0000000  0.0000000 -.41907898
   4.62500  0.0000000  0.0000000 -1.1172589
   4.65000  0.0000000  0.0000000 -1.5502880
   4.67500  0.0000000  0.0000000 -1.7582111
   4.70000  0.0000000  0.0000000 -1.9427220
   4.72500  0.0000000  0.0000000 -2.3687601
   4.75000  0.0000000  0.0000000 -1.8993268
   4.77500  0.0000000  0.0000000 -1.7789353
   4.80000  0.0000000  0.0000000 -1.8468437
   4.82500  0.0000000  0.0000000 -1.5427287
   4.85000  0.0000000  0.0000000 -1.6161978
   4.87500  0.0000000  0.0000000 -1.6583731
   4.90000  0.0000000  0.0000000 -1.4405204
   4.92500  0.0000000  0.0000000 -1.7806768
   4.95000  0.0000000  0.0000000 -2.0063691
   4.97500  0.0000000  0.0000000 -1.7804743
   5.00000  0.0000000  0.0000000 -1.8743426
   5.02500  0.0000000  0.0000000 -1.6246859
   5.05000  0.0000000  0.0000000 -1.4360025
   5.07500  0.0000000  0.0000000 -1.7957495
   5.10000  0.0000000  0.0000000 -1.9108828
   5.12500  0.0000000  0.0000000 -1.8133204
   5.15000  0.0000000  0.0000000 -1.5299914
   5.17500  0.0000000  0.0000000 -1.3811070
   5.20000  0.0000000  0.0000000 -1.4224720
   5.22500  0.0000000  0.0000000 -1.5864965
   5.25000  0.0000000  0.0000000 -1.1869581
   5.27500  0.0000000  0.0000000 -1.0981528
   5.30000  0.0000000  0.0000000 -.98463833
   5.32500  0.0000000  0.0000000 -.97673506
   5.35000  0.0000000  0.0000000 -.55980140
   5.37500  0.0000000  0.0000000 -.62333751
   5.40000  0.0000000  0.0000000 -.73740578
   5.42500  0.0000000  0.0000000 -.59898156
   5.45000  0.0000000  0.0000000 -.42546755
   5.47500  0.0000000  0.0000000 -.49419206
   5.50000  0.0000000  0.0000000 -.10688402
   5.52500  0.0000000  0.0000000 -.39330497
   5.55000  0.0000000  0.0000000 -.37315869
   5.57500  0.0000000  0.0000000 -.46234772
   5.60000  0.0000000  0.0000000 -.87797791
   5.62500  0.0000000  0.0000000 -.81787688
   5.65000  0.0000000  0.0000000 -1.0005805
   5.67500  0.0000000  0.0000000 -1.1072301
   5.70000  0.0000000  0.0000000 -1.1723379
   5.72500  0.0000000  0.0000000 -1.0100139
   5.75000  0.0000000  0.0000000 -1.1645744
   5.77500  0.0000000  0.0000000 -1.2494659
   5.80000  0.0000000  0.0000000 -.92179978
   5.82500  0.0000000  0.0000000 -.94985670
   5.85000  0.0000000  0.0000000 -.87358367
   5.87500  0.0000000  0.0000000 -.66837424
   5.90000  0.0000000  0.0000000 -.85133255
   5.92500  0.0000000  0.0000000 -1.3526138
   5.95000  0.0000000  0.0000000 -1.7040222
   5.97500  0.0000000  0.0000000 -1.8351203
   6.00000  0.0000000  0.0000000 -1.8037827
   6.02500  0.0000000  0.0000000 -2.0680907
   6.05000  0.0000000  0.0000000 -1.7282144
   6.07500  0.0000000  0.0000000 -1.6302584
   6.10000  0.0000000  0.0000000 -1.6501026
   6.12500  0.0000000  0.0000000 -1.5389253
   6.15000  0.0000000  0.0000000 -1.5413084
   6.17500  0.0000000  0.0000000 -1.7543018
   6.20000  0.0000000  0.0000000 -1.6768339
   6.22500  0.0000000  0.0000000 -1.7396095
   6.25000  0.0000000  0.0000000 -1.7623330
   6.27500  0.0000000  0.0000000 -1.6468309
   6.30000  0.0000000  0.0000000 -1.5957278
   6.32500  0.0000000  0.0000000 -1.7258044
   6.35000  0.0000000  0.0000000 -2.1908593
   6.37500  0.0000000  0.0000000 -2.0592623
   6.40000  0.0000000  0.0000000 -1.9429731
   6.42500  0.0000000  0.0000000 -2.0514400
   6.45000  0.0000000  0.0000000 -1.9430087
   6.47500  0.0000000  0.0000000 -2.0422792
   6.50000  0.0000000  0.0000000 -2.0415492
   6.52500  0.0000000  0.0000000 -2.0941908
   6.55000  0.0000000  0.0000000 -2.0544522
   6.57500  0.0000000  0.0000000 -2.1570761
   6.60000  0.0000000  0.0000000 -1.9735711
   6.62500  0.0000000  0.0000000 -1.6884499
   6.65000  0.0000000  0.0000000 -1.9938209
   6.67500  0.0000000  0.0000000 -2.1007006
   6.70000  0.0000000  0.0000000 -1.9275746
   6.72500  0.0000000  0.0000000 -1.8740064
   6.75000  0.0000000  0.0000000 -1.6153941
   6.77500  0.0000000  0.0000000 -1.8236656
   6.80000  0.0000000  0.0000000 -1.3059855
   6.82500  0.0000000  0.0000000 -1.3295187
   6.85000  0.0000000  0.0000000 -1.3266807
   6.87500  0.0000000  0.0000000 -1.6883644
   6.90000  0.0000000  0.0000000 -1.9268067
   6.92500  0.0000000  0.0000000 -1.9263771
   6.95000  0.0000000  0.0000000 -1.5208353
   6.97500  0.0000000  0.0000000 -1.5244157
   7.00000  0.0000000  0.0000000 -1.1168330
   7.02500  0.0000000  0.0000000 -1.2780313
   7.05000  0.0000000  0.0000000 -1.2449484
   7.07500  0.0000000  0.0000000 -.88894343
   7.10000  0.0000000  0.0000000 -.60663056
   7.12500  0.0000000  0.0000000 -.22559208
   7.15000  0.0000000  0.0000000 -.66989523
   7.17500  0.0000000  0.0000000 -.14602260
   7.20000  0.0000000  0.0000000 -.42165169
   7.22500  0.0000000  0.0000000 -.36906385
   7.25000  0.0000000  0.0000000 -.15345688
   7.27500  0.0000000  0.0000000 -.87915607E-01
   7.30000  0.0000000  0.0000000 0.12624408
   7.32500  0.0000000  0.0000000 0.19358669
   7.35000  0.0000000  0.0000000 0.40209815
   7.37500  0.0000000  0.0000000 0.37674412
   7.40000  0.0000000  0.0000000 0.67165244
   7.42500  0.0000000  0.0000000 0.81188518
   7.45000  0.0000000  0.0000000 0.81802577
   7.47500  0.0000000  0.0000000 0.54674250
   7.50000  0.0000000  0.0000000 0.18503076
   7.52500  0.0000000  0.0000000 0.27771729
   7.55000  0.0000000  0.0000000 0.28638932
   7.57500  0.0000000  0.0000000 -.10144641
   7.60000  0.0000000  0.0000000 -.34723848E-01
   7.62500  0.0000000  0.0000000 0.13791971
   7.65000  0.0000000  0.0000000 0.52653605
   7.67500  0.0000000  0.0000000 0.42991161
   7.70000  0.0000000  0.0000000 0.20260388
   7.72500  0.0000000  0.0000000 0.36647382
   7.75000  0.0000000  0.0000000 0.18219098
   7.77500  0.0000000  0.0000000 -.45642931E-01
   7.80000  0.0000000  0.0000000 -.17566516
   7.82500  0.0000000  0.0000000 -.16179574
   7.85000  0.0000000  0.0000000 0.12307925E-01
   7.87500  0.0000000  0.0000000 -.14709437
   7.90000  0.0000000  0.0000000 -.12580633
   7.92500  0.0000000  0.0000000 -.24808480
   7.95000  0.0000000  0.0000000 -.26393831
   7.97500  0.0000000  0.0000000 -.29998231
   8.00000  0.0000000  0.0000000 -.65102333
   8.02500  0.0000000  0.0000000 -.69347727
   8.05000  0.0000000  0.0000000 -.82029945
   8.07500  0.0000000  0.0000000 -.53168225
   8.10000  0.0000000  0.0000000 -.44754714
   8.12500  0.0000000  0.0000000 0.11552191E-01
   8.15000  0.0000000  0.0000000 -.15101178
   8.17500  0.0000000  0.0000000 -.28673440
   8.20000  0.0000000  0.0000000 -.14205901
   8.22500  0.0000000  0.0000000 -.14673364
   8.25000  0.0000000  0.0000000 0.10582386
   8.27500  0.0000000  0.0000000 0.14027993
   8.30000  0.0000000  0.0000000 0.46159652
   8.32500  0.0000000  0.0000000 0.68741590
   8.35000  0.0000000  0.0000000 0.27726248
   8.37500  0.0000000  0.0000000 0.27258253
   8.40000  0.0000000  0.0000000 0.14152801
   8.42500  0.0000000  0.0000000 0.21384560
   8.45000  0.0000000  0.0000000 0.29068980
   8.47500  0.0000000  0.0000000 0.75461961E-01
   8.50000  0.0000000  0.0000000 -.56508552E-01
   8.52500  0.0000000  0.0000000 -.25662896
   8.55000  0.0000000  0.0000000 -.77094562E-01
   8.57500  0.0000000  0.0000000 -.11681582
   8.60000  0.0000000  0.0000000 -.20965096
   8.62500  0.0000000  0.0000000 -.74666083
   8.65000  0.0000000  0.0000000 -.58695287
   8.67500  0.0000000  0.0000000 -.47794119
   8.70000  0.0000000  0.0000000 -.46227306
   8.72500  0.0000000  0.0000000 -.11650697
   8.75000  0.0000000  0.0000000 -.49570861
   8.77500  0.0000000  0.0000000 -.58008212
   8.80000  0.0000000  0.0000000 -.82074720
   8.82500  0.0000000  0.0000000 -1.1477126
   8.85000  0.0000000  0.0000000 -1.5132174
   8.87500  0.0000000  0.0000000 -1.5239936
   8.90000  0.0000000  0.0000000 -1.9899627
   8.92500  0.0000000  0.0000000 -1.9862392
   8.95000  0.0000000  0.0000000 -1.7062681
   8.97500  0.0000000  0.0000000 -1.5915518
   9.00000  0.0000000  0.0000000 -1.3348422
   9.02500  0.0000000  0.0000000 -1.2943764
   9.05000  0.0000000  0.0000000 -1.5087547
   9.07500  0.0000000  0.0000000 -1.4804738
   9.10000  0.0000000  0.0000000 -1.1414285
   9.12500  0.0000000  0.0000000 -1.1379198
   9.15000  0.0000000  0.0000000 -1.1619093
   9.17500  0.0000000  0.0000000 -.96401274
   9.20000  0.0000000  0.0000000 -.67645335
   9.22500  0.0000000  0.0000000 -.52742243
   9.25000  0.0000000  0.0000000 -.58324063
   9.27500  0.0000000  0.0000000 -.45133656
   9.30000  0.0000000  0.0000000 -.80059059E-01
   9.32500  0.0000000  0.0000000 -.16494815
   9.35000  0.0000000  0.0000000 -.31851831
   9.37500  0.0000000  0.0000000 -.21737026
   9.40000  0.0000000  0.0000000 -.39125228
   9.42500  0.0000000  0.0000000 -.42056122
   9.45000  0.0000000  0.0000000 -.28340232
   9.47500  0.0000000  0.0000000 -.54591632
   9.50000  0.0000000  0.0000000 -.43507564
   9.52500  0.0000000  0.0000000 -.44808340
   9.55000  0.0000000  0.0000000 -.43974575
   9.57500  0.0000000  0.0000000 -.49851799
   9.60000  0.0000000  0.0000000 -.40603238
   9.62500  0.0000000  0.0000000 -.65075451
   9.65000  0.0000000  0.0000000 -.70723879
   9.67500  0.0000000  0.0000000 -.45125151
   9.70000  0.0000000  0.0000000 -.50351077
   9.72500  0.0000000  0.0000000 -.34935394
   9.75000  0.0000000  0.0000000 -.34350049
   9.77500  0.0000000  0.0000000 0.25549299
   9.80000  0.0000000  0.0000000 0.17986366
   9.82500  0.0000000  0.0000000 0.12128647
   9.85000  0.0000000  0.0000000 0.13762926E-01
   9.87500  0.0000000  0.0000000 0.13738771
   9.90000  0.0000000  0.0000000 0.29470047
   9.92500  0.0000000  0.0000000 0.41221333
   9.95000  0.0000000  0.0000000 0.46539512
   9.97500  0.0000000  0.0000000 0.57753432
  10.00000  0.0000000  0.0000000 0.67550498
  10.02500  0.0000000  0.0000000 0.60671723
  10.05000  0.0000000  0.0000000 0.43479460
  10.07500  0.0000000  0.0000000 0.63550287
  10.10000  0.0000000  0.0000000 0.70141727
  10.12500  0.0000000  0.0000000 0.63520002
  10.15000  0.0000000  0.0000000 0.54179913
  10.17500  0.0000000  0.0000000 0.39383665
  10.20000  0.0000000  0.0000000 0.55496711
  10.22500  0.0000000  0.0000000 0.51157910
  10.25000  0.0000000  0.0000000 0.41569367
  10.27500  0.0000000  0.0000000 0.93224585
  10.30000  0.0000000  0.0000000 0.80896086
  10.32500  0.0000000  0.0000000 0.57164401
  10.35000  0.0000000  0.0000000 0.56050307
  10.37500  0.0000000  0.0000000 0.85466564
  10.40000  0.0000000  0.0000000 0.78793502
  10.42500  0.0000000  0.0000000 0.80349612
  10.45000  0.0000000  0.0000000 0.71487302
  10.47500  0.0000000  0.0000000 0.92956990
  10.50000  0.0000000  0.0000000 0.66476500
  10.52500  0.0000000  0.0000000 0.88555479
  10.55000  0.0000000  0.0000000  1.0550188
  10.57500  0.0000000  0.0000000 0.99170786
  10.60000  0.0000000  0.0000000  1.0174062
  10.62500  0.0000000  0.0000000 0.81313056
  10.65000  0.0000000  0.0000000 0.52294487
  10.67500  0.0000000  0.0000000 0.29050073
  10.70000  0.0000000  0.0000000 0.28793859
  10.72500  0.0000000  0.0000000 -.50890557E-01
  10.75000  0.0000000  0.0000000 -.27888873
  10.77500  0.0000000  0.0000000 -.96876658E-01
  10.80000  0.0000000  0.0000000 0.19868958
  10.82500  0.0000000  0.0000000 0.36635566
  10.85000  0.0000000  0.0000000 0.38898483
  10.87500  0.0000000  0.0000000 0.22300622
  10.90000  0.0000000  0.0000000 0.30799037
  10.92500  0.0000000  0.0000000 0.56223713E-01
  10.95000  0.0000000  0.0000000 0.28373063
  10.97500  0.0000000  0.0000000 0.12444749
  11.00000  0.0000000  0.0000000 0.37043956
  11.02500  0.0000000  0.0000000 0.55630994
  11.05000  0.0000000  0.0000000 0.60626584
  11.07500  0.0000000  0.0000000 0.21235688
  11.10000  0.0000000  0.0000000 -.78931361E-01
  11.12500  0.0000000  0.0000000 -.13345361
  11.15000  0.0000000  0.0000000 0.11741609
  11.17500  0.0000000  0.0000000 0.12942268
  11.20000  0.0000000  0.0000000 0.20952496
  11.22500  0.0000000  0.0000000 -.18507160
  11.25000  0.0000000  0.0000000 -.79154007E-01
  11.27500  0.0000000  0.0000000 -.68250716E-01
  11.30000  0.0000000  0.0000000 -.31250823
  11.32500  0.0000000  0.0000000 -.38442147
  11.35000  0.0000000  0.0000000 -.47985879
  11.37500  0.0000000  0.0000000 -.26127896
  11.40000  0.0000000  0.0000000 -.21905635
  11.42500  0.0000000  0.0000000 -.64403325E-01
  11.45000  0.0000000  0.0000000 -.52126866E-01
  11.47500  0.0000000  0.0000000 -.47772992E-01
  11.50000  0.0000000  0.0000000 -.43589994
  11.52500  0.0000000  0.0000000 0.10980818
  11.55000  0.0000000  0.0000000 0.34416306
  11.57500  0.0000000  0.0000000 0.21703975
  11.60000  0.0000000  0.0000000 0.51684034
  11.62500  0.0000000  0.0000000 0.33884525
  11.65000  0.0000000  0.0000000 0.37257156
  11.67500  0.0000000  0.0000000 0.27973756
  11.70000  0.0000000  0.0000000 0.17223971
  11.72500  0.0000000  0.0000000 0.22617759
  11.75000  0.0000000  0.0000000 0.18624805
  11.77500  0.0000000  0.0000000 0.21504371
  11.80000  0.0000000  0.0000000 -.10116069E-01
  11.82500  0.0000000  0.0000000 -.89461438E-01
  11.85000  0.0000000  0.0000000 0.56057409E-02
  11.87500  0.0000000  0.0000000 -.13164870
  11.90000  0.0000000  0.0000000 -.18008760
  11.92500  0.0000000  0.0000000 -.53898656
  11.95000  0.0000000  0.0000000 -.55648631
  11.97500  0.0000000  0.0000000 -.18378267
  12.00000  0.0000000  0.0000000 -.69431275E-01
  12.02500  0.0000000  0.0000000 -.36293298
  12.05000  0.0000000  0.0000000 -.25138757
  12.07500  0.0000000  0.0000000 0.14573260
  12.10000  0.0000000  0.0000000 0.17123440
  12.12500  0.0000000  0.0000000 0.24718152
  12.15000  0.0000000  0.0000000 0.23623569
  12.17500  0.0000000  0.0000000 0.35289297
  12.20000  0.0000000  0.0000000 0.15925010
  12.22500  0.0000000  0.0000000 0.26477936
  12.25000  0.0000000  0.0000000 0.70907032
  12.27500  0.0000000  0.0000000 0.72001255
  12.30000  0.0000000  0.0000000 0.54802459
  12.32500  0.0000000  0.0000000 0.27508917
  12.35000  0.0000000  0.0000000 -.82733817E-01
  12.37500  0.0000000  0.0000000 0.27684695
  12.40000  0.0000000  0.0000000 -.24925277
  12.42500  0.0000000  0.0000000 -.11762191
  12.45000  0.0000000  0.0000000 -.39555284
  12.47500  0.0000000  0.0000000 -.11644640E-01
  12.50000  0.0000000  0.0000000 0.18391691
  12.52500  0.0000000  0.0000000 0.40420005
  12.55000  0.0000000  0.0000000 0.37145573
  12.57500  0.0000000  0.0000000 0.60013151
  12.60000  0.0000000  0.0000000 0.42177945
  12.62500  0.0000000  0.0000000 0.25407773
  12.65000  0.0000000  0.0000000 0.18146205
  12.67500  0.0000000  0.0000000 0.77586405E-01
  12.70000  0.0000000  0.0000000 -.20568171
  12.72500  0.0000000  0.0000000 -.33148095
  12.75000  0.0000000  0.0000000 -.27710834
  12.77500  0.0000000  0.0000000 -.65889639
  12.80000  0.0000000  0.0000000 -.70735210
  12.82500  0.0000000  0.0000000 -.85190302
  12.85000  0.0000000  0.0000000 -1.0321108
  12.87500  0.0000000  0.0000000 -.82217705
  12.90000  0.0000000  0.0000000 -.90101451
  12.92500  0.0000000  0.0000000 -1.2922564
  12.95000  0.0000000  0.0000000 -1.7839993
  12.97500  0.0000000  0.0000000 -1.5614665
  13.00000  0.0000000  0.0000000 -1.5551983
  13.02500  0.0000000  0.0000000 -1.7431158
  13.05000  0.0000000  0.0000000 -1.7716098
  13.07500  0.0000000  0.0000000 -1.6774901
  13.10000  0.0000000  0.0000000 -1.9030862
  13.12500  0.0000000  0.0000000 -1.8547052
  13.15000  0.0000000  0.0000000 -1.7820848
  13.17500  0.0000000  0.0000000 -1.1582750
  13.20000  0.0000000  0.0000000 -1.5400838
  13.22500  0.0000000  0.0000000 -1.2948967
  13.25000  0.0000000  0.0000000 -1.0003297
  13.27500  0.0000000  0.0000000 -.71180999
  13.30000  0.0000000  0.0000000 -.54464167
  13.32500  0.0000000  0.0000000 -.49555418
  13.35000  0.0000000  0.0000000 -.59551758
  13.37500  0.0000000  0.0000000 -.47680455
  13.40000  0.0000000  0.0000000 -.47516477
  13.42500  0.0000000  0.0000000 -.90551376
  13.45000  0.0000000  0.0000000 -.89954209
  13.47500  0.0000000  0.0000000 -.85653067
  13.50000  0.0000000  0.0000000 -.69342369
  13.52500  0.0000000  0.0000000 -.96042097
  13.55000  0.0000000  0.0000000 -1.0038232
  13.57500  0.0000000  0.0000000 -1.0137962
  13.60000  0.0000000  0.0000000 -1.4071059
  13.62500  0.0000000  0.0000000 -1.1519295
  13.65000  0.0000000  0.0000000 -.82901704
  13.67500  0.0000000  0.0000000 -1.0080459
  13.70000  0.0000000  0.0000000 -.80826312
  13.72500  0.0000000  0.0000000 -.55667400
  13.75000  0.0000000  0.0000000 -.36019641
  13.77500  0.0000000  0.0000000 -.69842535
  13.80000  0.0000000  0.0000000 -.39563116
  13.82500  0.0000000  0.0000000 -.25780010
  13.85000  0.0000000  0.0000000 0.30079014E-02
  13.87500  0.0000000  0.0000000 -.14893650
  13.90000  0.0000000  0.0000000 -.11662114
  13.92500  0.0000000  0.0000000 0.62636614E-01
  13.95000  0.0000000  0.0000000 0.33691180
  13.97500  0.0000000  0.0000000 0.46891254
  14.00000  0.0000000  0.0000000 0.47016397
  14.02500  0.0000000  0.0000000 0.26886955
  14.05000  0.0000000  0.0000000 0.37224194
  14.07500  0.0000000  0.0000000 0.42843810
  14.10000  0.0000000  0.0000000 0.21144462
  14.12500  0.0000000  0.0000000 0.11408820
  14.15000  0.0000000  0.0000000 -.10956620
  14.17500  0.0000000  0.0000000 -.30431467
  14.20000  0.0000000  0.0000000 -.67006850
  14.22500  0.0000000  0.0000000 -.58657753
  14.25000  0.0000000  0.0000000 -.41415352
  14.27500  0.0000000  0.0000000 -.30856431
  14.30000  0.0000000  0.0000000 -.25314209
  14.32500  0.0000000  0.0000000 -.33538926
  14.35000  0.0000000  0.0000000 -.54215473
  14.37500  0.0000000  0.0000000 -.85242444
  14.40000  0.0000000  0.0000000 -.98318404
  14.42500  0.0000000  0.0000000 -.96361631
  14.45000  0.0000000  0.0000000 -.87825763
  14.47500  0.0000000  0.0000000 -.83849066
  14.50000  0.0000000  0.0000000 -.64248651
  14.52500  0.0000000  0.0000000 -.77269709
  14.55000  0.0000000  0.0000000 -.40556097
  14.57500  0.0000000  0.0000000 -.47808081
  14.60000  0.0000000  0.0000000 -.46439677
  14.62500  0.0000000  0.0000000 -.78040212
  14.65000  0.0000000  0.0000000 -.67040378
  14.67500  0.0000000  0.0000000 -.74520588
  14.70000  0.0000000  0.0000000 -.65014637
  14.72500  0.0000000  0.0000000 -.98306113
  14.75000  0.0000000  0.0000000 -.93555135
  14.77500  0.0000000  0.0000000 -.87982708
  14.80000  0.0000000  0.0000000 -.96948594
  14.82500  0.0000000  0.0000000 -.89551514
  14.85000  0.0000000  0.0000000 -1.0928255
  14.87500  0.0000000  0.0000000 -1.2663165
  14.90000  0.0000000  0.0000000 -.95930380
  14.92500  0.0000000  0.0000000 -1.1846546
  14.95000  0.0000000  0.0000000 -1.3348694
  14.97500  0.0000000  0.0000000 -1.4594253
  15.00000  0.0000000  0.0000000 -1.0809659
  15.02500  0.0000000  0.0000000 -1.1879317
  15.05000  0.0000000  0.0000000 -.96304560
  15.07500  0.0000000  0.0000000 -.50536090
  15.10000  0.0000000  0.0000000 -.79222268
  15.12500  0.0000000  0.0000000 -1.1371919
  15.15000  0.0000000  0.0000000 -1.1682056
  15.17500  0.0000000  0.0000000 -1.3536234
  15.20000  0.0000000  0.0000000 -1.0678226
  15.22500  0.0000000  0.0000000 -1.4282008
  15.25000  0.0000000  0.0000000 -1.0227491
  15.27500  0.0000000  0.0000000 -.71723419
  15.30000  0.0000000  0.0000000 -.65983588
  15.32500  0.0000000  0.0000000 -.54795027
  15.35000  0.0000000  0.0000000 -.58808434
  15.37500  0.0000000  0.0000000 -1.0014279
  15.40000  0.0000000  0.0000000 -1.0927508
  15.42500  0.0000000  0.0000000 -1.1941875
  15.45000  0.0000000  0.0000000 -1.4333291
  15.47500  0.0000000  0.0000000 -1.8079245
  15.50000  0.0000000  0.0000000 -1.8073637
  15.52500  0.0000000  0.0000000 -1.6699457
  15.55000  0.0000000  0.0000000 -1.4149392
  15.57500  0.0000000  0.0000000 -1.8940952
  15.60000  0.0000000  0.0000000 -2.1099715
  15.62500  0.0000000  0.0000000 -2.1158311
  15.65000  0.0000000  0.0000000 -1.8293210
  15.67500  0.0000000  0.0000000 -2.2959502
  15.70000  0.0000000  0.0000000 -2.1894531
  15.72500  0.0000000  0.0000000 -2.0358899
  15.75000  0.0000000  0.0000000 -1.8760499
  15.77500  0.0000000  0.0000000 -2.0361617
  15.80000  0.0000000  0.0000000 -2.1322198
  15.82500  0.0000000  0.0000000 -2.0199938
  15.85000  0.0000000  0.0000000 -1.3835850
  15.87500  0.0000000  0.0000000 -1.3838600
  15.90000  0.0000000  0.0000000 -1.0600059
  15.92500  0.0000000  0.0000000 -1.0388855
  15.95000  0.0000000  0.0000000 -1.2884885
  15.97500  0.0000000  0.0000000 -1.0949183
  16.00000  0.0000000  0.0000000 -.75963932
  16.02500  0.0000000  0.0000000 -.88656163
  16.05000  0.0000000  0.0000000 -.89224392
  16.07500  0.0000000  0.0000000 -1.1718045
  16.10000  0.0000000  0.0000000 -1.2056881
  16.12500  0.0000000  0.0000000 -.93065846
  16.15000  0.0000000  0.0000000 -.71078926
  16.17500  0.0000000  0.0000000 -.76043868
  16.20000  0.0000000  0.0000000 -.91969651
  16.22500  0.0000000  0.0000000 -.38414821
  16.25000  0.0000000  0.0000000 -.55002421E-02
  16.27500  0.0000000  0.0000000 0.72484620E-01
  16.30000  0.0000000  0.0000000 0.24797443
  16.32500  0.0000000  0.0000000 -.19828495
  16.35000  0.0000000  0.0000000 -.33663106
  16.37500  0.0000000  0.0000000 -.41415927
  16.40000  0.0000000  0.0000000 -.99646457E-01
  16.42500  0.0000000  0.0000000 0.87136857E-01
  16.45000  0.0000000  0.0000000 0.28747219
  16.47500  0.0000000  0.0000000 0.26278862
  16.50000  0.0000000  0.0000000 0.25154445
  16.52500  0.0000000  0.0000000 0.38649675
  16.55000  0.0000000  0.0000000 0.56794513E-01
  16.57500  0.0000000  0.0000000 0.34344888
  16.60000  0.0000000  0.0000000 0.28255215
  16.62500  0.0000000  0.0000000 -.54753479E-02
  16.65000  0.0000000  0.0000000 -.45319244
  16.67500  0.0000000  0.0000000 -.52679801
  16.70000  0.0000000  0.0000000 -.72818005
  16.72500  0.0000000  0.0000000 -.40412000
  16.75000  0.0000000  0.0000000 -.49284151
  16.77500  0.0000000  0.0000000 -.50684088
  16.80000  0.0000000  0.0000000 -.69325995
  16.82500  0.0000000  0.0000000 -.14664894
  16.85000  0.0000000  0.0000000 -.22631148E-01
  16.87500  0.0000000  0.0000000 -.41801193
  16.90000  0.0000000  0.0000000 -.68720174
  16.92500  0.0000000  0.0000000 -.32362208
  16.95000  0.0000000  0.0000000 -.24543296
  16.97500  0.0000000  0.0000000 -.26806802
  17.00000  0.0000000  0.0000000 -.66228902
  17.02500  0.0000000  0.0000000 -.83682859
  17.05000  0.0000000  0.0000000 -.60127091
  17.07500  0.0000000  0.0000000 -.65978748
  17.10000  0.0000000  0.0000000 -.40380317
  17.12500  0.0000000  0.0000000 -.48706374
  17.15000  0.0000000  0.0000000 -.19938990
  17.17500  0.0000000  0.0000000 -.14616148E-01
  17.20000  0.0000000  0.0000000 0.30625847
  17.22500  0.0000000  0.0000000 0.16941808
  17.25000  0.0000000  0.0000000 0.10888696
  17.27500  0.0000000  0.0000000 -.49907550E-01
  17.30000  0.0000000  0.0000000 -.16864608
  17.32500  0.0000000  0.0000000 -.33178169
  17.35000  0.0000000  0.0000000 -.37820265
  17.37500  0.0000000  0.0000000 -.43581510
  17.40000  0.0000000  0.0000000 -.61825311
  17.42500  0.0000000  0.0000000 -.61382562
  17.45000  0.0000000  0.0000000 -.58470267
  17.47500  0.0000000  0.0000000 -.89331353
  17.50000  0.0000000  0.0000000 -1.0928354
  17.52500  0.0000000  0.0000000 -.96492100
  17.55000  0.0000000  0.0000000 -.68347538
  17.57500  0.0000000  0.0000000 -.39281356
  17.60000  0.0000000  0.0000000 0.97339898E-02
  17.62500  0.0000000  0.0000000 -.41664787E-01
  17.65000  0.0000000  0.0000000 0.25510734
  17.67500  0.0000000  0.0000000 0.42270127
  17.70000  0.0000000  0.0000000 0.50896388
  17.72500  0.0000000  0.0000000 0.67113775
  17.75000  0.0000000  0.0000000 0.77765149
  17.77500  0.0000000  0.0000000 0.70900440
  17.80000  0.0000000  0.0000000  1.1887165
  17.82500  0.0000000  0.0000000 0.94793552
  17.85000  0.0000000  0.0000000 0.86072600
  17.87500  0.0000000  0.0000000 0.55148268
  17.90000  0.0000000  0.0000000 0.58354944
  17.92500  0.0000000  0.0000000 0.65706581
  17.95000  0.0000000  0.0000000 0.44538271
  17.97500  0.0000000  0.0000000 0.11419450
  18.00000  0.0000000  0.0000000 0.27022180
  18.02500  0.0000000  0.0000000 0.41403431
  18.05000  0.0000000  0.0000000 0.27176052
  18.07500  0.0000000  0.0000000 0.38450706
  18.10000  0.0000000  0.0000000 -.13210295
  18.12500  0.0000000  0.0000000 -.47903914E-01
  18.15000  0.0000000  0.0000000 0.18703735
  18.17500  0.0000000  0.0000000 0.30442861
  18.20000  0.0000000  0.0000000 0.18304925
  18.22500  0.0000000  0.0000000 -.31839989E-01
  18.25000  0.0000000  0.0000000 0.57115234E-02
  18.27500  0.0000000  0.0000000 -.10254787
  18.30000  0.0000000  0.0000000 -.82288899E-01
  18.32500  0.0000000  0.0000000 -.11283311
  18.35000  0.0000000  0.0000000 -.16972417
  18.37500  0.0000000  0.0000000 0.80258690E-01
  18.40000  0.0000000  0.0000000 0.39166443E-01
  18.42500  0.0000000  0.0000000 -.54397259E-01
  18.45000  0.0000000  0.0000000 -.24734652
  18.47500  0.0000000  0.0000000 -.19064766
  18.50000  0.0000000  0.0000000 0.50352700E-01
  18.52500  0.0000000  0.0000000 0.34240243
  18.55000  0.0000000  0.0000000 0.29329497
  18.57500  0.0000000  0.0000000 0.78492954E-01
  18.60000  0.0000000  0.0000000 0.35052386
  18.62500  0.0000000  0.0000000 -.14464751
  18.65000  0.0000000  0.0000000 -.18471520
  18.67500  0.0000000  0.0000000 -.57559603
  18.70000  0.0000000  0.0000000 -.44846392
  18.72500  0.0000000  0.0000000 -.55931866
  18.75000  0.0000000  0.0000000 -.50401461
  18.77500  0.0000000  0.0000000 -.26544735
  18.80000  0.0000000  0.0000000 -.21480399
  18.82500  0.0000000  0.0000000 0.17127183
  18.85000  0.0000000  0.0000000 0.25423092
  18.87500  0.0000000  0.0000000 0.19706817
  18.90000  0.0000000  0.0000000 0.90481453E-01
  18.92500  0.0000000  0.0000000 0.41677367E-01
  18.95000  0.0000000  0.0000000 0.32711238
  18.97500  0.0000000  0.0000000 0.64413589
  19.00000  0.0000000  0.0000000 0.73996931
  19.02500  0.0000000  0.0000000 0.75631416
  19.05000  0.0000000  0.0000000 0.60349452
  19.07500  0.0000000  0.0000000 0.94095016
  19.10000  0.0000000  0.0000000  1.1927133
  19.12500  0.0000000  0.0000000  1.3909286
  19.15000  0.0000000  0.0000000  1.0735251
  19.17500  0.0000000  0.0000000  1.2838935
  19.20000  0.0000000  0.0000000  1.3643304
  19.22500  0.0000000  0.0000000  1.4613899
  19.25000  0.0000000  0.0000000  1.3845036
  19.27500  0.0000000  0.0000000  1.1019304
  19.30000  0.0000000  0.0000000  1.2457845
  19.32500  0.0000000  0.0000000  1.4244570
  19.35000  0.0000000  0.0000000 0.86060536
  19.37500  0.0000000  0.0000000  1.0833209
  19.40000  0.0000000  0.0000000  1.0042589
  19.42500  0.0000000  0.0000000  1.1385249
  19.45000  0.0000000  0.0000000  1.2993580
  19.47500  0.0000000  0.0000000  1.5679170
  19.50000  0.0000000  0.0000000  1.8213668
  19.52500  0.0000000  0.0000000  1.9832529
  19.55000  0.0000000  0.0000000  2.1315243
  19.57500  0.0000000  0.0000000  2.5069580
  19.60000  0.0000000  0.0000000  2.1377320
  19.62500  0.0000000  0.0000000  1.8446888
  19.65000  0.0000000  0.0000000  1.5730218
  19.67500  0.0000000  0.0000000  1.4880075
  19.70000  0.0000000  0.0000000  1.3651061
  19.72500  0.0000000  0.0000000  1.8432651
  19.75000  0.0000000  0.0000000  1.7788284
  19.77500  0.0000000  0.0000000  1.4563254
  19.80000  0.0000000  0.0000000  1.3829752
  19.82500  0.0000000  0.0000000  1.0900562
  19.85000  0.0000000  0.0000000  1.0430969
  19.87500  0.0000000  0.0000000  1.0896714
  19.90000  0.0000000  0.0000000  1.1562426
  19.92500  0.0000000  0.0000000  1.0394765
  19.95000  0.0000000  0.0000000 0.99564850
  19.97500  0.0000000  0.0000000 0.95235974
  20.00000  0.0000000  0.0000000  1.0631524
  20.02500  0.0000000  0.0000000 0.96668345
  20.05000  0.0000000  0.0000000 0.71641219
  20.07500  0.0000000  0.0000000 0.90047491
  20.10000  0.0000000  0.0000000 0.85442066
  20.12500  0.0000000  0.0000000 0.91845089
  20.15000  0.0000000  0.0000000 0.46746272
  20.17500  0.0000000  0.0000000 0.62936091
  20.20000  0.0000000  0.0000000 0.86067313
  20.22500  0.0000000  0.0000000 0.53467387
  20.25000  0.0000000  0.0000000 0.28604868
  20.27500  0.0000000  0.0000000 -.17879684
  20.30000  0.0000000  0.0000000 0.21240993E-02
  20.32500  0.0000000  0.0000000 -.15466918E-01
  20.35000  0.0000000  0.0000000 -.10177079
  20.37500  0.0000000  0.0000000 0.78454358E-03
  20.40000  0.0000000  0.0000000 0.78799680E-01
  20.42500  0.0000000  0.0000000 -.31552311E-01
  20.45000  0.0000000  0.0000000 0.66509143E-01
  20.47500  0.0000000  0.0000000 0.73760740E-01
  20.50000  0.0000000  0.0000000 -.21245705E-01
  20.52500  0.0000000  0.0000000 -.36316454E-01
  20.55000  0.0000000  0.0000000 -.40773604E-01
  20.57500  0.0000000  0.0000000 -.13524057
  20.60000  0.0000000  0.0000000 0.51892705E-01
  20.62500  0.0000000  0.0000000 -.10999617
  20.65000  0.0000000  0.0000000 -.16391374
  20.67500  0.0000000  0.0000000 -.27411796E-01
  20.70000  0.0000000  0.0000000 -.19610952
  20.72500  0.0000000  0.0000000 -.33038962
  20.75000  0.0000000  0.0000000 -.72055882
  20.77500  0.0000000  0.0000000 -.45952669
  20.80000  0.0000000  0.0000000 -.76750165
  20.82500  0.0000000  0.0000000 -.78133023
  20.85000  0.0000000  0.0000000 -.85869467
  20.87500  0.0000000  0.0000000 -1.0822786
  20.90000  0.0000000  0.0000000 -.89055616
  20.92500  0.0000000  0.0000000 -1.1340902
  20.95000  0.0000000  0.0000000 -1.2921302
  20.97500  0.0000000  0.0000000 -1.5882645
  21.00000  0.0000000  0.0000000 -1.6313438
  21.02500  0.0000000  0.0000000 -1.5264921
  21.05000  0.0000000  0.0000000 -1.2066573
  21.07500  0.0000000  0.0000000 -1.1387067
  21.10000  0.0000000  0.0000000 -.95353144
  21.12500  0.0000000  0.0000000 -.72584814
  21.15000  0.0000000  0.0000000 -.57894164
  21.17500  0.0000000  0.0000000 -.40194362
  21.20000  0.0000000  0.0000000 -.24695891
  21.22500  0.0000000  0.0000000 -.47891460E-01
  21.25000  0.0000000  0.0000000 -.15805508
  21.27500  0.0000000  0.0000000 -.19088630
  21.30000  0.0000000  0.0000000 -.73197648E-01
  21.32500  0.0000000  0.0000000 -.69673076E-01
  21.35000  0.0000000  0.0000000 0.84660538E-01
  21.37500  0.0000000  0.0000000 0.27156523
  21.40000  0.0000000  0.0000000 0.23285756
  21.42500  0.0000000  0.0000000 0.13822436
  21.45000  0.0000000  0.0000000 0.16036458E-01
  21.47500  0.0000000  0.0000000 -.26947284
  21.50000  0.0000000  0.0000000 -.27366814
  21.52500  0.0000000  0.0000000 -.32349801
  21.55000  0.0000000  0.0000000 -.32596791
  21.57500  0.0000000  0.0000000 -.31940183
  21.60000  0.0000000  0.0000000 -.44315395
  21.62500  0.0000000  0.0000000 0.64815491E-01
  21.65000  0.0000000  0.0000000 0.66089761E-02
  21.67500  0.0000000  0.0000000 -.52125258E-02
  21.70000  0.0000000  0.0000000 -.32901102
  21.72500  0.0000000  0.0000000 -.88783123E-01
  21.75000  0.0000000  0.0000000 0.10500292
  21.77500  0.0000000  0.0000000 0.53089112
  21.80000  0.0000000  0.0000000 0.75556713
  21.82500  0.0000000  0.0000000 0.56289166
  21.85000  0.0000000  0.0000000 0.62811834
  21.87500  0.0000000  0.0000000 0.66353458
  21.90000  0.0000000  0.0000000 0.51015991
  21.92500  0.0000000  0.0000000 0.42930254
  21.95000  0.0000000  0.0000000 0.24114878
  21.97500  0.0000000  0.0000000 0.25191107
  22.00000  0.0000000  0.0000000 0.26450357
  22.02500  0.0000000  0.0000000 0.26907283
  22.05000  0.0000000  0.0000000 0.16437721E-01
  22.07500  0.0000000  0.0000000 -.29665694
  22.10000  0.0000000  0.0000000 -.12384738
  22.12500  0.0000000  0.0000000 -.43102730E-01
  22.15000  0.0000000  0.0000000 -.42565703E-01
  22.17500  0.0000000  0.0000000 0.16508482
  22.20000  0.0000000  0.0000000 0.57764482
  22.22500  0.0000000  0.0000000 0.88754636
  22.25000  0.0000000  0.0000000 0.96158570
  22.27500  0.0000000  0.0000000 0.95193201
  22.30000  0.0000000  0.0000000  1.0306762
  22.32500  0.0000000  0.0000000  1.3025976
  22.35000  0.0000000  0.0000000  1.3513932
  22.37500  0.0000000  0.0000000  1.2579181
  22.40000  0.0000000  0.0000000  1.2881508
  22.42500  0.0000000  0.0000000 0.91653812
  22.45000  0.0000000  0.0000000  1.0055999
  22.47500  0.0000000  0.0000000 0.85975802
  22.50000  0.0000000  0.0000000  1.3344564
  22.52500  0.0000000  0.0000000 0.95382571
  22.55000  0.0000000  0.0000000 0.89091820
  22.57500  0.0000000  0.0000000 0.76469749
  22.60000  0.0000000  0.0000000 0.85382253
  22.62500  0.0000000  0.0000000 0.97105658
  22.65000  0.0000000  0.0000000  1.0989248
  22.67500  0.0000000  0.0000000 0.68604606
  22.70000  0.0000000  0.0000000 0.81023067
  22.72500  0.0000000  0.0000000 0.58291560
  22.75000  0.0000000  0.0000000 0.75720960
  22.77500  0.0000000  0.0000000 0.95008540
  22.80000  0.0000000  0.0000000 0.79840559
  22.82500  0.0000000  0.0000000 0.69395304
  22.85000  0.0000000  0.0000000 0.73601305
  22.87500  0.0000000  0.0000000 0.45250425
  22.90000  0.0000000  0.0000000 0.17853729
  22.92500  0.0000000  0.0000000 -.15720963
  22.95000  0.0000000  0.0000000 -.38137829
  22.97500  0.0000000  0.0000000 -.36553180
  23.00000  0.0000000  0.0000000 -.85018657E-01
  23.02500  0.0000000  0.0000000 -.23774092
  23.05000  0.0000000  0.0000000 -.34503174
  23.07500  0.0000000  0.0000000 -.24375270
  23.10000  0.0000000  0.0000000 -.31174779
  23.12500  0.0000000  0.0000000 -.46428484
  23.15000  0.0000000  0.0000000 -.87400621
  23.17500  0.0000000  0.0000000 -1.0002574
  23.20000  0.0000000  0.0000000 -1.0107267
  23.22500  0.0000000  0.0000000 -1.2784989
  23.25000  0.0000000  0.0000000 -1.2319851
  23.27500  0.0000000  0.0000000 -1.6025687
  23.30000  0.0000000  0.0000000 -1.3257744
  23.32500  0.0000000  0.0000000 -1.2830547
  23.35000  0.0000000  0.0000000 -1.2332590
  23.37500  0.0000000  0.0000000 -1.1222134
  23.40000  0.0000000  0.0000000 -1.4526489
  23.42500  0.0000000  0.0000000 -1.6534100
  23.45000  0.0000000  0.0000000 -1.6086217
  23.47500  0.0000000  0.0000000 -1.3800851
  23.50000  0.0000000  0.0000000 -1.4175402
  23.52500  0.0000000  0.0000000 -1.3686048
  23.55000  0.0000000  0.0000000 -1.3133994
  23.57500  0.0000000  0.0000000 -.98573655
  23.60000  0.0000000  0.0000000 -.77037919
  23.62500  0.0000000  0.0000000 -.65013301
  23.65000  0.0000000  0.0000000 -.48880088
  23.67500  0.0000000  0.0000000 -.13721284
  23.70000  0.0000000  0.0000000 0.24194083
  23.72500  0.0000000  0.0000000 -.25679925
  23.75000  0.0000000  0.0000000 -.71300733
  23.77500  0.0000000  0.0000000 -.33192143
  23.80000  0.0000000  0.0000000 -.16803493
  23.82500  0.0000000  0.0000000 0.23348058E-01
  23.85000  0.0000000  0.0000000 0.35671854
  23.87500  0.0000000  0.0000000 0.38140351
  23.90000  0.0000000  0.0000000 0.41124502
  23.92500  0.0000000  0.0000000 0.30762899
  23.95000  0.0000000  0.0000000 -.57014477E-01
  23.97500  0.0000000  0.0000000 0.47503150
  24.00000  0.0000000  0.0000000 0.35122886
  24.02500  0.0000000  0.0000000 0.32849154
  24.05000  0.0000000  0.0000000 0.70790070
  24.07500  0.0000000  0.0000000 0.43585572
  24.10000  0.0000000  0.0000000 0.41495898
  24.12500  0.0000000  0.0000000 0.33780971
  24.15000  0.0000000  0.0000000 0.65089077
  24.17500  0.0000000  0.0000000 0.74554288
  24.20000  0.0000000  0.0000000 0.89290053
  24.22500  0.0000000  0.0000000 0.88398677
  24.25000  0.0000000  0.0000000 0.82609779
  24.27500  0.0000000  0.0000000 0.84176767
  24.30000  0.0000000  0.0000000 0.66988879
  24.32500  0.0000000  0.0000000 0.16558897
  24.35000  0.0000000  0.0000000 0.24969786
  24.37500  0.0000000  0.0000000 0.34972224
  24.40000  0.0000000  0.0000000 0.44721293
  24.42500  0.0000000  0.0000000 0.52838022
  24.45000  0.0000000  0.0000000 0.62101978
  24.47500  0.0000000  0.0000000  1.1429611
  24.50000  0.0000000  0.0000000  1.1873647
  24.52500  0.0000000  0.0000000  1.1160227
  24.55000  0.0000000  0.0000000  1.2019953
  24.57500  0.0000000  0.0000000  1.2350767
  24.60000  0.0000000  0.0000000  1.3149922
  24.62500  0.0000000  0.0000000  1.7295901
  24.65000  0.0000000  0.0000000  1.7148787
  24.67500  0.0000000  0.0000000  1.6491959
  24.70000  0.0000000  0.0000000  1.7430199
  24.72500  0.0000000  0.0000000  1.6201901
  24.75000  0.0000000  0.0000000  1.4424702
  24.77500  0.0000000  0.0000000  1.6576945
  24.80000  0.0000000  0.0000000  1.5613351
  24.82500  0.0000000  0.0000000  1.4412273
  24.85000  0.0000000  0.0000000  1.2423759
  24.87500  0.0000000  0.0000000  1.3864279
  24.90000  0.0000000  0.0000000  1.4507650
  24.92500  0.0000000  0.0000000  1.5110862
  24.95000  0.0000000  0.0000000  1.3518682
  24.97500  0.0000000  0.0000000 0.90444666
  25.00000  0.0000000  0.0000000  1.1179163
  25.02500  0.0000000  0.0000000  1.5761755
  25.05000  0.0000000  0.0000000  1.4754725
  25.07500  0.0000000  0.0000000  1.3626050
  25.10000  0.0000000  0.0000000  1.6965107
  25.12500  0.0000000  0.0000000  1.4734234
  25.15000  0.0000000  0.0000000  1.2629297
  25.17500  0.0000000  0.0000000  1.0597957
  25.20000  0.0000000  0.0000000 0.76450419
  25.22500  0.0000000  0.0000000 0.86800951
  25.25000  0.0000000  0.0000000 0.33616960
  25.27500  0.0000000  0.0000000 0.31294715
  25.30000  0.0000000  0.0000000 0.46761334
  25.32500  0.0000000  0.0000000 0.36334214
  25.35000  0.0000000  0.0000000 0.33874816
  25.37500  0.0000000  0.0000000 -.17008141
  25.40000  0.0000000  0.0000000 -.93730532E-01
  25.42500  0.0000000  0.0000000 0.10373451
  25.45000  0.0000000  0.0000000 -.16430242
  25.47500  0.0000000  0.0000000 -.23563322
  25.50000  0.0000000  0.0000000 0.17284498
  25.52500  0.0000000  0.0000000 0.71972691E-01
  25.55000  0.0000000  0.0000000 -.27429381
  25.57500  0.0000000  0.0000000 -.17678767
  25.60000  0.0000000  0.0000000 -.37700707
  25.62500  0.0000000  0.0000000 -.25781912
  25.65000  0.0000000  0.0000000 -.21017496E-02
  25.67500  0.0000000  0.0000000 -.53771228
  25.70000  0.0000000  0.0000000 -.46748203
  25.72500  0.0000000  0.0000000 -.62872434
  25.75000  0.0000000  0.0000000 -.70039892
  25.77500  0.0000000  0.0000000 -.70559072
  25.80000  0.0000000  0.0000000 -.49723092
  25.82500  0.0000000  0.0000000 -.33859012
  25.85000  0.0000000  0.0000000 0.17491792
  25.87500  0.0000000  0.0000000 -.22894202E-01
  25.90000  0.0000000  0.0000000 0.15748584
  25.92500  0.0000000  0.0000000 -.43804452
  25.95000  0.0000000  0.0000000 -.69769883
  25.97500  0.0000000  0.0000000 -.79887265
  26.00000  0.0000000  0.0000000 -.78052187
  26.02500  0.0000000  0.0000000 -.72498202
  26.05000  0.0000000  0.0000000 -.93816173
  26.07500  0.0000000  0.0000000 -.72443616
  26.10000  0.0000000  0.0000000 -.75072306
  26.12500  0.0000000  0.0000000 -.95760381
  26.15000  0.0000000  0.0000000 -1.3679076
  26.17500  0.0000000  0.0000000 -1.0689431
  26.20000  0.0000000  0.0000000 -1.1047504
  26.22500  0.0000000  0.0000000 -1.2373571
  26.25000  0.0000000  0.0000000 -1.4987251
  26.27500  0.0000000  0.0000000 -1.1111633
  26.30000  0.0000000  0.0000000 -1.1677071
  26.32500  0.0000000  0.0000000 -1.4379698
  26.35000  0.0000000  0.0000000 -1.4647346
  26.37500  0.0000000  0.0000000 -1.4681253
  26.40000  0.0000000  0.0000000 -1.3777621
  26.42500  0.0000000  0.0000000 -1.1460623
  26.45000  0.0000000  0.0000000 -1.2537545
  26.47500  0.0000000  0.0000000 -.96312469
  26.50000  0.0000000  0.0000000 -1.1033348
  26.52500  0.0000000  0.0000000 -1.0916829
  26.55000  0.0000000  0.0000000 -1.0769652
  26.57500  0.0000000  0.0000000 -1.1346501
  26.60000  0.0000000  0.0000000 -.74390322
  26.62500  0.0000000  0.0000000 -.87103182
  26.65000  0.0000000  0.0000000 -.90450323
  26.67500  0.0000000  0.0000000 -.61752355
  26.70000  0.0000000  0.0000000 -.76717687
  26.72500  0.0000000  0.0000000 -1.0236448
  26.75000  0.0000000  0.0000000 -.90248060
  26.77500  0.0000000  0.0000000 -.80486745
  26.80000  0.0000000  0.0000000 -.72738981
  26.82500  0.0000000  0.0000000 -.30354914
  26.85000  0.0000000  0.0000000 -.34214544
  26.87500  0.0000000  0.0000000 -.39379434E-02
  26.90000  0.0000000  0.0000000 0.21595240
  26.92500  0.0000000  0.0000000 0.41106698
  26.95000  0.0000000  0.0000000 0.23440602
  26.97500  0.0000000  0.0000000 0.13470028
  27.00000  0.0000000  0.0000000 0.24508610
  27.02500  0.0000000  0.0000000 0.19399373
  27.05000  0.0000000  0.0000000 -.45420587E-01
  27.07500  0.0000000  0.0000000 0.67432702E-01
  27.10000  0.0000000  0.0000000 -.23735842E-01
  27.12500  0.0000000  0.0000000 -.12157218
  27.15000  0.0000000  0.0000000 -.59684277E-01
  27.17500  0.0000000  0.0000000 0.26346827
  27.20000  0.0000000  0.0000000 0.50413156
  27.22500  0.0000000  0.0000000 0.26724404
  27.25000  0.0000000  0.0000000 0.18603796
  27.27500  0.0000000  0.0000000 0.22174680
  27.30000  0.0000000  0.0000000 0.23922576
  27.32500  0.0000000  0.0000000 0.36167529
  27.35000  0.0000000  0.0000000 0.22537233
  27.37500  0.0000000  0.0000000 0.45407969
  27.40000  0.0000000  0.0000000 0.85679573
  27.42500  0.0000000  0.0000000 0.88786024
  27.45000  0.0000000  0.0000000 0.58901125
  27.47500  0.0000000  0.0000000 0.73097891
  27.50000  0.0000000  0.0000000 0.70668107
  27.52500  0.0000000  0.0000000 0.63970429
  27.55000  0.0000000  0.0000000 0.77551872
  27.57500  0.0000000  0.0000000  1.1249321
  27.60000  0.0000000  0.0000000 0.95054990
  27.62500  0.0000000  0.0000000  1.0009358
  27.65000  0.0000000  0.0000000 0.88144577
  27.67500  0.0000000  0.0000000  1.3519835
  27.70000  0.0000000  0.0000000  1.4634893
  27.72500  0.0000000  0.0000000  1.2388803
  27.75000  0.0000000  0.0000000  1.4352765
  27.77500  0.0000000  0.0000000  1.4148597
  27.80000  0.0000000  0.0000000  1.7809007
  27.82500  0.0000000  0.0000000  2.1392617
  27.85000  0.0000000  0.0000000  2.1036594
  27.87500  0.0000000  0.0000000  2.0750740
  27.90000  0.0000000  0.0000000  1.7079437
  27.92500  0.0000000  0.0000000  1.3651025
  27.95000  0.0000000  0.0000000  1.6698834
  27.97500  0.0000000  0.0000000  1.7886807
  28.00000  0.0000000  0.0000000  1.8660179
  28.02500  0.0000000  0.0000000  1.8338407
  28.05000  0.0000000  0.0000000  1.5317531
  28.07500  0.0000000  0.0000000  1.2556363
  28.10000  0.0000000  0.0000000  1.2901486
  28.12500  0.0000000  0.0000000  1.5066410
  28.15000  0.0000000  0.0000000  1.8696320
  28.17500  0.0000000  0.0000000  2.3179421
  28.20000  0.0000000  0.0000000  2.3644180
  28.22500  0.0000000  0.0000000  2.3983805
  28.25000  0.0000000  0.0000000  2.3653343
  28.27500  0.0000000  0.0000000  1.9667147
  28.30000  0.0000000  0.0000000  2.0568016
  28.32500  0.0000000  0.0000000  1.9203185
  28.35000  0.0000000  0.0000000  1.7936698
  28.37500  0.0000000  0.0000000  1.5225132
  28.40000  0.0000000  0.0000000  1.9728652
  28.42500  0.0000000  0.0000000  1.8175371
  28.45000  0.0000000  0.0000000  1.4237252
  28.47500  0.0000000  0.0000000  1.1463513
  28.50000  0.0000000  0.0000000  1.2371094
  28.52500  0.0000000  0.0000000  1.1703811
  28.55000  0.0000000  0.0000000  1.4013821
  28.57500  0.0000000  0.0000000  1.2371063
  28.60000  0.0000000  0.0000000  1.2125158
  28.62500  0.0000000  0.0000000  1.4521456
  28.65000  0.0000000  0.0000000  1.9614477
  28.67500  0.0000000  0.0000000  1.7899989
  28.70000  0.0000000  0.0000000  1.5119621
  28.72500  0.0000000  0.0000000  1.9652778
  28.75000  0.0000000  0.0000000  2.0958674
  28.77500  0.0000000  0.0000000  1.6639287
  28.80000  0.0000000  0.0000000  1.7914892
  28.82500  0.0000000  0.0000000  1.7182229
  28.85000  0.0000000  0.0000000  1.9096516
  28.87500  0.0000000  0.0000000  1.8424193
  28.90000  0.0000000  0.0000000  1.8826942
  28.92500  0.0000000  0.0000000  1.4136878
  28.95000  0.0000000  0.0000000  1.4216241
  28.97500  0.0000000  0.0000000  1.3596709
  29.00000  0.0000000  0.0000000  1.1031425
  29.02500  0.0000000  0.0000000 0.92677361
  29.05000  0.0000000  0.0000000  1.1424258
  29.07500  0.0000000  0.0000000 0.92738199
  29.10000  0.0000000  0.0000000 0.76237309
  29.12500  0.0000000  0.0000000 0.65744168
  29.15000  0.0000000  0.0000000 0.33838606
  29.17500  0.0000000  0.0000000 0.36171076
  29.20000  0.0000000  0.0000000 0.90281576
  29.22500  0.0000000  0.0000000 0.50611323
  29.25000  0.0000000  0.0000000 0.46756548
  29.27500  0.0000000  0.0000000 0.61504585
  29.30000  0.0000000  0.0000000 0.35114661
  29.32500  0.0000000  0.0000000 0.28176787
  29.35000  0.0000000  0.0000000 0.19767897
  29.37500  0.0000000  0.0000000 -.15108925
  29.40000  0.0000000  0.0000000 -.35480148
  29.42500  0.0000000  0.0000000 -.41515186
  29.45000  0.0000000  0.0000000 -.38996673
  29.47500  0.0000000  0.0000000 0.23982275E-01
  29.50000  0.0000000  0.0000000 -.59900247E-01
  29.52500  0.0000000  0.0000000 -.11681036
  29.55000  0.0000000  0.0000000 -.43680102
  29.57500  0.0000000  0.0000000 -.28267342
  29.60000  0.0000000  0.0000000 0.21853607E-01
  29.62500  0.0000000  0.0000000 0.11270554
  29.65000  0.0000000  0.0000000 0.23098560
  29.67500  0.0000000  0.0000000 0.11685140
  29.70000  0.0000000  0.0000000 0.16554514
  29.72500  0.0000000  0.0000000 0.43651095
  29.75000  0.0000000  0.0000000 0.53740960
  29.77500  0.0000000  0.0000000 0.95739567
  29.80000  0.0000000  0.0000000 0.69068480
  29.82500  0.0000000  0.0000000 0.65484560
  29.85000  0.0000000  0.0000000 0.69778138
  29.87500  0.0000000  0.0000000 0.70335710
  29.90000  0.0000000  0.0000000 0.87274951
  29.92500  0.0000000  0.0000000 0.67866182
  29.95000  0.0000000  0.0000000 0.46302077
  29.97500  0.0000000  0.0000000 0.45643058E-02
  30.00000  0.0000000  0.0000000 -.21637486
  30.02500  0.0000000  0.0000000 -.19833033
  30.05000  0.0000000  0.0000000 -.14209695
  30.07500  0.0000000  0.0000000 -.67867674E-01
  30.10000  0.0000000  0.0000000 0.54487146E-01
  30.12500  0.0000000  0.0000000 -.13911973
  30.15000  0.0000000  0.0000000 -.11029696
  30.17500  0.0000000  0.0000000 -.28621346
  30.20000  0.0000000  0.0000000 -.41758987
  30.22500  0.0000000  0.0000000 -.17891961
  30.25000  0.0000000  0.0000000 -.12957394
  30.27500  0.0000000  0.0000000 -.39437532E-01
  30.30000  0.0000000  0.0000000 -.38590056
  30.32500  0.0000000  0.0000000 -.55267698
  30.35000  0.0000000  0.0000000 -.33217371
  30.37500  0.0000000  0.0000000 -.24924186
  30.40000  0.0000000  0.0000000 -.57519430
  30.42500  0.0000000  0.0000000 -.49174684
  30.45000  0.0000000  0.0000000 -.81990194
  30.47500  0.0000000  0.0000000 -.90886438
  30.50000  0.0000000  0.0000000 -.92288589
  30.52500  0.0000000  0.0000000 -.83551419
  30.55000  0.0000000  0.0000000 -.80737102
  30.57500  0.0000000  0.0000000 -.51037586
  30.60000  0.0000000  0.0000000 -.28551954
  30.62500  0.0000000  0.0000000 -.31431833
  30.65000  0.0000000  0.0000000 -.23244929
  30.67500  0.0000000  0.0000000 0.15374586
  30.70000  0.0000000  0.0000000 0.44769347
  30.72500  0.0000000  0.0000000 0.60831714
  30.75000  0.0000000  0.0000000 0.41280538
  30.77500  0.0000000  0.0000000 0.34904537
  30.80000  0.0000000  0.0000000 0.54948515
  30.82500  0.0000000  0.0000000 0.54767889
  30.85000  0.0000000  0.0000000 0.58351350
  30.87500  0.0000000  0.0000000 0.65105706
  30.90000  0.0000000  0.0000000 0.93307823
  30.92500  0.0000000  0.0000000 0.93800819
  30.95000  0.0000000  0.0000000 0.85978490
  30.97500  0.0000000  0.0000000 0.77646327
  31.00000  0.0000000  0.0000000 0.38714397
  31.02500  0.0000000  0.0000000 0.24447057
  31.05000  0.0000000  0.0000000 -.14246418
  31.07500  0.0000000  0.0000000 -.19023193
  31.10000  0.0000000  0.0000000 -.15096508
  31.12500  0.0000000  0.0000000 -.28107151E-01
  31.15000  0.0000000  0.0000000 -.10450090
  31.17500  0.0000000  0.0000000 0.17543231
  31.20000  0.0000000  0.0000000 0.15283722
  31.22500  0.0000000  0.0000000 0.23048136
  31.25000  0.0000000  0.0000000 0.35180852
  31.27500  0.0000000  0.0000000 0.41744626
  31.30000  0.0000000  0.0000000 0.60312229
  31.32500  0.0000000  0.0000000 0.68320328
  31.35000  0.0000000  0.0000000 0.42192119
  31.37500  0.0000000  0.0000000 0.89997840
  31.40000  0.0000000  0.0000000 0.62466198
  31.42500  0.0000000  0.0000000 0.83044523
  31.45000  0.0000000  0.0000000 0.71111864
  31.47500  0.0000000  0.0000000 0.82436180
  31.50000  0.0000000  0.0000000  1.1090368
  31.52500  0.0000000  0.0000000 0.96119618
  31.55000  0.0000000  0.0000000  1.2497822
  31.57500  0.0000000  0.0000000  1.3862374
  31.60000  0.0000000  0.0000000  1.6123376
  31.62500  0.0000000  0.0000000  1.9697285
  31.65000  0.0000000  0.0000000  1.9984623
  31.67500  0.0000000  0.0000000  2.4059739
  31.70000  0.0000000  0.0000000  2.2659347
  31.72500  0.0000000  0.0000000  1.7525722
  31.75000  0.0000000  0.0000000  1.7748929
  31.77500  0.0000000  0.0000000  1.6319866
  31.80000  0.0000000  0.0000000  1.8580387
  31.82500  0.0000000  0.0000000  1.5244889
  31.85000  0.0000000  0.0000000  1.5316213
  31.87500  0.0000000  0.0000000  1.6962771
  31.90000  0.0000000  0.0000000  1.2471538
  31.92500  0.0000000  0.0000000 0.94582880
  31.95000  0.0000000  0.0000000  1.1584666
  31.97500  0.0000000  0.0000000  1.4016958
  32.00000  0.0000000  0.0000000  1.3630440
  32.02500  0.0000000  0.0000000  1.6244951
  32.05000  0.0000000  0.0000000  1.3504270
  32.07500  0.0000000  0.0000000  1.3879162
  32.10000  0.0000000  0.0000000 0.92640156
  32.12500  0.0000000  0.0000000  1.0592036
  32.15000  0.0000000  0.0000000  1.2406324
  32.17500  0.0000000  0.0000000  1.1453501
  32.20000  0.0000000  0.0000000  1.4357618
  32.22500  0.0000000  0.0000000  1.7927749
  32.25000  0.0000000  0.0000000  1.7815366
  32.27500  0.0000000  0.0000000  1.5230043
  32.30000  0.0000000  0.0000000  1.8560306
  32.32500  0.0000000  0.0000000  2.0995433
  32.35000  0.0000000  0.0000000  2.8415666
  32.37500  0.0000000  0.0000000  2.9727433
  32.40000  0.0000000  0.0000000  2.7936037
  32.42500  0.0000000  0.0000000  2.3055353
  32.45000  0.0000000  0.0000000  2.5925882
  32.47500  0.0000000  0.0000000  2.4594879
  32.50000  0.0000000  0.0000000  2.3250775
  32.52500  0.0000000  0.0000000  1.8356273
  32.55000  0.0000000  0.0000000  1.9001247
  32.57500  0.0000000  0.0000000  1.9702702
  32.60000  0.0000000  0.0000000  2.2780328
  32.62500  0.0000000  0.0000000  2.2962508
  32.65000  0.0000000  0.0000000  2.1399891
  32.67500  0.0000000  0.0000000  2.0506923
  32.70000  0.0000000  0.0000000  1.7667452
  32.72500  0.0000000  0.0000000  1.7200483
  32.75000  0.0000000  0.0000000  1.4738879
  32.77500  0.0000000  0.0000000  1.3659551
  32.80000  0.0000000  0.0000000  1.2992337
  32.82500  0.0000000  0.0000000  1.2927381
  32.85000  0.0000000  0.0000000  1.1475718
  32.87500  0.0000000  0.0000000  1.0045270
  32.90000  0.0000000  0.0000000  1.3542745
  32.92500  0.0000000  0.0000000  1.6311657
  32.95000  0.0000000  0.0000000  1.3545512
  32.97500  0.0000000  0.0000000  1.4395952
  33.00000  0.0000000  0.0000000 0.99202543
  33.02500  0.0000000  0.0000000 0.90493351
  33.05000  0.0000000  0.0000000  1.3510494
  33.07500  0.0000000  0.0000000  1.3599801
  33.10000  0.0000000  0.0000000 0.87549055
  33.12500  0.0000000  0.0000000 0.79865092
  33.15000  0.0000000  0.0000000 0.83180851
  33.17500  0.0000000  0.0000000 0.69542301
  33.20000  0.0000000  0.0000000 0.78633982
  33.22500  0.0000000  0.0000000 0.56014168
  33.25000  0.0000000  0.0000000 0.17223431
  33.27500  0.0000000  0.0000000 -.13193767
  33.30000  0.0000000  0.0000000 -.33575040
  33.32500  0.0000000  0.0000000 0.19909352
  33.35000  0.0000000  0.0000000 0.31017634
  33.37500  0.0000000  0.0000000 0.28196245
  33.40000  0.0000000  0.0000000 0.13000803
  33.42500  0.0000000  0.0000000 -.13823815
  33.45000  0.0000000  0.0000000 -.13650359
  33.47500  0.0000000  0.0000000 -.13298326E-01
  33.50000  0.0000000  0.0000000 -.58299464
  33.52500  0.0000000  0.0000000 -.48250967
  33.55000  0.0000000  0.0000000 -.66319019
  33.57500  0.0000000  0.0000000 -.52822787
  33.60000  0.0000000  0.0000000 -1.3185047
  33.62500  0.0000000  0.0000000 -.87719470
  33.65000  0.0000000  0.0000000 -1.2425721
  33.67500  0.0000000  0.0000000 -.99810481
  33.70000  0.0000000  0.0000000 -.87003839
  33.72500  0.0000000  0.0000000 -.67066109
  33.75000  0.0000000  0.0000000 -.83996534
  33.77500  0.0000000  0.0000000 -.76251626
  33.80000  0.0000000  0.0000000 -.55492157
  33.82500  0.0000000  0.0000000 -.79843479
  33.85000  0.0000000  0.0000000 -.85700226
  33.87500  0.0000000  0.0000000 -.74110365
  33.90000  0.0000000  0.0000000 -.47063631
  33.92500  0.0000000  0.0000000 -.43752688
  33.95000  0.0000000  0.0000000 -.13269615E-01
  33.97500  0.0000000  0.0000000 0.24830106
  34.00000  0.0000000  0.0000000 0.66431534
  34.02500  0.0000000  0.0000000  1.2727041
  34.05000  0.0000000  0.0000000  1.5522428
  34.07500  0.0000000  0.0000000  1.1073142
  34.10000  0.0000000  0.0000000  1.1215112
  34.12500  0.0000000  0.0000000  1.3046860
  34.15000  0.0000000  0.0000000  1.5526950
  34.17500  0.0000000  0.0000000  1.3207226
  34.20000  0.0000000  0.0000000  1.6828793
  34.22500  0.0000000  0.0000000  1.4395865
  34.25000  0.0000000  0.0000000  1.7177509
  34.27500  0.0000000  0.0000000  1.7956903
  34.30000  0.0000000  0.0000000  1.7678813
  34.32500  0.0000000  0.0000000  1.3825159
  34.35000  0.0000000  0.0000000  1.0818231
  34.37500  0.0000000  0.0000000 0.73843783
  34.40000  0.0000000  0.0000000 0.77211809
  34.42500  0.0000000  0.0000000  1.3028563
  34.45000  0.0000000  0.0000000 0.84294033
  34.47500  0.0000000  0.0000000 0.63101220
  34.50000  0.0000000  0.0000000 0.74238461
  34.52500  0.0000000  0.0000000 0.88398951
  34.55000  0.0000000  0.0000000 0.63684148
  34.57500  0.0000000  0.0000000 0.97037548
  34.60000  0.0000000  0.0000000 0.68495876
  34.62500  0.0000000  0.0000000 0.45794696
  34.65000  0.0000000  0.0000000 0.34354046
  34.67500  0.0000000  0.0000000 0.80490805E-01
  34.70000  0.0000000  0.0000000 -.13069765
  34.72500  0.0000000  0.0000000 -.24370444
  34.75000  0.0000000  0.0000000 0.27107133E-01
  34.77500  0.0000000  0.0000000 -.92648700E-01
  34.80000  0.0000000  0.0000000 0.10125869
  34.82500  0.0000000  0.0000000 -.31433947E-01
  34.85000  0.0000000  0.0000000 -.84216580E-01
  34.87500  0.0000000  0.0000000 0.26219994
  34.90000  0.0000000  0.0000000 0.32435724
  34.92500  0.0000000  0.0000000 0.25255612
  34.95000  0.0000000  0.0000000 0.24571553
  34.97500  0.0000000  0.0000000 0.79252964
  35.00000  0.0000000  0.0000000 0.54377717
  35.02500  0.0000000  0.0000000 0.61413503
  35.05000  0.0000000  0.0000000 0.53029132
  35.07500  0.0000000  0.0000000 0.67597002
  35.10000  0.0000000  0.0000000 0.47116041
  35.12500  0.0000000  0.0000000 0.83217382
  35.15000  0.0000000  0.0000000  1.2613159
  35.17500  0.0000000  0.0000000  1.0080575
  35.20000  0.0000000  0.0000000 0.80911309
  35.22500  0.0000000  0.0000000 0.34461603
  35.25000  0.0000000  0.0000000 0.45903412
  35.27500  0.0000000  0.0000000 0.24700077
  35.30000  0.0000000  0.0000000 0.21099864
  35.32500  0.0000000  0.0000000 -.78359202E-01
  35.35000  0.0000000  0.0000000 -.23122829
  35.37500  0.0000000  0.0000000 -.43096426
  35.40000  0.0000000  0.0000000 -.54334706
  35.42500  0.0000000  0.0000000 -.21916576
  35.45000  0.0000000  0.0000000 0.14165720
  35.47500  0.0000000  0.0000000 -.77273414E-01
  35.50000  0.0000000  0.0000000 -.42776096
  35.52500  0.0000000  0.0000000 -.80244702
  35.55000  0.0000000  0.0000000 -.52329010
  35.57500  0.0000000  0.0000000 -.23030646
  35.60000  0.0000000  0.0000000 0.56155596E-01
  35.62500  0.0000000  0.0000000 -.72275206E-01
  35.65000  0.0000000  0.0000000 0.18772942
  35.67500  0.0000000  0.0000000 -.11986696
  35.70000  0.0000000  0.0000000 0.14821722
  35.72500  0.0000000  0.0000000 0.18420114
  35.75000  0.0000000  0.0000000 -.11360549
  35.77500  0.0000000  0.0000000 0.28136812E-01
  35.80000  0.0000000  0.0000000 -.78495413E-01
  35.82500  0.0000000  0.0000000 -.40547863E-01
  35.85000  0.0000000  0.0000000 0.19908741
  35.87500  0.0000000  0.0000000 -.10302877
  35.90000  0.0000000  0.0000000 -.93193978E-01
  35.92500  0.0000000  0.0000000 0.27538455
  35.95000  0.0000000  0.0000000 -.48149228E-02
  35.97500  0.0000000  0.0000000 0.12477741
  36.00000  0.0000000  0.0000000 0.34485558
  36.02500  0.0000000  0.0000000 0.34466413
  36.05000  0.0000000  0.0000000 0.66304132E-01
  36.07500  0.0000000  0.0000000 0.35439524
  36.10000  0.0000000  0.0000000 0.58548427
  36.12500  0.0000000  0.0000000 0.91036958
  36.15000  0.0000000  0.0000000 0.90918714
  36.17500  0.0000000  0.0000000 0.84682459
  36.20000  0.0000000  0.0000000 0.92443937
  36.22500  0.0000000  0.0000000  1.1000667
  36.25000  0.0000000  0.0000000  1.0088239
  36.27500  0.0000000  0.0000000  1.1479684
  36.30000  0.0000000  0.0000000  1.1766641
  36.32500  0.0000000  0.0000000 0.97095340
  36.35000  0.0000000  0.0000000 0.99162912
  36.37500  0.0000000  0.0000000 0.77659029
  36.40000  0.0000000  0.0000000 0.89799643
  36.42500  0.0000000  0.0000000 0.86663646
  36.45000  0.0000000  0.0000000 0.98053789
  36.47500  0.0000000  0.0000000 0.98218936
  36.50000  0.0000000  0.0000000 0.91018844
  36.52500  0.0000000  0.0000000  1.2486347
  36.55000  0.0000000  0.0000000  1.4103475
  36.57500  0.0000000  0.0000000  1.8365200
  36.60000  0.0000000  0.0000000  1.3541154
  36.62500  0.0000000  0.0000000  1.4271709
  36.65000  0.0000000  0.0000000  1.4565614
  36.67500  0.0000000  0.0000000  1.6427196
  36.70000  0.0000000  0.0000000  1.5361533
  36.72500  0.0000000  0.0000000  1.1460403
  36.75000  0.0000000  0.0000000  1.0302672
  36.77500  0.0000000  0.0000000 0.77382469
  36.80000  0.0000000  0.0000000 0.68920720
  36.82500  0.0000000  0.0000000 0.94843185
  36.85000  0.0000000  0.0000000  1.0506393
  36.87500  0.0000000  0.0000000 0.94208890
  36.90000  0.0000000  0.0000000  1.0189850
  36.92500  0.0000000  0.0000000 0.68356043
  36.95000  0.0000000  0.0000000 0.34257346
  36.97500  0.0000000  0.0000000 0.59031624
  37.00000  0.0000000  0.0000000 0.54722822
  37.02500  0.0000000  0.0000000 0.59791034
  37.05000  0.0000000  0.0000000 0.77959609
  37.07500  0.0000000  0.0000000 0.43463039
  37.10000  0.0000000  0.0000000 0.79950017
  37.12500  0.0000000  0.0000000  1.1730757
  37.15000  0.0000000  0.0000000  1.1659367
  37.17500  0.0000000  0.0000000  1.1063126
  37.20000  0.0000000  0.0000000 0.96278483
  37.22500  0.0000000  0.0000000  1.0292728
  37.25000  0.0000000  0.0000000 0.97713941
  37.27500  0.0000000  0.0000000  1.2198317
  37.30000  0.0000000  0.0000000  1.2366853
  37.32500  0.0000000  0.0000000  1.0477152
  37.35000  0.0000000  0.0000000  1.2951469
  37.37500  0.0000000  0.0000000  1.5734439
  37.40000  0.0000000  0.0000000  1.2089520
  37.42500  0.0000000  0.0000000 0.99795687
  37.45000  0.0000000  0.0000000 0.99213159
  37.47500  0.0000000  0.0000000  1.1475961
  37.50000  0.0000000  0.0000000  1.3928754
  37.52500  0.0000000  0.0000000  1.4998580
  37.55000  0.0000000  0.0000000  1.4906437
  37.57500  0.0000000  0.0000000  1.6475649
  37.60000  0.0000000  0.0000000  1.8484323
  37.62500  0.0000000  0.0000000  1.9842732
  37.65000  0.0000000  0.0000000  2.0871091
  37.67500  0.0000000  0.0000000  1.8704551
  37.70000  0.0000000  0.0000000  1.4672823
  37.72500  0.0000000  0.0000000  1.7461036
  37.75000  0.0000000  0.0000000  1.7705432
  37.77500  0.0000000  0.0000000  1.5323759
  37.80000  0.0000000  0.0000000  1.6008465
  37.82500  0.0000000  0.0000000  1.1398530
  37.85000  0.0000000  0.0000000 0.89954627
  37.87500  0.0000000  0.0000000 0.54981977
  37.90000  0.0000000  0.0000000 0.51836997
  37.92500  0.0000000  0.0000000 0.51596534
  37.95000  0.0000000  0.0000000 0.67659593
  37.97500  0.0000000  0.0000000 0.63168138
  38.00000  0.0000000  0.0000000 0.71867257
  38.02500  0.0000000  0.0000000 0.59364969
  38.05000  0.0000000  0.0000000 0.59421557
  38.07500  0.0000000  0.0000000 0.24816644
  38.10000  0.0000000  0.0000000 0.41402146
  38.12500  0.0000000  0.0000000 0.23870416E-01
  38.15000  0.0000000  0.0000000 -.31738171
  38.17500  0.0000000  0.0000000 -.19798695
  38.20000  0.0000000  0.0000000 -.17459115
  38.22500  0.0000000  0.0000000 -.42942932
  38.25000  0.0000000  0.0000000 -.46143615
  38.27500  0.0000000  0.0000000 -.59321690
  38.30000  0.0000000  0.0000000 -.65987664
  38.32500  0.0000000  0.0000000 -.56431901
  38.35000  0.0000000  0.0000000 -.42137522
  38.37500  0.0000000  0.0000000 -.67319977
  38.40000  0.0000000  0.0000000 -.96029133
  38.42500  0.0000000  0.0000000 -1.0593705
  38.45000  0.0000000  0.0000000 -1.0342906
  38.47500  0.0000000  0.0000000 -1.2525725
  38.50000  0.0000000  0.0000000 -1.1233974
  38.52500  0.0000000  0.0000000 -.93247288
  38.55000  0.0000000  0.0000000 -1.1614221
  38.57500  0.0000000  0.0000000 -.98717278
  38.60000  0.0000000  0.0000000 -1.3338884
  38.62500  0.0000000  0.0000000 -1.4381250
  38.65000  0.0000000  0.0000000 -1.0956197
  38.67500  0.0000000  0.0000000 -1.1584375
  38.70000  0.0000000  0.0000000 -1.3370799
  38.72500  0.0000000  0.0000000 -1.2977309
  38.75000  0.0000000  0.0000000 -1.6418935
  38.77500  0.0000000  0.0000000 -1.2145265
  38.80000  0.0000000  0.0000000 -.82994246
  38.82500  0.0000000  0.0000000 -.74040228
  38.85000  0.0000000  0.0000000 -.95239019
  38.87500  0.0000000  0.0000000 -1.1205370
  38.90000  0.0000000  0.0000000 -.98541701
  38.92500  0.0000000  0.0000000 -1.0047140
  38.95000  0.0000000  0.0000000 -.99902886
  38.97500  0.0000000  0.0000000 -.71366692
  39.00000  0.0000000  0.0000000 -.47631425
  39.02500  0.0000000  0.0000000 -.50387937
  39.05000  0.0000000  0.0000000 -.52269107
  39.07500  0.0000000  0.0000000 -.61476594
  39.10000  0.0000000  0.0000000 -.35504669
  39.12500  0.0000000  0.0000000 -.60247147
  39.15000  0.0000000  0.0000000 -.35468334
  39.17500  0.0000000  0.0000000 -.68917684E-01
  39.20000  0.0000000  0.0000000 -.10367859
  39.22500  0.0000000  0.0000000 -.24440339
  39.25000  0.0000000  0.0000000 -.14998665
  39.27500  0.0000000  0.0000000 -.50871298E-01
  39.30000  0.0000000  0.0000000 0.75555965E-02
  39.32500  0.0000000  0.0000000 -.93790270E-01
  39.35000  0.0000000  0.0000000 0.49997147E-01
  39.37500  0.0000000  0.0000000 -.97315624E-01
  39.40000  0.0000000  0.0000000 -.93105778E-01
  39.42500  0.0000000  0.0000000 -.87007508E-01
  39.45000  0.0000000  0.0000000 -.17394881
  39.47500  0.0000000  0.0000000 -.46964651
  39.50000  0.0000000  0.0000000 -.68875515
  39.52500  0.0000000  0.0000000 -.68576247
  39.55000  0.0000000  0.0000000 -.87205857
  39.57500  0.0000000  0.0000000 -.53829873
  39.60000  0.0000000  0.0000000 -.25328025
  39.62500  0.0000000  0.0000000 -.12903348
  39.65000  0.0000000  0.0000000 -.55479133
  39.67500  0.0000000  0.0000000 -.76005393
  39.70000  0.0000000  0.0000000 -.56247169
  39.72500  0.0000000  0.0000000 -.70235789
  39.75000  0.0000000  0.0000000 -.20897041
  39.77500  0.0000000  0.0000000 -.14067908
  39.80000  0.0000000  0.0000000 0.17507063
  39.82500  0.0000000  0.0000000 -.94039470E-01
  39.85000  0.0000000  0.0000000 -.12617515
  39.87500  0.0000000  0.0000000 -.68414494E-01
  39.90000  0.0000000  0.0000000 0.66514350E-01
  39.92500  0.0000000  0.0000000 -.53808030E-01
  39.95000  0.0000000  0.0000000 0.19269523E-02
  39.97500  0.0000000  0.0000000 0.82221758E-02
  40.00000  0.0000000  0.0000000 0.29639846
  40.02500  0.0000000  0.0000000 0.62524772
  40.05000  0.0000000  0.0000000 0.61701471
  40.07500  0.0000000  0.0000000 0.94598788
  40.10000  0.0000000  0.0000000  1.0401230
  40.12500  0.0000000  0.0000000  1.0779206
  40.15000  0.0000000  0.0000000  1.0239661
  40.17500  0.0000000  0.0000000 0.80923933
  40.20000  0.0000000  0.0000000 0.75029010
  40.22500  0.0000000  0.0000000 0.75919747
  40.25000  0.0000000  0.0000000 0.49550068
  40.27500  0.0000000  0.0000000 0.22817492
  40.30000  0.0000000  0.0000000 0.14444722
  40.32500  0.0000000  0.0000000 0.76600343E-01
  40.35000  0.0000000  0.0000000 0.20767060
  40.37500  0.0000000  0.0000000 0.23597333
  40.40000  0.0000000  0.0000000 0.40251571
  40.42500  0.0000000  0.0000000 0.73762572
  40.45000  0.0000000  0.0000000 0.52891397
  40.47500  0.0000000  0.0000000 0.38909382
  40.50000  0.0000000  0.0000000 0.25912276
  40.52500  0.0000000  0.0000000 -.15151744
  40.55000  0.0000000  0.0000000 -.67162877
  40.57500  0.0000000  0.0000000 -.60872352
  40.60000  0.0000000  0.0000000 -.52161884
  40.62500  0.0000000  0.0000000 -.84578329
  40.65000  0.0000000  0.0000000 -.89719355
  40.67500  0.0000000  0.0000000 -.80956089
  40.70000  0.0000000  0.0000000 -.85291642
  40.72500  0.0000000  0.0000000 -.98590791
  40.75000  0.0000000  0.0000000 -.64616394
  40.77500  0.0000000  0.0000000 -1.1094538
  40.80000  0.0000000  0.0000000 -1.5133370
  40.82500  0.0000000  0.0000000 -1.4043447
  40.85000  0.0000000  0.0000000 -1.1627710
  40.87500  0.0000000  0.0000000 -1.7449110
  40.90000  0.0000000  0.0000000 -1.4084287
  40.92500  0.0000000  0.0000000 -1.1217726
  40.95000  0.0000000  0.0000000 -1.2589812
  40.97500  0.0000000  0.0000000 -1.4297053
  41.00000  0.0000000  0.0000000 -1.2189260
  41.02500  0.0000000  0.0000000 -1.0251909
  41.05000  0.0000000  0.0000000 -1.0821677
  41.07500  0.0000000  0.0000000 -1.1620116
  41.10000  0.0000000  0.0000000 -1.1179423
  41.12500  0.0000000  0.0000000 -1.1925461
  41.15000  0.0000000  0.0000000 -1.0686201
  41.17500  0.0000000  0.0000000 -1.2403835
  41.20000  0.0000000  0.0000000 -1.1733586
  41.22500  0.0000000  0.0000000 -.82284236
  41.25000  0.0000000  0.0000000 -.70466983
  41.27500  0.0000000  0.0000000 -.54279906
  41.30000  0.0000000  0.0000000 -.79448867
  41.32500  0.0000000  0.0000000 -.62419993
  41.35000  0.0000000  0.0000000 -.27374706
  41.37500  0.0000000  0.0000000 -.19555496
  41.40000  0.0000000  0.0000000 0.13318980
  41.42500  0.0000000  0.0000000 0.60993004
  41.45000  0.0000000  0.0000000 0.79546499
  41.47500  0.0000000  0.0000000 0.97859418
  41.50000  0.0000000  0.0000000 0.96309167
  41.52500  0.0000000  0.0000000  1.1496578
  41.55000  0.0000000  0.0000000  1.1323556
  41.57500  0.0000000  0.0000000 0.80027938
  41.60000  0.0000000  0.0000000 0.18057230
  41.62500  0.0000000  0.0000000 0.85215360E-01
  41.65000  0.0000000  0.0000000 -.48877589E-01
  41.67500  0.0000000  0.0000000 0.33135910E-01
  41.70000  0.0000000  0.0000000 -.22197339
  41.72500  0.0000000  0.0000000 0.16602720
  41.75000  0.0000000  0.0000000 0.14718197E-01
  41.77500  0.0000000  0.0000000 -.87867402E-01
  41.80000  0.0000000  0.0000000 -.28207979
  41.82500  0.0000000  0.0000000 -.48724601
  41.85000  0.0000000  0.0000000 -.92125350
  41.87500  0.0000000  0.0000000 -.89566690
  41.90000  0.0000000  0.0000000 -1.1514330
  41.92500  0.0000000  0.0000000 -1.2859004
  41.95000  0.0000000  0.0000000 -1.3311169
  41.97500  0.0000000  0.0000000 -1.0174685
  42.00000  0.0000000  0.0000000 -.98259503
  42.02500  0.0000000  0.0000000 -1.0217544
  42.05000  0.0000000  0.0000000 -1.0378156
  42.07500  0.0000000  0.0000000 -.99812263
  42.10000  0.0000000  0.0000000 -1.0347707
  42.12500  0.0000000  0.0000000 -1.1873161
  42.15000  0.0000000  0.0000000 -1.0804236
  42.17500  0.0000000  0.0000000 -1.0703852
  42.20000  0.0000000  0.0000000 -1.3042725
  42.22500  0.0000000  0.0000000 -1.5016317
  42.25000  0.0000000  0.0000000 -1.3695525
  42.27500  0.0000000  0.0000000 -1.1804526
  42.30000  0.0000000  0.0000000 -1.4663407
  42.32500  0.0000000  0.0000000 -1.2884580
  42.35000  0.0000000  0.0000000 -1.4299877
  42.37500  0.0000000  0.0000000 -1.3567597
  42.40000  0.0000000  0.0000000 -1.4116021
  42.42500  0.0000000  0.0000000 -1.6127081
  42.45000  0.0000000  0.0000000 -2.0949481
  42.47500  0.0000000  0.0000000 -2.1619232
  42.50000  0.0000000  0.0000000 -2.2770500
  42.52500  0.0000000  0.0000000 -2.3149683
  42.55000  0.0000000  0.0000000 -2.2214532
  42.57500  0.0000000  0.0000000 -2.3413806
  42.60000  0.0000000  0.0000000 -2.0430133
  42.62500  0.0000000  0.0000000 -2.0942926
  42.65000  0.0000000  0.0000000 -2.1635699
  42.67500  0.0000000  0.0000000 -2.4873614
  42.70000  0.0000000  0.0000000 -2.8210974
  42.72500  0.0000000  0.0000000 -3.1061196
  42.75000  0.0000000  0.0000000 -3.1872578
  42.77500  0.0000000  0.0000000 -3.2243798
  42.80000  0.0000000  0.0000000 -3.0186701
  42.82500  0.0000000  0.0000000 -2.8930333
  42.85000  0.0000000  0.0000000 -3.0264990
  42.87500  0.0000000  0.0000000 -2.9751234
  42.90000  0.0000000  0.0000000 -2.8062203
  42.92500  0.0000000  0.0000000 -2.9536860
  42.95000  0.0000000  0.0000000 -2.7611065
  42.97500  0.0000000  0.0000000 -2.6450880
  43.00000  0.0000000  0.0000000 -2.5554786
  43.02500  0.0000000  0.0000000 -1.8986083
  43.05000  0.0000000  0.0000000 -1.9484113
  43.07500  0.0000000  0.0000000 -2.1200199
  43.10000  0.0000000  0.0000000 -2.1700826
  43.12500  0.0000000  0.0000000 -2.1645889
  43.15000  0.0000000  0.0000000 -2.2428818
  43.17500  0.0000000  0.0000000 -2.1179731
  43.20000  0.0000000  0.0000000 -2.3331499
  43.22500  0.0000000  0.0000000 -2.4007726
  43.25000  0.0000000  0.0000000 -2.5511081
  43.27500  0.0000000  0.0000000 -2.5142424
  43.30000  0.0000000  0.0000000 -2.5649877
  43.32500  0.0000000  0.0000000 -2.2972307
  43.35000  0.0000000  0.0000000 -2.1735139
  43.37500  0.0000000  0.0000000 -1.7216779
  43.40000  0.0000000  0.0000000 -1.9725620
  43.42500  0.0000000  0.0000000 -2.0146549
  43.45000  0.0000000  0.0000000 -1.8993847
  43.47500  0.0000000  0.0000000 -1.7585592
  43.50000  0.0000000  0.0000000 -1.2859812
  43.52500  0.0000000  0.0000000 -1.2619267
  43.55000  0.0000000  0.0000000 -1.2378191
  43.57500  0.0000000  0.0000000 -.84173822
  43.60000  0.0000000  0.0000000 -.42638326
  43.62500  0.0000000  0.0000000 -.72387350
  43.65000  0.0000000  0.0000000 -.60310864
  43.67500  0.0000000  0.0000000 -.55339992
  43.70000  0.0000000  0.0000000 -.50248724
  43.72500  0.0000000  0.0000000 -.25390983
  43.75000  0.0000000  0.0000000 -.31024784
  43.77500  0.0000000  0.0000000 -.32992607
  43.80000  0.0000000  0.0000000 -.63326120
  43.82500  0.0000000  0.0000000 -.51189965
  43.85000  0.0000000  0.0000000 -.34962958
  43.87500  0.0000000  0.0000000 -.38441339
  43.90000  0.0000000  0.0000000 -.35672739
  43.92500  0.0000000  0.0000000 -.75793511
  43.95000  0.0000000  0.0000000 -.28884459
  43.97500  0.0000000  0.0000000 -.11451838
  44.00000  0.0000000  0.0000000 -.29014906
  44.02500  0.0000000  0.0000000 -.47988230
  44.05000  0.0000000  0.0000000 -.29128617
  44.07500  0.0000000  0.0000000 -.50219864
  44.10000  0.0000000  0.0000000 -.47459406
  44.12500  0.0000000  0.0000000 -.80821502
  44.15000  0.0000000  0.0000000 -.82805437
  44.17500  0.0000000  0.0000000 -.64511228
  44.20000  0.0000000  0.0000000 -.90483177
  44.22500  0.0000000  0.0000000 -.69161332
  44.25000  0.0000000  0.0000000 -.86860800
  44.27500  0.0000000  0.0000000 -1.2297928
  44.30000  0.0000000  0.0000000 -1.3531572
  44.32500  0.0000000  0.0000000 -1.2519515
  44.35000  0.0000000  0.0000000 -1.2725159
  44.37500  0.0000000  0.0000000 -.83524513
  44.40000  0.0000000  0.0000000 -.51140177
  44.42500  0.0000000  0.0000000 -.97507250
  44.45000  0.0000000  0.0000000 -1.1566509
  44.47500  0.0000000  0.0000000 -1.0197899
  44.50000  0.0000000  0.0000000 -1.0731853
  44.52500  0.0000000  0.0000000 -1.0291157
  44.55000  0.0000000  0.0000000 -1.0558281
  44.57500  0.0000000  0.0000000 -.93066585
  44.60000  0.0000000  0.0000000 -.69087833
  44.62500  0.0000000  0.0000000 -.91838843
  44.65000  0.0000000  0.0000000 -.85627425
  44.67500  0.0000000  0.0000000 -.78494900
  44.70000  0.0000000  0.0000000 -.83707309
  44.72500  0.0000000  0.0000000 -.20149352
  44.75000  0.0000000  0.0000000 -.12148768
  44.77500  0.0000000  0.0000000 -.20907208
  44.80000  0.0000000  0.0000000 -.20915964
  44.82500  0.0000000  0.0000000 -.88572696E-01
  44.85000  0.0000000  0.0000000 -.21542670
  44.87500  0.0000000  0.0000000 -.20230527
  44.90000  0.0000000  0.0000000 -.54527456
  44.92500  0.0000000  0.0000000 -.56730247
  44.95000  0.0000000  0.0000000 -.39295763
  44.97500  0.0000000  0.0000000 -.56914788
  45.00000  0.0000000  0.0000000 -.42829049
  45.02500  0.0000000  0.0000000 -.23823164
  45.05000  0.0000000  0.0000000 -.38244534
  45.07500  0.0000000  0.0000000 -.62266797
  45.10000  0.0000000  0.0000000 -.64277631
  45.12500  0.0000000  0.0000000 -.89203799
  45.15000  0.0000000  0.0000000 -1.0711069
  45.17500  0.0000000  0.0000000 -.99394184
  45.20000  0.0000000  0.0000000 -1.0722802
  45.22500  0.0000000  0.0000000 -.70548934
  45.25000  0.0000000  0.0000000 -.84534323
  45.27500  0.0000000  0.0000000 -.84158677
  45.30000  0.0000000  0.0000000 -.77728891
  45.32500  0.0000000  0.0000000 -.93997771
  45.35000  0.0000000  0.0000000 -.98266023
  45.37500  0.0000000  0.0000000 -.68736589
  45.40000  0.0000000  0.0000000 -.53418458
  45.42500  0.0000000  0.0000000 -.65721226
  45.45000  0.0000000  0.0000000 -.73675364
  45.47500  0.0000000  0.0000000 -.87475061
  45.50000  0.0000000  0.0000000 -1.0103551
  45.52500  0.0000000  0.0000000 -.67208439
  45.55000  0.0000000  0.0000000 -.68496031
  45.57500  0.0000000  0.0000000 -.52764142
  45.60000  0.0000000  0.0000000 -.16505472
  45.62500  0.0000000  0.0000000 -.28113868E-01
  45.65000  0.0000000  0.0000000 0.22307022E-01
  45.67500  0.0000000  0.0000000 0.12116625
  45.70000  0.0000000  0.0000000 0.43925184
  45.72500  0.0000000  0.0000000 0.39716232
  45.75000  0.0000000  0.0000000 0.17538525
  45.77500  0.0000000  0.0000000 0.17205217
  45.80000  0.0000000  0.0000000 0.38164440
  45.82500  0.0000000  0.0000000 0.60013705
  45.85000  0.0000000  0.0000000 0.25742948
  45.87500  0.0000000  0.0000000 0.20941046
  45.90000  0.0000000  0.0000000 0.36237442
  45.92500  0.0000000  0.0000000 0.57207501
  45.95000  0.0000000  0.0000000 0.60676223
  45.97500  0.0000000  0.0000000 0.71571034
  46.00000  0.0000000  0.0000000 0.70441812
  46.02500  0.0000000  0.0000000 0.92624879
  46.05000  0.0000000  0.0000000  1.2079664
  46.07500  0.0000000  0.0000000 0.95576745
  46.10000  0.0000000  0.0000000  1.2601327
  46.12500  0.0000000  0.0000000  1.3028885
  46.15000  0.0000000  0.0000000  1.2240815
  46.17500  0.0000000  0.0000000  1.7862099
  46.20000  0.0000000  0.0000000  1.3734555
  46.22500  0.0000000  0.0000000 0.98464638
  46.25000  0.0000000  0.0000000 0.89117026
  46.27500  0.0000000  0.0000000 0.73049742
  46.30000  0.0000000  0.0000000 0.61003166
  46.32500  0.0000000  0.0000000 0.64258444
  46.35000  0.0000000  0.0000000 0.51818687
  46.37500  0.0000000  0.0000000 0.27506956
  46.40000  0.0000000  0.0000000 0.27841210
  46.42500  0.0000000  0.0000000 0.22665416
  46.45000  0.0000000  0.0000000 0.68003111E-01
  46.47500  0.0000000  0.0000000 -.14231676E-01
  46.50000  0.0000000  0.0000000 -.16538164
  46.52500  0.0000000  0.0000000 -.18003172
  46.55000  0.0000000  0.0000000 -.13373294
  46.57500  0.0000000  0.0000000 -.64740312
  46.60000  0.0000000  0.0000000 -.40798503
  46.62500  0.0000000  0.0000000 -.61977434
  46.65000  0.0000000  0.0000000 -.65484464
  46.67500  0.0000000  0.0000000 -.74081922
  46.70000  0.0000000  0.0000000 -.93596035
  46.72500  0.0000000  0.0000000 -.87189341
  46.75000  0.0000000  0.0000000 -.87029386
  46.77500  0.0000000  0.0000000 -.79349798
  46.80000  0.0000000  0.0000000 -.56709504
  46.82500  0.0000000  0.0000000 -.47482684
  46.85000  0.0000000  0.0000000 -.58547246
  46.87500  0.0000000  0.0000000 -.50886029
  46.90000  0.0000000  0.0000000 -.78032172
  46.92500  0.0000000  0.0000000 -.90755588
  46.95000  0.0000000  0.0000000 -.95926028
  46.97500  0.0000000  0.0000000 -.52742440
  47.00000  0.0000000  0.0000000 -.33487630
  47.02500  0.0000000  0.0000000 -.61457533
  47.05000  0.0000000  0.0000000 -.62537473
  47.07500  0.0000000  0.0000000 -.60780478
  47.10000  0.0000000  0.0000000 -.69076812
  47.12500  0.0000000  0.0000000 -.65541679
  47.15000  0.0000000  0.0000000 -.84183216
  47.17500  0.0000000  0.0000000 -.95450521
  47.20000  0.0000000  0.0000000 -1.0986959
  47.22500  0.0000000  0.0000000 -1.0130621
  47.25000  0.0000000  0.0000000 -.74555016
  47.27500  0.0000000  0.0000000 -.87960380
  47.30000  0.0000000  0.0000000 -.91658711
  47.32500  0.0000000  0.0000000 -.88221198
  47.35000  0.0000000  0.0000000 -1.2550936
  47.37500  0.0000000  0.0000000 -1.2015915
  47.40000  0.0000000  0.0000000 -1.1576638
  47.42500  0.0000000  0.0000000 -1.2749919
  47.45000  0.0000000  0.0000000 -1.4104648
  47.47500  0.0000000  0.0000000 -1.1607159
  47.50000  0.0000000  0.0000000 -.93788534
  47.52500  0.0000000  0.0000000 -1.3449672
  47.55000  0.0000000  0.0000000 -1.2730938
  47.57500  0.0000000  0.0000000 -1.2967966
  47.60000  0.0000000  0.0000000 -1.0486153
  47.62500  0.0000000  0.0000000 -.90059799
  47.65000  0.0000000  0.0000000 -1.1966287
  47.67500  0.0000000  0.0000000 -1.2789530
  47.70000  0.0000000  0.0000000 -.81383437
  47.72500  0.0000000  0.0000000 -.71145403
  47.75000  0.0000000  0.0000000 -.83717823
  47.77500  0.0000000  0.0000000 -.58277953
  47.80000  0.0000000  0.0000000 -.47981834
  47.82500  0.0000000  0.0000000 -.46385133
  47.85000  0.0000000  0.0000000 -.46297789
  47.87500  0.0000000  0.0000000 -.11255247
  47.90000  0.0000000  0.0000000 0.40969621E-01
  47.92500  0.0000000  0.0000000 0.29442134
  47.95000  0.0000000  0.0000000 0.18584866E-01
  47.97500  0.0000000  0.0000000 -.16762231
  48.00000  0.0000000  0.0000000 -.27610534
  48.02500  0.0000000  0.0000000 -.64144695
  48.05000  0.0000000  0.0000000 -.65566880
  48.07500  0.0000000  0.0000000 -.76198387
  48.10000  0.0000000  0.0000000 -.43169934
  48.12500  0.0000000  0.0000000 -.40451920
  48.15000  0.0000000  0.0000000 -.64596659
  48.17500  0.0000000  0.0000000 -.83165205
  48.20000  0.0000000  0.0000000 -.68667710
  48.22500  0.0000000  0.0000000 -.97877645
  48.25000  0.0000000  0.0000000 -1.2100272
  48.27500  0.0000000  0.0000000 -1.3609164
  48.30000  0.0000000  0.0000000 -1.3376336
  48.32500  0.0000000  0.0000000 -.99600923
  48.35000  0.0000000  0.0000000 -1.1212944
  48.37500  0.0000000  0.0000000 -1.2435222
  48.40000  0.0000000  0.0000000 -1.5890813
  48.42500  0.0000000  0.0000000 -1.5721537
  48.45000  0.0000000  0.0000000 -1.5042233
  48.47500  0.0000000  0.0000000 -1.7908199
  48.50000  0.0000000  0.0000000 -1.5055320
  48.52500  0.0000000  0.0000000 -1.8292640
  48.55000  0.0000000  0.0000000 -1.9228413
  48.57500  0.0000000  0.0000000 -1.9254289
  48.60000  0.0000000  0.0000000 -1.9217676
  48.62500  0.0000000  0.0000000 -1.8435231
  48.65000  0.0000000  0.0000000 -1.7205681
  48.67500  0.0000000  0.0000000 -1.5019423
  48.70000  0.0000000  0.0000000 -1.1523706
  48.72500  0.0000000  0.0000000 -1.0970179
  48.75000  0.0000000  0.0000000 -.78427303
  48.77500  0.0000000  0.0000000 -1.0830705
  48.80000  0.0000000  0.0000000 -1.5497180
  48.82500  0.0000000  0.0000000 -1.6739801
  48.85000  0.0000000  0.0000000 -1.5798532
  48.87500  0.0000000  0.0000000 -1.5395082
  48.90000  0.0000000  0.0000000 -1.7952619
  48.92500  0.0000000  0.0000000 -2.1621861
  48.95000  0.0000000  0.0000000 -2.4518423
  48.97500  0.0000000  0.0000000 -2.3938622
  49.00000  0.0000000  0.0000000 -2.2634146
  49.02500  0.0000000  0.0000000 -1.9943762
  49.05000  0.0000000  0.0000000 -1.7421612
  49.07500  0.0000000  0.0000000 -2.2595668
  49.10000  0.0000000  0.0000000 -2.3102922
  49.12500  0.0000000  0.0000000 -2.2998044
  49.15000  0.0000000  0.0000000 -2.4315720
  49.17500  0.0000000  0.0000000 -2.6599195
  49.20000  0.0000000  0.0000000 -2.9252698
  49.22500  0.0000000  0.0000000 -2.8372934
  49.25000  0.0000000  0.0000000 -2.7427862
  49.27500  0.0000000  0.0000000 -2.8938186
  49.30000  0.0000000  0.0000000 -2.7321789
  49.32500  0.0000000  0.0000000 -2.4984815
  49.35000  0.0000000  0.0000000 -2.6633794
  49.37500  0.0000000  0.0000000 -2.8979156
  49.40000  0.0000000  0.0000000 -2.9539309
  49.42500  0.0000000  0.0000000 -3.0897357
  49.45000  0.0000000  0.0000000 -3.2961872
  49.47500  0.0000000  0.0000000 -2.8841062
  49.50000  0.0000000  0.0000000 -2.6659062
  49.52500  0.0000000  0.0000000 -2.3035822
  49.55000  0.0000000  0.0000000 -2.3390160
  49.57500  0.0000000  0.0000000 -2.4131150
  49.60000  0.0000000  0.0000000 -2.0939510
  49.62500  0.0000000  0.0000000 -2.1484475
  49.65000  0.0000000  0.0000000 -2.6532350
  49.67500  0.0000000  0.0000000 -2.3686473
  49.70000  0.0000000  0.0000000 -2.2193205
  49.72500  0.0000000  0.0000000 -2.1715455
  49.75000  0.0000000  0.0000000 -1.7729124
  49.77500  0.0000000  0.0000000 -1.7858555
  49.80000  0.0000000  0.0000000 -1.4044948
  49.82500  0.0000000  0.0000000 -1.5069423
  49.85000  0.0000000  0.0000000 -1.5800000
  49.87500  0.0000000  0.0000000 -1.9308800
  49.90000  0.0000000  0.0000000 -1.9208329
  49.92500  0.0000000  0.0000000 -1.9232206
  49.95000  0.0000000  0.0000000 -2.0477073
  49.97500  0.0000000  0.0000000 -2.2196035
  50.00000  0.0000000  0.0000000 -2.1087348
