SGSIM Realizations
 1 2001    1    1     0.00000000     0.00000000     0.00000000 0.250000E-01     0.000000  1.00000       1
value
0.21132039    
0.11128724E-01
-.10774272    
0.19989684    
0.44270444    
0.21826378    
0.47749120    
0.55691749    
0.84174103    
0.77733952    
0.77995843    
0.79781324    
0.67676365    
0.70310318    
0.87425905    
0.59524542    
0.46776235    
0.37805042    
0.75705576    
0.85390133    
 1.1160955    
 1.0996094    
 1.2347584    
0.90743124    
 1.0845097    
 1.1355884    
 1.3600314    
 1.1495501    
0.92000049    
0.90358788    
0.77507782    
0.91799384    
0.99444050    
 1.1495786    
 1.1280026    
0.94100314    
0.67960811    
0.74019486    
0.61044562    
0.31018656    
0.98370671E-01
0.21752465    
0.28431579    
0.22821608    
0.40747549E-01
-.14249963    
-.12088594    
-.17196472    
-.19971415    
-.11303834    
-.22301199    
-.42315196E-01
0.55779915E-01
0.75340576E-01
-.27781926E-01
-.18902236    
-.14623676E-01
-.55092728    
-.95549434    
-.77063823    
-.54367340    
-.61050397    
-1.1140206    
-1.0099256    
-1.1861490    
-1.6784327    
-1.7317084    
-1.8609874    
-1.8744556    
-1.8433130    
-1.9896972    
-2.1866388    
-2.0028071    
-1.6891887    
-1.5737290    
-1.8291769    
-1.9808650    
-2.2866695    
-2.6464579    
-2.6231880    
-2.4537487    
-2.3894520    
-2.2064431    
-2.5047200    
-2.5013885    
-2.5123086    
-2.6378741    
-2.5853605    
-2.3397670    
-2.4278083    
-1.9200327    
-1.6843143    
-1.5609188    
-1.6991613    
-1.8078806    
-1.5123452    
-1.6959134    
-1.4975747    
-1.3638302    
-1.7204947    
-1.9962409    
-1.9714839    
-2.3812099    
-2.0700946    
-2.1401083    
-2.4081018    
-1.8961352    
-2.1614926    
-2.3765056    
-2.2285106    
-2.4207437    
-2.2181311    
-2.3154263    
-2.1804404    
-1.9061012    
-1.5717105    
-1.6502304    
-1.5724502    
-1.4424659    
-.89810365    
-.92827815    
-.61819047    
-.28428835    
-.40879902    
-.76048166    
-.51399130    
-.48764509    
-.85971552    
-1.1575409    
-.98563957    
-.88050836    
-.69398701    
-.58181840    
-.92943633    
-.70450062    
-.83099389    
-1.0555229    
-.74704283    
-.19935620    
-.20024356    
-.47060201    
-.31589472    
-.17651115    
-.15209652    
-.90595521E-01
-.31398848    
-.22298481    
-.36156785    
-.53241789    
-.64909375    
-.87886763    
-1.0281833    
-.85401541    
-1.1118120    
-.94590247    
-.88112450    
-.84952086    
-.71648169    
-.17835784    
-.40357277    
-.14548355    
-.44409361    
-.95315647    
-1.2301780    
-1.0883139    
-1.0975634    
-1.5184590    
-1.7262542    
-1.6473081    
-1.4119527    
-1.3590282    
-1.4442186    
-1.1571465    
-1.1982942    
-1.3484005    
-1.4025946    
-1.4458733    
-1.5445687    
-1.3480896    
-.97951704    
-1.1778895    
-1.1829362    
-1.0492527    
-.76974183    
-.41907898    
-1.1172589    
-1.5502880    
-1.7582111    
-1.9427220    
-2.3687601    
-1.8993268    
-1.7789353    
-1.8468437    
-1.5427287    
-1.6161978    
-1.6583731    
-1.4405204    
-1.7806768    
-2.0063691    
-1.7804743    
-1.8743426    
-1.6246859    
-1.4360025    
-1.7957495    
-1.9108828    
-1.8133204    
-1.5299914    
-1.3811070    
-1.4224720    
-1.5864965    
-1.1869581    
-1.0981528    
-.98463833    
-.97673506    
-.55980140    
-.62333751    
-.73740578    
-.59898156    
-.42546755    
-.49419206    
-.10688402    
-.39330497    
-.37315869    
-.46234772    
-.87797791    
-.81787688    
-1.0005805    
-1.1072301    
-1.1723379    
-1.0100139    
-1.1645744    
-1.2494659    
-.92179978    
-.94985670    
-.87358367    
-.66837424    
-.85133255    
-1.3526138    
-1.7040222    
-1.8351203    
-1.8037827    
-2.0680907    
-1.7282144    
-1.6302584    
-1.6501026    
-1.5389253    
-1.5413084    
-1.7543018    
-1.6768339    
-1.7396095    
-1.7623330    
-1.6468309    
-1.5957278    
-1.7258044    
-2.1908593    
-2.0592623    
-1.9429731    
-2.0514400    
-1.9430087    
-2.0422792    
-2.0415492    
-2.0941908    
-2.0544522    
-2.1570761    
-1.9735711    
-1.6884499    
-1.9938209    
-2.1007006    
-1.9275746    
-1.8740064    
-1.6153941    
-1.8236656    
-1.3059855    
-1.3295187    
-1.3266807    
-1.6883644    
-1.9268067    
-1.9263771    
-1.5208353    
-1.5244157    
-1.1168330    
-1.2780313    
-1.2449484    
-.88894343    
-.60663056    
-.22559208    
-.66989523    
-.14602260    
-.42165169    
-.36906385    
-.15345688    
-.87915607E-01
0.12624408    
0.19358669    
0.40209815    
0.37674412    
0.67165244    
0.81188518    
0.81802577    
0.54674250    
0.18503076    
0.27771729    
0.28638932    
-.10144641    
-.34723848E-01
0.13791971    
0.52653605    
0.42991161    
0.20260388    
0.36647382    
0.18219098    
-.45642931E-01
-.17566516    
-.16179574    
0.12307925E-01
-.14709437    
-.12580633    
-.24808480    
-.26393831    
-.29998231    
-.65102333    
-.69347727    
-.82029945    
-.53168225    
-.44754714    
0.11552191E-01
-.15101178    
-.28673440    
-.14205901    
-.14673364    
0.10582386    
0.14027993    
0.46159652    
0.68741590    
0.27726248    
0.27258253    
0.14152801    
0.21384560    
0.29068980    
0.75461961E-01
-.56508552E-01
-.25662896    
-.77094562E-01
-.11681582    
-.20965096    
-.74666083    
-.58695287    
-.47794119    
-.46227306    
-.11650697    
-.49570861    
-.58008212    
-.82074720    
-1.1477126    
-1.5132174    
-1.5239936    
-1.9899627    
-1.9862392    
-1.7062681    
-1.5915518    
-1.3348422    
-1.2943764    
-1.5087547    
-1.4804738    
-1.1414285    
-1.1379198    
-1.1619093    
-.96401274    
-.67645335    
-.52742243    
-.58324063    
-.45133656    
-.80059059E-01
-.16494815    
-.31851831    
-.21737026    
-.39125228    
-.42056122    
-.28340232    
-.54591632    
-.43507564    
-.44808340    
-.43974575    
-.49851799    
-.40603238    
-.65075451    
-.70723879    
-.45125151    
-.50351077    
-.34935394    
-.34350049    
0.25549299    
0.17986366    
0.12128647    
0.13762926E-01
0.13738771    
0.29470047    
0.41221333    
0.46539512    
0.57753432    
0.67550498    
0.60671723    
0.43479460    
0.63550287    
0.70141727    
0.63520002    
0.54179913    
0.39383665    
0.55496711    
0.51157910    
0.41569367    
0.93224585    
0.80896086    
0.57164401    
0.56050307    
0.85466564    
0.78793502    
0.80349612    
0.71487302    
0.92956990    
0.66476500    
0.88555479    
 1.0550188    
0.99170786    
 1.0174062    
0.81313056    
0.52294487    
0.29050073    
0.28793859    
-.50890557E-01
-.27888873    
-.96876658E-01
0.19868958    
0.36635566    
0.38898483    
0.22300622    
0.30799037    
0.56223713E-01
0.28373063    
0.12444749    
0.37043956    
0.55630994    
0.60626584    
0.21235688    
-.78931361E-01
-.13345361    
0.11741609    
0.12942268    
0.20952496    
-.18507160    
-.79154007E-01
-.68250716E-01
-.31250823    
-.38442147    
-.47985879    
-.26127896    
-.21905635    
-.64403325E-01
-.52126866E-01
-.47772992E-01
-.43589994    
0.10980818    
0.34416306    
0.21703975    
0.51684034    
0.33884525    
0.37257156    
0.27973756    
0.17223971    
0.22617759    
0.18624805    
0.21504371    
-.10116069E-01
-.89461438E-01
0.56057409E-02
-.13164870    
-.18008760    
-.53898656    
-.55648631    
-.18378267    
-.69431275E-01
-.36293298    
-.25138757    
0.14573260    
0.17123440    
0.24718152    
0.23623569    
0.35289297    
0.15925010    
0.26477936    
0.70907032    
0.72001255    
0.54802459    
0.27508917    
-.82733817E-01
0.27684695    
-.24925277    
-.11762191    
-.39555284    
-.11644640E-01
0.18391691    
0.40420005    
0.37145573    
0.60013151    
0.42177945    
0.25407773    
0.18146205    
0.77586405E-01
-.20568171    
-.33148095    
-.27710834    
-.65889639    
-.70735210    
-.85190302    
-1.0321108    
-.82217705    
-.90101451    
-1.2922564    
-1.7839993    
-1.5614665    
-1.5551983    
-1.7431158    
-1.7716098    
-1.6774901    
-1.9030862    
-1.8547052    
-1.7820848    
-1.1582750    
-1.5400838    
-1.2948967    
-1.0003297    
-.71180999    
-.54464167    
-.49555418    
-.59551758    
-.47680455    
-.47516477    
-.90551376    
-.89954209    
-.85653067    
-.69342369    
-.96042097    
-1.0038232    
-1.0137962    
-1.4071059    
-1.1519295    
-.82901704    
-1.0080459    
-.80826312    
-.55667400    
-.36019641    
-.69842535    
-.39563116    
-.25780010    
0.30079014E-02
-.14893650    
-.11662114    
0.62636614E-01
0.33691180    
0.46891254    
0.47016397    
0.26886955    
0.37224194    
0.42843810    
0.21144462    
0.11408820    
-.10956620    
-.30431467    
-.67006850    
-.58657753    
-.41415352    
-.30856431    
-.25314209    
-.33538926    
-.54215473    
-.85242444    
-.98318404    
-.96361631    
-.87825763    
-.83849066    
-.64248651    
-.77269709    
-.40556097    
-.47808081    
-.46439677    
-.78040212    
-.67040378    
-.74520588    
-.65014637    
-.98306113    
-.93555135    
-.87982708    
-.96948594    
-.89551514    
-1.0928255    
-1.2663165    
-.95930380    
-1.1846546    
-1.3348694    
-1.4594253    
-1.0809659    
-1.1879317    
-.96304560    
-.50536090    
-.79222268    
-1.1371919    
-1.1682056    
-1.3536234    
-1.0678226    
-1.4282008    
-1.0227491    
-.71723419    
-.65983588    
-.54795027    
-.58808434    
-1.0014279    
-1.0927508    
-1.1941875    
-1.4333291    
-1.8079245    
-1.8073637    
-1.6699457    
-1.4149392    
-1.8940952    
-2.1099715    
-2.1158311    
-1.8293210    
-2.2959502    
-2.1894531    
-2.0358899    
-1.8760499    
-2.0361617    
-2.1322198    
-2.0199938    
-1.3835850    
-1.3838600    
-1.0600059    
-1.0388855    
-1.2884885    
-1.0949183    
-.75963932    
-.88656163    
-.89224392    
-1.1718045    
-1.2056881    
-.93065846    
-.71078926    
-.76043868    
-.91969651    
-.38414821    
-.55002421E-02
0.72484620E-01
0.24797443    
-.19828495    
-.33663106    
-.41415927    
-.99646457E-01
0.87136857E-01
0.28747219    
0.26278862    
0.25154445    
0.38649675    
0.56794513E-01
0.34344888    
0.28255215    
-.54753479E-02
-.45319244    
-.52679801    
-.72818005    
-.40412000    
-.49284151    
-.50684088    
-.69325995    
-.14664894    
-.22631148E-01
-.41801193    
-.68720174    
-.32362208    
-.24543296    
-.26806802    
-.66228902    
-.83682859    
-.60127091    
-.65978748    
-.40380317    
-.48706374    
-.19938990    
-.14616148E-01
0.30625847    
0.16941808    
0.10888696    
-.49907550E-01
-.16864608    
-.33178169    
-.37820265    
-.43581510    
-.61825311    
-.61382562    
-.58470267    
-.89331353    
-1.0928354    
-.96492100    
-.68347538    
-.39281356    
0.97339898E-02
-.41664787E-01
0.25510734    
0.42270127    
0.50896388    
0.67113775    
0.77765149    
0.70900440    
 1.1887165    
0.94793552    
0.86072600    
0.55148268    
0.58354944    
0.65706581    
0.44538271    
0.11419450    
0.27022180    
0.41403431    
0.27176052    
0.38450706    
-.13210295    
-.47903914E-01
0.18703735    
0.30442861    
0.18304925    
-.31839989E-01
0.57115234E-02
-.10254787    
-.82288899E-01
-.11283311    
-.16972417    
0.80258690E-01
0.39166443E-01
-.54397259E-01
-.24734652    
-.19064766    
0.50352700E-01
0.34240243    
0.29329497    
0.78492954E-01
0.35052386    
-.14464751    
-.18471520    
-.57559603    
-.44846392    
-.55931866    
-.50401461    
-.26544735    
-.21480399    
0.17127183    
0.25423092    
0.19706817    
0.90481453E-01
0.41677367E-01
0.32711238    
0.64413589    
0.73996931    
0.75631416    
0.60349452    
0.94095016    
 1.1927133    
 1.3909286    
 1.0735251    
 1.2838935    
 1.3643304    
 1.4613899    
 1.3845036    
 1.1019304    
 1.2457845    
 1.4244570    
0.86060536    
 1.0833209    
 1.0042589    
 1.1385249    
 1.2993580    
 1.5679170    
 1.8213668    
 1.9832529    
 2.1315243    
 2.5069580    
 2.1377320    
 1.8446888    
 1.5730218    
 1.4880075    
 1.3651061    
 1.8432651    
 1.7788284    
 1.4563254    
 1.3829752    
 1.0900562    
 1.0430969    
 1.0896714    
 1.1562426    
 1.0394765    
0.99564850    
0.95235974    
 1.0631524    
0.96668345    
0.71641219    
0.90047491    
0.85442066    
0.91845089    
0.46746272    
0.62936091    
0.86067313    
0.53467387    
0.28604868    
-.17879684    
0.21240993E-02
-.15466918E-01
-.10177079    
0.78454358E-03
0.78799680E-01
-.31552311E-01
0.66509143E-01
0.73760740E-01
-.21245705E-01
-.36316454E-01
-.40773604E-01
-.13524057    
0.51892705E-01
-.10999617    
-.16391374    
-.27411796E-01
-.19610952    
-.33038962    
-.72055882    
-.45952669    
-.76750165    
-.78133023    
-.85869467    
-1.0822786    
-.89055616    
-1.1340902    
-1.2921302    
-1.5882645    
-1.6313438    
-1.5264921    
-1.2066573    
-1.1387067    
-.95353144    
-.72584814    
-.57894164    
-.40194362    
-.24695891    
-.47891460E-01
-.15805508    
-.19088630    
-.73197648E-01
-.69673076E-01
0.84660538E-01
0.27156523    
0.23285756    
0.13822436    
0.16036458E-01
-.26947284    
-.27366814    
-.32349801    
-.32596791    
-.31940183    
-.44315395    
0.64815491E-01
0.66089761E-02
-.52125258E-02
-.32901102    
-.88783123E-01
0.10500292    
0.53089112    
0.75556713    
0.56289166    
0.62811834    
0.66353458    
0.51015991    
0.42930254    
0.24114878    
0.25191107    
0.26450357    
0.26907283    
0.16437721E-01
-.29665694    
-.12384738    
-.43102730E-01
-.42565703E-01
0.16508482    
0.57764482    
0.88754636    
0.96158570    
0.95193201    
 1.0306762    
 1.3025976    
 1.3513932    
 1.2579181    
 1.2881508    
0.91653812    
 1.0055999    
0.85975802    
 1.3344564    
0.95382571    
0.89091820    
0.76469749    
0.85382253    
0.97105658    
 1.0989248    
0.68604606    
0.81023067    
0.58291560    
0.75720960    
0.95008540    
0.79840559    
0.69395304    
0.73601305    
0.45250425    
0.17853729    
-.15720963    
-.38137829    
-.36553180    
-.85018657E-01
-.23774092    
-.34503174    
-.24375270    
-.31174779    
-.46428484    
-.87400621    
-1.0002574    
-1.0107267    
-1.2784989    
-1.2319851    
-1.6025687    
-1.3257744    
-1.2830547    
-1.2332590    
-1.1222134    
-1.4526489    
-1.6534100    
-1.6086217    
-1.3800851    
-1.4175402    
-1.3686048    
-1.3133994    
-.98573655    
-.77037919    
-.65013301    
-.48880088    
-.13721284    
0.24194083    
-.25679925    
-.71300733    
-.33192143    
-.16803493    
0.23348058E-01
0.35671854    
0.38140351    
0.41124502    
0.30762899    
-.57014477E-01
0.47503150    
0.35122886    
0.32849154    
0.70790070    
0.43585572    
0.41495898    
0.33780971    
0.65089077    
0.74554288    
0.89290053    
0.88398677    
0.82609779    
0.84176767    
0.66988879    
0.16558897    
0.24969786    
0.34972224    
0.44721293    
0.52838022    
0.62101978    
 1.1429611    
 1.1873647    
 1.1160227    
 1.2019953    
 1.2350767    
 1.3149922    
 1.7295901    
 1.7148787    
 1.6491959    
 1.7430199    
 1.6201901    
 1.4424702    
 1.6576945    
 1.5613351    
 1.4412273    
 1.2423759    
 1.3864279    
 1.4507650    
 1.5110862    
 1.3518682    
0.90444666    
 1.1179163    
 1.5761755    
 1.4754725    
 1.3626050    
 1.6965107    
 1.4734234    
 1.2629297    
 1.0597957    
0.76450419    
0.86800951    
0.33616960    
0.31294715    
0.46761334    
0.36334214    
0.33874816    
-.17008141    
-.93730532E-01
0.10373451    
-.16430242    
-.23563322    
0.17284498    
0.71972691E-01
-.27429381    
-.17678767    
-.37700707    
-.25781912    
-.21017496E-02
-.53771228    
-.46748203    
-.62872434    
-.70039892    
-.70559072    
-.49723092    
-.33859012    
0.17491792    
-.22894202E-01
0.15748584    
-.43804452    
-.69769883    
-.79887265    
-.78052187    
-.72498202    
-.93816173    
-.72443616    
-.75072306    
-.95760381    
-1.3679076    
-1.0689431    
-1.1047504    
-1.2373571    
-1.4987251    
-1.1111633    
-1.1677071    
-1.4379698    
-1.4647346    
-1.4681253    
-1.3777621    
-1.1460623    
-1.2537545    
-.96312469    
-1.1033348    
-1.0916829    
-1.0769652    
-1.1346501    
-.74390322    
-.87103182    
-.90450323    
-.61752355    
-.76717687    
-1.0236448    
-.90248060    
-.80486745    
-.72738981    
-.30354914    
-.34214544    
-.39379434E-02
0.21595240    
0.41106698    
0.23440602    
0.13470028    
0.24508610    
0.19399373    
-.45420587E-01
0.67432702E-01
-.23735842E-01
-.12157218    
-.59684277E-01
0.26346827    
0.50413156    
0.26724404    
0.18603796    
0.22174680    
0.23922576    
0.36167529    
0.22537233    
0.45407969    
0.85679573    
0.88786024    
0.58901125    
0.73097891    
0.70668107    
0.63970429    
0.77551872    
 1.1249321    
0.95054990    
 1.0009358    
0.88144577    
 1.3519835    
 1.4634893    
 1.2388803    
 1.4352765    
 1.4148597    
 1.7809007    
 2.1392617    
 2.1036594    
 2.0750740    
 1.7079437    
 1.3651025    
 1.6698834    
 1.7886807    
 1.8660179    
 1.8338407    
 1.5317531    
 1.2556363    
 1.2901486    
 1.5066410    
 1.8696320    
 2.3179421    
 2.3644180    
 2.3983805    
 2.3653343    
 1.9667147    
 2.0568016    
 1.9203185    
 1.7936698    
 1.5225132    
 1.9728652    
 1.8175371    
 1.4237252    
 1.1463513    
 1.2371094    
 1.1703811    
 1.4013821    
 1.2371063    
 1.2125158    
 1.4521456    
 1.9614477    
 1.7899989    
 1.5119621    
 1.9652778    
 2.0958674    
 1.6639287    
 1.7914892    
 1.7182229    
 1.9096516    
 1.8424193    
 1.8826942    
 1.4136878    
 1.4216241    
 1.3596709    
 1.1031425    
0.92677361    
 1.1424258    
0.92738199    
0.76237309    
0.65744168    
0.33838606    
0.36171076    
0.90281576    
0.50611323    
0.46756548    
0.61504585    
0.35114661    
0.28176787    
0.19767897    
-.15108925    
-.35480148    
-.41515186    
-.38996673    
0.23982275E-01
-.59900247E-01
-.11681036    
-.43680102    
-.28267342    
0.21853607E-01
0.11270554    
0.23098560    
0.11685140    
0.16554514    
0.43651095    
0.53740960    
0.95739567    
0.69068480    
0.65484560    
0.69778138    
0.70335710    
0.87274951    
0.67866182    
0.46302077    
0.45643058E-02
-.21637486    
-.19833033    
-.14209695    
-.67867674E-01
0.54487146E-01
-.13911973    
-.11029696    
-.28621346    
-.41758987    
-.17891961    
-.12957394    
-.39437532E-01
-.38590056    
-.55267698    
-.33217371    
-.24924186    
-.57519430    
-.49174684    
-.81990194    
-.90886438    
-.92288589    
-.83551419    
-.80737102    
-.51037586    
-.28551954    
-.31431833    
-.23244929    
0.15374586    
0.44769347    
0.60831714    
0.41280538    
0.34904537    
0.54948515    
0.54767889    
0.58351350    
0.65105706    
0.93307823    
0.93800819    
0.85978490    
0.77646327    
0.38714397    
0.24447057    
-.14246418    
-.19023193    
-.15096508    
-.28107151E-01
-.10450090    
0.17543231    
0.15283722    
0.23048136    
0.35180852    
0.41744626    
0.60312229    
0.68320328    
0.42192119    
0.89997840    
0.62466198    
0.83044523    
0.71111864    
0.82436180    
 1.1090368    
0.96119618    
 1.2497822    
 1.3862374    
 1.6123376    
 1.9697285    
 1.9984623    
 2.4059739    
 2.2659347    
 1.7525722    
 1.7748929    
 1.6319866    
 1.8580387    
 1.5244889    
 1.5316213    
 1.6962771    
 1.2471538    
0.94582880    
 1.1584666    
 1.4016958    
 1.3630440    
 1.6244951    
 1.3504270    
 1.3879162    
0.92640156    
 1.0592036    
 1.2406324    
 1.1453501    
 1.4357618    
 1.7927749    
 1.7815366    
 1.5230043    
 1.8560306    
 2.0995433    
 2.8415666    
 2.9727433    
 2.7936037    
 2.3055353    
 2.5925882    
 2.4594879    
 2.3250775    
 1.8356273    
 1.9001247    
 1.9702702    
 2.2780328    
 2.2962508    
 2.1399891    
 2.0506923    
 1.7667452    
 1.7200483    
 1.4738879    
 1.3659551    
 1.2992337    
 1.2927381    
 1.1475718    
 1.0045270    
 1.3542745    
 1.6311657    
 1.3545512    
 1.4395952    
0.99202543    
0.90493351    
 1.3510494    
 1.3599801    
0.87549055    
0.79865092    
0.83180851    
0.69542301    
0.78633982    
0.56014168    
0.17223431    
-.13193767    
-.33575040    
0.19909352    
0.31017634    
0.28196245    
0.13000803    
-.13823815    
-.13650359    
-.13298326E-01
-.58299464    
-.48250967    
-.66319019    
-.52822787    
-1.3185047    
-.87719470    
-1.2425721    
-.99810481    
-.87003839    
-.67066109    
-.83996534    
-.76251626    
-.55492157    
-.79843479    
-.85700226    
-.74110365    
-.47063631    
-.43752688    
-.13269615E-01
0.24830106    
0.66431534    
 1.2727041    
 1.5522428    
 1.1073142    
 1.1215112    
 1.3046860    
 1.5526950    
 1.3207226    
 1.6828793    
 1.4395865    
 1.7177509    
 1.7956903    
 1.7678813    
 1.3825159    
 1.0818231    
0.73843783    
0.77211809    
 1.3028563    
0.84294033    
0.63101220    
0.74238461    
0.88398951    
0.63684148    
0.97037548    
0.68495876    
0.45794696    
0.34354046    
0.80490805E-01
-.13069765    
-.24370444    
0.27107133E-01
-.92648700E-01
0.10125869    
-.31433947E-01
-.84216580E-01
0.26219994    
0.32435724    
0.25255612    
0.24571553    
0.79252964    
0.54377717    
0.61413503    
0.53029132    
0.67597002    
0.47116041    
0.83217382    
 1.2613159    
 1.0080575    
0.80911309    
0.34461603    
0.45903412    
0.24700077    
0.21099864    
-.78359202E-01
-.23122829    
-.43096426    
-.54334706    
-.21916576    
0.14165720    
-.77273414E-01
-.42776096    
-.80244702    
-.52329010    
-.23030646    
0.56155596E-01
-.72275206E-01
0.18772942    
-.11986696    
0.14821722    
0.18420114    
-.11360549    
0.28136812E-01
-.78495413E-01
-.40547863E-01
0.19908741    
-.10302877    
-.93193978E-01
0.27538455    
-.48149228E-02
0.12477741    
0.34485558    
0.34466413    
0.66304132E-01
0.35439524    
0.58548427    
0.91036958    
0.90918714    
0.84682459    
0.92443937    
 1.1000667    
 1.0088239    
 1.1479684    
 1.1766641    
0.97095340    
0.99162912    
0.77659029    
0.89799643    
0.86663646    
0.98053789    
0.98218936    
0.91018844    
 1.2486347    
 1.4103475    
 1.8365200    
 1.3541154    
 1.4271709    
 1.4565614    
 1.6427196    
 1.5361533    
 1.1460403    
 1.0302672    
0.77382469    
0.68920720    
0.94843185    
 1.0506393    
0.94208890    
 1.0189850    
0.68356043    
0.34257346    
0.59031624    
0.54722822    
0.59791034    
0.77959609    
0.43463039    
0.79950017    
 1.1730757    
 1.1659367    
 1.1063126    
0.96278483    
 1.0292728    
0.97713941    
 1.2198317    
 1.2366853    
 1.0477152    
 1.2951469    
 1.5734439    
 1.2089520    
0.99795687    
0.99213159    
 1.1475961    
 1.3928754    
 1.4998580    
 1.4906437    
 1.6475649    
 1.8484323    
 1.9842732    
 2.0871091    
 1.8704551    
 1.4672823    
 1.7461036    
 1.7705432    
 1.5323759    
 1.6008465    
 1.1398530    
0.89954627    
0.54981977    
0.51836997    
0.51596534    
0.67659593    
0.63168138    
0.71867257    
0.59364969    
0.59421557    
0.24816644    
0.41402146    
0.23870416E-01
-.31738171    
-.19798695    
-.17459115    
-.42942932    
-.46143615    
-.59321690    
-.65987664    
-.56431901    
-.42137522    
-.67319977    
-.96029133    
-1.0593705    
-1.0342906    
-1.2525725    
-1.1233974    
-.93247288    
-1.1614221    
-.98717278    
-1.3338884    
-1.4381250    
-1.0956197    
-1.1584375    
-1.3370799    
-1.2977309    
-1.6418935    
-1.2145265    
-.82994246    
-.74040228    
-.95239019    
-1.1205370    
-.98541701    
-1.0047140    
-.99902886    
-.71366692    
-.47631425    
-.50387937    
-.52269107    
-.61476594    
-.35504669    
-.60247147    
-.35468334    
-.68917684E-01
-.10367859    
-.24440339    
-.14998665    
-.50871298E-01
0.75555965E-02
-.93790270E-01
0.49997147E-01
-.97315624E-01
-.93105778E-01
-.87007508E-01
-.17394881    
-.46964651    
-.68875515    
-.68576247    
-.87205857    
-.53829873    
-.25328025    
-.12903348    
-.55479133    
-.76005393    
-.56247169    
-.70235789    
-.20897041    
-.14067908    
0.17507063    
-.94039470E-01
-.12617515    
-.68414494E-01
0.66514350E-01
-.53808030E-01
0.19269523E-02
0.82221758E-02
0.29639846    
0.62524772    
0.61701471    
0.94598788    
 1.0401230    
 1.0779206    
 1.0239661    
0.80923933    
0.75029010    
0.75919747    
0.49550068    
0.22817492    
0.14444722    
0.76600343E-01
0.20767060    
0.23597333    
0.40251571    
0.73762572    
0.52891397    
0.38909382    
0.25912276    
-.15151744    
-.67162877    
-.60872352    
-.52161884    
-.84578329    
-.89719355    
-.80956089    
-.85291642    
-.98590791    
-.64616394    
-1.1094538    
-1.5133370    
-1.4043447    
-1.1627710    
-1.7449110    
-1.4084287    
-1.1217726    
-1.2589812    
-1.4297053    
-1.2189260    
-1.0251909    
-1.0821677    
-1.1620116    
-1.1179423    
-1.1925461    
-1.0686201    
-1.2403835    
-1.1733586    
-.82284236    
-.70466983    
-.54279906    
-.79448867    
-.62419993    
-.27374706    
-.19555496    
0.13318980    
0.60993004    
0.79546499    
0.97859418    
0.96309167    
 1.1496578    
 1.1323556    
0.80027938    
0.18057230    
0.85215360E-01
-.48877589E-01
0.33135910E-01
-.22197339    
0.16602720    
0.14718197E-01
-.87867402E-01
-.28207979    
-.48724601    
-.92125350    
-.89566690    
-1.1514330    
-1.2859004    
-1.3311169    
-1.0174685    
-.98259503    
-1.0217544    
-1.0378156    
-.99812263    
-1.0347707    
-1.1873161    
-1.0804236    
-1.0703852    
-1.3042725    
-1.5016317    
-1.3695525    
-1.1804526    
-1.4663407    
-1.2884580    
-1.4299877    
-1.3567597    
-1.4116021    
-1.6127081    
-2.0949481    
-2.1619232    
-2.2770500    
-2.3149683    
-2.2214532    
-2.3413806    
-2.0430133    
-2.0942926    
-2.1635699    
-2.4873614    
-2.8210974    
-3.1061196    
-3.1872578    
-3.2243798    
-3.0186701    
-2.8930333    
-3.0264990    
-2.9751234    
-2.8062203    
-2.9536860    
-2.7611065    
-2.6450880    
-2.5554786    
-1.8986083    
-1.9484113    
-2.1200199    
-2.1700826    
-2.1645889    
-2.2428818    
-2.1179731    
-2.3331499    
-2.4007726    
-2.5511081    
-2.5142424    
-2.5649877    
-2.2972307    
-2.1735139    
-1.7216779    
-1.9725620    
-2.0146549    
-1.8993847    
-1.7585592    
-1.2859812    
-1.2619267    
-1.2378191    
-.84173822    
-.42638326    
-.72387350    
-.60310864    
-.55339992    
-.50248724    
-.25390983    
-.31024784    
-.32992607    
-.63326120    
-.51189965    
-.34962958    
-.38441339    
-.35672739    
-.75793511    
-.28884459    
-.11451838    
-.29014906    
-.47988230    
-.29128617    
-.50219864    
-.47459406    
-.80821502    
-.82805437    
-.64511228    
-.90483177    
-.69161332    
-.86860800    
-1.2297928    
-1.3531572    
-1.2519515    
-1.2725159    
-.83524513    
-.51140177    
-.97507250    
-1.1566509    
-1.0197899    
-1.0731853    
-1.0291157    
-1.0558281    
-.93066585    
-.69087833    
-.91838843    
-.85627425    
-.78494900    
-.83707309    
-.20149352    
-.12148768    
-.20907208    
-.20915964    
-.88572696E-01
-.21542670    
-.20230527    
-.54527456    
-.56730247    
-.39295763    
-.56914788    
-.42829049    
-.23823164    
-.38244534    
-.62266797    
-.64277631    
-.89203799    
-1.0711069    
-.99394184    
-1.0722802    
-.70548934    
-.84534323    
-.84158677    
-.77728891    
-.93997771    
-.98266023    
-.68736589    
-.53418458    
-.65721226    
-.73675364    
-.87475061    
-1.0103551    
-.67208439    
-.68496031    
-.52764142    
-.16505472    
-.28113868E-01
0.22307022E-01
0.12116625    
0.43925184    
0.39716232    
0.17538525    
0.17205217    
0.38164440    
0.60013705    
0.25742948    
0.20941046    
0.36237442    
0.57207501    
0.60676223    
0.71571034    
0.70441812    
0.92624879    
 1.2079664    
0.95576745    
 1.2601327    
 1.3028885    
 1.2240815    
 1.7862099    
 1.3734555    
0.98464638    
0.89117026    
0.73049742    
0.61003166    
0.64258444    
0.51818687    
0.27506956    
0.27841210    
0.22665416    
0.68003111E-01
-.14231676E-01
-.16538164    
-.18003172    
-.13373294    
-.64740312    
-.40798503    
-.61977434    
-.65484464    
-.74081922    
-.93596035    
-.87189341    
-.87029386    
-.79349798    
-.56709504    
-.47482684    
-.58547246    
-.50886029    
-.78032172    
-.90755588    
-.95926028    
-.52742440    
-.33487630    
-.61457533    
-.62537473    
-.60780478    
-.69076812    
-.65541679    
-.84183216    
-.95450521    
-1.0986959    
-1.0130621    
-.74555016    
-.87960380    
-.91658711    
-.88221198    
-1.2550936    
-1.2015915    
-1.1576638    
-1.2749919    
-1.4104648    
-1.1607159    
-.93788534    
-1.3449672    
-1.2730938    
-1.2967966    
-1.0486153    
-.90059799    
-1.1966287    
-1.2789530    
-.81383437    
-.71145403    
-.83717823    
-.58277953    
-.47981834    
-.46385133    
-.46297789    
-.11255247    
0.40969621E-01
0.29442134    
0.18584866E-01
-.16762231    
-.27610534    
-.64144695    
-.65566880    
-.76198387    
-.43169934    
-.40451920    
-.64596659    
-.83165205    
-.68667710    
-.97877645    
-1.2100272    
-1.3609164    
-1.3376336    
-.99600923    
-1.1212944    
-1.2435222    
-1.5890813    
-1.5721537    
-1.5042233    
-1.7908199    
-1.5055320    
-1.8292640    
-1.9228413    
-1.9254289    
-1.9217676    
-1.8435231    
-1.7205681    
-1.5019423    
-1.1523706    
-1.0970179    
-.78427303    
-1.0830705    
-1.5497180    
-1.6739801    
-1.5798532    
-1.5395082    
-1.7952619    
-2.1621861    
-2.4518423    
-2.3938622    
-2.2634146    
-1.9943762    
-1.7421612    
-2.2595668    
-2.3102922    
-2.2998044    
-2.4315720    
-2.6599195    
-2.9252698    
-2.8372934    
-2.7427862    
-2.8938186    
-2.7321789    
-2.4984815    
-2.6633794    
-2.8979156    
-2.9539309    
-3.0897357    
-3.2961872    
-2.8841062    
-2.6659062    
-2.3035822    
-2.3390160    
-2.4131150    
-2.0939510    
-2.1484475    
-2.6532350    
-2.3686473    
-2.2193205    
-2.1715455    
-1.7729124    
-1.7858555    
-1.4044948    
-1.5069423    
-1.5800000    
-1.9308800    
-1.9208329    
-1.9232206    
-2.0477073    
-2.2196035    
-2.1087348    
