SGSIM Realizations
 1  201   21    1     0.00000000     0.00000000     0.00000000 0.250000     0.250000      1.00000       1
value
0.12194426    
0.53841829    
0.88605499    
 1.1651044    
0.47529942    
0.52880478    
0.33815715    
 1.1017234    
 1.0517542    
0.55899417    
0.75506127    
0.91272509    
 1.0441326    
 1.4844260    
 1.1016488    
0.62422925    
0.79243833    
 1.0075115    
 1.2189566    
 1.2092433    
0.86672360    
 1.0726416    
0.59054393    
 1.2284067    
0.99690372    
0.69747543    
0.13587143    
0.29029271    
0.67615263E-01
0.28847930    
-.46737421    
-.61495847    
-.49114081    
-.80403852    
-.86309946    
-.50891161    
-.52658260    
-.61623305    
-.82378447    
-1.4086558    
-.85531217    
-.50633800    
-.71999371    
-.84323967    
-.75091785    
-.42486328    
-.89286342E-01
0.13925439    
0.30451816    
0.47938359    
0.98309249    
0.36730146    
0.47401783    
0.43836132    
0.10291109    
0.31461826    
0.26357645E-01
0.97625755E-01
0.22231044    
-.18181767    
0.36420181    
0.93265676    
 1.1343936    
0.94932932    
 1.3489847    
 1.1076415    
0.76980060    
0.96409595    
0.91744512    
0.67229599E-01
-.56105900    
0.28996995    
-.12851831    
-.24405132    
0.16684431    
-.23671636    
-.22812125    
-.89230883    
-.96261066    
-.76914757    
-1.1235489    
-.85543281    
-.59029853    
-.54289693    
-1.3418163    
-.63705999    
0.28617704E-01
0.80294186    
0.98429281    
0.79440778    
0.29663178    
0.37363344    
0.51083905    
0.34907398    
-.14933583    
-.36469090    
-.17466713    
-1.4396405    
-.75290769    
-.95698577    
-.88262576    
-.78311974    
-.44405371    
-.35695279    
-.80747730    
-.52206266    
0.29353870E-01
-.19553258    
-.38620791    
-.42790803    
-.72469449    
-1.0883319    
-2.0302248    
-2.3737130    
-2.7486079    
-3.1131999    
-2.9529152    
-2.9333436    
-2.1703188    
-1.8546940    
-1.2800375    
-1.2238115    
-.91843438    
-.65646970    
-.79143286    
-.92464304    
-1.2545556    
-.51170272    
-.13542554    
-.29573536    
0.20665224    
0.42751053    
0.97923823E-01
-.78048903    
-.56909382    
-.53264558    
-.37009883    
-.39878038    
-1.2460462    
-.60070312    
-.57296664    
-.89944232    
-.68550426    
-.87060153    
-.66631609    
-.41044280    
0.41233653    
0.37038490    
0.53893292    
0.58403295    
0.11018641    
0.52763134    
 1.0429113    
0.92718500    
0.97858179    
0.91723204    
0.34917599    
0.46549597    
-.17644465    
0.35845348    
-.29012361    
-.69570190    
-.61589843    
0.30147165    
0.61988211    
0.74479771    
 1.0179597    
0.59520912    
0.67894715    
0.74619192    
0.51356947    
0.59295982    
0.83458251    
 1.1655788    
 1.1022269    
 1.3164327    
 1.2885793    
0.91644824    
0.56706393    
0.32902986    
-.31335989    
-.34710771    
-.45649424    
-1.0709708    
-.73451954    
-.71563315    
-1.0285283    
-1.3755651    
-1.0157251    
-.94373047    
-.88548774    
-1.1816571    
-.86973888    
-1.2514492    
-1.6175390    
-1.4414288    
-1.7317635    
-1.3234180    
-1.5812005    
-1.7505441    
-2.0216739    
 1.5275855    
 1.1376929    
0.75972128    
0.34698468    
0.44326001    
0.53141159    
0.31409189    
0.32015955    
-.11967350    
-.39348775    
-.74414551    
-.34408411    
-.30369872    
-.36905029    
0.11660405    
0.16954471    
0.90684198E-01
0.17571525    
-.21611156    
-.26500615    
0.62203810E-01
0.26917389    
0.34675726    
0.44183320    
0.69479775    
0.71964663    
0.40876827    
0.51691854    
0.95286644    
 1.0206069    
0.84532690    
0.95357561    
0.76076585    
0.36629578    
0.11798833E-01
-.52597600    
-.85533881    
-.96037263    
-.54860193    
-1.4314500    
-1.3816803    
-1.4963773    
-1.1496845    
-1.3078709    
-.97111619    
-.63847160    
-.39046919    
0.21965745    
0.35903460    
-.59032787E-01
0.74647933    
0.21870837    
0.44546435E-02
-.34058806    
-.38103759    
0.98883927E-01
-.23725800    
0.27160320    
-.18499382E-01
0.64508324E-02
0.58604980    
0.66014063    
0.57817012    
0.53414822    
0.56260545E-01
-.12374558    
-.21256279E-01
-.85872337E-01
0.37783846E-01
0.24797095    
-.16389711    
-.18747808    
-.61140776    
-.85632372    
-.81527662    
-1.1882194    
-1.5160335    
-1.2938020    
-1.4286255    
-1.3578576    
-1.0266324    
-1.0857178    
-.73475713    
-.37865919    
0.20210229    
-.15806583    
-.31003353    
-.54603085E-01
-.39360148    
0.36344491E-01
0.30258945    
-.37118301    
-.27686176    
0.22518112    
0.24602114    
0.68369633    
0.54820913    
0.74449760    
0.55311692    
0.21620432    
-.95865488E-01
-.92688262    
-.98085392    
-.67331439    
-.67749614    
-1.3729765    
-1.2805064    
-1.1738783    
-1.3969024    
-1.1428230    
-1.5438864    
-1.4227424    
-1.4791070    
-1.4228648    
-1.6298687    
-1.7284642    
-2.4701452    
-2.5580659    
-2.1293247    
-1.7890102    
-1.9485619    
-1.8410857    
-1.7099847    
-1.2199680    
-.83001572    
-1.1108067    
-.93837970    
-1.1829848    
-.75095129    
-.90789944    
-1.2741240    
-.93714005    
-1.0178330    
-.69451118    
-.78319520    
-1.2242873    
-1.0851575    
-.57500184    
-.74999416    
-1.4234428    
-1.4897405    
-1.7192647    
-1.7283323    
-1.3558670    
-1.8872992    
-1.5032880    
-.76927489    
-.59911209    
0.23380950E-01
-.27125305    
-.31429535    
0.37307444    
0.43992355E-01
-.31257603E-01
-.50626028E-01
0.72925493E-01
0.43980414    
0.30453864    
0.45373556    
0.47081178    
 1.1938685    
0.79319745    
0.63205594    
0.83134907    
 1.4267633    
 1.0634998    
0.93897736    
0.42364118    
0.62438726    
0.92806861E-01
-.10876909    
-.13653369    
0.42048714    
0.91325775E-01
0.28938735    
0.38026664    
0.28320280    
0.47025281    
0.92250830    
0.81781447    
0.89880419    
 1.0641509    
0.51745051    
-.20417014    
-.31445533    
-.37376225    
-.80700690    
-.61651534    
-.38372594    
0.48950408E-01
0.33956539E-01
0.31870630    
0.46340987    
0.65170252    
0.81489706    
-.44013489E-01
0.31115270    
0.14867239    
-.42228486E-01
0.15718160E-02
0.26516947    
 2.1305981    
 2.4058440    
 2.2570603    
 1.8390949    
 1.0650234    
0.74436647    
0.55062634    
-.16048028    
-.32965302    
0.82550772E-01
0.43952456    
0.81109756    
 1.0335307    
0.91092330    
0.81297928    
0.22668871    
0.59766334E-01
0.35317205E-01
0.13098609E-01
-.29335901    
-.33011502    
0.61100375E-01
-.10649640E-01
0.21774852    
-.34052265    
-.63426417    
-.17457598    
-.21547540    
0.37839165    
0.21170516    
0.16276519    
-.20302853    
0.36295712    
0.57364130    
-.27894719E-01
-.34371561    
-.75884831    
-.82310820    
-1.5235738    
-1.1931431    
-1.3357118    
-1.6700999    
-1.4317918    
-1.4166158    
-1.1891829    
-.60577148    
-.37632963    
-.39414892    
-.52679777    
-.37554586    
-.68900383    
-.79205436    
-.85194969    
-1.2842631    
-.98480576    
-1.0093364    
-1.0015993    
-.60897321    
-.53062904    
-.47038049    
-.54514688    
-.39951667    
-.28919214    
-.78559801E-01
-.58611560    
-.37544629    
-.27997753    
-.67675751    
-.66459531    
-.54883093    
0.25459132    
-.92994772E-01
-.37468693    
-.67252731    
-.94126606    
-1.2789830    
-1.5240850    
-1.7616124    
-1.5182168    
-1.0404283    
-.65340525    
-.82353503    
-.62162834    
-.98165119    
-1.0647279    
-.65912300    
-1.1415006    
-1.2562591    
-1.0351572    
-.33222756    
-.35000357    
0.93278654E-01
0.13196842    
0.52362239    
0.81810158    
0.77906692    
0.83800811    
0.88064837    
0.93235362    
0.68762088    
-.21317640    
-.10518534    
-.78014499    
-1.1483313    
-1.2051291    
-.91617453    
-1.0418446    
-1.3531139    
-.92221528    
-.78757328    
-1.1673068    
-1.0375452    
-.79090881    
-.92140043    
-.55751878    
-.74096453    
-1.4053580    
-1.7736908    
-1.3887448    
-1.3038315    
-1.3019085    
-1.2433562    
-.95517606    
-.97738290    
-.57342458    
-.59789389    
-.13078161    
0.11553478    
0.40034693E-01
-.31481117    
0.20431614    
-.46010941    
0.46470046E-01
-.51608300    
-.12023369    
-.89599878    
-.88375270    
-1.1544652    
-1.6253642    
-2.0723903    
-1.6741589    
-1.7102997    
-1.2261733    
-.50616962    
-.37042570    
0.16566920    
0.16423403    
-.65766618E-01
-.39530735E-01
-.42081129E-01
0.43321896    
0.26358053    
0.54156697    
0.40566632    
0.77827334    
 1.1719756    
 1.2511759    
0.79176396    
0.55556232    
0.63466626    
0.16920921    
-.98638497E-01
0.38891518    
0.40599465    
0.33051240    
0.30469176    
-.32822853    
-.27341190    
-.51765627    
-.25398132    
-.23015474    
0.20991232    
-.10139138    
0.46775270    
0.62722176    
0.27356954E-01
0.62906802E-01
-.45875289E-01
0.52964091    
0.73052931    
0.67634749    
 1.3001490    
 1.4840637    
 1.9085615    
 1.8887153    
 1.6530182    
0.70295954    
-.31449340E-01
-.32168034    
-.80174439E-01
-.43907517    
-.30210671    
-.16491011    
0.81839547E-01
0.50723213    
0.15214220    
0.21243924E-01
0.17407824    
0.66656798    
0.15474170    
-.20716593    
 2.3897078    
 2.7240915    
 2.3332906    
 1.9826537    
 2.3426802    
 2.1229501    
 2.1332321    
 1.3128186    
 1.4365654    
 1.4894524    
 1.7699847    
 1.6878817    
 1.2195810    
0.49610928    
0.61330527    
0.51017493E-01
-.87332964    
-1.6612052    
-1.6947535    
-1.3523252    
-1.2063257    
-1.8225543    
-1.5953131    
-1.0465677    
-.54783303    
-1.0526630    
-.27929538    
-.68634492    
-.11209055    
-.21981598    
0.35448012    
-.22170220    
0.70895106E-01
-.33871454    
-.98559284    
-.86540926    
-.84002233    
-.86534345    
-.57243389    
-1.0019987    
-.86638838    
-1.2476486    
-1.2870229    
-1.9135735    
-2.2581406    
-2.4725273    
-1.9229937    
-1.6555198    
-1.6393268    
-1.3518455    
-1.6787090    
-1.6066064    
-1.4978954    
-1.5601811    
-1.7896690    
-1.5152035    
-1.7829552    
-1.8143594    
-.95691204    
-1.2140287    
-1.0396502    
-1.3738751    
-.79259443    
-1.1293384    
-.94251829    
-.69108796    
-.23155329    
0.28907308    
0.71702763E-01
0.30639088    
0.32146636    
0.36581855E-01
0.10446025    
0.36605895    
0.23957816    
0.56566842E-01
-.20437540    
0.27754924    
-.41570004E-01
0.70608318E-01
0.43861890    
-.45198792    
0.79300977E-01
0.18525921E-01
-.14656177    
-.21089578    
-.69543159    
-.24397677    
-.55461831E-01
0.41047126    
0.54539198    
0.93133748    
 1.5654510    
 1.6152487    
 1.3639538    
 1.3408149    
 1.7011319    
 1.6349308    
 1.3000469    
 1.0133201    
 1.1979038    
0.87301773    
0.50803578    
0.43097928E-01
0.48073927    
0.65390371E-01
-.37636563    
-.62527382    
-.38401398    
-.33456242    
-.14425568    
-.76945889    
-.31399176    
-.56641692    
-.77462584    
-.54092997    
-1.1489949    
-1.2531914    
-.69824457    
-.49735701    
-.28514555    
-.75780876E-01
-.25756565    
-.71150130    
-.79780293    
-.87502950    
-1.0015094    
-.74437529    
-.69668037    
-.81344414    
-1.0504826    
-.62776619    
-.76341009    
-.85794616    
-.41466975    
-.33812726    
-.28116065    
-.76771390    
-1.2154590    
-.92765832    
-.78339285    
-.34992591    
-.63369608    
-.69541562    
-.30103350    
-.29627228    
0.88674408    
0.38830552    
0.32064986    
0.15720949    
0.35388291    
0.11635330    
0.38278577    
0.74527937    
0.38976648    
0.25835407    
0.13501939    
0.54257321    
0.39840972    
-.18369224E-01
0.30303690    
0.50063831    
 1.3480182    
 1.1065575    
0.61712003    
0.83202720    
0.63348311    
0.97315276    
0.93775207    
 1.0542794    
 1.1591268    
0.87703598    
 1.1994972    
0.72789633    
 1.2743093    
 1.6662453    
 1.3739195    
0.89938736    
0.67935163    
0.54934698    
0.36821809    
0.78637129    
0.93616599    
0.65642834    
0.95999914    
 1.0271107    
0.72360003    
0.67606562    
0.53726083    
 1.4375392    
 1.1678852    
0.89588577    
0.90561801    
 1.1020656    
 1.2888852    
 1.2316630    
 1.1388425    
0.31989110    
0.41774917    
0.43922350    
0.89191461    
 2.2340434    
 2.0072248    
 2.0427825    
 2.1525831    
 2.5871205    
 2.5358782    
 2.6782031    
 2.5441022    
 2.0459247    
0.75122005    
0.86939847    
0.55953038    
0.55916125    
0.56269389    
0.76558453    
0.12838410    
0.61639998E-01
-.71754441E-01
-.35859612    
-.30638164    
-.79734290    
-1.0705684    
-.79717594    
-.90836817    
-.70894796    
-1.7313238    
-1.6297289    
-1.9111812    
-2.4436028    
-2.1810215    
-2.9018574    
-1.7876371    
-2.1878283    
-2.1168346    
-2.1362028    
-2.7150652    
-3.1139717    
-2.5081189    
-2.2039108    
-1.9893655    
-1.9589897    
-1.5092397    
-2.0828550    
-1.9759150    
-2.5720062    
-2.2380898    
-2.2281995    
-1.9262162    
-1.5809333    
-1.6629860    
-1.9814140    
-1.8081024    
-1.1759380    
-1.5979577    
-1.2968047    
-1.4296981    
-1.0691996    
-.63254708    
-.88239795    
-1.3615347    
-1.6961337    
-1.9510429    
-1.9856312    
-2.5661874    
-2.2675755    
-1.9656084    
-2.2471292    
-2.1907043    
-2.1006606    
-1.7483248    
-.81139094    
-.93014294    
-.69689184    
-1.1912137    
-.85225534    
-.52967346    
-.13150078    
0.26965106    
0.48590076    
0.91664606    
 1.4079933    
 1.7123652    
 1.2116011    
 1.7914853    
 1.1724070    
 1.9657762    
 1.5905336    
 1.7259489    
 1.7295607    
 1.3158975    
 1.2494802    
 1.5082679    
 1.5313445    
 1.4727652    
 1.7279845    
 2.2849319    
 1.7784982    
 1.7753723    
 2.0886748    
 2.1610348    
 1.5519950    
 1.1207627    
0.95398831    
 1.1191550    
0.37520018    
0.39346987    
0.15191312    
-.37895766    
-.31316346    
-.42349136    
-.51251490E-01
-.95636055E-01
-.13225062    
-.27359161    
-.43734789    
-.28022856    
-.27560976    
-.70077145    
-.43581432    
0.22942241E-01
-.71521813    
-1.0200986    
-.74793065    
-1.1193081    
-.71449733    
-.36023611    
0.15875459    
0.34735214E-01
-.16485838E-01
0.52967185    
0.54776073    
0.17382598    
-.30908078    
-.50638729    
-.66536480    
-.99827397    
-1.4956927    
-1.5195931    
-1.6728691    
-1.4269526    
-1.4331129    
-1.2952698    
-.85581303    
-.93485117    
-.56504887    
-.41543326    
-.43959796    
-.93252301    
-1.2799393    
-1.4527438    
-1.0471035    
-.30204430    
-.12430698    
-.12388839    
0.48756501    
0.96366388    
 1.2854320    
0.84409148    
 1.0224217    
0.54175967    
-.63191794E-01
-.32906884    
-.22059684E-02
0.22497214    
0.63094109    
0.44013172    
 1.0888505    
 1.1981376    
 1.0214845    
0.10181426    
0.30563036    
0.88973403    
0.72270918    
0.75490582    
 1.0999846    
 1.6696748    
 1.2886343    
0.85013670    
0.65880001    
0.34239700    
0.45214111    
0.30222973    
-.91364391E-01
-.21735494    
0.46234828    
0.83843243    
 1.2376755    
 1.2426262    
 1.5681921    
 1.6614052    
 1.6861080    
 1.4635006    
 1.6005981    
 1.1554312    
 1.3145730    
0.91784859    
0.74258739    
0.97694308    
0.49480408    
0.41528711    
0.46083412    
 1.3097106    
0.88194442    
 1.0200831    
0.86473221    
0.21429676    
0.25263229    
0.44603717    
0.82252741E-01
-.20049812    
-.41033649    
-.16676317    
0.10092269    
-.14767173    
-.17946401    
0.36227014E-01
-.31087208    
-.20041020    
-.36196703    
0.41050036E-01
-.61038524    
-.56882828    
-.26051515    
-.59937274    
-.83530307    
-1.2524333    
-.92233324    
-1.5560731    
-1.3703196    
-1.8192065    
-1.7477311    
-1.7226529    
-1.7971053    
-2.5341387    
-2.7676904    
-2.3621445    
-2.4496822    
-1.9674733    
-2.1015291    
-2.0794437    
-1.4914310    
-1.8428984    
-2.0081944    
-2.0959678    
-2.0803311    
-1.8068240    
-1.7234076    
-2.1000953    
-1.6516211    
-1.6539683    
-2.1691661    
-1.8000236    
-1.4315093    
-1.1391797    
-1.3530315    
-2.6118639    
-2.1893041    
-1.8006868    
-1.5834901    
-1.3066140    
-1.7852410    
-2.0995629    
-1.8764405    
-1.8927155    
-2.1786499    
-2.2759473    
-1.6012579    
-1.6960930    
-1.1581786    
-.95019287    
-.88230431    
-1.0577544    
-1.6101613    
-1.0109031    
-.60593575    
-.23308080    
-.28222182    
-.16233003    
-.56154656    
-1.0044377    
-.32618898    
-.13829200    
0.60559072E-01
0.24710052    
0.43086526    
 1.3708891    
 1.2811854    
 1.3994521    
0.69424641    
0.86811090    
 1.0307900    
0.94392467    
0.81384051    
 1.2346624    
 1.3873580    
 1.2056456    
 1.4740647    
 1.6044250    
 1.8489052    
 2.0753515    
 1.6456320    
 2.1342678    
 1.8307221    
 1.3503957    
0.91170084    
0.74245012    
0.71607959    
0.60958123    
0.52825546    
0.61817551    
0.53248215    
0.48931640    
0.78240973    
 1.0193696    
0.75205982    
-.68572734E-03
-.16614790    
-.13158007    
-.14407422    
-.89715743    
-1.6061957    
-1.6970431    
-1.2779416    
-1.1540480    
-1.5194417    
-1.0213839    
-1.2355024    
-.77022326    
-.68061531    
-.63823229    
-.36523396    
-.36449236    
-.30805519    
-.56755644    
-.71581167    
-1.1516097    
-1.0318820    
-.66167241    
-.60847253    
-.73619616    
-.95306665    
-.95454764    
-1.1258540    
-1.3061769    
-1.2721286    
-.90202272    
-.40649852    
-.38891125    
-.50785565    
-.47994587    
-.37845144    
-.11121518    
-.81274390E-01
0.10137756    
-.50023448    
-.78434402    
-.59359097    
-.26867932    
0.40398380    
0.94363421    
0.84643430    
0.11492769    
0.18171130E-01
0.61396462    
 1.0073624    
0.74308753    
0.37244603    
-.19521335E-01
-.15146200    
-.80787309E-01
-.55203050    
-.21395075    
0.34394681    
-.12140678    
0.24383658    
0.76321471    
 1.5467099    
 1.6108201    
 1.4329610    
 1.3173667    
 1.4789559    
0.36759108    
0.97644722    
 1.3505307    
0.76926070    
0.97803724    
0.71312356    
0.68808168    
0.90390205    
0.67130721    
0.83460152    
0.80546814    
0.56712848    
0.40776581E-01
0.41151044    
0.14084059    
0.34595507    
0.22706285    
0.23610452    
0.39433944    
0.78560126    
 1.0416917    
 1.4680980    
 1.2742002    
0.48143801    
0.28506175    
0.82931302E-01
-.50614715    
-.83982646    
-1.0590551    
-.27305549    
-.65524501    
-.30764815    
-.47079104    
-.45524123    
-.74798739    
-1.3370705    
-1.2122877    
-1.0783417    
-.90933418    
-.69954777    
-.40604803    
-.38682312E-01
-.11124375    
-.33227402    
-.11463901    
0.20549385    
-.87454379E-01
-.36163065    
-.74571180    
-.77623147    
-.39899385    
-1.1040094    
-.72849762    
-1.1780850    
-1.0915127    
-1.2165525    
-1.1060534    
-.89954495    
-1.2347926    
-1.6535137    
-1.5464350    
-1.9345649    
-2.0256565    
-2.0514078    
-2.4068956    
-2.0074039    
-2.0292213    
-1.8710669    
-2.0363510    
-2.2900741    
-2.0512204    
-2.1826591    
-1.9610674    
-1.8867574    
-1.3089372    
-1.2555490    
-1.5740958    
-1.2976043    
-1.3080394    
-1.6628568    
-1.1533784    
-1.6399159    
-1.8821259    
-1.7032996    
-2.1614819    
-1.5912377    
-1.5926745    
-1.2415223    
-1.3586390    
-1.2777526    
-1.7527044    
-1.6175830    
-1.0798941    
-.47216970    
-.30097258    
-.63708013    
-.80385166    
-.17082579    
0.34630820E-01
-.22992183    
0.10845460    
-.16931520    
0.20669729    
0.34974459    
0.65351051    
0.57337123    
0.42504475    
0.27169836    
0.19973551    
0.16493110    
0.28261071    
0.25423974    
0.41737816    
 1.0541787    
 1.0145627    
 1.6106682    
 1.7096645    
 1.9666911    
 1.6904144    
 2.0802009    
 1.4422573    
 1.2847220    
 1.4233458    
 1.8084682    
 2.0552616    
 2.4310014    
 1.9310993    
 1.8184118    
 2.0359454    
 1.3848368    
 1.5405126    
 1.0812682    
 1.3052224    
 1.1225049    
 1.0957166    
0.80271518    
-.16220283E-01
0.52789176    
0.32266510    
0.26021168    
0.27657726    
0.74852204    
0.68191922    
0.50634623E-01
0.20987023    
-.34771189    
-.16989669E-01
0.11062550    
-.27279900E-01
-.10833540    
0.22137217    
-.87708449E-02
-.10084146    
-.58892453    
-.85409743    
-.72661352    
-.21159095    
-.44339380    
-.89890309E-01
-.45001554    
-.20959459    
-.31356767    
-.12680197    
-.11966471E-01
-.67115241    
-.13143322    
0.32837933    
0.50799429    
0.59370779E-01
0.43575147    
0.54134029    
0.13244091    
0.43699816    
 1.2539703    
0.91501713    
0.12340150    
-.19850478    
-.11561617    
-.37384856    
-.20848669    
-.53423673    
-.28922072    
-.99824375    
-.79725689    
-.48435107    
-.36067289    
-.13968089    
-.22361599    
0.13948275    
-.34119165    
-.53492033    
-.50541437    
-.71500701    
-.17120956    
0.18251345    
0.58101344    
 1.0289555    
0.73912197    
 1.0294805    
0.87666124    
0.99190211    
0.99650884    
0.39519933    
0.34951383    
0.87309813    
0.80662715    
0.60381269    
 1.0795726    
0.97060263    
0.84790069    
0.74870116    
0.48162863E-01
-.15271205    
0.33771455E-01
0.44386581E-01
0.15158097    
-.55899394    
-.75920755    
-.74280781    
-.15480682    
0.25630444    
0.41675755    
0.60845470    
0.67348075    
0.69924301    
0.62597096    
0.10983881    
0.29185349    
-.39286155    
-.39742294    
0.26867276    
0.16343594    
0.61972387E-01
-.27457777    
-.63626242    
-.44347155    
0.58065020E-01
-.53769076    
-.97062659    
-1.2004780    
-1.8047407    
-1.8269154    
-1.8595903    
-1.8029654    
-1.6436439    
-1.2671337    
-1.3595202    
-1.1485504    
-.87506884    
-1.0779865    
-.67412299    
-.68307126    
-.11176530    
-.73858891E-02
-.12084427    
-.64864755    
-1.0660199    
-.87848461    
-.48371798    
-.22605985    
-.22110307    
-.42799357    
-.53578895    
-.43004197    
-.71295387    
-.55849248    
-1.0423740    
-.97710854    
-1.1849151    
-.88464600    
-.91457009    
-1.0755625    
-1.1713846    
-.69525838    
-.76590896    
-.27895325    
-.80342419E-01
0.12892984    
0.37987059    
-.39305305    
-.41022554    
-.67654681    
-1.1685146    
-1.3276989    
-1.2548113    
-1.2373896    
-1.1224421    
-.94857019    
-.87442231    
-.73559481    
-.26934901    
-.74762322E-01
-.26387107    
-.40605623    
-.84563363    
-.45689490    
-.26935176E-02
0.13224450    
0.64325821    
0.79107225    
0.55182165    
0.66312349    
-.24762617    
-.50115522E-01
-.24904418    
-.31371793    
0.36492237    
0.58398448E-01
0.10606441    
0.95456421E-01
0.61846560    
0.19890994    
-.25618345E-01
-.16613612    
0.18387687    
0.36179549    
0.48666248    
 1.4395057    
 1.6059970    
 1.8808202    
 1.7514920    
 2.0302181    
 1.7104098    
 1.9349923    
 1.8739470    
 1.2452672    
 1.2665048    
 1.2430216    
 1.7827501    
 1.2314074    
 1.5831614    
 1.6789033    
 1.7103730    
 1.3903278    
 1.4598478    
 1.4798743    
 1.6079406    
 1.5530854    
 1.3144170    
 1.2750766    
 1.3078769    
0.98416239    
0.53767163    
 1.0046723    
 1.0791006    
 1.1804757    
 1.4407916    
 1.8314611    
 1.6075231    
 1.4149821    
0.76501381    
0.66391951    
0.24499075    
-.16466889    
-.51624215    
-.20730494    
-.26508397    
0.19747356    
0.14678878    
0.23240650    
0.19670884    
0.84854198    
0.78877062    
0.61258096    
0.94186419    
0.83404648    
0.93669474    
 1.7994666    
 2.0073044    
 1.8671808    
 1.4085926    
0.69992357    
0.58650821    
0.35400179    
-.31448659    
-.39260119E-01
-.36101660    
-.29472184    
-.11917738E-01
0.21017406E-01
-.20075138    
-.84068668    
-.50313681    
0.13571428E-01
0.15711395    
0.27455351    
0.66226953    
0.37772480    
-.71975961E-01
-.39745516    
-.23559409    
-.75860536    
-.49690568    
-.78290604E-01
0.62203135E-01
0.44899079    
0.75436574    
0.97537196    
 1.0283898    
0.78485423    
0.81278956    
0.32460421    
0.14711386    
0.25726613    
0.31215385    
0.56303406    
0.54400611    
0.65304565    
0.25198105    
0.76302367    
0.40547565    
0.26032138    
0.78429830    
0.20441271    
-.32099742    
-.50881112    
-1.1077005    
-.56253803    
-.46134818    
-.11541886    
-.83606511    
-.75226402    
-.84190786    
0.54179931    
0.30167148    
0.33100641E-02
-.12677781    
0.23267099    
0.28451806    
0.26051605    
0.41388035E-01
-.28415298    
0.24724668E-01
-.77598119    
-.72212595    
-.82615113    
-.76706505    
-1.6639849    
-1.5951530    
-.81427443    
-.73261672    
-1.2240567    
-.96616840    
-1.1403775    
-1.6717856    
-2.6493635    
-2.4224775    
-1.9217919    
-1.7683539    
-1.6129336    
-1.1000559    
-1.1383041    
-.64621913    
-.21853095    
-.46581957    
0.10377572E-01
-.42473996    
-.99249291    
-.18449575    
-.21065246E-01
0.17696050    
-.39071736    
-.57183391    
-1.0941910    
-1.3597196    
-.77582639    
-.77527583    
-.38272554    
-.45410362    
-.74020988    
-1.5206447    
-1.5704904    
-1.7064183    
-1.9838513    
-1.8782878    
-1.4985099    
-1.1453780    
-1.0337451    
-1.1904198    
-.83673972    
-1.0717543    
-.82900774    
-1.0303338    
-.91098940    
-.59591812    
-.80633950    
-.33541200    
-.60631561    
-.84600067    
-1.0573623    
-.94785750    
-.99213779    
-1.2989275    
-1.3164898    
-1.2016737    
-.45894873    
-.23882489    
0.28069511    
0.58299166    
0.31135064    
0.25149587    
0.10803495    
-.63518003E-01
-.34788076E-01
0.10226359    
0.78540993    
0.54409707    
0.35743701    
0.39637154    
0.46398714    
0.54101533    
0.69347692    
0.91844225    
 1.6670169    
 1.8078171    
0.85261965    
0.92572874    
 1.1183525    
0.74350339    
0.90075529    
 1.2709208    
 1.6339378    
 1.8201771    
 1.7811499    
 1.1400698    
 1.0542775    
0.74243712    
0.51122975    
0.86906487    
 1.2763819    
 1.3997313    
 1.4178205    
 1.7737449    
 2.1848538    
 2.1109953    
 1.4850127    
 1.5153682    
 1.7857974    
 1.5138699    
 1.5737398    
 1.1244733    
 1.1925042    
 1.4846961    
0.83627778    
0.91671509    
0.91664696    
 1.1280922    
0.72946572    
 1.4464766    
 1.6588765    
 1.4558872    
 1.3782017    
 1.2952998    
 1.6846983    
 1.4677650    
 1.2867823    
 1.4425827    
0.95978379    
0.76977742    
0.87736118    
0.92798263    
0.77304929    
0.49041054    
0.36150727    
0.14793873    
0.17889209    
-.92503332E-01
0.21439710    
0.74932456    
 1.5949612    
 1.3252894    
 1.0035026    
0.33432060    
0.19790170    
0.67189813E-01
0.26750952    
0.39979166    
0.36022031    
0.30845556    
0.81980497E-01
0.82672566E-01
-.71146953    
-.47858226    
-.83894545    
-.66084385    
-.79628724    
-.55844712    
-.52905244    
-.73662597    
-.76298261    
-1.1383677    
-.97655499    
-.79941243    
-.81358385    
-.83845347    
-1.2094382    
-.82293147    
-.41740397    
-.45060042    
-.45507228    
-.83370614    
-.40361646    
0.25959849E-01
0.17057511    
-.26400441    
-.51931489    
-.79166430    
-.85814953    
-1.6605220    
-2.0071416    
-2.3106558    
-1.7428808    
-1.3486629    
-1.3689209    
-1.3572859    
-1.0114974    
-1.6277910    
-1.5537848    
-.91071975    
-.24355331    
-.28034610    
-.70283866    
-.70182365    
-.69897622    
 1.4476088    
 1.5260917    
0.91009247    
0.85162967    
 1.0257595    
 1.1596751    
0.84858197    
0.23012498    
0.12554199    
0.19396469    
-.35310298    
-.62442899    
-.66309398    
-1.0762378    
-1.6651168    
-1.7759885    
-1.2887173    
-1.7448764    
-1.2222383    
-.87081975    
-.65401274    
-.51827013    
-.61695546    
-.30091292    
-.60999882    
-.97877139    
-.82126421    
-1.2253050    
-.95603466    
-.83750105    
-.33624551    
-.48086816    
-.20674831    
-.73675698    
-.69064844    
-.16686271    
-.77943587    
-1.1046470    
-.88990301    
-.58627409    
-.39298502    
-1.1889741    
-1.0108434    
-1.5926837    
-1.3234098    
-1.5079788    
-1.4703164    
-1.7238648    
-.99636596    
-.91724932    
-.87523365    
-.84908307    
-.82449400    
-.75510919    
-.30752102    
0.57141438E-01
-.62682372    
-.93279386    
-1.3484735    
-1.7286055    
-1.6571660    
-2.0342138    
-1.5022019    
-.94229543    
-1.1996276    
-1.6127023    
-.93817711    
-.77121603    
-.56612331    
-.52967083    
-.47334962E-01
0.42554304    
0.44821784    
0.89867270    
0.71292222    
0.54671127    
0.75358051    
0.57784736    
0.65043819    
0.26860714    
0.45403862    
0.59487951    
0.76203007    
0.87065393    
0.83156550    
0.93910700    
0.73084491    
 1.0351058    
 1.3456942    
 1.4493973    
 1.5796870    
 2.0246723    
 1.7945570    
 2.1922090    
 2.0858731    
 1.3316636    
0.66282147    
0.47199956    
0.28392980    
0.66197705    
0.54108036    
 1.1709486    
 1.6266131    
0.73075426    
-.65443300E-01
-.65034693    
-.66859919    
-.34461260    
0.86140923E-01
0.30909967    
0.12505464    
0.94106868E-01
0.49755462E-02
0.47875848    
0.29741403    
0.78360581    
0.45791987    
 1.0817974    
0.77794743    
0.53769088    
-.86661950E-01
0.11167517    
0.54246014    
0.64251018    
0.94984770    
 1.0834647    
0.75913131    
0.38970348    
0.51821768    
0.47872797    
0.46074584    
0.12569983    
0.67885482    
0.46882990    
0.76838142    
 1.0732077    
 1.1065366    
0.80482274    
0.47362548    
0.55321199    
0.70797485    
0.66305190    
0.23943348    
-.23273970    
-.71515135E-01
0.89226395E-01
-.13507743    
-.13127311    
-.32218662    
-.71101451    
-1.7483549    
-2.0906749    
-2.0178773    
-1.9122083    
-2.0501375    
-2.1083584    
-2.2441921    
-2.6656344    
-2.7943707    
-2.9876683    
-1.9005281    
-1.8652967    
-2.2612154    
-1.3070489    
-1.8729622    
-1.5683851    
-2.0041137    
-1.2306172    
-.95161331    
-.85291946    
-.64109051    
-.80245161    
-.99024087    
-1.2524263    
-1.1885620    
-1.2965548    
-1.1462907    
-.94423014    
-.72013402    
-.82827914    
-.85644847    
-.71097064    
-.97084194    
-1.8666806    
-2.2100961    
-2.2423401    
-1.7394799    
-1.5343374    
-1.6706607    
-1.2030374    
-.93169284    
-1.0529996    
-.26114607    
0.13427551    
0.54997325    
0.47303286    
0.84050834    
0.48147145    
0.25721937    
0.27565238    
0.46593230E-01
 1.6379167    
 1.9619961    
 1.6467516    
 1.7397088    
 1.2782377    
 1.0932984    
0.69436264    
0.58459979    
0.34571356    
0.19724764E-01
0.18113673    
0.19603170    
0.27700577E-01
-.22287907    
-.33520484    
-.70992374    
-1.0288446    
-.81582880    
-1.0258898    
-.41829535    
-.94986707    
-1.0230596    
-.86002880    
-.80821097    
-1.2926848    
-1.6332291    
-1.5267643    
-1.6668103    
-1.0755305    
-.42890033    
-.47497144    
-.67285305    
-1.0360675    
-.53700447    
-.34578463    
-.55782557    
-.63524181    
-.53245360    
-.43977171    
-.82509756    
-.42093650    
-.70134133    
-.68756956    
-.87144393    
-.50917280    
-.49380457    
-.16198368    
-.32896680    
-.90868706    
-.69842613    
-.54565996    
-.44817480    
-.80370688    
-.25484246    
-.41423419    
-1.2285168    
-1.8785595    
-2.0052383    
-2.3625550    
-2.2775943    
-2.8854442    
-2.2498717    
-1.9547862    
-1.8520838    
-1.6029615    
-1.5119110    
-.83853120    
-.24617670    
-.19131392    
-.22641252    
0.29179913    
-.16863216    
-.19895982E-01
0.25760180    
-.23116738    
-.41999525    
-.37148640    
0.44029225E-01
0.44953294E-01
0.76085724E-01
 1.2722765    
 1.2694048    
 1.3660506    
 1.0164680    
0.76152849    
 1.5015695    
 1.6247033    
 1.6243045    
 1.5510755    
 1.6809893    
 1.4478717    
 1.6173441    
 1.3911300    
 1.0308117    
0.90465981    
0.78636980    
0.19959371    
-.19253193    
-.41471794    
-.82458597    
-.94062060    
-.22018324    
-.12782842    
-.28630605    
0.17357561    
0.10617794    
-.31487018    
0.67236029E-01
-.18270876E-02
0.24267539E-01
-.39515996    
-.48599675    
-.29848528    
-.19523156    
-.29752350    
-.50975615    
-.58133137    
-.85671407    
-.33647904    
-.33963600    
-.20660780    
0.23706260    
-.43481499    
-.24659601    
-.41448581    
-.47637042    
0.80177635E-01
-.47277499E-01
0.34587586    
0.68822968    
0.59097403    
0.49642956    
0.36480939    
-.38757302E-01
-.89114703E-01
0.16078287    
0.49976090    
0.58210397    
0.52758402    
 1.0830770    
0.64582765    
0.18696547    
0.50770217    
0.46751592    
0.20138367    
-.56059188    
-.63430136    
-.85202181    
-1.1621310    
-1.2080997    
-1.1895523    
-1.4469955    
-1.6883953    
-1.7606227    
-2.2411063    
-2.2130060    
-2.4042184    
-3.2732348    
-3.1729438    
-3.6601813    
-3.0090396    
-2.5318291    
-2.4776361    
-2.4281511    
-2.3701289    
-1.5471143    
-.54266059    
-.60205555    
-.61600912    
-.48019648    
-1.1336118    
-.81362373    
-.24599859    
-.85471034    
-.90156239    
-1.4535877    
-1.0754381    
-1.0013449    
-.84829241    
-.77525413    
-1.0677078    
-1.3809189    
-2.0205722    
-2.2028105    
-1.6724813    
-1.3182400    
-1.2974956    
-.52431703    
-.41996306    
-.78383422    
-.45514533    
-.50341159    
-.33874646    
-.18634795    
0.29137424    
0.46924469    
0.86676371    
0.50187850    
0.36346143    
-.11821922    
0.33025953    
0.16205080E-01
-.13469042    
-.82471412    
-.66624755    
-.91368425    
-.46535656    
-.87509900    
-.31141287    
-.46675870    
-.22594690E-01
-.38576946    
-.43783051    
-.64715570    
-.42514905    
-1.1325874    
-1.0234476    
-.92691308    
-.79513317    
-.71222436    
-.78888386    
-.93262243    
-1.3581289    
-1.2992170    
-1.1050110    
-1.2055694    
-1.7197851    
-1.6771611    
-1.5354129    
-1.1039007    
-.84610474    
-1.5518166    
-1.3401092    
-.36277214    
-.51398176    
-.63309574    
-.99634218    
-1.1532688    
-1.4144069    
-1.5707116    
-1.7245445    
-1.6038544    
-1.2526138    
-.65472156    
-.85724390    
-.29139191    
-.14902705    
0.29504475    
0.35336888    
0.32022458E-01
0.55308122E-01
-.25734037    
-.77346683    
-.83355594    
-.91994500    
-1.1085049    
-1.4588370    
-1.4411956    
-.78194708    
-.77013570    
-.86027849    
-1.2532703    
-.61292541    
-.66145843    
-.40087253    
-.87454975    
-.68089610    
-.90388703    
-.75989294    
-.30493319    
-.35658497    
-.51935595    
-.46654606    
-.43206057    
-.28514767    
-.46346556E-01
0.20868805    
0.12221120E-01
-.12336981E-01
-.58986598    
0.33470741    
0.85939783    
 1.3278178    
 1.2622646    
 1.4593073    
 1.6998986    
 1.6760938    
 1.5142673    
 1.6101307    
 1.3900869    
 1.6556466    
 1.6269031    
 1.1523871    
0.73340964    
0.80709863    
0.35161024    
0.28940198    
0.34906206    
0.17224471    
0.33582792    
0.38270816    
0.15612812    
0.16407073    
-.95010325E-01
-.37902460    
-.56734252    
-.32600114    
0.54614883E-01
0.32317102    
0.77985474E-02
-.28726330    
-.12036263    
-.25122138E-01
0.46083428E-01
-.16255824E-01
-.80909275E-01
-.14528158    
0.63410379E-01
0.22782189    
0.31747529    
0.18815604    
-.99071525E-01
-.12803473    
-.20517425    
0.44058785E-01
-.33172408    
-.27714351    
0.35993399E-02
-.11444229    
-.65027630    
-.87739515    
-.99550045    
-.84771055    
-.77249855    
-.75584644    
-.47353512    
-.26641616    
-.70301884    
-.42303607    
-.29916573E-01
-.12967393    
0.12171742    
-.27594522    
-.32546240    
-.58623338    
-.46859750    
-.59346592    
-.83848244    
-1.3171331    
-1.9412955    
-1.9330324    
-1.8490998    
-1.7741278    
-1.8432459    
-1.5630723    
-1.9394370    
-1.8926295    
-1.6788703    
-1.4395155    
-1.8526870    
-2.2054613    
-2.2535372    
-2.2930541    
-2.2716391    
-1.9056373    
-2.3270276    
-2.3013570    
-2.2525885    
-1.4767042    
-.88018513    
-.74534649    
-.25533760    
-.19046077    
-.86147368E-01
-.29713142    
-.64209837    
-.58419681    
-.61136436    
-.54763931    
-.20558357    
-.61818421    
-.94186652    
-.66986078    
-1.1727369    
-.97006452    
-.34465727    
-.12308653    
-.71890511E-01
0.40608451    
0.48827106    
0.65295553    
0.70060045    
 1.2836049    
0.79430103    
0.70898926    
0.65259016    
0.18967034    
0.35619521    
0.49274918E-01
 1.0442501    
 1.3786852    
 1.5214711    
-1.3150139    
-1.1093893    
-.79642332    
-1.1195453    
-1.3138998    
-.98931146    
-1.2784669    
-1.6598803    
-1.8145360    
-2.1176095    
-1.8959963    
-1.6225265    
-1.3947550    
-.98775148    
-.27874574    
0.13031162    
0.57478917    
0.52218336    
0.30137941    
0.56707449E-01
0.73795038    
0.47069195    
0.28765938    
0.30087411    
-.51141068E-01
-.42756814    
-1.2011839    
-1.1142766    
-1.0547497    
-1.1040578    
-.89069402    
-1.1437690    
-.99991333    
-1.2976098    
-1.3759115    
-1.3157824    
-.89015955    
-.23265238    
0.24997513    
-.86857669E-01
-.20835881    
-.41554451    
-.26357317    
0.63614763E-01
0.43372503    
0.92115617    
 1.3569659    
0.57833254    
0.11246772    
-.19882888    
-.48048604    
0.14842181    
0.88039011E-01
-.42820573    
-.92249608    
-1.0411259    
-.70696574    
-.85373431    
-.83063209    
-.77967501    
-.81283695    
-.47193822    
-1.2503515    
-1.4976435    
-1.1015133    
-.67472398    
-.56454730    
-.71742785    
-.39382508    
-.41013500    
-.76005119    
-.41170481    
-1.0309192    
-1.1304513    
-.19190815    
-.86513418    
-.70079941    
-.54263067    
0.18883458    
0.56228811    
0.20151982    
0.17959161    
0.69836378E-01
-.86702384E-01
0.86180218E-01
0.55578613    
0.73383123    
 1.5172652    
 1.3713770    
 1.1769377    
 1.2701340    
0.89202058    
0.69042665    
0.64989847    
0.54674959    
0.27199897    
0.48043871    
0.53117961E-01
0.17569048E-01
-.10831518    
0.72022444    
0.33098656    
0.54289103    
0.40291268    
0.56989276    
0.94006854    
 1.5558789    
 1.2346141    
0.65563631    
0.64332318    
0.64758986    
0.54451492E-01
-.75024955E-01
-.26392719    
0.29688759E-01
0.12018751E-01
0.17041733E-01
0.33171758    
0.46681690    
0.56109047    
0.29332587    
0.16700241    
-.40367889    
-.73102462    
-.18636461    
-.49452493    
0.80611348E-01
-.49899247    
-.66018671    
-.63355094    
-.79862297    
-1.2275202    
-1.2935408    
-1.7534339    
-1.8251679    
-1.7593671    
-1.8954451    
-2.2508428    
-1.9448811    
-1.6363087    
-1.5894567    
-1.9706036    
-1.9171824    
-1.7865336    
-1.3956589    
-.94540006    
-.17958710    
-.19423191    
0.11936170    
-.56882858    
-.44089535    
-.87752797E-01
-.76491958    
-.76621336    
-.49001285    
-.74142838    
-.95919281    
-1.9261497    
-1.6025375    
-1.6488750    
-1.5632900    
-1.7890772    
-1.3103335    
-1.3178095    
-.65720201    
-1.1169045    
-1.3045211    
-1.0804840    
-1.1291032    
-.95339251    
-1.1266814    
-.92058462    
-1.1868021    
-.98523331    
-.39682701    
-.76889426    
-1.2371758    
-1.2926154    
-1.2625678    
-.88959026    
-.72777569    
-.60363519    
-.68273270    
-.80281806    
-.43062517    
-.89412415    
-.87293905    
-.61073917    
-.59931946    
-.71647501    
0.18016374    
-.74926674E-01
0.11461283    
0.24039805    
0.94717437    
0.41003984    
0.66634196    
0.61462545    
0.70894647    
0.46550381    
0.39349654    
-1.1514136    
-1.6184973    
-1.4586989    
-1.3846818    
-1.4105197    
-1.0661916    
-1.3087424    
-1.1698396    
-1.0119847    
-1.1754701    
-.35437036    
-.75838292    
-.95626873    
-.90648049    
-.21044955    
-.40256098    
-.57033610    
-.19282264    
-.12508239    
-.67601931    
0.35851128E-01
-.73488814    
-.87171090    
-.65377140    
-.93113750    
-.55475271    
-.52287614    
-.57003599    
-.36758631    
-.83436984    
-1.3768101    
-1.3239669    
-1.1935774    
-.47420546    
-.27125388    
-.43573865    
-.58593148    
-.57197648    
-.54428053    
-.59152162    
-.40487391    
-.53842980    
-.68920422    
-.52421069    
-.10332397    
-.87644912E-01
0.49290937    
0.73038757    
 1.3284725    
 1.3684057    
 1.3609018    
 1.9562469    
 1.6737030    
 1.9419148    
 1.0885293    
 1.2148045    
0.44554180    
-.18967456    
-.32667401    
-.33371595    
-.26447245    
-.63566577    
-.67258137    
-1.0311317    
-.67681998    
-.68646795    
-1.0870057    
-.91034031    
-1.0265399    
-1.1634655    
-.87423766    
-.75021869    
-.90738416    
-1.0374639    
-.45111215    
-.64841467    
-.18551193E-01
-.12138119    
0.78306422E-02
-.39318720    
-.79756415    
-.97057700    
-.46740317    
-.44346219    
-.67161149    
-.70113826    
-.38709089    
0.27690953    
0.22909231    
0.61269718    
0.77626282    
0.41188049    
-.17172129    
-.51710016    
0.25858259    
-.92426337E-01
0.29096255    
0.26631382    
-.22132839    
0.23900706    
0.63544995    
0.88763142    
0.98819691    
0.43302175    
0.38195720    
0.17718215    
0.73558342    
0.74614608    
 1.0162667    
0.74459624    
0.29173508    
-.39459389    
-1.0544957    
-.30594066    
-.33455905    
-1.0918436    
-1.3427199    
-1.2524871    
-1.4699031    
-2.0529945    
-1.6458492    
-1.7541903    
-1.9646205    
-2.0740509    
-2.0794094    
-1.9593801    
-1.8753976    
-2.3116074    
-1.5894449    
-1.4559169    
-.99030542    
-1.3400717    
-1.4866766    
-1.8190174    
-1.7124385    
-1.7198505    
-2.1494792    
-2.6557236    
-2.6587873    
-2.8721464    
-3.1048007    
-2.7910881    
-3.0167384    
-2.9361155    
-2.3022447    
-2.0125470    
-1.5601782    
-1.3032433    
-1.2654998    
-.64165777    
-.83145922    
-.76107174    
-.47187191    
-.70079690    
-.59440911    
-.77500677    
-.75137854    
-.75565130    
-.59492230    
-1.1968477    
-.94030553    
-.73595226    
-.32297537    
0.83871502E-02
-.32113954    
-.96199177E-01
0.41537851    
 1.0008414    
0.79391992    
0.56353050    
-.27578437    
-.68464816    
-.92747766    
-1.0033002    
-.67948592    
-.47787002    
-.80089360    
-.99827087    
-.67784005    
-.53397846    
-.24259907    
-.15281482E-01
0.27461421    
0.38311902    
0.64466029    
0.76474756    
0.39691690    
-.17903028E-01
0.61515343    
0.49730992    
0.67420858    
 1.0046756    
0.50069702    
0.11652306    
0.26974824    
0.26953676    
0.14118703    
-.18427542    
-.48823800E-01
0.58375686    
0.65552676    
-1.5509865    
-1.3516606    
-1.4057362    
-1.0726123    
-.80372649    
-.68162191    
-.49594089    
-.95826864    
-1.4193321    
-.94625759    
-1.7159381    
-1.7366816    
-1.4099542    
-.88040274    
-.77638817    
-.76130629    
-.72527510    
-.88241929    
-.79526269    
-.15691030    
-.42561737    
-.31847256    
0.68455632E-02
0.12772663E-01
-.58982551    
-.84682125    
-1.0748457    
-.95881271    
-1.3761033    
-1.5003288    
-1.3371085    
-.62858742    
-.77436459    
-.46515748    
-.26342684    
-.37982395    
0.22381032E-01
0.17271567E-01
0.12871322    
0.15101345    
0.87356821E-01
0.34377244    
-.47445126E-01
0.47341309E-01
-.13239373E-01
-.44857275E-01
0.14397077    
0.21801147    
0.44750145    
0.67664862    
0.34352589    
0.75036758    
 1.1229018    
 1.2654114    
0.73165971    
0.60789293    
-.12594712    
-.56153166    
-.51772141    
-.86940867    
-.78696430    
-.97944921    
-.65449083    
-1.3124253    
-1.1417456    
-1.2383715    
-1.0289519    
-1.2547666    
-1.0893674    
-.36984077    
-.55546820    
-.86012766E-01
-.28957984    
-.62388277    
-.38699317    
-.81150937    
-.54792690    
-.24452470    
-.41667721    
-.81583512    
-.92611748    
-1.1589118    
-.95550191    
-.47697428    
-.58254194    
-.89008147    
-.42663336    
-.58497560    
-.34095553    
-.21503660    
0.52516859E-01
0.24020696    
0.54870570    
0.74749982    
0.56030798    
0.92770606    
0.67831564    
 1.0802788    
0.55510896    
0.57887584    
0.52609318    
0.32929569    
0.90263188    
0.61490071    
0.85755128    
0.95385039    
 1.3591343    
 1.1905209    
0.64624375    
-.58849418    
-.75429365E-01
0.11007559    
0.64417824E-01
-.98092847E-01
-.52353472    
-.58732736    
-.68611473    
-.99704796    
-1.1266404    
-.64970499    
-.82658225    
-.97735232    
-.71958858    
-1.0587276    
-.73993379    
-1.3529452    
-1.0319195    
-1.8110677    
-1.6664152    
-1.7882301    
-1.4764038    
-1.5930858    
-1.2690820    
-1.6410147    
-1.4548920    
-1.9580688    
-1.7851171    
-1.9680473    
-2.1741374    
-1.8959733    
-1.8866136    
-1.7020426    
-1.8513385    
-1.9977345    
-1.9192309    
-1.6584635    
-1.0651258    
-.98984289    
-1.0248593    
-.42675152    
-.37569869    
-.71947616    
-.59996390    
-.16624691    
-.95258765E-01
-.91365978E-01
-.27149498    
-.27191910    
-.25995451    
-.39318907    
0.30409190    
0.26929852    
0.45612317    
0.62016428    
-.18529773    
-.43043870    
-.51016819    
0.42418398E-01
0.58600400E-01
-.52554477E-01
-.17985827    
0.16253348    
0.48193735    
0.15471925    
0.43854195    
-.25749126    
-.21052657    
-.40275496    
0.40832934    
0.74379432    
0.28765014    
0.36145630    
-.12894237    
0.12200465    
0.13152325    
0.65331393    
 1.2037251    
 1.3013514    
 1.7434942    
 1.8821968    
 1.6623335    
 2.0468442    
 1.7646275    
 2.0728695    
 2.0152209    
 1.2245640    
 1.2876195    
 1.1373003    
 1.6187549    
 1.2020530    
 1.5170599    
-.43131059    
-.13542795    
-.62012192E-01
-.21569243    
-.44585747    
-.26699269    
-.36182541    
-.12115161    
-.17957861E-01
0.23365226    
-.40465638    
-.59270096    
-.33362538    
-.70006597    
-.99470937    
-.90385646    
-1.1881576    
-.93123448    
-.94812411    
-.38008192    
0.34687606    
0.16748936    
0.10055063    
-.29526819E-01
0.15833716    
-.80067050E-02
-.42802525    
-.35450435    
-.17075875    
0.73327583    
0.87111324E-01
0.49227384    
0.64361149    
0.38451643E-02
-.40952748    
0.15187217    
0.17677395    
-.18561316    
-.24291144    
-.95032901E-01
-.51645050E-02
0.67036420E-01
0.22415800    
0.33474720    
0.81870967    
0.81557208    
0.36481726    
0.44359019    
0.10778807    
-.64395107E-01
-.21948351    
-.18282978    
-.24575458    
-.42413048E-01
0.15118694    
-.53404486    
-.28045201    
-.50486499    
-.75635761    
-.83378536    
-.77736765    
-.88650882    
-.70430946    
-.96465361    
-1.0228463    
-.72932822    
-.84022033    
-.70659477    
-.45651937    
-.65354168    
0.21359323    
0.66703540    
0.41630378    
0.17078574    
0.19195551E-01
0.45111257    
0.80056980E-01
-.22517243    
-.30469719    
0.40418380    
0.17884618    
0.12881442E-01
0.10003003    
0.33137527    
-.40037528E-01
-.12534358    
-.32433841    
-.29067564    
-.71060121E-01
0.17982619    
-.60988013E-01
-.33746371    
0.62325593E-01
-.37649218E-01
-.53480655    
-.38962674    
-.10741065    
-.21898223    
-.45775291    
-.12967026    
0.23667186    
0.68111974    
0.84628588    
0.36375660    
0.31382376    
0.12600502    
0.34922025    
0.88130558    
0.93046194    
0.36315283    
-.48376109E-01
-.20404194    
-.24145874    
-.73149139    
-.34534815    
0.11298518    
0.17317043    
0.45933463E-01
-.18037090    
-.33637464E-01
0.49441248    
-.46369649E-01
0.49441967E-01
-.29583323    
-.14049661    
-.11384525    
-.43644500    
-.71340740    
-.89745589E-01
-.54838538    
-1.3501046    
-1.2153701    
-.82923990    
-1.1040815    
-1.4311194    
-1.3067895    
-1.6625692    
-1.5692441    
-1.9858915    
-1.9255629    
-1.9887445    
-1.7146233    
-1.4475886    
-1.5367745    
-1.8620206    
-1.9706705    
-2.0436058    
-1.6069789    
-1.3770919    
-1.1348544    
-.57347757    
-1.0693733    
-.97822315    
-.92402685    
-1.1048373    
-1.2282438    
-1.3740728    
-.82355720    
-.76735753    
-.85648298    
-.58711624    
-.42272651    
-.35562962    
-.48951996E-02
0.34307521E-01
-.20651855    
-.99066295E-01
0.22729447    
0.20640848E-01
0.27350506    
-.99057704    
-1.0952519    
-.87610048    
-1.0182428    
-.69046664    
-1.1083871    
-.67557526    
-.33061436    
0.11662714    
0.29238123    
-.15160809    
0.69857293    
0.47499380    
0.40385282    
0.80239779    
 1.0406723    
 1.0296009    
 1.3590918    
 1.5288175    
 1.7431483    
 1.5100360    
 1.9436264    
 1.3613042    
 1.7387066    
 1.3777189    
 1.2666246    
 1.1498251    
 1.4744592    
 1.7230679    
 1.8772238    
 1.2671249    
-.21568108    
-.24088059    
-.63213581    
-.66028655    
-1.0569869    
-.93824953    
-.38215932    
-.64051700    
-.33558643    
-.59083128    
-.18462548    
0.51255268    
0.32560465    
0.37116402    
0.21256366    
0.23109435    
-.47163448    
-.20142742    
-.27574149    
-.78788078    
-.18580267    
-.12978414    
-.27749285    
-.18314517    
-.47491774E-01
0.21930292    
0.60052234    
0.12581053    
-.90990856E-01
0.28356946    
0.14357483    
0.21456580    
0.53438085    
-.17337097    
-.51879096    
0.85319221E-01
0.25107014    
0.25326365    
0.60758191    
0.19918562    
-.74185885E-01
-.35289058    
-.23795862    
0.45681864E-01
0.29883379    
0.14208101    
0.49423084    
0.42836990E-01
-.14638215    
-.24672458    
-1.0490060    
-1.0121934    
-1.2781411    
-1.0007856    
-.33711249    
-.39254642    
-.21043369    
-.45386121    
0.12967552E-01
0.50609291    
-.34159330    
-.27247453    
-.91849136    
-1.0591576    
-.87261939    
-.45254549    
-.31441045    
0.29065949    
0.90742815    
 1.1955237    
0.96567154    
0.80144733    
0.91172820    
0.69785804    
0.70202404    
 1.4821572    
0.99750417    
0.86424536    
0.25722677    
0.20856354    
-.28792724    
-.89751822    
-.94738960    
-.88865006    
-.48821846    
-.40772802    
-.41505751    
-.93814902E-01
-.87978637    
-.89646167    
-.63228923    
-.47114477    
-.67328650    
-.30715391    
-.23418264    
-.26170048    
0.16633598E-01
-.22527966    
0.26214364    
0.53145748    
-.13886312E-01
-.23474764E-01
0.31167939    
-.88039033E-01
-.59364192E-01
-.22409178    
-.73627457E-01
0.97060591E-01
0.34897783    
0.76399654E-01
-.26465139    
0.18045655    
-.25805077    
-.70194453    
-.90580022    
-.49322164    
-.16182294    
-.27862826    
0.18052477E-01
0.87885457    
0.72390777    
0.24064563    
-.64044571    
-.85865921    
-.32493237    
-.62588722E-01
-.64130044E-02
0.38942656    
0.63339549    
0.16678952    
0.28747186    
0.17603064    
0.17128202    
0.14424843    
0.81871204E-01
-.94266504E-01
-.56627029    
-.46195582    
-.47054476    
-.46953887    
-.77775806    
-.69941765    
-1.3018483    
-.89624536    
-.10240948E-01
0.12538764    
-.10185870    
-.69394714    
-.40096048    
-.39498261    
-.96221727    
-.86667329    
-1.1749649    
-1.5571268    
-1.2168324    
-1.0350707    
-1.0518385    
-.39772692    
-.32393199    
-.12156127    
0.44169775    
0.59399313    
0.48255503    
0.30877367    
 1.0734259    
 1.1795008    
0.57233030    
0.96232384    
0.55070275    
0.75932306    
0.93108916    
0.54456109    
0.28138787    
-.29123968    
-.35405421    
-1.0334946    
-.34983751    
-.60023928    
-.13645005    
-.33814748E-03
0.41758195E-01
0.21248804    
0.21131709    
0.26233763    
-.37651592    
-.48926422    
-.46867549E-01
-.48805218E-01
-.12898450E-01
0.14613684    
0.47221249    
0.57755262    
0.62978417    
0.49715868    
0.98563886    
 1.0329653    
0.93594253    
 1.0203332    
 1.3543149    
0.53675854    
0.71361816    
0.32862437    
0.67573416    
0.53379440    
0.31954143E-01
0.56537002E-01
0.11774579    
0.77150708    
0.68323737    
0.62171715    
0.40687397    
0.43840960    
0.48611322    
0.41045028    
-.22081144    
0.36453068    
0.51754290    
0.10937577    
-.21670148    
-.28106207    
-.63958555    
-.52103281    
-.34055263    
-.42676401    
-.43920872    
-.64475936    
-.36697561    
-.10092920    
-.29788613    
-.38801220    
-.30558887    
-.37117907    
0.45866087E-01
-.37502393    
0.11999249    
0.18870032    
0.13345839    
-.39098844    
-.36945724    
0.26001918    
-.23663463    
-1.0510525    
-.80686706    
-.38302681    
0.75606808E-01
0.13385159E-01
0.29070796E-01
-.85575908    
-.68675506    
-.90225732    
-.60973394    
-.74636161    
-.47153684    
-.44429827    
0.43169700E-01
-.11612032    
0.11057201    
0.36908811    
0.48977974    
0.41557083    
0.45360588E-01
-.14626770    
-.23255083E-02
-.95314376E-01
0.61558151    
0.75089085    
 1.0046909    
 1.3347901    
 2.3300204    
 2.6026070    
 2.2334056    
 2.2367363    
 1.6368175    
 1.4890443    
 2.0027194    
 1.8287600    
 1.5002922    
 1.4225786    
 1.1774648    
0.54235464    
-.14927624    
-.11556445    
-.10840514    
0.29938406    
0.63912553    
0.76687950    
 1.0753472    
0.16566996    
0.86287864E-01
-.88134624E-01
-.91003580E-02
-.14504895E-01
-.28731781    
-.34434587    
-.32322696    
-.23821865    
-.93380749E-01
0.50936246    
0.72105420    
0.53756791    
-.99579923E-01
-.37455001    
0.42598592E-02
-.63229746    
-.45488071    
-1.0011249    
-.48813573    
-.29174784    
-.90721947    
-1.3076552    
-1.4431905    
-1.3439318    
-.96736413    
-1.0576066    
-.55186898    
-.38031614    
-.76703972    
-.65265435    
-.71847481    
-.12797466    
-.18279256    
0.24371092    
0.66719878    
0.65641457    
0.64159048    
0.97119361    
 1.7626543    
 1.7070186    
 1.4509058    
 1.0692036    
 1.0111792    
0.18738161    
-.95222155E-02
0.19699010    
0.29602417    
0.16349220    
-.34263617    
-.85594440    
-.79569870    
-.99586040    
-1.2706964    
-.65935290    
-.11284065    
0.65328920    
0.72802651    
0.48651445    
0.39074847    
0.11610033    
-.38360494    
-.70888281    
0.13562419E-01
0.87743752E-01
0.31448916    
0.16277405E-01
-.29805915E-01
-.69937832E-03
0.10165185    
0.61116469    
-.25012891E-02
-.11928526    
0.43519443    
0.53801719E-01
0.32054201    
0.78291571    
0.94645226    
 1.0205202    
 1.5666348    
 1.9969404    
 2.1130922    
 1.8621154    
 1.5918885    
 1.1436595    
 1.0996606    
0.93238908    
 1.2998892    
0.87052906    
0.14602417    
-.44878560    
-.37302363    
-.43325296    
-.96460797E-01
0.77508963E-02
0.26525015    
0.50945044    
0.50445449    
0.42368495    
0.17131655    
-.16758777    
-.17381626    
0.53407431    
0.16510843    
0.45565563    
0.35916930    
0.75240576    
0.92794615    
0.99395883    
 1.0101922    
 1.0320708    
 1.3877540    
 1.1588418    
 1.5348980    
 1.9473163    
-.46111256    
-.17290682    
0.42124960    
0.63693559    
0.58671337    
0.56908357    
0.39860529    
-.78020662E-01
0.31569788    
0.33223882    
0.38454139    
 1.2798615    
 1.3029853    
0.90963852    
0.40560961    
0.98085684    
 1.3415787    
 1.4544333    
0.67053515    
0.77469033    
0.54856914    
0.60942948    
0.61314446    
0.49686331    
0.91495687    
 1.2597145    
0.71333331    
0.18532500    
0.27847978    
0.25521216    
0.23419552    
-.33214441    
-.20058645    
0.24850313    
0.18119407    
0.26207423    
0.20503908    
-.93967086    
-.81513369    
-.43121001    
-.47592008    
-.15337713E-01
0.26468674E-01
-.51187915    
-.21278724    
-.12924705    
0.53315896    
0.26600423    
0.65176117    
0.90865976    
 1.1282945    
 1.3805790    
 1.1327444    
 1.0890832    
 1.2657244    
0.44815415    
0.62378907    
0.54066920    
0.21412027    
0.70540840E-02
0.36061257    
0.84104866E-01
0.65310723    
 1.0792919    
0.78789836    
0.46032497    
0.52556115    
0.86369675    
 1.0765308    
 1.7596781    
 1.7922965    
 2.1344836    
 2.4174359    
 3.1625059    
 3.0020993    
 2.6251063    
 2.7180502    
 2.7013538    
 2.3590009    
 1.6963954    
 1.1598247    
 1.7239494    
 1.3258190    
 1.3399668    
 1.4036791    
 1.0536219    
0.81764126    
 1.3656979    
0.70495933    
0.17520173    
0.31622499    
-.19248523E-01
-.49639964    
-.44982693    
-.42700896    
-.27913836    
-.30953865E-01
0.11557341    
0.56612648E-01
-.46486625    
-.89659643    
-.55882758    
-.92735547    
-1.0523827    
-.76232326    
-.34549841    
-.73572677    
-.87095141    
-1.1072470    
-1.0667666    
-1.0461829    
-1.0259820    
-.96850568    
-.68626553    
-.21528497    
-.40133131    
-.98677301    
-.96422482    
-.53867215    
-.27493262    
0.28043690    
0.41563684    
0.28366405    
0.31361535    
0.19153914    
0.72647989E-01
0.18448782    
0.58289355    
0.32617259    
0.41841051    
0.40728492    
0.67269146E-01
0.90415649E-01
0.26878870    
0.58833212    
0.45680764    
0.48170766    
0.93272609    
 1.0995507    
0.59343523    
 1.4407061    
 1.7850906    
 1.5775937    
 1.2191747    
0.81454057    
0.79810214    
0.86639768    
0.66312027    
0.32832000    
-.20916125    
-.17311807    
0.14463111E-01
-.23600560    
-.59837538    
-.45146796    
-.13371317    
0.21757597    
0.15967761    
0.49066763E-01
0.14551876    
0.47876239    
0.50901550    
 1.0129509    
 1.1521238    
 1.3085196    
 1.1198994    
 1.1377569    
0.86951154    
0.69376451    
0.17607738    
-.11918872E-01
-.20386745    
-.92979915E-01
-.44371945    
0.22067063E-01
0.13888539    
0.17440636    
0.12917325    
-.28444454    
-.93950236    
-.14900865    
-.12430877    
0.50364470    
0.41616270    
0.99826235    
 1.0872936    
 1.2999402    
 1.7472388    
 1.3401968    
 1.1928631    
 1.6865569    
 1.8548880    
 1.4419584    
 1.3443129    
0.95253652    
 1.0697347    
 1.3732338    
0.97341174    
0.71835297    
0.48474827    
0.59555590    
0.41721311    
0.36298576    
0.78137124    
0.95983040    
0.40606996    
0.70648354    
-.34941874E-01
0.18386598    
0.67898089    
0.30502778    
-.14562008    
-.24507558    
-.35206285    
-.12160581    
0.80960579E-01
0.84786344    
 1.1341572    
 1.0014751    
 1.3832859    
 1.8167529    
 1.5084451    
 1.7694603    
 1.1294067    
 1.1448400    
 1.2556425    
 1.2289522    
0.92455846    
 1.1447595    
0.98099697    
 1.3162248    
0.42125311    
0.82551676    
 1.2258499    
 1.3763777    
 1.4136097    
0.98338419    
0.48987880E-01
0.28812167    
-.25511095    
-.71751004    
-.30689755    
-.60540432    
-.63844943    
-.53047013    
0.50361168    
0.93242973    
 1.3236781    
 1.1218917    
0.94286346    
0.31846407    
0.91358554    
0.48277688    
0.51930684    
0.62562543    
-.68682894E-01
0.25257507    
0.15057474    
0.15419854    
0.34582410E-01
0.72650719    
 1.4933401    
 1.2206430    
0.99717271    
 1.5857389    
 1.5973358    
 1.6670511    
 1.8769935    
 2.0065606    
 1.8205150    
 2.2749774    
 2.4725218    
 2.8888810    
 2.6436985    
 2.2836423    
 2.0484107    
 1.9271826    
 1.9354652    
 1.5979125    
 2.0566347    
 1.7283938    
 1.7266234    
 1.6291852    
 1.7035820    
 1.6859175    
 2.0582578    
 2.2765729    
 1.7156380    
 1.0770175    
0.74283588    
0.84971726    
0.85497029E-01
-.29269925    
-.18538457    
-.68421406    
-.83379048    
-.98500657    
-.56469601    
-.27970123    
0.26820818    
0.14464118    
0.47896245    
-.30938819E-01
-.30312574    
-.26838252    
-.57504117    
-.96401805    
-1.9413631    
-1.5770503    
-1.4964888    
-1.0700650    
-1.1412458    
-.90072078    
-2.0711141    
-1.8826618    
-1.7757164    
-1.8219241    
-1.6668158    
-1.1138723    
-.41915464    
-.54084003    
-.40315786    
0.25422093    
0.57020342    
-.47006056E-01
0.32010078E-01
0.26649892    
0.33801374    
0.90638644    
0.96371192    
0.77710527    
 1.1126363    
0.91026276    
0.30113840    
0.55093342    
-.56063104E-01
0.40611836    
-.20496507    
0.18047735    
0.51130599    
0.45154241    
0.30439538    
0.57434857    
0.30689350    
 1.0027850    
0.49069920    
0.43117234    
-.85711829E-01
-.44155094    
-.74947692E-01
0.23756946E-01
0.12790579    
-.65111244    
-.86623240    
-1.0982373    
-1.0280088    
-.61584198    
-.27578568    
-.56630135    
-.38877118    
0.48683822E-01
-.24733599    
-.52141392    
-.73073614    
-.83046514    
-.85696839E-01
0.22553854    
-.30291089    
0.15836369    
0.49718839    
0.23150537E-01
-.10953243E-02
0.14684996    
0.59518084E-01
0.67421961    
0.20561478    
0.89587584E-01
0.13783374    
0.21202762    
-.68934327    
-.99952143    
-.37557355    
0.30426058    
0.29520974    
-.21181297    
0.68840331    
0.52597302    
0.79651332    
 1.9094970    
 1.4962510    
 1.9731745    
 1.6605916    
 1.5695586    
 1.9817717    
 1.7540169    
 1.7652906    
 2.0607908    
 1.5542653    
 1.9666862    
 2.0682135    
 2.0452738    
 1.8829377    
-.27689412    
-.28195027    
0.27361876    
0.15785621E-01
-.31994057    
0.23682371    
0.20624729    
-.49175283    
-1.2235328    
-1.1421417    
-.58266515    
0.87662600E-01
0.45074236    
0.26909968    
-.15638338    
-.16013786    
0.27971566    
-.22862087    
-.32223705E-01
0.37889332    
0.55933893    
 1.2086548    
 1.4523082    
 1.4260690    
0.85460043    
0.81044698    
0.70303005    
0.52790618    
0.91420239    
 1.0469306    
0.50791693    
0.83893728    
0.69338173    
0.61944962    
 1.1226568    
0.58181238    
0.80441076    
0.44706705    
0.39761749    
0.12474550    
-.40906209    
-1.2409576    
-1.1137476    
-.77819031    
-.74704552    
-.33326125    
-.49904040    
-.30677596    
-.47919643    
-.26097873    
0.43159598    
0.26848137    
0.12547778    
-.22087651    
0.18812208    
0.12525451    
 1.2769309    
 1.3001510    
 1.4732432    
0.92073613    
 1.0635980    
 1.2155675    
0.76993287    
0.74593431    
0.60268885    
0.90785277    
 1.1054753    
 1.6991131    
 1.0382794    
0.96897531    
 1.4110558    
 1.8037349    
 2.3550766    
 1.7252617    
 1.7783902    
 1.8268831    
 1.7814678    
 1.2957447    
 1.2424967    
 1.2824044    
 2.1123941    
 2.2234769    
 1.8647717    
 1.7588316    
 2.0652962    
 1.7209253    
 1.8464798    
 1.8612497    
 1.7423192    
 1.3634210    
 1.8119673    
0.74559575    
0.48160750    
-.42920746E-02
-.35901254    
-.15435965    
0.10404702    
0.71104163    
0.11954395    
-.58081621    
-.33248210    
-.11249454    
-.87373203    
-.54978007    
-1.0697790    
-1.3018643    
-1.0669286    
-1.5077215    
-1.2758347    
-1.3174434    
-1.4386746    
-1.3253754    
-1.1535209    
-1.1156284    
-.57575905    
-.42978716    
-.53899848    
-.50565189    
-.39089331    
-.75510812    
-.82490307    
-.83483028    
-1.1069857    
-.69663382    
-.19192658    
-.23610713    
-.30738652    
0.15412071    
0.12855183E-01
-.35357749    
-.57415783    
-.13391641    
-.43778852    
-.84137475    
-.65939552    
-.43700010    
-.78766507    
-.59934807    
0.27270174    
-.38786665    
-.21411270    
-.53827018    
-.33210728    
0.49595803    
0.72223240    
0.48035789    
0.42437297    
0.46122268    
0.44930130    
0.51467955    
0.39466316    
0.31638256    
0.97300008E-01
0.59564739    
0.29041490    
-.10424583    
-.30392987    
0.32402095    
0.41833690    
0.25374565    
0.12819638E-01
-.33975410    
-.86522289E-01
-.16162875    
-.46437195    
-.44609183    
-.64611423    
-.31088689    
-.17981489    
-.32953057    
-.59840117E-01
-.24217784    
-.19838314    
-.12460754    
0.56584679E-01
0.18604022    
0.50471312    
0.73935252    
 1.0767959    
 1.0109937    
0.71587461    
 1.2477084    
 1.4754333    
0.91384798    
 1.3817359    
 1.7785066    
 1.5048627    
 1.6924649    
 1.5882138    
 1.6114691    
 1.7834352    
 1.6045756    
 2.2563915    
 2.4561932    
 2.4379814    
 2.3516185    
 2.1810391    
 1.3346373    
 1.3097152    
0.98472250    
 1.0472929    
