SGSIM Realizations
 1   51   21    1     0.00000000     0.00000000     0.00000000  1.00000      1.00000      1.00000       1
value
0.97859085E-01
0.66020027E-01
0.59756007E-01
0.50998278E-01
0.43775450E-01
0.39689362E-01
0.43832641E-01
0.46232820E-01
0.45603830E-01
0.53592399E-01
0.85449249E-01
0.15498912    
0.28111285    
0.43987948    
0.60319436    
0.72073132    
0.74315512    
0.62969172    
0.39883366    
0.80826223E-01
-.27152488    
-.57778800    
-.85488367    
-1.1295339    
-1.3744789    
-1.5832460    
-1.7357042    
-1.8137641    
-1.8022116    
-1.6830726    
-1.4911685    
-1.3046716    
-1.1268247    
-.95507139    
-.78923911    
-.62908787    
-.46525276    
-.30317459    
-.18118982    
-.64427838E-01
0.12698148    
0.41116849    
0.70949233    
0.90920442    
0.97680455    
0.95559996    
0.87519521    
0.74872136    
0.59627700    
0.44168812    
0.30642465    
-.79556808E-01
-.12143400    
-.13124238    
-.12443624    
-.10799035    
-.86563043E-01
-.59691213E-01
-.29610457E-01
0.12273025E-02
0.42463485E-01
0.10604434    
0.20711459    
0.34292158    
0.48756605    
0.62475652    
0.71139717    
0.71381664    
0.59946883    
0.39230409    
0.11049563    
-.20586485    
-.51510733    
-.80638385    
-1.0759684    
-1.3119853    
-1.5153452    
-1.6712900    
-1.7674899    
-1.7738725    
-1.6581352    
-1.4754667    
-1.3106955    
-1.1555902    
-.98848879    
-.81694609    
-.65093613    
-.48880833    
-.32981637    
-.19957542    
-.79415582E-01
0.13548601    
0.44089091    
0.75299448    
0.94491488    
 1.0269473    
 1.0322648    
0.98239964    
0.88326681    
0.74892795    
0.60332996    
0.47273424    
-.29782921    
-.31262797    
-.30624762    
-.27832440    
-.23770812    
-.19225924    
-.14868063    
-.10119164    
-.47588356E-01
0.21349179E-01
0.10708216    
0.21953316    
0.35609430    
0.49134290    
0.60362804    
0.66084933    
0.64648849    
0.54059464    
0.34548783    
0.94464593E-01
-.18760189    
-.47988322    
-.75344956    
-1.0106965    
-1.2243353    
-1.3976347    
-1.5320624    
-1.6135337    
-1.6233170    
-1.5154780    
-1.3571643    
-1.1930997    
-1.0528811    
-.90139484    
-.73975170    
-.58263755    
-.43920591    
-.30078542    
-.18148281    
-.78939408E-01
0.13359375    
0.44986150    
0.76081896    
0.95965648    
 1.0673568    
 1.1080940    
 1.0723125    
0.98706311    
0.86794293    
0.73188049    
0.60372263    
-.53824151    
-.50611609    
-.45885843    
-.40374058    
-.34878054    
-.28056133    
-.21801336    
-.16554846    
-.10484897    
-.21834923E-01
0.71035698E-01
0.18397024    
0.31482309    
0.43221915    
0.51353794    
0.54633927    
0.52202529    
0.42513666    
0.25377652    
0.27202848E-01
-.22396609    
-.48174924    
-.72231776    
-.95566279    
-1.1410270    
-1.2623217    
-1.3393263    
-1.3828868    
-1.3819182    
-1.2924305    
-1.1417208    
-.98646748    
-.86318511    
-.72966558    
-.58653623    
-.45201626    
-.33797920    
-.23461550    
-.13788660    
-.39215557E-01
0.16472994    
0.45185930    
0.74171495    
0.94515020    
 1.0768880    
 1.1358328    
 1.1103847    
 1.0267057    
0.91296923    
0.77980286    
0.65493071    
-.75887692    
-.67386842    
-.59039032    
-.50540215    
-.42022780    
-.33758777    
-.26999527    
-.22035463    
-.16950591    
-.10027384    
-.87250220E-02
0.98260164E-01
0.20166376    
0.29066584    
0.33577541    
0.35715678    
0.33363059    
0.25321242    
0.11372495    
-.67540690E-01
-.28490922    
-.50886291    
-.72656769    
-.94715238    
-1.0662634    
-1.1266961    
-1.1437422    
-1.1224165    
-1.0721458    
-.99125642    
-.87293690    
-.74562228    
-.62229389    
-.50391012    
-.38654548    
-.28452235    
-.21156162    
-.14845341    
-.86434349E-01
0.15828647E-01
0.20883802    
0.46142569    
0.72146434    
0.90592700    
 1.0243268    
 1.0762054    
 1.0528733    
0.97348112    
0.85589397    
0.71119893    
0.58488119    
-.90868050    
-.78201324    
-.66452968    
-.55663335    
-.44929457    
-.36431146    
-.31002647    
-.26956865    
-.23258170    
-.18358563    
-.11964862    
-.52553013E-01
0.52214377E-02
0.59615068E-01
0.81447788E-01
0.93607768E-01
0.73482484E-01
0.16575325E-01
-.88358857E-01
-.23689044    
-.44007891    
-.64415431    
-.82874429    
-.96624750    
-.99726933    
-.97409022    
-.93284601    
-.86550796    
-.76522380    
-.68116933    
-.59504879    
-.49432930    
-.36844909    
-.27067003    
-.18646403    
-.12529375    
-.10238238    
-.78004874E-01
-.24491584E-01
0.73290631E-01
0.25097540    
0.46883658    
0.68144482    
0.84032178    
0.93146133    
0.95755833    
0.91871041    
0.82642084    
0.69546634    
0.52899742    
0.38578361    
-.95450652    
-.79572028    
-.65519136    
-.53769678    
-.42800003    
-.35863301    
-.32618609    
-.30854619    
-.30513743    
-.29829311    
-.27924547    
-.25729173    
-.24906699    
-.24141210    
-.24218313    
-.24210227    
-.25518566    
-.29004654    
-.35875252    
-.49118319    
-.64164215    
-.80662227    
-.94544041    
-.97313344    
-.92517364    
-.83711505    
-.72627753    
-.60755175    
-.48609775    
-.40140268    
-.33491525    
-.25004303    
-.14599521    
-.74374206E-01
-.28151663E-01
-.53769462E-02
-.13699488E-01
-.10080142E-01
0.24477052E-01
0.12415203    
0.28144580    
0.46097985    
0.62927532    
0.75531787    
0.80544472    
0.78593332    
0.70732242    
0.58514613    
0.42560288    
0.23906539    
0.79851665E-01
-.87483704    
-.69715041    
-.55599397    
-.44261068    
-.34189048    
-.30045134    
-.29991773    
-.31929296    
-.36592612    
-.42170823    
-.46130821    
-.48424825    
-.52718073    
-.55895263    
-.56922328    
-.58387446    
-.57516408    
-.58784819    
-.61835980    
-.71127987    
-.80445212    
-.89732713    
-.95059276    
-.92997026    
-.83716714    
-.69471729    
-.53570116    
-.38824025    
-.27367735    
-.19496953    
-.13558127    
-.74760199E-01
0.14601851E-01
0.64029321E-01
0.79050153E-01
0.71584873E-01
0.43184094E-01
0.38752943E-01
0.70893846E-01
0.15968059    
0.29049283    
0.44005707    
0.57907140    
0.65264690    
0.64574188    
0.56662059    
0.43305913    
0.27034566    
0.74968956E-01
-.12689075    
-.29977393    
-.62952727    
-.49072409    
-.37646708    
-.27804589    
-.20638032    
-.19168177    
-.20100172    
-.25939801    
-.38528606    
-.50791574    
-.60269892    
-.68518376    
-.76242286    
-.82445085    
-.85252666    
-.85341352    
-.82640898    
-.81357032    
-.81799668    
-.85339910    
-.88723660    
-.89351809    
-.89697754    
-.85659039    
-.75468671    
-.57755524    
-.40749058    
-.24739359    
-.14239016    
-.67121044E-01
-.53262040E-02
0.51075641E-01
0.10914513    
0.13429743    
0.12436029    
0.10262360    
0.77331707E-01
0.72270118E-01
0.97971052E-01
0.16423155    
0.28977144    
0.42102024    
0.51991034    
0.53288406    
0.46211791    
0.31563756    
0.13254851    
-.78131929E-01
-.31932244    
-.55016428    
-.72685295    
-.32197425    
-.22865611    
-.14138092    
-.73094539E-01
-.16966039E-01
-.11288503E-01
-.39380804E-01
-.13705009    
-.32197869    
-.51541978    
-.67801815    
-.81744146    
-.93704420    
-1.0229485    
-1.0611432    
-1.0446703    
-1.0049413    
-.97184956    
-.94127685    
-.92054558    
-.89882094    
-.85212219    
-.80356282    
-.75774050    
-.66893584    
-.48739204    
-.34710416    
-.19633907    
-.10416119    
-.38840957E-01
0.27413744E-01
0.88590555E-01
0.12719493    
0.13935798    
0.12979163    
0.11331172    
0.10037584    
0.11099167    
0.14109133    
0.20228545    
0.29725835    
0.39576760    
0.46228370    
0.42634246    
0.30236155    
0.91700867E-01
-.14507881    
-.41907653    
-.72092950    
-.98626924    
-1.1699610    
-.57729036E-01
0.20818625E-01
0.90176515E-01
0.14240436    
0.19497848    
0.20429452    
0.16188233    
0.40660303E-01
-.17094988    
-.41572064    
-.64282346    
-.84836549    
-1.0150017    
-1.1286646    
-1.1772640    
-1.1669487    
-1.1209794    
-1.0614361    
-.99412066    
-.92255092    
-.84865439    
-.76689726    
-.70828855    
-.65995198    
-.57495427    
-.44156051    
-.34297353    
-.23004732    
-.16298488    
-.10879874    
-.39785899E-01
0.30279538E-01
0.87380573E-01
0.12045883    
0.13876212    
0.14751926    
0.16590153    
0.19552602    
0.24307773    
0.30965653    
0.38422155    
0.44890168    
0.45790577    
0.37258488    
0.19555946    
-.66355117E-01
-.36861995    
-.70815402    
-1.0670946    
-1.3703524    
-1.5487046    
0.81641018E-01
0.19588517    
0.27826956    
0.33791569    
0.39616701    
0.41283831    
0.37281993    
0.24928173    
0.36331829E-01
-.23115674    
-.51523101    
-.79100299    
-1.0027193    
-1.1397706    
-1.2020077    
-1.1968526    
-1.1509225    
-1.0768654    
-.97835827    
-.86913842    
-.75640792    
-.66049176    
-.58803141    
-.54044002    
-.46932581    
-.40260258    
-.36454919    
-.32280013    
-.27544093    
-.22363304    
-.14555290    
-.68806984E-01
0.11705736E-01
0.83029673E-01
0.15923728    
0.22372407    
0.29042864    
0.35979638    
0.43519148    
0.51269412    
0.57614058    
0.59265214    
0.54089206    
0.38965169    
0.14138503    
-.18017194    
-.54671389    
-.92654920    
-1.3386343    
-1.6766918    
-1.8571640    
0.96464522E-01
0.26535138    
0.39636528    
0.48984793    
0.56821865    
0.59904253    
0.57154351    
0.46156448    
0.25547594    
-.18062059E-01
-.32617372    
-.65112597    
-.90865517    
-1.0783120    
-1.1617458    
-1.1625996    
-1.1177843    
-1.0391256    
-.94408846    
-.81953007    
-.66582274    
-.55149496    
-.42964980    
-.32360330    
-.32157609    
-.36959431    
-.42440182    
-.46764940    
-.44935203    
-.38244873    
-.27122891    
-.17093399    
-.69867335E-01
0.42950328E-01
0.17315423    
0.31463739    
0.46378964    
0.59867108    
0.71797132    
0.80399632    
0.83448327    
0.80151945    
0.69181907    
0.47595084    
0.16314015    
-.21883278    
-.65355265    
-1.0859467    
-1.5277265    
-1.8909839    
-2.0883191    
0.52696552E-01
0.27259582    
0.45775971    
0.59272289    
0.70235527    
0.75782776    
0.74382347    
0.65389127    
0.46170518    
0.18488120    
-.14475326    
-.48668334    
-.77261859    
-.97318769    
-1.0783317    
-1.0989498    
-1.0599585    
-.98426265    
-.90154976    
-.77927780    
-.61520666    
-.46205100    
-.29020682    
-.16266048    
-.22504856    
-.38455537    
-.53232986    
-.64344132    
-.64693105    
-.55954742    
-.41461244    
-.26611796    
-.12248144    
0.45033470E-01
0.24061464    
0.45838729    
0.68258160    
0.87340766    
 1.0224495    
 1.1114552    
 1.1188229    
 1.0415262    
0.87233847    
0.60288656    
0.24376966    
-.17593740    
-.66874945    
-1.1527662    
-1.6103144    
-1.9877032    
-2.2042489    
0.43866467E-01
0.28495425    
0.45809603    
0.63710576    
0.78003311    
0.86293179    
0.87101555    
0.80394381    
0.62958461    
0.35859379    
0.22007233E-01
-.32955223    
-.64444882    
-.86665595    
-.98900181    
-1.0323372    
-1.0025210    
-.92817271    
-.82198495    
-.72750211    
-.55935359    
-.37439564    
-.16784480    
-.42231612E-01
-.19596472    
-.42542341    
-.67483187    
-.82313430    
-.82768929    
-.71903676    
-.53366882    
-.33837286    
-.11306098    
0.14125179    
0.41662818    
0.68738794    
0.94598031    
 1.1691625    
 1.3362949    
 1.4199532    
 1.3988178    
 1.2818589    
 1.0622337    
0.74664581    
0.34842080    
-.11667255    
-.61999649    
-1.0944549    
-1.5842721    
-1.9744607    
-2.2081549    
0.12215714    
0.29853287    
0.45976359    
0.63711178    
0.78684729    
0.89295191    
0.94007427    
0.89543593    
0.74569446    
0.48993528    
0.15152639    
-.20988813    
-.52641511    
-.77192169    
-.92137784    
-.97955430    
-.96533215    
-.90335232    
-.79601097    
-.66998291    
-.49296817    
-.30871922    
-.12758999    
-.48843384E-01
-.22794437    
-.51232380    
-.80473500    
-.99976456    
-.98891753    
-.83959675    
-.61394095    
-.36137855    
-.58026012E-01
0.27934182    
0.62877715    
0.95220017    
 1.2443594    
 1.4805140    
 1.6371647    
 1.6950543    
 1.6452280    
 1.4930143    
 1.2333798    
0.87589628    
0.44011909    
-.48050977E-01
-.55114245    
-1.0169401    
-1.5128044    
-1.9146394    
-2.1720870    
0.20773639    
0.28987670    
0.41076323    
0.55060041    
0.69669676    
0.82478577    
0.90462339    
0.89859378    
0.79925895    
0.59004653    
0.27300644    
-.84254600E-01
-.41632602    
-.68608093    
-.86366171    
-.93629962    
-.93195510    
-.88166708    
-.80461067    
-.65956110    
-.47080827    
-.29042375    
-.15108015    
-.15007043    
-.36451846    
-.63160145    
-.87132859    
-1.0425296    
-1.0520692    
-.89402872    
-.64028603    
-.34317750    
0.78646047E-02
0.39642060    
0.79008329    
 1.1585914    
 1.4865612    
 1.7409647    
 1.8856511    
 1.9095602    
 1.8180116    
 1.6349914    
 1.3517787    
0.96518242    
0.50685787    
0.64866235E-02
-.49885535    
-.96920997    
-1.4194750    
-1.8363637    
-2.1237149    
0.24413235    
0.26659516    
0.32917076    
0.42517641    
0.55831301    
0.69998854    
0.80386704    
0.82764024    
0.76768297    
0.60529506    
0.34568548    
0.22086727E-01
-.30649433    
-.59307826    
-.79177088    
-.89092273    
-.91276288    
-.88893455    
-.81583267    
-.68074250    
-.49856228    
-.32598951    
-.21450542    
-.24533425    
-.45084271    
-.68212628    
-.88439482    
-1.0134169    
-1.0222313    
-.89015973    
-.63624316    
-.31078395    
0.79701044E-01
0.49674535    
0.91900051    
 1.3119060    
 1.6656314    
 1.9265784    
 2.0489562    
 2.0382078    
 1.9185071    
 1.7018291    
 1.3985398    
0.99996912    
0.53967839    
0.51018067E-01
-.43690786    
-.89303881    
-1.3116229    
-1.6991137    
-1.9936409    
0.26397389    
0.23474693    
0.25671965    
0.31911948    
0.42956805    
0.56738073    
0.68502444    
0.73422700    
0.70887280    
0.59295666    
0.38241327    
0.10093352    
-.21376124    
-.50793266    
-.72930318    
-.86412108    
-.91488618    
-.92286336    
-.86602211    
-.73406059    
-.56352985    
-.40076640    
-.30324188    
-.33684704    
-.50022388    
-.69529909    
-.85584891    
-.94805908    
-.94440001    
-.84500235    
-.62400007    
-.30088782    
0.12237237    
0.57744873    
 1.0245637    
 1.4190663    
 1.7790304    
 2.0201507    
 2.1102777    
 2.0612788    
 1.9166406    
 1.6847796    
 1.3704455    
0.98512816    
0.54444426    
0.88515684E-01
-.36010095    
-.78326279    
-1.1638217    
-1.4928787    
-1.7805588    
0.29162070    
0.21712679    
0.20138517    
0.23507915    
0.32325062    
0.44718680    
0.56919354    
0.65222722    
0.67931825    
0.60933340    
0.43618581    
0.17680606    
-.13025786    
-.43608177    
-.68911868    
-.86331940    
-.94889021    
-.98168790    
-.93762702    
-.81149691    
-.63273233    
-.47337455    
-.38699293    
-.40280411    
-.52654487    
-.68408900    
-.79898214    
-.86415118    
-.85957068    
-.78195530    
-.61336941    
-.32948080    
0.11057196    
0.59118491    
 1.0622461    
 1.4809153    
 1.8118843    
 2.0198514    
 2.0689478    
 1.9786187    
 1.8103689    
 1.5782659    
 1.2774658    
0.92155969    
0.53294080    
0.13742675    
-.24305746    
-.59652853    
-.92005968    
-1.2090499    
-1.4779565    
0.35104257    
0.24494432    
0.19518712    
0.20025218    
0.26327536    
0.36296436    
0.47591335    
0.58415103    
0.67393070    
0.64896500    
0.49909413    
0.25254440    
-.50532609E-01
-.36805254    
-.64868259    
-.86351073    
-.99828744    
-1.0425056    
-1.0018005    
-.87810087    
-.70216542    
-.56351006    
-.46725672    
-.44022611    
-.52402061    
-.63712454    
-.71497422    
-.75601810    
-.75263470    
-.70409667    
-.57292104    
-.34026045    
-.57849828E-02
0.47236273    
0.97929162    
 1.4010390    
 1.7161788    
 1.8948673    
 1.9042110    
 1.7852306    
 1.5985262    
 1.3867205    
 1.1164733    
0.81008482    
0.49404976    
0.18703212    
-.95493205E-01
-.35605296    
-.60213381    
-.83888739    
-1.0761615    
